Cluster 1 -> 1A2K/c_541 1A2K/c_445 1A2K/c_446 1A2K/c_450 1A2K/c_458 1A2K/c_466 1A2K/c_469 1A2K/c_46 1A2K/c_47 1A2K/c_485 1A2K/c_489 1A2K/c_499 1A2K/c_501 1A2K/c_503 1A2K/c_507 1A2K/c_515 1A2K/c_520 1A2K/c_521 1A2K/c_524 1A2K/c_531 1A2K/c_551 1A2K/c_552 1A2K/c_560 1A2K/c_564 1A2K/c_565 1A2K/c_570 1A2K/c_577 1A2K/c_579 1A2K/c_585 1A2K/c_594 1A2K/c_598 1A2K/c_603 1A2K/c_61 1A2K/c_627 1A2K/c_628 1A2K/c_629 1A2K/c_630 1A2K/c_639 1A2K/c_642 1A2K/c_655 1A2K/c_658 1A2K/c_660 1A2K/c_661 1A2K/c_666 1A2K/c_669 1A2K/c_672 1A2K/c_680 1A2K/c_686 1A2K/c_702 1A2K/c_706 1A2K/c_719 1A2K/c_722 1A2K/c_723 1A2K/c_724 1A2K/c_725 1A2K/c_726 1A2K/c_727 1A2K/c_729 1A2K/c_750 1A2K/c_756 1A2K/c_766 1A2K/c_768 1A2K/c_771 1A2K/c_772 1A2K/c_790 1A2K/c_795 1A2K/c_802 1A2K/c_805 1A2K/c_808 1A2K/c_814 1A2K/c_815 1A2K/c_822 1A2K/c_826 1A2K/c_828 1A2K/c_842 1A2K/c_843 1A2K/c_847 1A2K/c_857 1A2K/c_858 1A2K/c_862 1A2K/c_891 1A2K/c_894 1A2K/c_903 1A2K/c_904 1A2K/c_908 1A2K/c_914 1A2K/c_91 1A2K/c_920 1A2K/c_928 1A2K/c_92 1A2K/c_943 1A2K/c_960 1A2K/c_961 1A2K/c_96 1A2K/c_975 1A2K/c_976 1A2K/c_981 1A2K/c_982 1A2K/c_101 1A2K/c_104 1A2K/c_109 1A2K/c_115 1A2K/c_119 1A2K/c_121 1A2K/c_129 1A2K/c_135 1A2K/c_136 1A2K/c_138 1A2K/c_162 1A2K/c_170 1A2K/c_171 1A2K/c_178 1A2K/c_184 1A2K/c_186 1A2K/c_194 1A2K/c_197 1A2K/c_198 1A2K/c_203 1A2K/c_208 1A2K/c_213 1A2K/c_217 1A2K/c_218 1A2K/c_219 1A2K/c_221 1A2K/c_229 1A2K/c_239 1A2K/c_250 1A2K/c_251 1A2K/c_258 1A2K/c_260 1A2K/c_272 1A2K/c_285 1A2K/c_286 1A2K/c_288 1A2K/c_289 1A2K/c_294 1A2K/c_296 1A2K/c_311 1A2K/c_312 1A2K/c_316 1A2K/c_330 1A2K/c_333 1A2K/c_335 1A2K/c_337 1A2K/c_359 1A2K/c_361 1A2K/c_363 1A2K/c_367 1A2K/c_36 1A2K/c_385 1A2K/c_392 1A2K/c_393 1A2K/c_394 1A2K/c_395 1A2K/c_402 1A2K/c_408 1A2K/c_418 1A2K/c_422 1A2K/c_423 1A2K/c_428
Cluster 2 -> 1A2K/c_739 1A2K/c_44 1A2K/c_467 1A2K/c_493 1A2K/c_4 1A2K/c_508 1A2K/c_512 1A2K/c_513 1A2K/c_518 1A2K/c_51 1A2K/c_527 1A2K/c_529 1A2K/c_52 1A2K/c_53 1A2K/c_540 1A2K/c_545 1A2K/c_550 1A2K/c_553 1A2K/c_556 1A2K/c_573 1A2K/c_587 1A2K/c_589 1A2K/c_590 1A2K/c_597 1A2K/c_59 1A2K/c_5 1A2K/c_602 1A2K/c_605 1A2K/c_607 1A2K/c_615 1A2K/c_620 1A2K/c_621 1A2K/c_62 1A2K/c_635 1A2K/c_63 1A2K/c_644 1A2K/c_646 1A2K/c_649 1A2K/c_653 1A2K/c_654 1A2K/c_65 1A2K/c_664 1A2K/c_670 1A2K/c_67 1A2K/c_684 1A2K/c_687 1A2K/c_699 1A2K/c_6 1A2K/c_701 1A2K/c_708 1A2K/c_70 1A2K/c_71 1A2K/c_720 1A2K/c_732 1A2K/c_73 1A2K/c_740 1A2K/c_741 1A2K/c_752 1A2K/c_754 1A2K/c_75 1A2K/c_775 1A2K/c_785 1A2K/c_7 1A2K/c_804 1A2K/c_81 1A2K/c_824 1A2K/c_844 1A2K/c_848 1A2K/c_869 1A2K/c_877 1A2K/c_87 1A2K/c_887 1A2K/c_895 1A2K/c_899 1A2K/c_8 1A2K/c_926 1A2K/c_935 1A2K/c_93 1A2K/c_941 1A2K/c_945 1A2K/c_946 1A2K/c_952 1A2K/c_955 1A2K/c_963 1A2K/c_970 1A2K/c_984 1A2K/c_986 1A2K/c_999 1A2K/c_99 1A2K/c_9 1A2K/c_105 1A2K/c_10 1A2K/c_116 1A2K/c_118 1A2K/c_11 1A2K/c_122 1A2K/c_126 1A2K/c_128 1A2K/c_132 1A2K/c_143 1A2K/c_149 1A2K/c_14 1A2K/c_152 1A2K/c_158 1A2K/c_15 1A2K/c_164 1A2K/c_166 1A2K/c_168 1A2K/c_16 1A2K/c_175 1A2K/c_181 1A2K/c_183 1A2K/c_18 1A2K/c_1 1A2K/c_201 1A2K/c_206 1A2K/c_20 1A2K/c_21 1A2K/c_220 1A2K/c_231 1A2K/c_234 1A2K/c_23 1A2K/c_247 1A2K/c_24 1A2K/c_253 1A2K/c_256 1A2K/c_25 1A2K/c_268 1A2K/c_26 1A2K/c_278 1A2K/c_2 1A2K/c_302 1A2K/c_305 1A2K/c_30 1A2K/c_318 1A2K/c_320 1A2K/c_321 1A2K/c_327 1A2K/c_32 1A2K/c_339 1A2K/c_33 1A2K/c_352 1A2K/c_354 1A2K/c_35 1A2K/c_364 1A2K/c_370 1A2K/c_376 1A2K/c_37 1A2K/c_38 1A2K/c_397 1A2K/c_39 1A2K/c_3 1A2K/c_40 1A2K/c_41 1A2K/c_42
Cluster 3 -> 1A2K/c_97 1A2K/c_457 1A2K/c_478 1A2K/c_479 1A2K/c_49 1A2K/c_516 1A2K/c_538 1A2K/c_544 1A2K/c_563 1A2K/c_57 1A2K/c_583 1A2K/c_599 1A2K/c_622 1A2K/c_624 1A2K/c_641 1A2K/c_656 1A2K/c_689 1A2K/c_698 1A2K/c_69 1A2K/c_728 1A2K/c_72 1A2K/c_733 1A2K/c_746 1A2K/c_747 1A2K/c_74 1A2K/c_760 1A2K/c_767 1A2K/c_77 1A2K/c_803 1A2K/c_838 1A2K/c_83 1A2K/c_84 1A2K/c_85 1A2K/c_884 1A2K/c_89 1A2K/c_911 1A2K/c_919 1A2K/c_930 1A2K/c_934 1A2K/c_936 1A2K/c_94 1A2K/c_987 1A2K/c_98 1A2K/c_103 1A2K/c_106 1A2K/c_124 1A2K/c_127 1A2K/c_134 1A2K/c_145 1A2K/c_148 1A2K/c_153 1A2K/c_154 1A2K/c_173 1A2K/c_177 1A2K/c_185 1A2K/c_190 1A2K/c_210 1A2K/c_212 1A2K/c_236 1A2K/c_237 1A2K/c_238 1A2K/c_240 1A2K/c_243 1A2K/c_248 1A2K/c_259 1A2K/c_262 1A2K/c_265 1A2K/c_276 1A2K/c_281 1A2K/c_283 1A2K/c_295 1A2K/c_300 1A2K/c_322 1A2K/c_331 1A2K/c_336 1A2K/c_347 1A2K/c_353 1A2K/c_375 1A2K/c_384 1A2K/c_406 1A2K/c_413 1A2K/c_420 1A2K/c_431 1A2K/c_432 1A2K/c_439
Cluster 4 -> 1A2K/c_730 1A2K/c_460 1A2K/c_473 1A2K/c_533 1A2K/c_535 1A2K/c_548 1A2K/c_559 1A2K/c_574 1A2K/c_584 1A2K/c_593 1A2K/c_613 1A2K/c_614 1A2K/c_616 1A2K/c_651 1A2K/c_657 1A2K/c_700 1A2K/c_738 1A2K/c_765 1A2K/c_793 1A2K/c_816 1A2K/c_86 1A2K/c_889 1A2K/c_88 1A2K/c_907 1A2K/c_909 1A2K/c_108 1A2K/c_114 1A2K/c_141 1A2K/c_147 1A2K/c_150 1A2K/c_157 1A2K/c_172 1A2K/c_200 1A2K/c_211 1A2K/c_245 1A2K/c_284 1A2K/c_314 1A2K/c_346 1A2K/c_365 1A2K/c_372 1A2K/c_382 1A2K/c_388 1A2K/c_391 1A2K/c_396 1A2K/c_421
Cluster 5 -> 1A2K/c_444 1A2K/c_448 1A2K/c_453 1A2K/c_48 1A2K/c_491 1A2K/c_505 1A2K/c_526 1A2K/c_532 1A2K/c_536 1A2K/c_542 1A2K/c_557 1A2K/c_668 1A2K/c_694 1A2K/c_748 1A2K/c_759 1A2K/c_777 1A2K/c_800 1A2K/c_820 1A2K/c_90 1A2K/c_957 1A2K/c_985 1A2K/c_995 1A2K/c_997 1A2K/c_125 1A2K/c_133 1A2K/c_140 1A2K/c_207 1A2K/c_215 1A2K/c_222 1A2K/c_244 1A2K/c_280 1A2K/c_291 1A2K/c_301 1A2K/c_323 1A2K/c_343 1A2K/c_350 1A2K/c_358 1A2K/c_373 1A2K/c_379 1A2K/c_383 1A2K/c_386 1A2K/c_411
Cluster 6 -> 1A2K/c_944 1A2K/c_45 1A2K/c_464 1A2K/c_54 1A2K/c_578 1A2K/c_592 1A2K/c_60 1A2K/c_64 1A2K/c_66 1A2K/c_673 1A2K/c_78 1A2K/c_791 1A2K/c_863 1A2K/c_954 1A2K/c_978 1A2K/c_100 1A2K/c_12 1A2K/c_137 1A2K/c_13 1A2K/c_142 1A2K/c_144 1A2K/c_161 1A2K/c_165 1A2K/c_180 1A2K/c_182 1A2K/c_187 1A2K/c_19 1A2K/c_228 1A2K/c_235 1A2K/c_277 1A2K/c_27 1A2K/c_28 1A2K/c_29 1A2K/c_31 1A2K/c_341 1A2K/c_362
Cluster 7 -> 1A2K/c_991 1A2K/c_461 1A2K/c_486 1A2K/c_500 1A2K/c_539 1A2K/c_561 1A2K/c_713 1A2K/c_735 1A2K/c_736 1A2K/c_813 1A2K/c_859 1A2K/c_867 1A2K/c_924 1A2K/c_937 1A2K/c_989 1A2K/c_996 1A2K/c_261 1A2K/c_274 1A2K/c_287 1A2K/c_304 1A2K/c_313 1A2K/c_317 1A2K/c_334 1A2K/c_340 1A2K/c_374 1A2K/c_403 1A2K/c_410 1A2K/c_412 1A2K/c_416 1A2K/c_437
Cluster 8 -> 1A2K/c_956 1A2K/c_451 1A2K/c_454 1A2K/c_475 1A2K/c_496 1A2K/c_511 1A2K/c_534 1A2K/c_549 1A2K/c_569 1A2K/c_632 1A2K/c_647 1A2K/c_717 1A2K/c_778 1A2K/c_779 1A2K/c_875 1A2K/c_898 1A2K/c_130 1A2K/c_160 1A2K/c_191 1A2K/c_275 1A2K/c_279 1A2K/c_326 1A2K/c_344 1A2K/c_351 1A2K/c_377 1A2K/c_387 1A2K/c_401
Cluster 9 -> 1A2K/c_697 1A2K/c_455 1A2K/c_471 1A2K/c_483 1A2K/c_495 1A2K/c_50 1A2K/c_55 1A2K/c_612 1A2K/c_674 1A2K/c_68 1A2K/c_693 1A2K/c_107 1A2K/c_113 1A2K/c_117 1A2K/c_120 1A2K/c_123 1A2K/c_151 1A2K/c_192 1A2K/c_209 1A2K/c_233 1A2K/c_246 1A2K/c_273 1A2K/c_297 1A2K/c_338 1A2K/c_34 1A2K/c_430 1A2K/c_43
Cluster 10 -> 1A2K/c_866 1A2K/c_468 1A2K/c_502 1A2K/c_543 1A2K/c_547 1A2K/c_562 1A2K/c_576 1A2K/c_581 1A2K/c_623 1A2K/c_640 1A2K/c_648 1A2K/c_683 1A2K/c_703 1A2K/c_82 1A2K/c_831 1A2K/c_112 1A2K/c_156 1A2K/c_167 1A2K/c_176 1A2K/c_202 1A2K/c_282 1A2K/c_308 1A2K/c_342 1A2K/c_436
Cluster 11 -> 1A2K/c_974 1A2K/c_447 1A2K/c_514 1A2K/c_617 1A2K/c_731 1A2K/c_792 1A2K/c_801 1A2K/c_806 1A2K/c_830 1A2K/c_865 1A2K/c_905 1A2K/c_923 1A2K/c_966 1A2K/c_131 1A2K/c_189 1A2K/c_195 1A2K/c_196 1A2K/c_241 1A2K/c_267 1A2K/c_378 1A2K/c_435
Cluster 12 -> 1A2K/c_933 1A2K/c_443 1A2K/c_452 1A2K/c_484 1A2K/c_504 1A2K/c_528 1A2K/c_575 1A2K/c_718 1A2K/c_721 1A2K/c_789 1A2K/c_845 1A2K/c_852 1A2K/c_876 1A2K/c_922 1A2K/c_942 1A2K/c_953 1A2K/c_998 1A2K/c_17 1A2K/c_328 1A2K/c_381 1A2K/c_427
Cluster 13 -> 1A2K/c_921 1A2K/c_442 1A2K/c_582 1A2K/c_606 1A2K/c_678 1A2K/c_682 1A2K/c_757 1A2K/c_783 1A2K/c_798 1A2K/c_900 1A2K/c_912 1A2K/c_916 1A2K/c_257 1A2K/c_293 1A2K/c_306 1A2K/c_390 1A2K/c_425
Cluster 14 -> 1A2K/c_902 1A2K/c_546 1A2K/c_58 1A2K/c_667 1A2K/c_744 1A2K/c_758 1A2K/c_76 1A2K/c_834 1A2K/c_102 1A2K/c_110 1A2K/c_188 1A2K/c_214 1A2K/c_224 1A2K/c_22 1A2K/c_249 1A2K/c_252 1A2K/c_315
Cluster 15 -> 1A2K/c_885 1A2K/c_465 1A2K/c_482 1A2K/c_568 1A2K/c_681 1A2K/c_691 1A2K/c_812 1A2K/c_849 1A2K/c_854 1A2K/c_896 1A2K/c_938 1A2K/c_951 1A2K/c_193 1A2K/c_225 1A2K/c_357 1A2K/c_424
Cluster 16 -> 1A2K/c_967 1A2K/c_497 1A2K/c_510 1A2K/c_80 1A2K/c_810 1A2K/c_888 1A2K/c_897 1A2K/c_913 1A2K/c_958 1A2K/c_959 1A2K/c_962 1A2K/c_111 1A2K/c_299 1A2K/c_309
Cluster 17 -> 1A2K/c_931 1A2K/c_519 1A2K/c_554 1A2K/c_749 1A2K/c_163 1A2K/c_179 1A2K/c_223 1A2K/c_230 1A2K/c_242 1A2K/c_255 1A2K/c_290 1A2K/c_400 1A2K/c_417
Cluster 18 -> 1A2K/c_980 1A2K/c_476 1A2K/c_480 1A2K/c_555 1A2K/c_665 1A2K/c_676 1A2K/c_774 1A2K/c_788 1A2K/c_893 1A2K/c_965 1A2K/c_307 1A2K/c_429
Cluster 19 -> 1A2K/c_873 1A2K/c_588 1A2K/c_619 1A2K/c_650 1A2K/c_685 1A2K/c_712 1A2K/c_716 1A2K/c_762 1A2K/c_811 1A2K/c_227 1A2K/c_266 1A2K/c_380
Cluster 20 -> 1A2K/c_95 1A2K/c_56 1A2K/c_773 1A2K/c_79 1A2K/c_835 1A2K/c_868 1A2K/c_155 1A2K/c_174 1A2K/c_216 1A2K/c_270 1A2K/c_398
Cluster 21 -> 1A2K/c_947 1A2K/c_481 1A2K/c_600 1A2K/c_637 1A2K/c_643 1A2K/c_714 1A2K/c_840 1A2K/c_861 1A2K/c_232 1A2K/c_356
Cluster 22 -> 1A2K/c_883 1A2K/c_601 1A2K/c_634 1A2K/c_679 1A2K/c_715 1A2K/c_159 1A2K/c_269 1A2K/c_360 1A2K/c_415 1A2K/c_438
Cluster 23 -> 1A2K/c_948 1A2K/c_705 1A2K/c_709 1A2K/c_710 1A2K/c_776 1A2K/c_818 1A2K/c_832 1A2K/c_864 1A2K/c_906
Cluster 24 -> 1A2K/c_988 1A2K/c_506 1A2K/c_571 1A2K/c_580 1A2K/c_596 1A2K/c_704 1A2K/c_860 1A2K/c_349
Cluster 25 -> 1A2K/c_927 1A2K/c_441 1A2K/c_474 1A2K/c_522 1A2K/c_631 1A2K/c_939 1A2K/c_332 1A2K/c_409
Cluster 26 -> 1A2K/c_781 1A2K/c_662 1A2K/c_677 1A2K/c_692 1A2K/c_827 1A2K/c_199 1A2K/c_263 1A2K/c_433
Cluster 27 -> 1A2K/c_932 1A2K/c_456 1A2K/c_459 1A2K/c_638 1A2K/c_659 1A2K/c_910 1A2K/c_310
Cluster 28 -> 1A2K/c_929 1A2K/c_537 1A2K/c_809 1A2K/c_880 1A2K/c_169 1A2K/c_303 1A2K/c_404
Cluster 29 -> 1A2K/c_833 1A2K/c_626 1A2K/c_139 1A2K/c_205 1A2K/c_319 1A2K/c_407 1A2K/c_419
Cluster 30 -> 1A2K/c_797 1A2K/c_449 1A2K/c_567 1A2K/c_745 1A2K/c_146 1A2K/c_226 1A2K/c_324
Cluster 31 -> 1A2K/c_917 1A2K/c_477 1A2K/c_652 1A2K/c_823 1A2K/c_882 1A2K/c_355
Cluster 32 -> 1A2K/c_915 1A2K/c_846 1A2K/c_366 1A2K/c_368 1A2K/c_414 1A2K/c_426
Cluster 33 -> 1A2K/c_901 1A2K/c_807 1A2K/c_821 1A2K/c_856 1A2K/c_870 1A2K/c_892
Cluster 34 -> 1A2K/c_742 1A2K/c_523 1A2K/c_558 1A2K/c_595 1A2K/c_271 1A2K/c_399
Cluster 35 -> 1A2K/c_994 1A2K/c_586 1A2K/c_696 1A2K/c_264 1A2K/c_329
Cluster 36 -> 1A2K/c_983 1A2K/c_675 1A2K/c_763 1A2K/c_972 1A2K/c_298
Cluster 37 -> 1A2K/c_968 1A2K/c_498 1A2K/c_572 1A2K/c_918 1A2K/c_325
Cluster 38 -> 1A2K/c_796 1A2K/c_636 1A2K/c_695 1A2K/c_734 1A2K/c_751
Cluster 39 -> 1A2K/c_671 1A2K/c_254 1A2K/c_371 1A2K/c_434 1A2K/c_440
Cluster 40 -> 1A2K/c_977 1A2K/c_609 1A2K/c_610 1A2K/c_204
Cluster 41 -> 1A2K/c_940 1A2K/c_462 1A2K/c_470 1A2K/c_711
Cluster 42 -> 1A2K/c_890 1A2K/c_488 1A2K/c_690 1A2K/c_837
Cluster 43 -> 1A2K/c_872 1A2K/c_591 1A2K/c_769 1A2K/c_794
Cluster 44 -> 1A2K/c_786 1A2K/c_463 1A2K/c_292 1A2K/c_389
Cluster 45 -> 1A2K/c_764 1A2K/c_608 1A2K/c_618 1A2K/c_633
