Cluster 1 -> 1ATN/c_253 1ATN/c_451 1ATN/c_460 1ATN/c_476 1ATN/c_491 1ATN/c_522 1ATN/c_527 1ATN/c_52 1ATN/c_561 1ATN/c_60 1ATN/c_65 1ATN/c_670 1ATN/c_692 1ATN/c_717 1ATN/c_820 1ATN/c_837 1ATN/c_871 1ATN/c_895 1ATN/c_994 1ATN/c_109 1ATN/c_111 1ATN/c_113 1ATN/c_123 1ATN/c_145 1ATN/c_158 1ATN/c_234 1ATN/c_244 1ATN/c_292 1ATN/c_320 1ATN/c_330 1ATN/c_352 1ATN/c_356 1ATN/c_403 1ATN/c_435 1ATN/c_438
Cluster 2 -> 1ATN/c_88 1ATN/c_442 1ATN/c_45 1ATN/c_550 1ATN/c_56 1ATN/c_57 1ATN/c_70 1ATN/c_785 1ATN/c_809 1ATN/c_824 1ATN/c_83 1ATN/c_89 1ATN/c_951 1ATN/c_10 1ATN/c_15 1ATN/c_182 1ATN/c_190 1ATN/c_198 1ATN/c_1 1ATN/c_217 1ATN/c_232 1ATN/c_26 1ATN/c_27 1ATN/c_289 1ATN/c_2 1ATN/c_309 1ATN/c_33 1ATN/c_355 1ATN/c_358 1ATN/c_36 1ATN/c_389 1ATN/c_428 1ATN/c_42
Cluster 3 -> 1ATN/c_626 1ATN/c_447 1ATN/c_477 1ATN/c_497 1ATN/c_500 1ATN/c_518 1ATN/c_524 1ATN/c_532 1ATN/c_565 1ATN/c_594 1ATN/c_603 1ATN/c_648 1ATN/c_710 1ATN/c_769 1ATN/c_857 1ATN/c_872 1ATN/c_991 1ATN/c_155 1ATN/c_157 1ATN/c_245 1ATN/c_254 1ATN/c_271 1ATN/c_286 1ATN/c_306 1ATN/c_318 1ATN/c_367 1ATN/c_368 1ATN/c_418
Cluster 4 -> 1ATN/c_596 1ATN/c_484 1ATN/c_544 1ATN/c_573 1ATN/c_597 1ATN/c_599 1ATN/c_601 1ATN/c_628 1ATN/c_666 1ATN/c_778 1ATN/c_920 1ATN/c_996 1ATN/c_142 1ATN/c_150 1ATN/c_189 1ATN/c_226 1ATN/c_231 1ATN/c_236 1ATN/c_282 1ATN/c_300 1ATN/c_364 1ATN/c_379 1ATN/c_409 1ATN/c_416 1ATN/c_422 1ATN/c_425
Cluster 5 -> 1ATN/c_312 1ATN/c_444 1ATN/c_480 1ATN/c_4 1ATN/c_534 1ATN/c_535 1ATN/c_63 1ATN/c_646 1ATN/c_721 1ATN/c_776 1ATN/c_100 1ATN/c_104 1ATN/c_127 1ATN/c_139 1ATN/c_165 1ATN/c_200 1ATN/c_23 1ATN/c_256 1ATN/c_270 1ATN/c_28 1ATN/c_294 1ATN/c_325 1ATN/c_378 1ATN/c_393 1ATN/c_43
Cluster 6 -> 1ATN/c_999 1ATN/c_533 1ATN/c_583 1ATN/c_617 1ATN/c_630 1ATN/c_639 1ATN/c_656 1ATN/c_677 1ATN/c_723 1ATN/c_764 1ATN/c_799 1ATN/c_801 1ATN/c_811 1ATN/c_913 1ATN/c_940 1ATN/c_944 1ATN/c_953 1ATN/c_964 1ATN/c_149 1ATN/c_324 1ATN/c_361 1ATN/c_382 1ATN/c_383 1ATN/c_398
Cluster 7 -> 1ATN/c_852 1ATN/c_459 1ATN/c_468 1ATN/c_473 1ATN/c_586 1ATN/c_616 1ATN/c_621 1ATN/c_686 1ATN/c_719 1ATN/c_832 1ATN/c_840 1ATN/c_906 1ATN/c_963 1ATN/c_992 1ATN/c_201 1ATN/c_206 1ATN/c_222 1ATN/c_242 1ATN/c_281 1ATN/c_296 1ATN/c_317 1ATN/c_332
Cluster 8 -> 1ATN/c_97 1ATN/c_48 1ATN/c_513 1ATN/c_538 1ATN/c_64 1ATN/c_786 1ATN/c_847 1ATN/c_85 1ATN/c_87 1ATN/c_900 1ATN/c_977 1ATN/c_980 1ATN/c_126 1ATN/c_20 1ATN/c_225 1ATN/c_248 1ATN/c_255 1ATN/c_32 1ATN/c_34 1ATN/c_372
Cluster 9 -> 1ATN/c_474 1ATN/c_519 1ATN/c_582 1ATN/c_651 1ATN/c_681 1ATN/c_684 1ATN/c_755 1ATN/c_760 1ATN/c_772 1ATN/c_968 1ATN/c_117 1ATN/c_205 1ATN/c_272 1ATN/c_295 1ATN/c_346 1ATN/c_350 1ATN/c_366 1ATN/c_407 1ATN/c_413
Cluster 10 -> 1ATN/c_9 1ATN/c_569 1ATN/c_58 1ATN/c_595 1ATN/c_662 1ATN/c_700 1ATN/c_842 1ATN/c_91 1ATN/c_94 1ATN/c_135 1ATN/c_172 1ATN/c_186 1ATN/c_204 1ATN/c_21 1ATN/c_237 1ATN/c_24 1ATN/c_314
Cluster 11 -> 1ATN/c_220 1ATN/c_475 1ATN/c_563 1ATN/c_592 1ATN/c_796 1ATN/c_92 1ATN/c_96 1ATN/c_106 1ATN/c_118 1ATN/c_119 1ATN/c_11 1ATN/c_128 1ATN/c_13 1ATN/c_174 1ATN/c_290 1ATN/c_30 1ATN/c_3
Cluster 12 -> 1ATN/c_41 1ATN/c_5 1ATN/c_7 1ATN/c_8 1ATN/c_930 1ATN/c_98 1ATN/c_114 1ATN/c_138 1ATN/c_147 1ATN/c_163 1ATN/c_22 1ATN/c_265 1ATN/c_305 1ATN/c_377 1ATN/c_414
Cluster 13 -> 1ATN/c_960 1ATN/c_50 1ATN/c_560 1ATN/c_62 1ATN/c_673 1ATN/c_697 1ATN/c_943 1ATN/c_12 1ATN/c_16 1ATN/c_247 1ATN/c_291 1ATN/c_313 1ATN/c_357 1ATN/c_38
Cluster 14 -> 1ATN/c_898 1ATN/c_445 1ATN/c_67 1ATN/c_75 1ATN/c_911 1ATN/c_125 1ATN/c_152 1ATN/c_194 1ATN/c_273 1ATN/c_316 1ATN/c_333 1ATN/c_404 1ATN/c_427
Cluster 15 -> 1ATN/c_879 1ATN/c_464 1ATN/c_495 1ATN/c_531 1ATN/c_641 1ATN/c_734 1ATN/c_758 1ATN/c_781 1ATN/c_184 1ATN/c_203 1ATN/c_301 1ATN/c_419 1ATN/c_436
Cluster 16 -> 1ATN/c_82 1ATN/c_479 1ATN/c_54 1ATN/c_720 1ATN/c_833 1ATN/c_885 1ATN/c_90 1ATN/c_107 1ATN/c_110 1ATN/c_14 1ATN/c_17 1ATN/c_29 1ATN/c_31
Cluster 17 -> 1ATN/c_804 1ATN/c_528 1ATN/c_607 1ATN/c_749 1ATN/c_753 1ATN/c_866 1ATN/c_870 1ATN/c_884 1ATN/c_924 1ATN/c_166 1ATN/c_221 1ATN/c_230 1ATN/c_348
Cluster 18 -> 1ATN/c_691 1ATN/c_572 1ATN/c_660 1ATN/c_709 1ATN/c_73 1ATN/c_95 1ATN/c_132 1ATN/c_185 1ATN/c_251 1ATN/c_275 1ATN/c_285 1ATN/c_374 1ATN/c_439
Cluster 19 -> 1ATN/c_613 1ATN/c_472 1ATN/c_529 1ATN/c_567 1ATN/c_688 1ATN/c_788 1ATN/c_800 1ATN/c_116 1ATN/c_229 1ATN/c_238 1ATN/c_297 1ATN/c_40 1ATN/c_433
Cluster 20 -> 1ATN/c_868 1ATN/c_44 1ATN/c_462 1ATN/c_574 1ATN/c_647 1ATN/c_678 1ATN/c_887 1ATN/c_922 1ATN/c_105 1ATN/c_228 1ATN/c_315 1ATN/c_380
Cluster 21 -> 1ATN/c_859 1ATN/c_551 1ATN/c_571 1ATN/c_744 1ATN/c_782 1ATN/c_821 1ATN/c_823 1ATN/c_826 1ATN/c_243 1ATN/c_260 1ATN/c_308 1ATN/c_335
Cluster 22 -> 1ATN/c_742 1ATN/c_469 1ATN/c_493 1ATN/c_653 1ATN/c_655 1ATN/c_664 1ATN/c_725 1ATN/c_79 1ATN/c_136 1ATN/c_213 1ATN/c_375 1ATN/c_426
Cluster 23 -> 1ATN/c_910 1ATN/c_449 1ATN/c_555 1ATN/c_558 1ATN/c_584 1ATN/c_682 1ATN/c_790 1ATN/c_838 1ATN/c_841 1ATN/c_865 1ATN/c_340
Cluster 24 -> 1ATN/c_39 1ATN/c_61 1ATN/c_737 1ATN/c_770 1ATN/c_797 1ATN/c_850 1ATN/c_146 1ATN/c_207 1ATN/c_25 1ATN/c_269 1ATN/c_37
Cluster 25 -> 1ATN/c_956 1ATN/c_520 1ATN/c_652 1ATN/c_835 1ATN/c_949 1ATN/c_108 1ATN/c_161 1ATN/c_252 1ATN/c_277 1ATN/c_392
Cluster 26 -> 1ATN/c_530 1ATN/c_542 1ATN/c_631 1ATN/c_637 1ATN/c_687 1ATN/c_726 1ATN/c_739 1ATN/c_998 1ATN/c_302 1ATN/c_387
Cluster 27 -> 1ATN/c_883 1ATN/c_481 1ATN/c_483 1ATN/c_575 1ATN/c_604 1ATN/c_874 1ATN/c_972 1ATN/c_264 1ATN/c_331
Cluster 28 -> 1ATN/c_84 1ATN/c_463 1ATN/c_494 1ATN/c_49 1ATN/c_622 1ATN/c_101 1ATN/c_129 1ATN/c_263 1ATN/c_284
Cluster 29 -> 1ATN/c_810 1ATN/c_478 1ATN/c_47 1ATN/c_593 1ATN/c_69 1ATN/c_183 1ATN/c_191 1ATN/c_321 1ATN/c_354
Cluster 30 -> 1ATN/c_706 1ATN/c_461 1ATN/c_66 1ATN/c_80 1ATN/c_990 1ATN/c_103 1ATN/c_410 1ATN/c_430 1ATN/c_434
Cluster 31 -> 1ATN/c_679 1ATN/c_51 1ATN/c_605 1ATN/c_818 1ATN/c_904 1ATN/c_137 1ATN/c_178 1ATN/c_199 1ATN/c_35
Cluster 32 -> 1ATN/c_578 1ATN/c_568 1ATN/c_612 1ATN/c_625 1ATN/c_716 1ATN/c_792 1ATN/c_961 1ATN/c_351 1ATN/c_386
Cluster 33 -> 1ATN/c_512 1ATN/c_457 1ATN/c_503 1ATN/c_668 1ATN/c_839 1ATN/c_130 1ATN/c_343 1ATN/c_388 1ATN/c_423
Cluster 34 -> 1ATN/c_334 1ATN/c_536 1ATN/c_674 1ATN/c_696 1ATN/c_708 1ATN/c_115 1ATN/c_131 1ATN/c_156 1ATN/c_168
Cluster 35 -> 1ATN/c_173 1ATN/c_537 1ATN/c_133 1ATN/c_177 1ATN/c_18 1ATN/c_197 1ATN/c_239 1ATN/c_376 1ATN/c_402
Cluster 36 -> 1ATN/c_99 1ATN/c_556 1ATN/c_577 1ATN/c_633 1ATN/c_825 1ATN/c_989 1ATN/c_216 1ATN/c_278
Cluster 37 -> 1ATN/c_851 1ATN/c_502 1ATN/c_55 1ATN/c_791 1ATN/c_211 1ATN/c_240 1ATN/c_257 1ATN/c_415
Cluster 38 -> 1ATN/c_728 1ATN/c_557 1ATN/c_690 1ATN/c_695 1ATN/c_774 1ATN/c_849 1ATN/c_954 1ATN/c_345
Cluster 39 -> 1ATN/c_713 1ATN/c_487 1ATN/c_606 1ATN/c_643 1ATN/c_120 1ATN/c_195 1ATN/c_299 1ATN/c_381
Cluster 40 -> 1ATN/c_506 1ATN/c_488 1ATN/c_490 1ATN/c_808 1ATN/c_187 1ATN/c_188 1ATN/c_385 1ATN/c_431
Cluster 41 -> 1ATN/c_978 1ATN/c_523 1ATN/c_649 1ATN/c_863 1ATN/c_164 1ATN/c_241 1ATN/c_424
Cluster 42 -> 1ATN/c_969 1ATN/c_735 1ATN/c_878 1ATN/c_946 1ATN/c_141 1ATN/c_143 1ATN/c_339
Cluster 43 -> 1ATN/c_718 1ATN/c_498 1ATN/c_771 1ATN/c_848 1ATN/c_86 1ATN/c_148 1ATN/c_176
Cluster 44 -> 1ATN/c_546 1ATN/c_485 1ATN/c_635 1ATN/c_665 1ATN/c_798 1ATN/c_917 1ATN/c_218
Cluster 45 -> 1ATN/c_947 1ATN/c_450 1ATN/c_548 1ATN/c_219 1ATN/c_328 1ATN/c_395
Cluster 46 -> 1ATN/c_942 1ATN/c_614 1ATN/c_74 1ATN/c_283 1ATN/c_310 1ATN/c_440
Cluster 47 -> 1ATN/c_931 1ATN/c_566 1ATN/c_576 1ATN/c_881 1ATN/c_384 1ATN/c_408
Cluster 48 -> 1ATN/c_892 1ATN/c_694 1ATN/c_802 1ATN/c_882 1ATN/c_975 1ATN/c_400
Cluster 49 -> 1ATN/c_831 1ATN/c_685 1ATN/c_740 1ATN/c_861 1ATN/c_864 1ATN/c_181
Cluster 50 -> 1ATN/c_81 1ATN/c_448 1ATN/c_46 1ATN/c_471 1ATN/c_540 1ATN/c_68
Cluster 51 -> 1ATN/c_775 1ATN/c_549 1ATN/c_591 1ATN/c_644 1ATN/c_212 1ATN/c_319
Cluster 52 -> 1ATN/c_731 1ATN/c_53 1ATN/c_543 1ATN/c_76 1ATN/c_817 1ATN/c_988
Cluster 53 -> 1ATN/c_470 1ATN/c_517 1ATN/c_654 1ATN/c_701 1ATN/c_703 1ATN/c_950
Cluster 54 -> 1ATN/c_323 1ATN/c_456 1ATN/c_667 1ATN/c_779 1ATN/c_112 1ATN/c_167
Cluster 55 -> 1ATN/c_912 1ATN/c_521 1ATN/c_935 1ATN/c_210 1ATN/c_369
Cluster 56 -> 1ATN/c_888 1ATN/c_539 1ATN/c_587 1ATN/c_899 1ATN/c_337
Cluster 57 -> 1ATN/c_830 1ATN/c_618 1ATN/c_756 1ATN/c_287 1ATN/c_417
Cluster 58 -> 1ATN/c_805 1ATN/c_547 1ATN/c_663 1ATN/c_929 1ATN/c_983
Cluster 59 -> 1ATN/c_795 1ATN/c_515 1ATN/c_629 1ATN/c_752 1ATN/c_766
Cluster 60 -> 1ATN/c_78 1ATN/c_72 1ATN/c_763 1ATN/c_144 1ATN/c_151
Cluster 61 -> 1ATN/c_732 1ATN/c_580 1ATN/c_683 1ATN/c_715 1ATN/c_329
Cluster 62 -> 1ATN/c_704 1ATN/c_844 1ATN/c_154 1ATN/c_341 1ATN/c_396
Cluster 63 -> 1ATN/c_525 1ATN/c_510 1ATN/c_937 1ATN/c_208 1ATN/c_371
Cluster 64 -> 1ATN/c_486 1ATN/c_672 1ATN/c_923 1ATN/c_927 1ATN/c_303
Cluster 65 -> 1ATN/c_259 1ATN/c_620 1ATN/c_19 1ATN/c_246 1ATN/c_249
Cluster 66 -> 1ATN/c_180 1ATN/c_743 1ATN/c_933 1ATN/c_124 1ATN/c_288
Cluster 67 -> 1ATN/c_102 1ATN/c_559 1ATN/c_939 1ATN/c_227 1ATN/c_262
Cluster 68 -> 1ATN/c_932 1ATN/c_590 1ATN/c_711 1ATN/c_267
Cluster 69 -> 1ATN/c_903 1ATN/c_508 1ATN/c_893 1ATN/c_412
Cluster 70 -> 1ATN/c_897 1ATN/c_516 1ATN/c_169 1ATN/c_258
Cluster 71 -> 1ATN/c_880 1ATN/c_492 1ATN/c_140 1ATN/c_390
Cluster 72 -> 1ATN/c_876 1ATN/c_750 1ATN/c_761 1ATN/c_160
Cluster 73 -> 1ATN/c_875 1ATN/c_441 1ATN/c_585 1ATN/c_829
Cluster 74 -> 1ATN/c_860 1ATN/c_121 1ATN/c_196 1ATN/c_235
Cluster 75 -> 1ATN/c_813 1ATN/c_659 1ATN/c_807 1ATN/c_293
Cluster 76 -> 1ATN/c_783 1ATN/c_632 1ATN/c_645 1ATN/c_661
Cluster 77 -> 1ATN/c_650 1ATN/c_581 1ATN/c_610 1ATN/c_363
Cluster 78 -> 1ATN/c_466 1ATN/c_736 1ATN/c_886 1ATN/c_934
Cluster 79 -> 1ATN/c_401 1ATN/c_794 1ATN/c_266 1ATN/c_268
Cluster 80 -> 1ATN/c_298 1ATN/c_170 1ATN/c_215 1ATN/c_370
