Cluster 1 -> 1AVX/c_84 1AVX/c_455 1AVX/c_45 1AVX/c_466 1AVX/c_46 1AVX/c_48 1AVX/c_505 1AVX/c_50 1AVX/c_514 1AVX/c_51 1AVX/c_528 1AVX/c_52 1AVX/c_53 1AVX/c_555 1AVX/c_55 1AVX/c_56 1AVX/c_57 1AVX/c_5 1AVX/c_60 1AVX/c_637 1AVX/c_646 1AVX/c_65 1AVX/c_66 1AVX/c_67 1AVX/c_68 1AVX/c_713 1AVX/c_73 1AVX/c_75 1AVX/c_799 1AVX/c_83 1AVX/c_85 1AVX/c_869 1AVX/c_86 1AVX/c_885 1AVX/c_8 1AVX/c_905 1AVX/c_90 1AVX/c_913 1AVX/c_96 1AVX/c_97 1AVX/c_98 1AVX/c_99 1AVX/c_102 1AVX/c_109 1AVX/c_112 1AVX/c_115 1AVX/c_116 1AVX/c_119 1AVX/c_11 1AVX/c_127 1AVX/c_129 1AVX/c_12 1AVX/c_132 1AVX/c_133 1AVX/c_13 1AVX/c_140 1AVX/c_154 1AVX/c_155 1AVX/c_159 1AVX/c_162 1AVX/c_166 1AVX/c_168 1AVX/c_17 1AVX/c_184 1AVX/c_193 1AVX/c_197 1AVX/c_198 1AVX/c_200 1AVX/c_208 1AVX/c_20 1AVX/c_213 1AVX/c_214 1AVX/c_220 1AVX/c_226 1AVX/c_233 1AVX/c_246 1AVX/c_24 1AVX/c_251 1AVX/c_252 1AVX/c_254 1AVX/c_25 1AVX/c_263 1AVX/c_266 1AVX/c_271 1AVX/c_290 1AVX/c_292 1AVX/c_301 1AVX/c_30 1AVX/c_31 1AVX/c_320 1AVX/c_323 1AVX/c_349 1AVX/c_34 1AVX/c_365 1AVX/c_37 1AVX/c_38 1AVX/c_395 1AVX/c_398 1AVX/c_39 1AVX/c_405 1AVX/c_41 1AVX/c_427 1AVX/c_42 1AVX/c_436 1AVX/c_438 1AVX/c_439 1AVX/c_43
Cluster 2 -> 1AVX/c_157 1AVX/c_454 1AVX/c_459 1AVX/c_467 1AVX/c_470 1AVX/c_490 1AVX/c_492 1AVX/c_495 1AVX/c_504 1AVX/c_520 1AVX/c_531 1AVX/c_532 1AVX/c_534 1AVX/c_539 1AVX/c_559 1AVX/c_560 1AVX/c_561 1AVX/c_565 1AVX/c_566 1AVX/c_596 1AVX/c_61 1AVX/c_621 1AVX/c_628 1AVX/c_636 1AVX/c_655 1AVX/c_676 1AVX/c_708 1AVX/c_714 1AVX/c_723 1AVX/c_798 1AVX/c_819 1AVX/c_828 1AVX/c_851 1AVX/c_852 1AVX/c_854 1AVX/c_877 1AVX/c_887 1AVX/c_895 1AVX/c_897 1AVX/c_908 1AVX/c_919 1AVX/c_929 1AVX/c_957 1AVX/c_95 1AVX/c_962 1AVX/c_106 1AVX/c_125 1AVX/c_134 1AVX/c_147 1AVX/c_150 1AVX/c_161 1AVX/c_163 1AVX/c_165 1AVX/c_172 1AVX/c_175 1AVX/c_178 1AVX/c_180 1AVX/c_188 1AVX/c_191 1AVX/c_194 1AVX/c_195 1AVX/c_199 1AVX/c_203 1AVX/c_207 1AVX/c_211 1AVX/c_212 1AVX/c_222 1AVX/c_225 1AVX/c_227 1AVX/c_228 1AVX/c_230 1AVX/c_243 1AVX/c_245 1AVX/c_249 1AVX/c_260 1AVX/c_275 1AVX/c_278 1AVX/c_317 1AVX/c_324 1AVX/c_326 1AVX/c_335 1AVX/c_338 1AVX/c_356 1AVX/c_360 1AVX/c_373 1AVX/c_377 1AVX/c_378 1AVX/c_382 1AVX/c_383 1AVX/c_388 1AVX/c_397 1AVX/c_401 1AVX/c_402 1AVX/c_410 1AVX/c_415 1AVX/c_418 1AVX/c_432 1AVX/c_435
Cluster 3 -> 1AVX/c_348 1AVX/c_44 1AVX/c_489 1AVX/c_508 1AVX/c_510 1AVX/c_54 1AVX/c_572 1AVX/c_573 1AVX/c_583 1AVX/c_588 1AVX/c_58 1AVX/c_593 1AVX/c_605 1AVX/c_610 1AVX/c_615 1AVX/c_620 1AVX/c_624 1AVX/c_62 1AVX/c_630 1AVX/c_657 1AVX/c_670 1AVX/c_683 1AVX/c_687 1AVX/c_691 1AVX/c_693 1AVX/c_69 1AVX/c_700 1AVX/c_716 1AVX/c_74 1AVX/c_752 1AVX/c_76 1AVX/c_770 1AVX/c_776 1AVX/c_787 1AVX/c_78 1AVX/c_80 1AVX/c_817 1AVX/c_821 1AVX/c_822 1AVX/c_834 1AVX/c_87 1AVX/c_89 1AVX/c_92 1AVX/c_946 1AVX/c_950 1AVX/c_975 1AVX/c_996 1AVX/c_103 1AVX/c_108 1AVX/c_111 1AVX/c_122 1AVX/c_123 1AVX/c_141 1AVX/c_146 1AVX/c_148 1AVX/c_160 1AVX/c_171 1AVX/c_173 1AVX/c_181 1AVX/c_185 1AVX/c_186 1AVX/c_187 1AVX/c_219 1AVX/c_232 1AVX/c_239 1AVX/c_241 1AVX/c_264 1AVX/c_272 1AVX/c_279 1AVX/c_27 1AVX/c_288 1AVX/c_28 1AVX/c_294 1AVX/c_296 1AVX/c_297 1AVX/c_29 1AVX/c_315 1AVX/c_316 1AVX/c_322 1AVX/c_328 1AVX/c_32 1AVX/c_339 1AVX/c_33 1AVX/c_341 1AVX/c_342 1AVX/c_35 1AVX/c_368 1AVX/c_36 1AVX/c_391 1AVX/c_399 1AVX/c_3 1AVX/c_411
Cluster 4 -> 1AVX/c_64 1AVX/c_49 1AVX/c_584 1AVX/c_600 1AVX/c_659 1AVX/c_678 1AVX/c_6 1AVX/c_70 1AVX/c_71 1AVX/c_72 1AVX/c_782 1AVX/c_813 1AVX/c_892 1AVX/c_93 1AVX/c_998 1AVX/c_107 1AVX/c_110 1AVX/c_114 1AVX/c_126 1AVX/c_137 1AVX/c_14 1AVX/c_158 1AVX/c_15 1AVX/c_18 1AVX/c_19 1AVX/c_1 1AVX/c_21 1AVX/c_224 1AVX/c_22 1AVX/c_248 1AVX/c_253 1AVX/c_261 1AVX/c_293 1AVX/c_305 1AVX/c_314 1AVX/c_336 1AVX/c_354 1AVX/c_364 1AVX/c_403 1AVX/c_406 1AVX/c_40 1AVX/c_423 1AVX/c_437
Cluster 5 -> 1AVX/c_392 1AVX/c_450 1AVX/c_472 1AVX/c_479 1AVX/c_500 1AVX/c_549 1AVX/c_569 1AVX/c_591 1AVX/c_604 1AVX/c_654 1AVX/c_681 1AVX/c_745 1AVX/c_769 1AVX/c_77 1AVX/c_808 1AVX/c_839 1AVX/c_917 1AVX/c_923 1AVX/c_927 1AVX/c_94 1AVX/c_988 1AVX/c_100 1AVX/c_143 1AVX/c_151 1AVX/c_152 1AVX/c_169 1AVX/c_176 1AVX/c_192 1AVX/c_210 1AVX/c_229 1AVX/c_244 1AVX/c_304 1AVX/c_308 1AVX/c_312 1AVX/c_334 1AVX/c_358 1AVX/c_370
Cluster 6 -> 1AVX/c_215 1AVX/c_446 1AVX/c_447 1AVX/c_47 1AVX/c_487 1AVX/c_488 1AVX/c_497 1AVX/c_4 1AVX/c_502 1AVX/c_543 1AVX/c_570 1AVX/c_81 1AVX/c_82 1AVX/c_91 1AVX/c_939 1AVX/c_991 1AVX/c_992 1AVX/c_9 1AVX/c_101 1AVX/c_121 1AVX/c_142 1AVX/c_153 1AVX/c_156 1AVX/c_179 1AVX/c_201 1AVX/c_216 1AVX/c_235 1AVX/c_23 1AVX/c_26 1AVX/c_295 1AVX/c_2 1AVX/c_357 1AVX/c_367 1AVX/c_404 1AVX/c_416 1AVX/c_422
Cluster 7 -> 1AVX/c_995 1AVX/c_449 1AVX/c_507 1AVX/c_622 1AVX/c_633 1AVX/c_686 1AVX/c_709 1AVX/c_797 1AVX/c_800 1AVX/c_805 1AVX/c_838 1AVX/c_941 1AVX/c_983 1AVX/c_999 1AVX/c_138 1AVX/c_183 1AVX/c_190 1AVX/c_202 1AVX/c_217 1AVX/c_223 1AVX/c_262 1AVX/c_270 1AVX/c_298 1AVX/c_307 1AVX/c_321 1AVX/c_344 1AVX/c_412
Cluster 8 -> 1AVX/c_918 1AVX/c_452 1AVX/c_456 1AVX/c_460 1AVX/c_515 1AVX/c_546 1AVX/c_556 1AVX/c_608 1AVX/c_618 1AVX/c_652 1AVX/c_724 1AVX/c_753 1AVX/c_786 1AVX/c_859 1AVX/c_924 1AVX/c_949 1AVX/c_954 1AVX/c_961 1AVX/c_969 1AVX/c_259 1AVX/c_310 1AVX/c_351 1AVX/c_371 1AVX/c_425 1AVX/c_428 1AVX/c_433
Cluster 9 -> 1AVX/c_889 1AVX/c_457 1AVX/c_498 1AVX/c_519 1AVX/c_521 1AVX/c_540 1AVX/c_550 1AVX/c_558 1AVX/c_571 1AVX/c_601 1AVX/c_629 1AVX/c_802 1AVX/c_833 1AVX/c_841 1AVX/c_968 1AVX/c_990 1AVX/c_139 1AVX/c_196 1AVX/c_205 1AVX/c_206 1AVX/c_218 1AVX/c_269 1AVX/c_343 1AVX/c_413 1AVX/c_417
Cluster 10 -> 1AVX/c_901 1AVX/c_445 1AVX/c_511 1AVX/c_516 1AVX/c_518 1AVX/c_536 1AVX/c_612 1AVX/c_650 1AVX/c_701 1AVX/c_823 1AVX/c_955 1AVX/c_10 1AVX/c_124 1AVX/c_204 1AVX/c_236 1AVX/c_250 1AVX/c_258 1AVX/c_273 1AVX/c_282 1AVX/c_283 1AVX/c_353 1AVX/c_393 1AVX/c_396 1AVX/c_429
Cluster 11 -> 1AVX/c_875 1AVX/c_538 1AVX/c_545 1AVX/c_626 1AVX/c_627 1AVX/c_647 1AVX/c_673 1AVX/c_707 1AVX/c_718 1AVX/c_775 1AVX/c_778 1AVX/c_803 1AVX/c_816 1AVX/c_826 1AVX/c_844 1AVX/c_850 1AVX/c_857 1AVX/c_860 1AVX/c_903 1AVX/c_238 1AVX/c_277 1AVX/c_355 1AVX/c_369 1AVX/c_386
Cluster 12 -> 1AVX/c_380 1AVX/c_462 1AVX/c_480 1AVX/c_509 1AVX/c_524 1AVX/c_553 1AVX/c_580 1AVX/c_581 1AVX/c_611 1AVX/c_649 1AVX/c_674 1AVX/c_750 1AVX/c_865 1AVX/c_878 1AVX/c_104 1AVX/c_117 1AVX/c_131 1AVX/c_145 1AVX/c_189 1AVX/c_209 1AVX/c_255 1AVX/c_299 1AVX/c_306 1AVX/c_376
Cluster 13 -> 1AVX/c_933 1AVX/c_451 1AVX/c_523 1AVX/c_582 1AVX/c_598 1AVX/c_625 1AVX/c_631 1AVX/c_641 1AVX/c_663 1AVX/c_684 1AVX/c_694 1AVX/c_696 1AVX/c_726 1AVX/c_734 1AVX/c_790 1AVX/c_856 1AVX/c_240 1AVX/c_311 1AVX/c_332 1AVX/c_394 1AVX/c_400 1AVX/c_421 1AVX/c_434
Cluster 14 -> 1AVX/c_812 1AVX/c_476 1AVX/c_586 1AVX/c_603 1AVX/c_671 1AVX/c_702 1AVX/c_736 1AVX/c_757 1AVX/c_791 1AVX/c_804 1AVX/c_809 1AVX/c_842 1AVX/c_894 1AVX/c_902 1AVX/c_916 1AVX/c_935 1AVX/c_947 1AVX/c_976 1AVX/c_333 1AVX/c_359 1AVX/c_426
Cluster 15 -> 1AVX/c_777 1AVX/c_468 1AVX/c_552 1AVX/c_562 1AVX/c_644 1AVX/c_648 1AVX/c_661 1AVX/c_680 1AVX/c_717 1AVX/c_719 1AVX/c_762 1AVX/c_806 1AVX/c_810 1AVX/c_827 1AVX/c_858 1AVX/c_948 1AVX/c_182 1AVX/c_362 1AVX/c_387 1AVX/c_419 1AVX/c_440
Cluster 16 -> 1AVX/c_767 1AVX/c_448 1AVX/c_496 1AVX/c_529 1AVX/c_535 1AVX/c_632 1AVX/c_763 1AVX/c_79 1AVX/c_818 1AVX/c_820 1AVX/c_829 1AVX/c_118 1AVX/c_128 1AVX/c_130 1AVX/c_144 1AVX/c_247 1AVX/c_257 1AVX/c_327 1AVX/c_345 1AVX/c_408 1AVX/c_409
Cluster 17 -> 1AVX/c_906 1AVX/c_442 1AVX/c_499 1AVX/c_522 1AVX/c_533 1AVX/c_564 1AVX/c_590 1AVX/c_599 1AVX/c_642 1AVX/c_672 1AVX/c_855 1AVX/c_904 1AVX/c_959 1AVX/c_967 1AVX/c_265 1AVX/c_361 1AVX/c_385 1AVX/c_389
Cluster 18 -> 1AVX/c_832 1AVX/c_465 1AVX/c_475 1AVX/c_537 1AVX/c_666 1AVX/c_675 1AVX/c_695 1AVX/c_715 1AVX/c_720 1AVX/c_780 1AVX/c_879 1AVX/c_900 1AVX/c_942 1AVX/c_974 1AVX/c_981 1AVX/c_987 1AVX/c_993 1AVX/c_237
Cluster 19 -> 1AVX/c_740 1AVX/c_481 1AVX/c_527 1AVX/c_623 1AVX/c_88 1AVX/c_928 1AVX/c_167 1AVX/c_170 1AVX/c_221 1AVX/c_274 1AVX/c_280 1AVX/c_287 1AVX/c_300 1AVX/c_331 1AVX/c_347
Cluster 20 -> 1AVX/c_390 1AVX/c_473 1AVX/c_575 1AVX/c_613 1AVX/c_634 1AVX/c_706 1AVX/c_760 1AVX/c_783 1AVX/c_814 1AVX/c_882 1AVX/c_890 1AVX/c_234 1AVX/c_286 1AVX/c_302 1AVX/c_407
Cluster 21 -> 1AVX/c_984 1AVX/c_441 1AVX/c_485 1AVX/c_576 1AVX/c_587 1AVX/c_664 1AVX/c_677 1AVX/c_692 1AVX/c_697 1AVX/c_748 1AVX/c_773 1AVX/c_891 1AVX/c_893 1AVX/c_963
Cluster 22 -> 1AVX/c_765 1AVX/c_463 1AVX/c_471 1AVX/c_501 1AVX/c_59 1AVX/c_617 1AVX/c_731 1AVX/c_7 1AVX/c_910 1AVX/c_105 1AVX/c_16 1AVX/c_325 1AVX/c_366 1AVX/c_381
Cluster 23 -> 1AVX/c_474 1AVX/c_443 1AVX/c_483 1AVX/c_544 1AVX/c_548 1AVX/c_551 1AVX/c_640 1AVX/c_699 1AVX/c_703 1AVX/c_758 1AVX/c_938 1AVX/c_337 1AVX/c_363 1AVX/c_430
Cluster 24 -> 1AVX/c_982 1AVX/c_453 1AVX/c_464 1AVX/c_478 1AVX/c_541 1AVX/c_63 1AVX/c_779 1AVX/c_788 1AVX/c_825 1AVX/c_113 1AVX/c_164 1AVX/c_256 1AVX/c_276
Cluster 25 -> 1AVX/c_873 1AVX/c_503 1AVX/c_547 1AVX/c_557 1AVX/c_574 1AVX/c_656 1AVX/c_735 1AVX/c_742 1AVX/c_831 1AVX/c_837 1AVX/c_921 1AVX/c_997
Cluster 26 -> 1AVX/c_747 1AVX/c_458 1AVX/c_512 1AVX/c_563 1AVX/c_579 1AVX/c_880 1AVX/c_911 1AVX/c_926 1AVX/c_177 1AVX/c_346 1AVX/c_350 1AVX/c_414
Cluster 27 -> 1AVX/c_542 1AVX/c_577 1AVX/c_595 1AVX/c_607 1AVX/c_638 1AVX/c_658 1AVX/c_801 1AVX/c_864 1AVX/c_937 1AVX/c_267 1AVX/c_329
Cluster 28 -> 1AVX/c_242 1AVX/c_567 1AVX/c_761 1AVX/c_768 1AVX/c_843 1AVX/c_965 1AVX/c_973 1AVX/c_135 1AVX/c_136 1AVX/c_284 1AVX/c_291
Cluster 29 -> 1AVX/c_952 1AVX/c_737 1AVX/c_772 1AVX/c_781 1AVX/c_862 1AVX/c_931 1AVX/c_944 1AVX/c_951 1AVX/c_972 1AVX/c_980
Cluster 30 -> 1AVX/c_815 1AVX/c_616 1AVX/c_712 1AVX/c_730 1AVX/c_755 1AVX/c_868 1AVX/c_174 1AVX/c_309 1AVX/c_340
Cluster 31 -> 1AVX/c_746 1AVX/c_461 1AVX/c_484 1AVX/c_602 1AVX/c_614 1AVX/c_653 1AVX/c_728 1AVX/c_848 1AVX/c_313
Cluster 32 -> 1AVX/c_722 1AVX/c_486 1AVX/c_645 1AVX/c_662 1AVX/c_690 1AVX/c_711 1AVX/c_925 1AVX/c_231 1AVX/c_330
Cluster 33 -> 1AVX/c_318 1AVX/c_665 1AVX/c_679 1AVX/c_744 1AVX/c_756 1AVX/c_785 1AVX/c_871 1AVX/c_958 1AVX/c_374
Cluster 34 -> 1AVX/c_940 1AVX/c_494 1AVX/c_589 1AVX/c_592 1AVX/c_888 1AVX/c_934 1AVX/c_960 1AVX/c_964
Cluster 35 -> 1AVX/c_896 1AVX/c_725 1AVX/c_771 1AVX/c_811 1AVX/c_884 1AVX/c_907 1AVX/c_420
Cluster 36 -> 1AVX/c_870 1AVX/c_585 1AVX/c_609 1AVX/c_741 1AVX/c_759 1AVX/c_936 1AVX/c_966
Cluster 37 -> 1AVX/c_943 1AVX/c_568 1AVX/c_754 1AVX/c_986 1AVX/c_268 1AVX/c_285
Cluster 38 -> 1AVX/c_784 1AVX/c_482 1AVX/c_639 1AVX/c_774 1AVX/c_840 1AVX/c_849
Cluster 39 -> 1AVX/c_978 1AVX/c_594 1AVX/c_705 1AVX/c_793 1AVX/c_979
Cluster 40 -> 1AVX/c_945 1AVX/c_506 1AVX/c_738 1AVX/c_824 1AVX/c_876
Cluster 41 -> 1AVX/c_874 1AVX/c_444 1AVX/c_491 1AVX/c_685 1AVX/c_732
Cluster 42 -> 1AVX/c_867 1AVX/c_530 1AVX/c_635 1AVX/c_739 1AVX/c_830
Cluster 43 -> 1AVX/c_932 1AVX/c_766 1AVX/c_281 1AVX/c_372
Cluster 44 -> 1AVX/c_915 1AVX/c_517 1AVX/c_710 1AVX/c_863
Cluster 45 -> 1AVX/c_912 1AVX/c_764 1AVX/c_866 1AVX/c_319
Cluster 46 -> 1AVX/c_846 1AVX/c_667 1AVX/c_792 1AVX/c_956
Cluster 47 -> 1AVX/c_836 1AVX/c_606 1AVX/c_729 1AVX/c_789
Cluster 48 -> 1AVX/c_795 1AVX/c_751 1AVX/c_303 1AVX/c_424
Cluster 49 -> 1AVX/c_669 1AVX/c_989 1AVX/c_149 1AVX/c_352
