Cluster 1 -> 1BKD/c_68 1BKD/c_475 1BKD/c_510 1BKD/c_517 1BKD/c_577 1BKD/c_59 1BKD/c_5 1BKD/c_65 1BKD/c_66 1BKD/c_673 1BKD/c_754 1BKD/c_827 1BKD/c_850 1BKD/c_919 1BKD/c_93 1BKD/c_107 1BKD/c_10 1BKD/c_166 1BKD/c_181 1BKD/c_183 1BKD/c_18 1BKD/c_19 1BKD/c_201 1BKD/c_248 1BKD/c_26 1BKD/c_277 1BKD/c_284 1BKD/c_303 1BKD/c_311 1BKD/c_346 1BKD/c_361 1BKD/c_362 1BKD/c_373 1BKD/c_3 1BKD/c_428 1BKD/c_430
Cluster 2 -> 1BKD/c_645 1BKD/c_46 1BKD/c_472 1BKD/c_50 1BKD/c_51 1BKD/c_534 1BKD/c_557 1BKD/c_558 1BKD/c_578 1BKD/c_602 1BKD/c_652 1BKD/c_772 1BKD/c_77 1BKD/c_832 1BKD/c_83 1BKD/c_91 1BKD/c_966 1BKD/c_996 1BKD/c_134 1BKD/c_151 1BKD/c_162 1BKD/c_176 1BKD/c_182 1BKD/c_196 1BKD/c_197 1BKD/c_212 1BKD/c_213 1BKD/c_214 1BKD/c_285 1BKD/c_288 1BKD/c_352 1BKD/c_433 1BKD/c_437
Cluster 3 -> 1BKD/c_63 1BKD/c_491 1BKD/c_573 1BKD/c_70 1BKD/c_824 1BKD/c_82 1BKD/c_935 1BKD/c_962 1BKD/c_104 1BKD/c_139 1BKD/c_141 1BKD/c_204 1BKD/c_209 1BKD/c_210 1BKD/c_238 1BKD/c_249 1BKD/c_250 1BKD/c_261 1BKD/c_299 1BKD/c_336 1BKD/c_349 1BKD/c_358 1BKD/c_383 1BKD/c_38 1BKD/c_39 1BKD/c_406 1BKD/c_410
Cluster 4 -> 1BKD/c_164 1BKD/c_452 1BKD/c_532 1BKD/c_550 1BKD/c_567 1BKD/c_785 1BKD/c_870 1BKD/c_97 1BKD/c_992 1BKD/c_109 1BKD/c_127 1BKD/c_131 1BKD/c_202 1BKD/c_218 1BKD/c_257 1BKD/c_314 1BKD/c_321 1BKD/c_328 1BKD/c_355 1BKD/c_363 1BKD/c_378 1BKD/c_412 1BKD/c_417 1BKD/c_429
Cluster 5 -> 1BKD/c_505 1BKD/c_469 1BKD/c_486 1BKD/c_53 1BKD/c_55 1BKD/c_593 1BKD/c_61 1BKD/c_627 1BKD/c_678 1BKD/c_7 1BKD/c_852 1BKD/c_89 1BKD/c_108 1BKD/c_11 1BKD/c_133 1BKD/c_167 1BKD/c_16 1BKD/c_200 1BKD/c_22 1BKD/c_276 1BKD/c_339 1BKD/c_33 1BKD/c_359
Cluster 6 -> 1BKD/c_480 1BKD/c_571 1BKD/c_623 1BKD/c_642 1BKD/c_643 1BKD/c_653 1BKD/c_722 1BKD/c_735 1BKD/c_736 1BKD/c_740 1BKD/c_752 1BKD/c_849 1BKD/c_854 1BKD/c_892 1BKD/c_179 1BKD/c_207 1BKD/c_230 1BKD/c_281 1BKD/c_325 1BKD/c_439
Cluster 7 -> 1BKD/c_342 1BKD/c_474 1BKD/c_594 1BKD/c_607 1BKD/c_639 1BKD/c_689 1BKD/c_704 1BKD/c_717 1BKD/c_729 1BKD/c_805 1BKD/c_817 1BKD/c_974 1BKD/c_113 1BKD/c_124 1BKD/c_125 1BKD/c_132 1BKD/c_144 1BKD/c_418 1BKD/c_425
Cluster 8 -> 1BKD/c_337 1BKD/c_44 1BKD/c_518 1BKD/c_543 1BKD/c_605 1BKD/c_641 1BKD/c_64 1BKD/c_650 1BKD/c_727 1BKD/c_106 1BKD/c_172 1BKD/c_184 1BKD/c_247 1BKD/c_24 1BKD/c_255 1BKD/c_283 1BKD/c_312 1BKD/c_416 1BKD/c_42
Cluster 9 -> 1BKD/c_21 1BKD/c_48 1BKD/c_647 1BKD/c_84 1BKD/c_119 1BKD/c_130 1BKD/c_163 1BKD/c_17 1BKD/c_185 1BKD/c_225 1BKD/c_27 1BKD/c_28 1BKD/c_2 1BKD/c_319 1BKD/c_31 1BKD/c_347 1BKD/c_35 1BKD/c_396 1BKD/c_435
Cluster 10 -> 1BKD/c_592 1BKD/c_509 1BKD/c_540 1BKD/c_555 1BKD/c_601 1BKD/c_628 1BKD/c_671 1BKD/c_751 1BKD/c_790 1BKD/c_798 1BKD/c_803 1BKD/c_846 1BKD/c_910 1BKD/c_912 1BKD/c_947 1BKD/c_983 1BKD/c_205 1BKD/c_270
Cluster 11 -> 1BKD/c_576 1BKD/c_496 1BKD/c_499 1BKD/c_611 1BKD/c_700 1BKD/c_804 1BKD/c_818 1BKD/c_863 1BKD/c_867 1BKD/c_901 1BKD/c_123 1BKD/c_219 1BKD/c_287 1BKD/c_306 1BKD/c_308 1BKD/c_310 1BKD/c_327 1BKD/c_391
Cluster 12 -> 1BKD/c_186 1BKD/c_610 1BKD/c_713 1BKD/c_718 1BKD/c_76 1BKD/c_815 1BKD/c_841 1BKD/c_86 1BKD/c_979 1BKD/c_110 1BKD/c_122 1BKD/c_140 1BKD/c_153 1BKD/c_168 1BKD/c_301 1BKD/c_344 1BKD/c_354 1BKD/c_408
Cluster 13 -> 1BKD/c_13 1BKD/c_468 1BKD/c_49 1BKD/c_4 1BKD/c_508 1BKD/c_62 1BKD/c_80 1BKD/c_885 1BKD/c_9 1BKD/c_121 1BKD/c_15 1BKD/c_178 1BKD/c_1 1BKD/c_20 1BKD/c_25 1BKD/c_309 1BKD/c_30 1BKD/c_34
Cluster 14 -> 1BKD/c_696 1BKD/c_507 1BKD/c_522 1BKD/c_560 1BKD/c_561 1BKD/c_563 1BKD/c_588 1BKD/c_821 1BKD/c_158 1BKD/c_180 1BKD/c_206 1BKD/c_275 1BKD/c_292 1BKD/c_305 1BKD/c_388 1BKD/c_397 1BKD/c_436
Cluster 15 -> 1BKD/c_529 1BKD/c_471 1BKD/c_514 1BKD/c_547 1BKD/c_633 1BKD/c_660 1BKD/c_809 1BKD/c_900 1BKD/c_187 1BKD/c_192 1BKD/c_221 1BKD/c_240 1BKD/c_278 1BKD/c_322 1BKD/c_365 1BKD/c_440
Cluster 16 -> 1BKD/c_87 1BKD/c_575 1BKD/c_625 1BKD/c_67 1BKD/c_6 1BKD/c_8 1BKD/c_105 1BKD/c_118 1BKD/c_138 1BKD/c_142 1BKD/c_244 1BKD/c_264 1BKD/c_280 1BKD/c_29 1BKD/c_379
Cluster 17 -> 1BKD/c_750 1BKD/c_446 1BKD/c_451 1BKD/c_761 1BKD/c_779 1BKD/c_873 1BKD/c_924 1BKD/c_1000 1BKD/c_128 1BKD/c_156 1BKD/c_231 1BKD/c_324 1BKD/c_326 1BKD/c_335 1BKD/c_360
Cluster 18 -> 1BKD/c_701 1BKD/c_465 1BKD/c_585 1BKD/c_636 1BKD/c_728 1BKD/c_743 1BKD/c_111 1BKD/c_129 1BKD/c_170 1BKD/c_216 1BKD/c_256 1BKD/c_320 1BKD/c_341 1BKD/c_345 1BKD/c_367
Cluster 19 -> 1BKD/c_857 1BKD/c_511 1BKD/c_512 1BKD/c_516 1BKD/c_651 1BKD/c_654 1BKD/c_694 1BKD/c_828 1BKD/c_159 1BKD/c_224 1BKD/c_236 1BKD/c_254 1BKD/c_350 1BKD/c_353
Cluster 20 -> 1BKD/c_955 1BKD/c_481 1BKD/c_500 1BKD/c_559 1BKD/c_600 1BKD/c_665 1BKD/c_898 1BKD/c_916 1BKD/c_177 1BKD/c_253 1BKD/c_260 1BKD/c_330 1BKD/c_369
Cluster 21 -> 1BKD/c_948 1BKD/c_566 1BKD/c_771 1BKD/c_845 1BKD/c_872 1BKD/c_914 1BKD/c_942 1BKD/c_950 1BKD/c_964 1BKD/c_965 1BKD/c_120 1BKD/c_143 1BKD/c_193
Cluster 22 -> 1BKD/c_855 1BKD/c_473 1BKD/c_490 1BKD/c_497 1BKD/c_606 1BKD/c_888 1BKD/c_929 1BKD/c_174 1BKD/c_199 1BKD/c_271 1BKD/c_291 1BKD/c_294 1BKD/c_317
Cluster 23 -> 1BKD/c_837 1BKD/c_442 1BKD/c_527 1BKD/c_537 1BKD/c_551 1BKD/c_685 1BKD/c_744 1BKD/c_88 1BKD/c_195 1BKD/c_222 1BKD/c_315 1BKD/c_387 1BKD/c_404
Cluster 24 -> 1BKD/c_823 1BKD/c_519 1BKD/c_569 1BKD/c_635 1BKD/c_675 1BKD/c_733 1BKD/c_155 1BKD/c_165 1BKD/c_228 1BKD/c_298 1BKD/c_384 1BKD/c_415 1BKD/c_423
Cluster 25 -> 1BKD/c_995 1BKD/c_445 1BKD/c_597 1BKD/c_676 1BKD/c_677 1BKD/c_739 1BKD/c_773 1BKD/c_838 1BKD/c_894 1BKD/c_999 1BKD/c_333 1BKD/c_419
Cluster 26 -> 1BKD/c_698 1BKD/c_447 1BKD/c_467 1BKD/c_768 1BKD/c_791 1BKD/c_907 1BKD/c_229 1BKD/c_232 1BKD/c_262 1BKD/c_334 1BKD/c_399 1BKD/c_431
Cluster 27 -> 1BKD/c_691 1BKD/c_554 1BKD/c_664 1BKD/c_679 1BKD/c_753 1BKD/c_78 1BKD/c_191 1BKD/c_223 1BKD/c_226 1BKD/c_343 1BKD/c_375 1BKD/c_381
Cluster 28 -> 1BKD/c_459 1BKD/c_714 1BKD/c_829 1BKD/c_92 1BKD/c_96 1BKD/c_103 1BKD/c_137 1BKD/c_150 1BKD/c_194 1BKD/c_220 1BKD/c_413 1BKD/c_438
Cluster 29 -> 1BKD/c_265 1BKD/c_484 1BKD/c_546 1BKD/c_693 1BKD/c_770 1BKD/c_801 1BKD/c_811 1BKD/c_874 1BKD/c_215 1BKD/c_234 1BKD/c_266 1BKD/c_290
Cluster 30 -> 1BKD/c_891 1BKD/c_454 1BKD/c_460 1BKD/c_494 1BKD/c_737 1BKD/c_806 1BKD/c_814 1BKD/c_928 1BKD/c_943 1BKD/c_951 1BKD/c_227
Cluster 31 -> 1BKD/c_856 1BKD/c_672 1BKD/c_738 1BKD/c_776 1BKD/c_851 1BKD/c_858 1BKD/c_883 1BKD/c_886 1BKD/c_893 1BKD/c_909 1BKD/c_991
Cluster 32 -> 1BKD/c_795 1BKD/c_538 1BKD/c_595 1BKD/c_618 1BKD/c_767 1BKD/c_940 1BKD/c_990 1BKD/c_152 1BKD/c_364 1BKD/c_371 1BKD/c_427
Cluster 33 -> 1BKD/c_946 1BKD/c_487 1BKD/c_556 1BKD/c_648 1BKD/c_703 1BKD/c_813 1BKD/c_822 1BKD/c_861 1BKD/c_968 1BKD/c_407
Cluster 34 -> 1BKD/c_562 1BKD/c_707 1BKD/c_783 1BKD/c_972 1BKD/c_985 1BKD/c_989 1BKD/c_239 1BKD/c_338 1BKD/c_422 1BKD/c_432
Cluster 35 -> 1BKD/c_36 1BKD/c_568 1BKD/c_614 1BKD/c_69 1BKD/c_75 1BKD/c_880 1BKD/c_967 1BKD/c_987 1BKD/c_126 1BKD/c_267
Cluster 36 -> 1BKD/c_73 1BKD/c_470 1BKD/c_71 1BKD/c_749 1BKD/c_94 1BKD/c_154 1BKD/c_171 1BKD/c_32 1BKD/c_41
Cluster 37 -> 1BKD/c_382 1BKD/c_449 1BKD/c_453 1BKD/c_458 1BKD/c_663 1BKD/c_175 1BKD/c_282 1BKD/c_300 1BKD/c_316
Cluster 38 -> 1BKD/c_269 1BKD/c_918 1BKD/c_145 1BKD/c_147 1BKD/c_157 1BKD/c_268 1BKD/c_296 1BKD/c_340 1BKD/c_420
Cluster 39 -> 1BKD/c_99 1BKD/c_466 1BKD/c_877 1BKD/c_114 1BKD/c_198 1BKD/c_211 1BKD/c_242 1BKD/c_286
Cluster 40 -> 1BKD/c_825 1BKD/c_441 1BKD/c_54 1BKD/c_72 1BKD/c_734 1BKD/c_90 1BKD/c_279 1BKD/c_372
Cluster 41 -> 1BKD/c_787 1BKD/c_448 1BKD/c_598 1BKD/c_615 1BKD/c_695 1BKD/c_864 1BKD/c_136 1BKD/c_246
Cluster 42 -> 1BKD/c_541 1BKD/c_545 1BKD/c_58 1BKD/c_799 1BKD/c_833 1BKD/c_148 1BKD/c_14 1BKD/c_217
Cluster 43 -> 1BKD/c_149 1BKD/c_57 1BKD/c_60 1BKD/c_620 1BKD/c_741 1BKD/c_79 1BKD/c_188 1BKD/c_318
Cluster 44 -> 1BKD/c_963 1BKD/c_450 1BKD/c_456 1BKD/c_662 1BKD/c_719 1BKD/c_793 1BKD/c_915
Cluster 45 -> 1BKD/c_952 1BKD/c_506 1BKD/c_552 1BKD/c_687 1BKD/c_759 1BKD/c_778 1BKD/c_941
Cluster 46 -> 1BKD/c_840 1BKD/c_544 1BKD/c_570 1BKD/c_596 1BKD/c_699 1BKD/c_748 1BKD/c_390
Cluster 47 -> 1BKD/c_726 1BKD/c_504 1BKD/c_895 1BKD/c_237 1BKD/c_273 1BKD/c_376 1BKD/c_409
Cluster 48 -> 1BKD/c_457 1BKD/c_579 1BKD/c_797 1BKD/c_836 1BKD/c_890 1BKD/c_925 1BKD/c_971
Cluster 49 -> 1BKD/c_274 1BKD/c_464 1BKD/c_493 1BKD/c_584 1BKD/c_586 1BKD/c_956 1BKD/c_434
Cluster 50 -> 1BKD/c_975 1BKD/c_492 1BKD/c_539 1BKD/c_587 1BKD/c_604 1BKD/c_377
Cluster 51 -> 1BKD/c_954 1BKD/c_498 1BKD/c_580 1BKD/c_599 1BKD/c_160 1BKD/c_293
Cluster 52 -> 1BKD/c_906 1BKD/c_52 1BKD/c_85 1BKD/c_101 1BKD/c_146 1BKD/c_189
Cluster 53 -> 1BKD/c_725 1BKD/c_548 1BKD/c_634 1BKD/c_724 1BKD/c_938 1BKD/c_393
Cluster 54 -> 1BKD/c_720 1BKD/c_528 1BKD/c_609 1BKD/c_939 1BKD/c_100 1BKD/c_272
Cluster 55 -> 1BKD/c_905 1BKD/c_626 1BKD/c_630 1BKD/c_374 1BKD/c_424
Cluster 56 -> 1BKD/c_876 1BKD/c_489 1BKD/c_708 1BKD/c_745 1BKD/c_116
Cluster 57 -> 1BKD/c_866 1BKD/c_765 1BKD/c_788 1BKD/c_241 1BKD/c_329
Cluster 58 -> 1BKD/c_831 1BKD/c_572 1BKD/c_656 1BKD/c_263 1BKD/c_356
Cluster 59 -> 1BKD/c_747 1BKD/c_574 1BKD/c_669 1BKD/c_769 1BKD/c_289
Cluster 60 -> 1BKD/c_715 1BKD/c_644 1BKD/c_112 1BKD/c_245 1BKD/c_351
Cluster 61 -> 1BKD/c_706 1BKD/c_502 1BKD/c_619 1BKD/c_807 1BKD/c_203
Cluster 62 -> 1BKD/c_398 1BKD/c_530 1BKD/c_796 1BKD/c_908 1BKD/c_169
Cluster 63 -> 1BKD/c_98 1BKD/c_936 1BKD/c_12 1BKD/c_23
Cluster 64 -> 1BKD/c_982 1BKD/c_932 1BKD/c_295 1BKD/c_386
Cluster 65 -> 1BKD/c_95 1BKD/c_526 1BKD/c_37 1BKD/c_405
Cluster 66 -> 1BKD/c_860 1BKD/c_763 1BKD/c_780 1BKD/c_259
Cluster 67 -> 1BKD/c_834 1BKD/c_45 1BKD/c_826 1BKD/c_243
Cluster 68 -> 1BKD/c_816 1BKD/c_721 1BKD/c_782 1BKD/c_392
Cluster 69 -> 1BKD/c_800 1BKD/c_462 1BKD/c_629 1BKD/c_380
Cluster 70 -> 1BKD/c_730 1BKD/c_603 1BKD/c_723 1BKD/c_302
Cluster 71 -> 1BKD/c_638 1BKD/c_608 1BKD/c_921 1BKD/c_323
Cluster 72 -> 1BKD/c_631 1BKD/c_789 1BKD/c_879 1BKD/c_331
Cluster 73 -> 1BKD/c_612 1BKD/c_488 1BKD/c_589 1BKD/c_899
Cluster 74 -> 1BKD/c_523 1BKD/c_525 1BKD/c_674 1BKD/c_366
Cluster 75 -> 1BKD/c_190 1BKD/c_482 1BKD/c_911 1BKD/c_414
