Cluster 1 -> 1BUH/c_348 1BUH/c_44 1BUH/c_555 1BUH/c_565 1BUH/c_615 1BUH/c_621 1BUH/c_66 1BUH/c_674 1BUH/c_684 1BUH/c_754 1BUH/c_766 1BUH/c_806 1BUH/c_812 1BUH/c_831 1BUH/c_851 1BUH/c_868 1BUH/c_874 1BUH/c_89 1BUH/c_915 1BUH/c_921 1BUH/c_936 1BUH/c_955 1BUH/c_976 1BUH/c_983 1BUH/c_120 1BUH/c_123 1BUH/c_199 1BUH/c_200 1BUH/c_204 1BUH/c_220 1BUH/c_226 1BUH/c_243 1BUH/c_253 1BUH/c_263 1BUH/c_270 1BUH/c_271 1BUH/c_319 1BUH/c_340 1BUH/c_350 1BUH/c_36 1BUH/c_370 1BUH/c_372 1BUH/c_378 1BUH/c_381 1BUH/c_434
Cluster 2 -> 1BUH/c_148 1BUH/c_466 1BUH/c_490 1BUH/c_49 1BUH/c_506 1BUH/c_50 1BUH/c_517 1BUH/c_567 1BUH/c_58 1BUH/c_60 1BUH/c_610 1BUH/c_624 1BUH/c_632 1BUH/c_638 1BUH/c_639 1BUH/c_703 1BUH/c_706 1BUH/c_720 1BUH/c_7 1BUH/c_82 1BUH/c_8 1BUH/c_992 1BUH/c_121 1BUH/c_131 1BUH/c_145 1BUH/c_149 1BUH/c_153 1BUH/c_162 1BUH/c_17 1BUH/c_206 1BUH/c_207 1BUH/c_218 1BUH/c_22 1BUH/c_28 1BUH/c_313 1BUH/c_318 1BUH/c_329 1BUH/c_354 1BUH/c_35 1BUH/c_37 1BUH/c_410 1BUH/c_416 1BUH/c_426 1BUH/c_431
Cluster 3 -> 1BUH/c_542 1BUH/c_527 1BUH/c_539 1BUH/c_57 1BUH/c_590 1BUH/c_604 1BUH/c_865 1BUH/c_887 1BUH/c_900 1BUH/c_90 1BUH/c_969 1BUH/c_96 1BUH/c_101 1BUH/c_102 1BUH/c_127 1BUH/c_137 1BUH/c_139 1BUH/c_175 1BUH/c_180 1BUH/c_183 1BUH/c_184 1BUH/c_185 1BUH/c_186 1BUH/c_192 1BUH/c_20 1BUH/c_21 1BUH/c_224 1BUH/c_228 1BUH/c_237 1BUH/c_258 1BUH/c_269 1BUH/c_30 1BUH/c_314 1BUH/c_317 1BUH/c_324 1BUH/c_363 1BUH/c_388 1BUH/c_404 1BUH/c_413
Cluster 4 -> 1BUH/c_111 1BUH/c_441 1BUH/c_533 1BUH/c_53 1BUH/c_575 1BUH/c_64 1BUH/c_65 1BUH/c_676 1BUH/c_711 1BUH/c_77 1BUH/c_807 1BUH/c_92 1BUH/c_965 1BUH/c_103 1BUH/c_104 1BUH/c_108 1BUH/c_118 1BUH/c_146 1BUH/c_147 1BUH/c_168 1BUH/c_170 1BUH/c_178 1BUH/c_195 1BUH/c_198 1BUH/c_234 1BUH/c_238 1BUH/c_256 1BUH/c_261 1BUH/c_264 1BUH/c_277 1BUH/c_283 1BUH/c_298 1BUH/c_311 1BUH/c_322 1BUH/c_376 1BUH/c_390 1BUH/c_392 1BUH/c_396 1BUH/c_398
Cluster 5 -> 1BUH/c_816 1BUH/c_46 1BUH/c_499 1BUH/c_516 1BUH/c_582 1BUH/c_608 1BUH/c_61 1BUH/c_634 1BUH/c_63 1BUH/c_653 1BUH/c_654 1BUH/c_74 1BUH/c_841 1BUH/c_84 1BUH/c_909 1BUH/c_957 1BUH/c_972 1BUH/c_107 1BUH/c_128 1BUH/c_12 1BUH/c_132 1BUH/c_160 1BUH/c_211 1BUH/c_212 1BUH/c_214 1BUH/c_222 1BUH/c_262 1BUH/c_267 1BUH/c_279 1BUH/c_325 1BUH/c_327 1BUH/c_342 1BUH/c_386 1BUH/c_394 1BUH/c_397 1BUH/c_41
Cluster 6 -> 1BUH/c_136 1BUH/c_47 1BUH/c_498 1BUH/c_4 1BUH/c_55 1BUH/c_571 1BUH/c_650 1BUH/c_70 1BUH/c_729 1BUH/c_72 1BUH/c_76 1BUH/c_781 1BUH/c_840 1BUH/c_844 1BUH/c_883 1BUH/c_898 1BUH/c_946 1BUH/c_94 1BUH/c_10 1BUH/c_11 1BUH/c_13 1BUH/c_14 1BUH/c_155 1BUH/c_164 1BUH/c_16 1BUH/c_173 1BUH/c_179 1BUH/c_196 1BUH/c_197 1BUH/c_19 1BUH/c_227 1BUH/c_241 1BUH/c_255 1BUH/c_32 1BUH/c_352 1BUH/c_425
Cluster 7 -> 1BUH/c_80 1BUH/c_489 1BUH/c_529 1BUH/c_52 1BUH/c_550 1BUH/c_592 1BUH/c_631 1BUH/c_681 1BUH/c_6 1BUH/c_730 1BUH/c_73 1BUH/c_79 1BUH/c_820 1BUH/c_842 1BUH/c_845 1BUH/c_95 1BUH/c_98 1BUH/c_9 1BUH/c_122 1BUH/c_124 1BUH/c_141 1BUH/c_150 1BUH/c_15 1BUH/c_182 1BUH/c_190 1BUH/c_1 1BUH/c_223 1BUH/c_244 1BUH/c_286 1BUH/c_297 1BUH/c_29 1BUH/c_2 1BUH/c_409 1BUH/c_436
Cluster 8 -> 1BUH/c_379 1BUH/c_503 1BUH/c_511 1BUH/c_556 1BUH/c_584 1BUH/c_598 1BUH/c_609 1BUH/c_635 1BUH/c_644 1BUH/c_699 1BUH/c_722 1BUH/c_748 1BUH/c_821 1BUH/c_828 1BUH/c_862 1BUH/c_973 1BUH/c_980 1BUH/c_987 1BUH/c_996 1BUH/c_105 1BUH/c_115 1BUH/c_205 1BUH/c_221 1BUH/c_272 1BUH/c_288 1BUH/c_294 1BUH/c_338 1BUH/c_371 1BUH/c_385 1BUH/c_389 1BUH/c_399 1BUH/c_421
Cluster 9 -> 1BUH/c_181 1BUH/c_445 1BUH/c_493 1BUH/c_496 1BUH/c_541 1BUH/c_558 1BUH/c_59 1BUH/c_666 1BUH/c_67 1BUH/c_69 1BUH/c_745 1BUH/c_834 1BUH/c_86 1BUH/c_959 1BUH/c_977 1BUH/c_116 1BUH/c_130 1BUH/c_138 1BUH/c_143 1BUH/c_152 1BUH/c_165 1BUH/c_174 1BUH/c_217 1BUH/c_240 1BUH/c_260 1BUH/c_274 1BUH/c_284 1BUH/c_302 1BUH/c_31 1BUH/c_321 1BUH/c_326 1BUH/c_34
Cluster 10 -> 1BUH/c_38 1BUH/c_45 1BUH/c_500 1BUH/c_51 1BUH/c_5 1BUH/c_670 1BUH/c_71 1BUH/c_737 1BUH/c_824 1BUH/c_99 1BUH/c_117 1BUH/c_142 1BUH/c_166 1BUH/c_176 1BUH/c_209 1BUH/c_26 1BUH/c_27 1BUH/c_315 1BUH/c_323 1BUH/c_39 1BUH/c_3 1BUH/c_40 1BUH/c_42 1BUH/c_43
Cluster 11 -> 1BUH/c_798 1BUH/c_470 1BUH/c_483 1BUH/c_581 1BUH/c_588 1BUH/c_601 1BUH/c_655 1BUH/c_688 1BUH/c_698 1BUH/c_707 1BUH/c_778 1BUH/c_843 1BUH/c_855 1BUH/c_876 1BUH/c_881 1BUH/c_941 1BUH/c_986 1BUH/c_276 1BUH/c_289 1BUH/c_290 1BUH/c_299 1BUH/c_304
Cluster 12 -> 1BUH/c_591 1BUH/c_461 1BUH/c_487 1BUH/c_543 1BUH/c_561 1BUH/c_622 1BUH/c_62 1BUH/c_78 1BUH/c_912 1BUH/c_934 1BUH/c_982 1BUH/c_188 1BUH/c_245 1BUH/c_257 1BUH/c_268 1BUH/c_281 1BUH/c_333 1BUH/c_339 1BUH/c_33 1BUH/c_351 1BUH/c_373 1BUH/c_438
Cluster 13 -> 1BUH/c_140 1BUH/c_449 1BUH/c_473 1BUH/c_474 1BUH/c_501 1BUH/c_513 1BUH/c_532 1BUH/c_573 1BUH/c_618 1BUH/c_628 1BUH/c_629 1BUH/c_746 1BUH/c_794 1BUH/c_826 1BUH/c_83 1BUH/c_154 1BUH/c_172 1BUH/c_187 1BUH/c_225 1BUH/c_349
Cluster 14 -> 1BUH/c_415 1BUH/c_497 1BUH/c_522 1BUH/c_613 1BUH/c_657 1BUH/c_694 1BUH/c_815 1BUH/c_954 1BUH/c_112 1BUH/c_167 1BUH/c_219 1BUH/c_236 1BUH/c_259 1BUH/c_280 1BUH/c_316 1BUH/c_359 1BUH/c_367 1BUH/c_418
Cluster 15 -> 1BUH/c_700 1BUH/c_491 1BUH/c_509 1BUH/c_515 1BUH/c_520 1BUH/c_563 1BUH/c_755 1BUH/c_789 1BUH/c_859 1BUH/c_126 1BUH/c_129 1BUH/c_203 1BUH/c_305 1BUH/c_306 1BUH/c_366 1BUH/c_382 1BUH/c_424
Cluster 16 -> 1BUH/c_106 1BUH/c_462 1BUH/c_528 1BUH/c_549 1BUH/c_569 1BUH/c_56 1BUH/c_605 1BUH/c_633 1BUH/c_652 1BUH/c_686 1BUH/c_769 1BUH/c_825 1BUH/c_114 1BUH/c_134 1BUH/c_177 1BUH/c_194 1BUH/c_336
Cluster 17 -> 1BUH/c_901 1BUH/c_450 1BUH/c_465 1BUH/c_504 1BUH/c_514 1BUH/c_559 1BUH/c_643 1BUH/c_682 1BUH/c_726 1BUH/c_733 1BUH/c_800 1BUH/c_836 1BUH/c_951 1BUH/c_993 1BUH/c_377 1BUH/c_395
Cluster 18 -> 1BUH/c_446 1BUH/c_448 1BUH/c_570 1BUH/c_671 1BUH/c_75 1BUH/c_772 1BUH/c_91 1BUH/c_97 1BUH/c_991 1BUH/c_161 1BUH/c_18 1BUH/c_230 1BUH/c_247 1BUH/c_303 1BUH/c_353 1BUH/c_374
Cluster 19 -> 1BUH/c_435 1BUH/c_507 1BUH/c_580 1BUH/c_623 1BUH/c_626 1BUH/c_665 1BUH/c_705 1BUH/c_770 1BUH/c_784 1BUH/c_837 1BUH/c_873 1BUH/c_950 1BUH/c_953 1BUH/c_239 1BUH/c_383
Cluster 20 -> 1BUH/c_708 1BUH/c_495 1BUH/c_54 1BUH/c_606 1BUH/c_68 1BUH/c_690 1BUH/c_738 1BUH/c_981 1BUH/c_1000 1BUH/c_213 1BUH/c_232 1BUH/c_248 1BUH/c_295 1BUH/c_406
Cluster 21 -> 1BUH/c_355 1BUH/c_512 1BUH/c_524 1BUH/c_545 1BUH/c_641 1BUH/c_742 1BUH/c_753 1BUH/c_839 1BUH/c_895 1BUH/c_916 1BUH/c_110 1BUH/c_202 1BUH/c_362
Cluster 22 -> 1BUH/c_947 1BUH/c_459 1BUH/c_566 1BUH/c_663 1BUH/c_792 1BUH/c_835 1BUH/c_928 1BUH/c_341 1BUH/c_364 1BUH/c_368 1BUH/c_402
Cluster 23 -> 1BUH/c_875 1BUH/c_464 1BUH/c_484 1BUH/c_538 1BUH/c_646 1BUH/c_662 1BUH/c_750 1BUH/c_864 1BUH/c_291 1BUH/c_414 1BUH/c_422
Cluster 24 -> 1BUH/c_430 1BUH/c_460 1BUH/c_620 1BUH/c_725 1BUH/c_776 1BUH/c_803 1BUH/c_135 1BUH/c_249 1BUH/c_266 1BUH/c_346 1BUH/c_356
Cluster 25 -> 1BUH/c_357 1BUH/c_691 1BUH/c_817 1BUH/c_85 1BUH/c_863 1BUH/c_23 1BUH/c_242 1BUH/c_25 1BUH/c_309 1BUH/c_428 1BUH/c_437
Cluster 26 -> 1BUH/c_308 1BUH/c_447 1BUH/c_48 1BUH/c_502 1BUH/c_619 1BUH/c_811 1BUH/c_882 1BUH/c_119 1BUH/c_216 1BUH/c_251 1BUH/c_405
Cluster 27 -> 1BUH/c_904 1BUH/c_488 1BUH/c_540 1BUH/c_597 1BUH/c_910 1BUH/c_949 1BUH/c_984 1BUH/c_990 1BUH/c_301 1BUH/c_387
Cluster 28 -> 1BUH/c_799 1BUH/c_574 1BUH/c_697 1BUH/c_713 1BUH/c_850 1BUH/c_924 1BUH/c_979 1BUH/c_994 1BUH/c_331 1BUH/c_332
Cluster 29 -> 1BUH/c_724 1BUH/c_469 1BUH/c_526 1BUH/c_531 1BUH/c_544 1BUH/c_579 1BUH/c_866 1BUH/c_948 1BUH/c_330 1BUH/c_344
Cluster 30 -> 1BUH/c_974 1BUH/c_687 1BUH/c_721 1BUH/c_731 1BUH/c_739 1BUH/c_827 1BUH/c_856 1BUH/c_911 1BUH/c_334
Cluster 31 -> 1BUH/c_775 1BUH/c_477 1BUH/c_486 1BUH/c_505 1BUH/c_802 1BUH/c_246 1BUH/c_401 1BUH/c_403 1BUH/c_432
Cluster 32 -> 1BUH/c_927 1BUH/c_508 1BUH/c_548 1BUH/c_667 1BUH/c_760 1BUH/c_829 1BUH/c_848 1BUH/c_229
Cluster 33 -> 1BUH/c_908 1BUH/c_535 1BUH/c_656 1BUH/c_774 1BUH/c_796 1BUH/c_156 1BUH/c_265 1BUH/c_300
Cluster 34 -> 1BUH/c_854 1BUH/c_482 1BUH/c_525 1BUH/c_679 1BUH/c_734 1BUH/c_740 1BUH/c_758 1BUH/c_809
Cluster 35 -> 1BUH/c_494 1BUH/c_696 1BUH/c_894 1BUH/c_93 1BUH/c_100 1BUH/c_193 1BUH/c_293 1BUH/c_365
Cluster 36 -> 1BUH/c_345 1BUH/c_779 1BUH/c_159 1BUH/c_191 1BUH/c_24 1BUH/c_278 1BUH/c_347 1BUH/c_360
Cluster 37 -> 1BUH/c_215 1BUH/c_627 1BUH/c_645 1BUH/c_683 1BUH/c_81 1BUH/c_88 1BUH/c_961 1BUH/c_208
Cluster 38 -> 1BUH/c_905 1BUH/c_518 1BUH/c_553 1BUH/c_577 1BUH/c_714 1BUH/c_861 1BUH/c_906
Cluster 39 -> 1BUH/c_867 1BUH/c_585 1BUH/c_599 1BUH/c_693 1BUH/c_913 1BUH/c_960 1BUH/c_369
Cluster 40 -> 1BUH/c_782 1BUH/c_661 1BUH/c_791 1BUH/c_254 1BUH/c_296 1BUH/c_411 1BUH/c_433
Cluster 41 -> 1BUH/c_768 1BUH/c_456 1BUH/c_510 1BUH/c_616 1BUH/c_762 1BUH/c_231 1BUH/c_337
Cluster 42 -> 1BUH/c_557 1BUH/c_455 1BUH/c_587 1BUH/c_833 1BUH/c_944 1BUH/c_945 1BUH/c_273
Cluster 43 -> 1BUH/c_375 1BUH/c_454 1BUH/c_564 1BUH/c_612 1BUH/c_808 1BUH/c_287 1BUH/c_400
Cluster 44 -> 1BUH/c_151 1BUH/c_468 1BUH/c_568 1BUH/c_858 1BUH/c_964 1BUH/c_144 1BUH/c_391
Cluster 45 -> 1BUH/c_818 1BUH/c_478 1BUH/c_756 1BUH/c_830 1BUH/c_918 1BUH/c_417
Cluster 46 -> 1BUH/c_814 1BUH/c_443 1BUH/c_485 1BUH/c_551 1BUH/c_678 1BUH/c_786
Cluster 47 -> 1BUH/c_625 1BUH/c_695 1BUH/c_788 1BUH/c_956 1BUH/c_971 1BUH/c_419
Cluster 48 -> 1BUH/c_617 1BUH/c_451 1BUH/c_547 1BUH/c_611 1BUH/c_649 1BUH/c_380
Cluster 49 -> 1BUH/c_328 1BUH/c_712 1BUH/c_716 1BUH/c_133 1BUH/c_157 1BUH/c_393
Cluster 50 -> 1BUH/c_903 1BUH/c_717 1BUH/c_727 1BUH/c_158 1BUH/c_292
Cluster 51 -> 1BUH/c_899 1BUH/c_849 1BUH/c_109 1BUH/c_171 1BUH/c_250
Cluster 52 -> 1BUH/c_884 1BUH/c_452 1BUH/c_562 1BUH/c_751 1BUH/c_275
Cluster 53 -> 1BUH/c_787 1BUH/c_481 1BUH/c_560 1BUH/c_659 1BUH/c_423
Cluster 54 -> 1BUH/c_759 1BUH/c_480 1BUH/c_771 1BUH/c_113 1BUH/c_189
Cluster 55 -> 1BUH/c_475 1BUH/c_467 1BUH/c_689 1BUH/c_736 1BUH/c_853
Cluster 56 -> 1BUH/c_407 1BUH/c_637 1BUH/c_702 1BUH/c_795 1BUH/c_930
Cluster 57 -> 1BUH/c_943 1BUH/c_479 1BUH/c_715 1BUH/c_860
Cluster 58 -> 1BUH/c_940 1BUH/c_463 1BUH/c_600 1BUH/c_822
Cluster 59 -> 1BUH/c_935 1BUH/c_442 1BUH/c_492 1BUH/c_709
Cluster 60 -> 1BUH/c_919 1BUH/c_458 1BUH/c_519 1BUH/c_523
Cluster 61 -> 1BUH/c_914 1BUH/c_593 1BUH/c_838 1BUH/c_343
Cluster 62 -> 1BUH/c_902 1BUH/c_658 1BUH/c_669 1BUH/c_761
Cluster 63 -> 1BUH/c_785 1BUH/c_664 1BUH/c_718 1BUH/c_767
Cluster 64 -> 1BUH/c_780 1BUH/c_752 1BUH/c_917 1BUH/c_235
Cluster 65 -> 1BUH/c_749 1BUH/c_572 1BUH/c_603 1BUH/c_922
Cluster 66 -> 1BUH/c_692 1BUH/c_607 1BUH/c_640 1BUH/c_933
Cluster 67 -> 1BUH/c_602 1BUH/c_685 1BUH/c_889 1BUH/c_997
Cluster 68 -> 1BUH/c_439 1BUH/c_163 1BUH/c_252 1BUH/c_335
