Cluster 1 -> 1BVN/c_110 1BVN/c_45 1BVN/c_472 1BVN/c_4 1BVN/c_50 1BVN/c_52 1BVN/c_53 1BVN/c_54 1BVN/c_55 1BVN/c_56 1BVN/c_581 1BVN/c_58 1BVN/c_593 1BVN/c_596 1BVN/c_5 1BVN/c_606 1BVN/c_608 1BVN/c_63 1BVN/c_64 1BVN/c_67 1BVN/c_6 1BVN/c_70 1BVN/c_74 1BVN/c_75 1BVN/c_77 1BVN/c_79 1BVN/c_7 1BVN/c_821 1BVN/c_82 1BVN/c_831 1BVN/c_89 1BVN/c_99 1BVN/c_9 1BVN/c_107 1BVN/c_108 1BVN/c_109 1BVN/c_112 1BVN/c_113 1BVN/c_115 1BVN/c_118 1BVN/c_11 1BVN/c_120 1BVN/c_121 1BVN/c_122 1BVN/c_125 1BVN/c_127 1BVN/c_128 1BVN/c_129 1BVN/c_137 1BVN/c_140 1BVN/c_143 1BVN/c_146 1BVN/c_152 1BVN/c_159 1BVN/c_15 1BVN/c_161 1BVN/c_165 1BVN/c_166 1BVN/c_168 1BVN/c_16 1BVN/c_172 1BVN/c_174 1BVN/c_178 1BVN/c_181 1BVN/c_182 1BVN/c_184 1BVN/c_185 1BVN/c_193 1BVN/c_196 1BVN/c_19 1BVN/c_206 1BVN/c_207 1BVN/c_209 1BVN/c_20 1BVN/c_210 1BVN/c_218 1BVN/c_230 1BVN/c_232 1BVN/c_234 1BVN/c_237 1BVN/c_23 1BVN/c_241 1BVN/c_247 1BVN/c_248 1BVN/c_24 1BVN/c_250 1BVN/c_263 1BVN/c_268 1BVN/c_26 1BVN/c_272 1BVN/c_286 1BVN/c_28 1BVN/c_291 1BVN/c_294 1BVN/c_299 1BVN/c_2 1BVN/c_302 1BVN/c_314 1BVN/c_31 1BVN/c_328 1BVN/c_330 1BVN/c_338 1BVN/c_33 1BVN/c_347 1BVN/c_348 1BVN/c_349 1BVN/c_34 1BVN/c_355 1BVN/c_356 1BVN/c_365 1BVN/c_366 1BVN/c_367 1BVN/c_36 1BVN/c_371 1BVN/c_37 1BVN/c_391 1BVN/c_397 1BVN/c_405 1BVN/c_40 1BVN/c_416 1BVN/c_417 1BVN/c_41 1BVN/c_42 1BVN/c_431
Cluster 2 -> 1BVN/c_27 1BVN/c_457 1BVN/c_46 1BVN/c_470 1BVN/c_477 1BVN/c_49 1BVN/c_518 1BVN/c_561 1BVN/c_575 1BVN/c_598 1BVN/c_60 1BVN/c_61 1BVN/c_62 1BVN/c_643 1BVN/c_69 1BVN/c_71 1BVN/c_817 1BVN/c_84 1BVN/c_8 1BVN/c_96 1BVN/c_98 1BVN/c_102 1BVN/c_104 1BVN/c_117 1BVN/c_124 1BVN/c_12 1BVN/c_133 1BVN/c_136 1BVN/c_13 1BVN/c_142 1BVN/c_145 1BVN/c_151 1BVN/c_156 1BVN/c_157 1BVN/c_158 1BVN/c_164 1BVN/c_173 1BVN/c_175 1BVN/c_179 1BVN/c_180 1BVN/c_192 1BVN/c_204 1BVN/c_216 1BVN/c_221 1BVN/c_244 1BVN/c_245 1BVN/c_283 1BVN/c_298 1BVN/c_304 1BVN/c_30 1BVN/c_313 1BVN/c_345 1BVN/c_346 1BVN/c_35 1BVN/c_38 1BVN/c_39 1BVN/c_414
Cluster 3 -> 1BVN/c_205 1BVN/c_483 1BVN/c_502 1BVN/c_520 1BVN/c_523 1BVN/c_536 1BVN/c_538 1BVN/c_543 1BVN/c_57 1BVN/c_601 1BVN/c_614 1BVN/c_624 1BVN/c_691 1BVN/c_73 1BVN/c_78 1BVN/c_840 1BVN/c_862 1BVN/c_87 1BVN/c_90 1BVN/c_92 1BVN/c_967 1BVN/c_103 1BVN/c_10 1BVN/c_111 1BVN/c_138 1BVN/c_148 1BVN/c_14 1BVN/c_154 1BVN/c_167 1BVN/c_17 1BVN/c_186 1BVN/c_18 1BVN/c_195 1BVN/c_1 1BVN/c_214 1BVN/c_21 1BVN/c_226 1BVN/c_22 1BVN/c_238 1BVN/c_254 1BVN/c_262 1BVN/c_288 1BVN/c_29 1BVN/c_309 1BVN/c_312 1BVN/c_340 1BVN/c_379 1BVN/c_392 1BVN/c_3 1BVN/c_402 1BVN/c_430
Cluster 4 -> 1BVN/c_886 1BVN/c_444 1BVN/c_453 1BVN/c_475 1BVN/c_495 1BVN/c_516 1BVN/c_529 1BVN/c_531 1BVN/c_539 1BVN/c_546 1BVN/c_548 1BVN/c_551 1BVN/c_556 1BVN/c_570 1BVN/c_583 1BVN/c_589 1BVN/c_633 1BVN/c_703 1BVN/c_749 1BVN/c_758 1BVN/c_759 1BVN/c_792 1BVN/c_870 1BVN/c_882 1BVN/c_889 1BVN/c_952 1BVN/c_212 1BVN/c_242 1BVN/c_251 1BVN/c_278 1BVN/c_289 1BVN/c_301 1BVN/c_306 1BVN/c_320 1BVN/c_323 1BVN/c_326 1BVN/c_335 1BVN/c_336 1BVN/c_343 1BVN/c_359 1BVN/c_373 1BVN/c_375 1BVN/c_389 1BVN/c_409 1BVN/c_433 1BVN/c_435 1BVN/c_437
Cluster 5 -> 1BVN/c_266 1BVN/c_459 1BVN/c_462 1BVN/c_480 1BVN/c_487 1BVN/c_525 1BVN/c_560 1BVN/c_599 1BVN/c_617 1BVN/c_648 1BVN/c_657 1BVN/c_658 1BVN/c_718 1BVN/c_825 1BVN/c_86 1BVN/c_877 1BVN/c_879 1BVN/c_91 1BVN/c_94 1BVN/c_975 1BVN/c_101 1BVN/c_105 1BVN/c_131 1BVN/c_132 1BVN/c_139 1BVN/c_153 1BVN/c_155 1BVN/c_162 1BVN/c_169 1BVN/c_183 1BVN/c_190 1BVN/c_222 1BVN/c_224 1BVN/c_228 1BVN/c_236 1BVN/c_258 1BVN/c_271 1BVN/c_279 1BVN/c_287 1BVN/c_310 1BVN/c_334 1BVN/c_354 1BVN/c_364 1BVN/c_376 1BVN/c_386 1BVN/c_404
Cluster 6 -> 1BVN/c_339 1BVN/c_441 1BVN/c_465 1BVN/c_524 1BVN/c_526 1BVN/c_528 1BVN/c_572 1BVN/c_586 1BVN/c_621 1BVN/c_639 1BVN/c_640 1BVN/c_641 1BVN/c_676 1BVN/c_686 1BVN/c_698 1BVN/c_717 1BVN/c_747 1BVN/c_786 1BVN/c_805 1BVN/c_809 1BVN/c_814 1BVN/c_834 1BVN/c_844 1BVN/c_850 1BVN/c_851 1BVN/c_920 1BVN/c_974 1BVN/c_149 1BVN/c_170 1BVN/c_273 1BVN/c_284 1BVN/c_303 1BVN/c_316 1BVN/c_324 1BVN/c_352 1BVN/c_357 1BVN/c_372 1BVN/c_388 1BVN/c_422
Cluster 7 -> 1BVN/c_573 1BVN/c_506 1BVN/c_585 1BVN/c_600 1BVN/c_644 1BVN/c_670 1BVN/c_68 1BVN/c_779 1BVN/c_807 1BVN/c_813 1BVN/c_866 1BVN/c_962 1BVN/c_100 1BVN/c_114 1BVN/c_123 1BVN/c_134 1BVN/c_135 1BVN/c_147 1BVN/c_150 1BVN/c_171 1BVN/c_176 1BVN/c_177 1BVN/c_188 1BVN/c_200 1BVN/c_201 1BVN/c_217 1BVN/c_231 1BVN/c_240 1BVN/c_252 1BVN/c_277 1BVN/c_290 1BVN/c_307 1BVN/c_32 1BVN/c_369 1BVN/c_400 1BVN/c_418 1BVN/c_439
Cluster 8 -> 1BVN/c_626 1BVN/c_464 1BVN/c_515 1BVN/c_562 1BVN/c_567 1BVN/c_597 1BVN/c_605 1BVN/c_656 1BVN/c_699 1BVN/c_796 1BVN/c_848 1BVN/c_97 1BVN/c_160 1BVN/c_187 1BVN/c_194 1BVN/c_197 1BVN/c_203 1BVN/c_211 1BVN/c_219 1BVN/c_223 1BVN/c_239 1BVN/c_243 1BVN/c_260 1BVN/c_274 1BVN/c_275 1BVN/c_280 1BVN/c_300 1BVN/c_311 1BVN/c_322 1BVN/c_370 1BVN/c_383 1BVN/c_384 1BVN/c_412
Cluster 9 -> 1BVN/c_408 1BVN/c_447 1BVN/c_450 1BVN/c_479 1BVN/c_511 1BVN/c_533 1BVN/c_604 1BVN/c_625 1BVN/c_630 1BVN/c_671 1BVN/c_680 1BVN/c_711 1BVN/c_739 1BVN/c_750 1BVN/c_767 1BVN/c_776 1BVN/c_820 1BVN/c_853 1BVN/c_927 1BVN/c_928 1BVN/c_936 1BVN/c_938 1BVN/c_941 1BVN/c_947 1BVN/c_999 1BVN/c_295 1BVN/c_327 1BVN/c_333 1BVN/c_353 1BVN/c_368 1BVN/c_403 1BVN/c_421
Cluster 10 -> 1BVN/c_488 1BVN/c_463 1BVN/c_466 1BVN/c_467 1BVN/c_485 1BVN/c_501 1BVN/c_503 1BVN/c_509 1BVN/c_512 1BVN/c_521 1BVN/c_568 1BVN/c_571 1BVN/c_582 1BVN/c_594 1BVN/c_615 1BVN/c_662 1BVN/c_716 1BVN/c_724 1BVN/c_748 1BVN/c_770 1BVN/c_841 1BVN/c_256 1BVN/c_325 1BVN/c_358 1BVN/c_362 1BVN/c_387 1BVN/c_395 1BVN/c_419 1BVN/c_420 1BVN/c_427 1BVN/c_428
Cluster 11 -> 1BVN/c_350 1BVN/c_490 1BVN/c_499 1BVN/c_508 1BVN/c_514 1BVN/c_540 1BVN/c_541 1BVN/c_545 1BVN/c_588 1BVN/c_610 1BVN/c_660 1BVN/c_677 1BVN/c_685 1BVN/c_687 1BVN/c_705 1BVN/c_712 1BVN/c_721 1BVN/c_727 1BVN/c_754 1BVN/c_755 1BVN/c_782 1BVN/c_784 1BVN/c_822 1BVN/c_827 1BVN/c_864 1BVN/c_923 1BVN/c_998 1BVN/c_423 1BVN/c_425
Cluster 12 -> 1BVN/c_361 1BVN/c_44 1BVN/c_590 1BVN/c_636 1BVN/c_659 1BVN/c_65 1BVN/c_693 1BVN/c_72 1BVN/c_766 1BVN/c_81 1BVN/c_916 1BVN/c_918 1BVN/c_95 1BVN/c_978 1BVN/c_119 1BVN/c_163 1BVN/c_191 1BVN/c_202 1BVN/c_215 1BVN/c_264 1BVN/c_308 1BVN/c_341 1BVN/c_351 1BVN/c_378 1BVN/c_407 1BVN/c_43
Cluster 13 -> 1BVN/c_424 1BVN/c_469 1BVN/c_471 1BVN/c_491 1BVN/c_552 1BVN/c_564 1BVN/c_580 1BVN/c_629 1BVN/c_638 1BVN/c_667 1BVN/c_678 1BVN/c_790 1BVN/c_816 1BVN/c_884 1BVN/c_900 1BVN/c_950 1BVN/c_293 1BVN/c_305 1BVN/c_318 1BVN/c_344 1BVN/c_380 1BVN/c_382 1BVN/c_385 1BVN/c_436 1BVN/c_440
Cluster 14 -> 1BVN/c_908 1BVN/c_607 1BVN/c_611 1BVN/c_651 1BVN/c_669 1BVN/c_683 1BVN/c_694 1BVN/c_708 1BVN/c_740 1BVN/c_742 1BVN/c_745 1BVN/c_806 1BVN/c_846 1BVN/c_868 1BVN/c_873 1BVN/c_881 1BVN/c_894 1BVN/c_903 1BVN/c_910 1BVN/c_930 1BVN/c_981 1BVN/c_990
Cluster 15 -> 1BVN/c_88 1BVN/c_48 1BVN/c_51 1BVN/c_59 1BVN/c_76 1BVN/c_80 1BVN/c_835 1BVN/c_83 1BVN/c_85 1BVN/c_93 1BVN/c_106 1BVN/c_116 1BVN/c_126 1BVN/c_130 1BVN/c_198 1BVN/c_213 1BVN/c_257 1BVN/c_25 1BVN/c_265 1BVN/c_321
Cluster 16 -> 1BVN/c_519 1BVN/c_474 1BVN/c_478 1BVN/c_527 1BVN/c_542 1BVN/c_622 1BVN/c_700 1BVN/c_702 1BVN/c_710 1BVN/c_781 1BVN/c_837 1BVN/c_891 1BVN/c_904 1BVN/c_934 1BVN/c_940 1BVN/c_249 1BVN/c_253 1BVN/c_267 1BVN/c_374
Cluster 17 -> 1BVN/c_741 1BVN/c_443 1BVN/c_448 1BVN/c_500 1BVN/c_557 1BVN/c_565 1BVN/c_584 1BVN/c_627 1BVN/c_704 1BVN/c_735 1BVN/c_738 1BVN/c_772 1BVN/c_843 1BVN/c_893 1BVN/c_285 1BVN/c_319 1BVN/c_413
Cluster 18 -> 1BVN/c_912 1BVN/c_492 1BVN/c_494 1BVN/c_505 1BVN/c_623 1BVN/c_628 1BVN/c_756 1BVN/c_832 1BVN/c_838 1BVN/c_977 1BVN/c_992 1BVN/c_225 1BVN/c_377 1BVN/c_401 1BVN/c_411
Cluster 19 -> 1BVN/c_899 1BVN/c_446 1BVN/c_493 1BVN/c_507 1BVN/c_535 1BVN/c_591 1BVN/c_664 1BVN/c_713 1BVN/c_715 1BVN/c_788 1BVN/c_942 1BVN/c_961 1BVN/c_982 1BVN/c_394
Cluster 20 -> 1BVN/c_688 1BVN/c_498 1BVN/c_592 1BVN/c_613 1BVN/c_66 1BVN/c_763 1BVN/c_802 1BVN/c_189 1BVN/c_246 1BVN/c_276 1BVN/c_331 1BVN/c_332 1BVN/c_360 1BVN/c_415
Cluster 21 -> 1BVN/c_537 1BVN/c_468 1BVN/c_532 1BVN/c_631 1BVN/c_649 1BVN/c_672 1BVN/c_690 1BVN/c_736 1BVN/c_751 1BVN/c_765 1BVN/c_811 1BVN/c_913 1BVN/c_953 1BVN/c_434
Cluster 22 -> 1BVN/c_871 1BVN/c_445 1BVN/c_461 1BVN/c_497 1BVN/c_558 1BVN/c_569 1BVN/c_576 1BVN/c_637 1BVN/c_682 1BVN/c_789 1BVN/c_995 1BVN/c_398 1BVN/c_399
Cluster 23 -> 1BVN/c_875 1BVN/c_449 1BVN/c_619 1BVN/c_645 1BVN/c_720 1BVN/c_780 1BVN/c_865 1BVN/c_963 1BVN/c_199 1BVN/c_227 1BVN/c_292 1BVN/c_410
Cluster 24 -> 1BVN/c_609 1BVN/c_458 1BVN/c_460 1BVN/c_534 1BVN/c_579 1BVN/c_632 1BVN/c_668 1BVN/c_734 1BVN/c_902 1BVN/c_937 1BVN/c_969 1BVN/c_381
Cluster 25 -> 1BVN/c_363 1BVN/c_484 1BVN/c_550 1BVN/c_559 1BVN/c_701 1BVN/c_728 1BVN/c_743 1BVN/c_774 1BVN/c_915 1BVN/c_919 1BVN/c_269 1BVN/c_317
Cluster 26 -> 1BVN/c_987 1BVN/c_554 1BVN/c_563 1BVN/c_654 1BVN/c_725 1BVN/c_775 1BVN/c_815 1BVN/c_885 1BVN/c_892 1BVN/c_897
Cluster 27 -> 1BVN/c_510 1BVN/c_451 1BVN/c_612 1BVN/c_663 1BVN/c_737 1BVN/c_849 1BVN/c_922 1BVN/c_948 1BVN/c_984 1BVN/c_393
Cluster 28 -> 1BVN/c_874 1BVN/c_549 1BVN/c_555 1BVN/c_760 1BVN/c_801 1BVN/c_833 1BVN/c_839 1BVN/c_842 1BVN/c_863
Cluster 29 -> 1BVN/c_830 1BVN/c_452 1BVN/c_486 1BVN/c_513 1BVN/c_757 1BVN/c_798 1BVN/c_964 1BVN/c_986 1BVN/c_438
Cluster 30 -> 1BVN/c_791 1BVN/c_47 1BVN/c_574 1BVN/c_642 1BVN/c_722 1BVN/c_818 1BVN/c_819 1BVN/c_921 1BVN/c_296
Cluster 31 -> 1BVN/c_706 1BVN/c_454 1BVN/c_473 1BVN/c_476 1BVN/c_771 1BVN/c_235 1BVN/c_297 1BVN/c_329 1BVN/c_432
Cluster 32 -> 1BVN/c_406 1BVN/c_456 1BVN/c_673 1BVN/c_674 1BVN/c_824 1BVN/c_282 1BVN/c_396
Cluster 33 -> 1BVN/c_808 1BVN/c_517 1BVN/c_553 1BVN/c_714 1BVN/c_997 1BVN/c_229
Cluster 34 -> 1BVN/c_342 1BVN/c_898 1BVN/c_259 1BVN/c_270 1BVN/c_315 1BVN/c_390
Cluster 35 -> 1BVN/c_993 1BVN/c_595 1BVN/c_733 1BVN/c_895 1BVN/c_896
Cluster 36 -> 1BVN/c_909 1BVN/c_661 1BVN/c_854 1BVN/c_955 1BVN/c_429
Cluster 37 -> 1BVN/c_800 1BVN/c_530 1BVN/c_566 1BVN/c_650 1BVN/c_653
Cluster 38 -> 1BVN/c_730 1BVN/c_785 1BVN/c_812 1BVN/c_971 1BVN/c_989
Cluster 39 -> 1BVN/c_983 1BVN/c_679 1BVN/c_804 1BVN/c_954
Cluster 40 -> 1BVN/c_924 1BVN/c_723 1BVN/c_861 1BVN/c_901
Cluster 41 -> 1BVN/c_878 1BVN/c_647 1BVN/c_744 1BVN/c_836
Cluster 42 -> 1BVN/c_872 1BVN/c_666 1BVN/c_752 1BVN/c_858
Cluster 43 -> 1BVN/c_867 1BVN/c_602 1BVN/c_857 1BVN/c_261
Cluster 44 -> 1BVN/c_856 1BVN/c_726 1BVN/c_220 1BVN/c_426
Cluster 45 -> 1BVN/c_847 1BVN/c_665 1BVN/c_696 1BVN/c_799
Cluster 46 -> 1BVN/c_829 1BVN/c_684 1BVN/c_692 1BVN/c_732
Cluster 47 -> 1BVN/c_496 1BVN/c_481 1BVN/c_618 1BVN/c_925
Cluster 48 -> 1BVN/c_281 1BVN/c_869 1BVN/c_906 1BVN/c_959
