Cluster 1 -> 1CGI/c_318 1CGI/c_442 1CGI/c_44 1CGI/c_459 1CGI/c_45 1CGI/c_467 1CGI/c_474 1CGI/c_478 1CGI/c_486 1CGI/c_491 1CGI/c_493 1CGI/c_49 1CGI/c_51 1CGI/c_526 1CGI/c_52 1CGI/c_542 1CGI/c_54 1CGI/c_560 1CGI/c_567 1CGI/c_576 1CGI/c_58 1CGI/c_59 1CGI/c_601 1CGI/c_610 1CGI/c_613 1CGI/c_628 1CGI/c_650 1CGI/c_658 1CGI/c_66 1CGI/c_68 1CGI/c_694 1CGI/c_6 1CGI/c_703 1CGI/c_707 1CGI/c_70 1CGI/c_724 1CGI/c_73 1CGI/c_76 1CGI/c_784 1CGI/c_79 1CGI/c_80 1CGI/c_827 1CGI/c_835 1CGI/c_878 1CGI/c_885 1CGI/c_900 1CGI/c_906 1CGI/c_907 1CGI/c_90 1CGI/c_917 1CGI/c_928 1CGI/c_93 1CGI/c_950 1CGI/c_96 1CGI/c_977 1CGI/c_97 1CGI/c_107 1CGI/c_10 1CGI/c_112 1CGI/c_113 1CGI/c_114 1CGI/c_118 1CGI/c_120 1CGI/c_121 1CGI/c_130 1CGI/c_131 1CGI/c_136 1CGI/c_140 1CGI/c_143 1CGI/c_158 1CGI/c_16 1CGI/c_171 1CGI/c_172 1CGI/c_176 1CGI/c_184 1CGI/c_189 1CGI/c_196 1CGI/c_199 1CGI/c_216 1CGI/c_217 1CGI/c_223 1CGI/c_226 1CGI/c_22 1CGI/c_237 1CGI/c_242 1CGI/c_267 1CGI/c_271 1CGI/c_27 1CGI/c_282 1CGI/c_305 1CGI/c_307 1CGI/c_31 1CGI/c_326 1CGI/c_32 1CGI/c_336 1CGI/c_343 1CGI/c_348 1CGI/c_376 1CGI/c_381 1CGI/c_383 1CGI/c_385 1CGI/c_412 1CGI/c_41 1CGI/c_421 1CGI/c_422 1CGI/c_424 1CGI/c_438
Cluster 2 -> 1CGI/c_67 1CGI/c_443 1CGI/c_453 1CGI/c_484 1CGI/c_512 1CGI/c_517 1CGI/c_538 1CGI/c_53 1CGI/c_56 1CGI/c_578 1CGI/c_591 1CGI/c_597 1CGI/c_618 1CGI/c_630 1CGI/c_63 1CGI/c_645 1CGI/c_65 1CGI/c_683 1CGI/c_692 1CGI/c_69 1CGI/c_704 1CGI/c_709 1CGI/c_712 1CGI/c_717 1CGI/c_729 1CGI/c_763 1CGI/c_794 1CGI/c_796 1CGI/c_831 1CGI/c_836 1CGI/c_847 1CGI/c_87 1CGI/c_88 1CGI/c_912 1CGI/c_92 1CGI/c_937 1CGI/c_953 1CGI/c_994 1CGI/c_999 1CGI/c_117 1CGI/c_122 1CGI/c_144 1CGI/c_147 1CGI/c_14 1CGI/c_157 1CGI/c_159 1CGI/c_177 1CGI/c_178 1CGI/c_188 1CGI/c_190 1CGI/c_198 1CGI/c_206 1CGI/c_21 1CGI/c_221 1CGI/c_234 1CGI/c_245 1CGI/c_249 1CGI/c_252 1CGI/c_25 1CGI/c_263 1CGI/c_276 1CGI/c_289 1CGI/c_28 1CGI/c_294 1CGI/c_299 1CGI/c_313 1CGI/c_314 1CGI/c_330 1CGI/c_333 1CGI/c_334 1CGI/c_335 1CGI/c_352 1CGI/c_369 1CGI/c_37 1CGI/c_380 1CGI/c_388 1CGI/c_38 1CGI/c_396 1CGI/c_39 1CGI/c_400 1CGI/c_406 1CGI/c_416 1CGI/c_420 1CGI/c_426 1CGI/c_42
Cluster 3 -> 1CGI/c_146 1CGI/c_451 1CGI/c_452 1CGI/c_454 1CGI/c_471 1CGI/c_482 1CGI/c_488 1CGI/c_590 1CGI/c_614 1CGI/c_629 1CGI/c_634 1CGI/c_647 1CGI/c_665 1CGI/c_673 1CGI/c_710 1CGI/c_71 1CGI/c_728 1CGI/c_731 1CGI/c_741 1CGI/c_745 1CGI/c_793 1CGI/c_83 1CGI/c_880 1CGI/c_91 1CGI/c_932 1CGI/c_955 1CGI/c_970 1CGI/c_108 1CGI/c_124 1CGI/c_125 1CGI/c_126 1CGI/c_129 1CGI/c_135 1CGI/c_152 1CGI/c_164 1CGI/c_179 1CGI/c_180 1CGI/c_195 1CGI/c_201 1CGI/c_214 1CGI/c_218 1CGI/c_229 1CGI/c_241 1CGI/c_246 1CGI/c_24 1CGI/c_306 1CGI/c_312 1CGI/c_344 1CGI/c_34 1CGI/c_35 1CGI/c_405 1CGI/c_414 1CGI/c_428 1CGI/c_430
Cluster 4 -> 1CGI/c_142 1CGI/c_47 1CGI/c_50 1CGI/c_554 1CGI/c_57 1CGI/c_60 1CGI/c_61 1CGI/c_75 1CGI/c_78 1CGI/c_7 1CGI/c_81 1CGI/c_968 1CGI/c_99 1CGI/c_9 1CGI/c_1000 1CGI/c_100 1CGI/c_115 1CGI/c_11 1CGI/c_123 1CGI/c_132 1CGI/c_145 1CGI/c_163 1CGI/c_173 1CGI/c_174 1CGI/c_175 1CGI/c_18 1CGI/c_197 1CGI/c_202 1CGI/c_208 1CGI/c_238 1CGI/c_23 1CGI/c_240 1CGI/c_250 1CGI/c_255 1CGI/c_296 1CGI/c_29 1CGI/c_30 1CGI/c_316 1CGI/c_328 1CGI/c_33 1CGI/c_347 1CGI/c_359 1CGI/c_362 1CGI/c_363 1CGI/c_365 1CGI/c_368 1CGI/c_411 1CGI/c_437
Cluster 5 -> 1CGI/c_687 1CGI/c_460 1CGI/c_494 1CGI/c_501 1CGI/c_550 1CGI/c_587 1CGI/c_594 1CGI/c_621 1CGI/c_652 1CGI/c_666 1CGI/c_736 1CGI/c_768 1CGI/c_774 1CGI/c_808 1CGI/c_843 1CGI/c_870 1CGI/c_883 1CGI/c_908 1CGI/c_916 1CGI/c_934 1CGI/c_954 1CGI/c_981 1CGI/c_993 1CGI/c_103 1CGI/c_183 1CGI/c_19 1CGI/c_200 1CGI/c_215 1CGI/c_236 1CGI/c_248 1CGI/c_257 1CGI/c_277 1CGI/c_283 1CGI/c_284 1CGI/c_288 1CGI/c_300 1CGI/c_311 1CGI/c_325 1CGI/c_349 1CGI/c_366 1CGI/c_370 1CGI/c_386 1CGI/c_399 1CGI/c_425 1CGI/c_427 1CGI/c_436
Cluster 6 -> 1CGI/c_693 1CGI/c_48 1CGI/c_4 1CGI/c_518 1CGI/c_531 1CGI/c_549 1CGI/c_557 1CGI/c_55 1CGI/c_586 1CGI/c_5 1CGI/c_648 1CGI/c_64 1CGI/c_682 1CGI/c_72 1CGI/c_801 1CGI/c_854 1CGI/c_85 1CGI/c_8 1CGI/c_94 1CGI/c_95 1CGI/c_106 1CGI/c_119 1CGI/c_12 1CGI/c_13 1CGI/c_148 1CGI/c_15 1CGI/c_160 1CGI/c_165 1CGI/c_17 1CGI/c_1 1CGI/c_20 1CGI/c_265 1CGI/c_285 1CGI/c_286 1CGI/c_293 1CGI/c_2 1CGI/c_321 1CGI/c_346 1CGI/c_355 1CGI/c_36 1CGI/c_3 1CGI/c_401 1CGI/c_404 1CGI/c_40 1CGI/c_43
Cluster 7 -> 1CGI/c_676 1CGI/c_497 1CGI/c_509 1CGI/c_540 1CGI/c_541 1CGI/c_595 1CGI/c_624 1CGI/c_767 1CGI/c_785 1CGI/c_86 1CGI/c_876 1CGI/c_881 1CGI/c_910 1CGI/c_920 1CGI/c_963 1CGI/c_986 1CGI/c_127 1CGI/c_128 1CGI/c_167 1CGI/c_170 1CGI/c_182 1CGI/c_192 1CGI/c_194 1CGI/c_222 1CGI/c_258 1CGI/c_260 1CGI/c_269 1CGI/c_26 1CGI/c_319 1CGI/c_323 1CGI/c_327 1CGI/c_353 1CGI/c_358 1CGI/c_408
Cluster 8 -> 1CGI/c_291 1CGI/c_500 1CGI/c_516 1CGI/c_530 1CGI/c_532 1CGI/c_543 1CGI/c_638 1CGI/c_660 1CGI/c_674 1CGI/c_727 1CGI/c_779 1CGI/c_816 1CGI/c_830 1CGI/c_838 1CGI/c_840 1CGI/c_857 1CGI/c_943 1CGI/c_958 1CGI/c_153 1CGI/c_166 1CGI/c_185 1CGI/c_219 1CGI/c_220 1CGI/c_266 1CGI/c_268 1CGI/c_280 1CGI/c_292 1CGI/c_297 1CGI/c_324 1CGI/c_356 1CGI/c_374 1CGI/c_392 1CGI/c_398
Cluster 9 -> 1CGI/c_751 1CGI/c_445 1CGI/c_508 1CGI/c_545 1CGI/c_563 1CGI/c_570 1CGI/c_574 1CGI/c_581 1CGI/c_609 1CGI/c_637 1CGI/c_651 1CGI/c_691 1CGI/c_743 1CGI/c_782 1CGI/c_810 1CGI/c_829 1CGI/c_935 1CGI/c_946 1CGI/c_964 1CGI/c_982 1CGI/c_102 1CGI/c_141 1CGI/c_207 1CGI/c_210 1CGI/c_273 1CGI/c_275 1CGI/c_339 1CGI/c_357 1CGI/c_384 1CGI/c_397 1CGI/c_417 1CGI/c_423
Cluster 10 -> 1CGI/c_898 1CGI/c_466 1CGI/c_511 1CGI/c_513 1CGI/c_519 1CGI/c_539 1CGI/c_565 1CGI/c_603 1CGI/c_617 1CGI/c_632 1CGI/c_681 1CGI/c_719 1CGI/c_757 1CGI/c_817 1CGI/c_821 1CGI/c_823 1CGI/c_855 1CGI/c_866 1CGI/c_871 1CGI/c_905 1CGI/c_949 1CGI/c_984 1CGI/c_138 1CGI/c_233 1CGI/c_251 1CGI/c_410
Cluster 11 -> 1CGI/c_859 1CGI/c_456 1CGI/c_461 1CGI/c_568 1CGI/c_592 1CGI/c_598 1CGI/c_599 1CGI/c_654 1CGI/c_699 1CGI/c_702 1CGI/c_752 1CGI/c_755 1CGI/c_769 1CGI/c_791 1CGI/c_807 1CGI/c_832 1CGI/c_904 1CGI/c_913 1CGI/c_985 1CGI/c_998 1CGI/c_225 1CGI/c_274 1CGI/c_341 1CGI/c_403
Cluster 12 -> 1CGI/c_764 1CGI/c_498 1CGI/c_529 1CGI/c_555 1CGI/c_558 1CGI/c_575 1CGI/c_626 1CGI/c_633 1CGI/c_677 1CGI/c_77 1CGI/c_805 1CGI/c_82 1CGI/c_933 1CGI/c_978 1CGI/c_980 1CGI/c_990 1CGI/c_139 1CGI/c_156 1CGI/c_161 1CGI/c_205 1CGI/c_338 1CGI/c_395 1CGI/c_407
Cluster 13 -> 1CGI/c_711 1CGI/c_485 1CGI/c_506 1CGI/c_625 1CGI/c_706 1CGI/c_766 1CGI/c_773 1CGI/c_844 1CGI/c_845 1CGI/c_84 1CGI/c_941 1CGI/c_972 1CGI/c_151 1CGI/c_155 1CGI/c_186 1CGI/c_193 1CGI/c_211 1CGI/c_212 1CGI/c_253 1CGI/c_262 1CGI/c_390
Cluster 14 -> 1CGI/c_846 1CGI/c_441 1CGI/c_480 1CGI/c_524 1CGI/c_640 1CGI/c_659 1CGI/c_695 1CGI/c_735 1CGI/c_781 1CGI/c_834 1CGI/c_887 1CGI/c_893 1CGI/c_901 1CGI/c_924 1CGI/c_945 1CGI/c_169 1CGI/c_224 1CGI/c_256 1CGI/c_409 1CGI/c_434
Cluster 15 -> 1CGI/c_373 1CGI/c_458 1CGI/c_503 1CGI/c_566 1CGI/c_572 1CGI/c_602 1CGI/c_604 1CGI/c_611 1CGI/c_653 1CGI/c_761 1CGI/c_899 1CGI/c_89 1CGI/c_925 1CGI/c_975 1CGI/c_98 1CGI/c_181 1CGI/c_213 1CGI/c_230 1CGI/c_244 1CGI/c_361
Cluster 16 -> 1CGI/c_776 1CGI/c_477 1CGI/c_504 1CGI/c_671 1CGI/c_684 1CGI/c_686 1CGI/c_765 1CGI/c_851 1CGI/c_892 1CGI/c_987 1CGI/c_105 1CGI/c_137 1CGI/c_204 1CGI/c_243 1CGI/c_279 1CGI/c_315 1CGI/c_317 1CGI/c_342 1CGI/c_413
Cluster 17 -> 1CGI/c_639 1CGI/c_476 1CGI/c_514 1CGI/c_535 1CGI/c_607 1CGI/c_646 1CGI/c_656 1CGI/c_667 1CGI/c_748 1CGI/c_777 1CGI/c_790 1CGI/c_799 1CGI/c_833 1CGI/c_897 1CGI/c_939 1CGI/c_947 1CGI/c_351 1CGI/c_372 1CGI/c_440
Cluster 18 -> 1CGI/c_254 1CGI/c_448 1CGI/c_548 1CGI/c_585 1CGI/c_679 1CGI/c_701 1CGI/c_778 1CGI/c_812 1CGI/c_822 1CGI/c_824 1CGI/c_826 1CGI/c_848 1CGI/c_863 1CGI/c_150 1CGI/c_168 1CGI/c_364 1CGI/c_394 1CGI/c_429
Cluster 19 -> 1CGI/c_862 1CGI/c_447 1CGI/c_465 1CGI/c_472 1CGI/c_536 1CGI/c_631 1CGI/c_750 1CGI/c_104 1CGI/c_110 1CGI/c_133 1CGI/c_134 1CGI/c_235 1CGI/c_264 1CGI/c_295 1CGI/c_308 1CGI/c_332 1CGI/c_393
Cluster 20 -> 1CGI/c_956 1CGI/c_469 1CGI/c_657 1CGI/c_688 1CGI/c_705 1CGI/c_74 1CGI/c_852 1CGI/c_948 1CGI/c_109 1CGI/c_209 1CGI/c_231 1CGI/c_259 1CGI/c_290 1CGI/c_302 1CGI/c_379 1CGI/c_389
Cluster 21 -> 1CGI/c_718 1CGI/c_475 1CGI/c_492 1CGI/c_589 1CGI/c_669 1CGI/c_795 1CGI/c_798 1CGI/c_884 1CGI/c_888 1CGI/c_919 1CGI/c_927 1CGI/c_966 1CGI/c_983 1CGI/c_191 1CGI/c_278 1CGI/c_337
Cluster 22 -> 1CGI/c_965 1CGI/c_463 1CGI/c_588 1CGI/c_623 1CGI/c_62 1CGI/c_786 1CGI/c_915 1CGI/c_922 1CGI/c_101 1CGI/c_111 1CGI/c_154 1CGI/c_162 1CGI/c_187 1CGI/c_227 1CGI/c_232
Cluster 23 -> 1CGI/c_714 1CGI/c_473 1CGI/c_510 1CGI/c_533 1CGI/c_556 1CGI/c_577 1CGI/c_619 1CGI/c_635 1CGI/c_655 1CGI/c_661 1CGI/c_754 1CGI/c_762 1CGI/c_813 1CGI/c_850 1CGI/c_149
Cluster 24 -> 1CGI/c_858 1CGI/c_490 1CGI/c_525 1CGI/c_593 1CGI/c_675 1CGI/c_697 1CGI/c_725 1CGI/c_740 1CGI/c_902 1CGI/c_914 1CGI/c_929 1CGI/c_989 1CGI/c_991
Cluster 25 -> 1CGI/c_690 1CGI/c_464 1CGI/c_580 1CGI/c_596 1CGI/c_696 1CGI/c_749 1CGI/c_797 1CGI/c_868 1CGI/c_873 1CGI/c_890 1CGI/c_909 1CGI/c_435
Cluster 26 -> 1CGI/c_959 1CGI/c_457 1CGI/c_499 1CGI/c_579 1CGI/c_620 1CGI/c_758 1CGI/c_771 1CGI/c_918 1CGI/c_415 1CGI/c_439
Cluster 27 -> 1CGI/c_747 1CGI/c_523 1CGI/c_569 1CGI/c_622 1CGI/c_627 1CGI/c_700 1CGI/c_708 1CGI/c_967 1CGI/c_304
Cluster 28 -> 1CGI/c_600 1CGI/c_685 1CGI/c_716 1CGI/c_809 1CGI/c_820 1CGI/c_944 1CGI/c_239 1CGI/c_272 1CGI/c_431
Cluster 29 -> 1CGI/c_942 1CGI/c_738 1CGI/c_744 1CGI/c_760 1CGI/c_770 1CGI/c_882 1CGI/c_891 1CGI/c_261
Cluster 30 -> 1CGI/c_936 1CGI/c_522 1CGI/c_698 1CGI/c_732 1CGI/c_926 1CGI/c_270 1CGI/c_301
Cluster 31 -> 1CGI/c_860 1CGI/c_450 1CGI/c_507 1CGI/c_837 1CGI/c_281 1CGI/c_378 1CGI/c_402
Cluster 32 -> 1CGI/c_818 1CGI/c_662 1CGI/c_670 1CGI/c_730 1CGI/c_811 1CGI/c_815 1CGI/c_367
Cluster 33 -> 1CGI/c_988 1CGI/c_642 1CGI/c_715 1CGI/c_737 1CGI/c_116 1CGI/c_340
Cluster 34 -> 1CGI/c_960 1CGI/c_559 1CGI/c_663 1CGI/c_723 1CGI/c_864 1CGI/c_931
Cluster 35 -> 1CGI/c_877 1CGI/c_605 1CGI/c_792 1CGI/c_345 1CGI/c_354 1CGI/c_377
Cluster 36 -> 1CGI/c_814 1CGI/c_608 1CGI/c_739 1CGI/c_746 1CGI/c_803 1CGI/c_371
Cluster 37 -> 1CGI/c_583 1CGI/c_546 1CGI/c_561 1CGI/c_615 1CGI/c_839 1CGI/c_228
Cluster 38 -> 1CGI/c_515 1CGI/c_680 1CGI/c_713 1CGI/c_865 1CGI/c_375 1CGI/c_432
Cluster 39 -> 1CGI/c_496 1CGI/c_46 1CGI/c_564 1CGI/c_571 1CGI/c_930 1CGI/c_973
Cluster 40 -> 1CGI/c_449 1CGI/c_446 1CGI/c_584 1CGI/c_247 1CGI/c_322 1CGI/c_360
Cluster 41 -> 1CGI/c_444 1CGI/c_672 1CGI/c_726 1CGI/c_804 1CGI/c_842 1CGI/c_995
Cluster 42 -> 1CGI/c_903 1CGI/c_489 1CGI/c_889 1CGI/c_921 1CGI/c_350
Cluster 43 -> 1CGI/c_849 1CGI/c_528 1CGI/c_644 1CGI/c_800 1CGI/c_391
Cluster 44 -> 1CGI/c_612 1CGI/c_479 1CGI/c_483 1CGI/c_505 1CGI/c_547
Cluster 45 -> 1CGI/c_537 1CGI/c_551 1CGI/c_733 1CGI/c_828 1CGI/c_894
Cluster 46 -> 1CGI/c_495 1CGI/c_819 1CGI/c_971 1CGI/c_331 1CGI/c_418
Cluster 47 -> 1CGI/c_896 1CGI/c_923 1CGI/c_940 1CGI/c_969
Cluster 48 -> 1CGI/c_874 1CGI/c_487 1CGI/c_203 1CGI/c_309
Cluster 49 -> 1CGI/c_867 1CGI/c_573 1CGI/c_689 1CGI/c_856
Cluster 50 -> 1CGI/c_861 1CGI/c_481 1CGI/c_520 1CGI/c_759
Cluster 51 -> 1CGI/c_649 1CGI/c_502 1CGI/c_636 1CGI/c_419
Cluster 52 -> 1CGI/c_462 1CGI/c_606 1CGI/c_643 1CGI/c_951
