Cluster 1 -> 1DFJ/c_75 1DFJ/c_477 1DFJ/c_480 1DFJ/c_48 1DFJ/c_491 1DFJ/c_503 1DFJ/c_531 1DFJ/c_560 1DFJ/c_566 1DFJ/c_569 1DFJ/c_572 1DFJ/c_573 1DFJ/c_574 1DFJ/c_593 1DFJ/c_59 1DFJ/c_602 1DFJ/c_615 1DFJ/c_616 1DFJ/c_632 1DFJ/c_670 1DFJ/c_684 1DFJ/c_685 1DFJ/c_68 1DFJ/c_70 1DFJ/c_721 1DFJ/c_73 1DFJ/c_742 1DFJ/c_744 1DFJ/c_757 1DFJ/c_774 1DFJ/c_77 1DFJ/c_800 1DFJ/c_822 1DFJ/c_825 1DFJ/c_851 1DFJ/c_879 1DFJ/c_889 1DFJ/c_88 1DFJ/c_922 1DFJ/c_924 1DFJ/c_97 1DFJ/c_101 1DFJ/c_108 1DFJ/c_110 1DFJ/c_112 1DFJ/c_116 1DFJ/c_119 1DFJ/c_126 1DFJ/c_134 1DFJ/c_138 1DFJ/c_140 1DFJ/c_141 1DFJ/c_157 1DFJ/c_167 1DFJ/c_179 1DFJ/c_189 1DFJ/c_192 1DFJ/c_193 1DFJ/c_196 1DFJ/c_204 1DFJ/c_207 1DFJ/c_209 1DFJ/c_225 1DFJ/c_227 1DFJ/c_238 1DFJ/c_254 1DFJ/c_258 1DFJ/c_260 1DFJ/c_262 1DFJ/c_269 1DFJ/c_277 1DFJ/c_283 1DFJ/c_284 1DFJ/c_293 1DFJ/c_307 1DFJ/c_308 1DFJ/c_323 1DFJ/c_325 1DFJ/c_328 1DFJ/c_329 1DFJ/c_333 1DFJ/c_337 1DFJ/c_350 1DFJ/c_361 1DFJ/c_365 1DFJ/c_367 1DFJ/c_369 1DFJ/c_372 1DFJ/c_409 1DFJ/c_424 1DFJ/c_425
Cluster 2 -> 1DFJ/c_813 1DFJ/c_443 1DFJ/c_450 1DFJ/c_455 1DFJ/c_458 1DFJ/c_469 1DFJ/c_471 1DFJ/c_490 1DFJ/c_498 1DFJ/c_523 1DFJ/c_526 1DFJ/c_529 1DFJ/c_539 1DFJ/c_543 1DFJ/c_563 1DFJ/c_575 1DFJ/c_603 1DFJ/c_604 1DFJ/c_663 1DFJ/c_690 1DFJ/c_722 1DFJ/c_735 1DFJ/c_743 1DFJ/c_748 1DFJ/c_781 1DFJ/c_793 1DFJ/c_82 1DFJ/c_83 1DFJ/c_859 1DFJ/c_903 1DFJ/c_949 1DFJ/c_96 1DFJ/c_111 1DFJ/c_124 1DFJ/c_146 1DFJ/c_160 1DFJ/c_178 1DFJ/c_187 1DFJ/c_188 1DFJ/c_194 1DFJ/c_220 1DFJ/c_221 1DFJ/c_232 1DFJ/c_241 1DFJ/c_244 1DFJ/c_245 1DFJ/c_257 1DFJ/c_275 1DFJ/c_298 1DFJ/c_302 1DFJ/c_303 1DFJ/c_311 1DFJ/c_313 1DFJ/c_330 1DFJ/c_348 1DFJ/c_396 1DFJ/c_405 1DFJ/c_412 1DFJ/c_421 1DFJ/c_438
Cluster 3 -> 1DFJ/c_264 1DFJ/c_488 1DFJ/c_499 1DFJ/c_505 1DFJ/c_522 1DFJ/c_524 1DFJ/c_589 1DFJ/c_592 1DFJ/c_63 1DFJ/c_651 1DFJ/c_699 1DFJ/c_711 1DFJ/c_78 1DFJ/c_80 1DFJ/c_939 1DFJ/c_95 1DFJ/c_998 1DFJ/c_103 1DFJ/c_106 1DFJ/c_128 1DFJ/c_131 1DFJ/c_151 1DFJ/c_173 1DFJ/c_185 1DFJ/c_198 1DFJ/c_200 1DFJ/c_219 1DFJ/c_252 1DFJ/c_290 1DFJ/c_319 1DFJ/c_340 1DFJ/c_386 1DFJ/c_395 1DFJ/c_401 1DFJ/c_433
Cluster 4 -> 1DFJ/c_19 1DFJ/c_44 1DFJ/c_47 1DFJ/c_4 1DFJ/c_55 1DFJ/c_5 1DFJ/c_64 1DFJ/c_669 1DFJ/c_67 1DFJ/c_69 1DFJ/c_6 1DFJ/c_74 1DFJ/c_7 1DFJ/c_87 1DFJ/c_8 1DFJ/c_9 1DFJ/c_11 1DFJ/c_12 1DFJ/c_13 1DFJ/c_14 1DFJ/c_16 1DFJ/c_17 1DFJ/c_180 1DFJ/c_1 1DFJ/c_21 1DFJ/c_22 1DFJ/c_24 1DFJ/c_25 1DFJ/c_26 1DFJ/c_29 1DFJ/c_2 1DFJ/c_32 1DFJ/c_37 1DFJ/c_3 1DFJ/c_40
Cluster 5 -> 1DFJ/c_733 1DFJ/c_466 1DFJ/c_479 1DFJ/c_487 1DFJ/c_507 1DFJ/c_511 1DFJ/c_577 1DFJ/c_588 1DFJ/c_612 1DFJ/c_621 1DFJ/c_647 1DFJ/c_680 1DFJ/c_682 1DFJ/c_693 1DFJ/c_705 1DFJ/c_738 1DFJ/c_745 1DFJ/c_766 1DFJ/c_830 1DFJ/c_884 1DFJ/c_913 1DFJ/c_930 1DFJ/c_123 1DFJ/c_132 1DFJ/c_169 1DFJ/c_186 1DFJ/c_202 1DFJ/c_215 1DFJ/c_223 1DFJ/c_301 1DFJ/c_400 1DFJ/c_403 1DFJ/c_437
Cluster 6 -> 1DFJ/c_208 1DFJ/c_451 1DFJ/c_453 1DFJ/c_460 1DFJ/c_483 1DFJ/c_495 1DFJ/c_51 1DFJ/c_530 1DFJ/c_54 1DFJ/c_562 1DFJ/c_567 1DFJ/c_606 1DFJ/c_620 1DFJ/c_650 1DFJ/c_667 1DFJ/c_700 1DFJ/c_736 1DFJ/c_752 1DFJ/c_85 1DFJ/c_892 1DFJ/c_89 1DFJ/c_90 1DFJ/c_911 1DFJ/c_158 1DFJ/c_217 1DFJ/c_276 1DFJ/c_336 1DFJ/c_346 1DFJ/c_363 1DFJ/c_368 1DFJ/c_382 1DFJ/c_398 1DFJ/c_417
Cluster 7 -> 1DFJ/c_183 1DFJ/c_463 1DFJ/c_468 1DFJ/c_50 1DFJ/c_510 1DFJ/c_519 1DFJ/c_535 1DFJ/c_776 1DFJ/c_788 1DFJ/c_81 1DFJ/c_874 1DFJ/c_985 1DFJ/c_98 1DFJ/c_104 1DFJ/c_109 1DFJ/c_122 1DFJ/c_137 1DFJ/c_139 1DFJ/c_144 1DFJ/c_147 1DFJ/c_285 1DFJ/c_295 1DFJ/c_304 1DFJ/c_332 1DFJ/c_339 1DFJ/c_341 1DFJ/c_343 1DFJ/c_38 1DFJ/c_430
Cluster 8 -> 1DFJ/c_557 1DFJ/c_465 1DFJ/c_556 1DFJ/c_565 1DFJ/c_584 1DFJ/c_598 1DFJ/c_652 1DFJ/c_687 1DFJ/c_714 1DFJ/c_730 1DFJ/c_855 1DFJ/c_865 1DFJ/c_958 1DFJ/c_959 1DFJ/c_105 1DFJ/c_118 1DFJ/c_162 1DFJ/c_181 1DFJ/c_199 1DFJ/c_242 1DFJ/c_247 1DFJ/c_282 1DFJ/c_309 1DFJ/c_316 1DFJ/c_324
Cluster 9 -> 1DFJ/c_790 1DFJ/c_474 1DFJ/c_516 1DFJ/c_532 1DFJ/c_555 1DFJ/c_561 1DFJ/c_594 1DFJ/c_619 1DFJ/c_631 1DFJ/c_634 1DFJ/c_661 1DFJ/c_688 1DFJ/c_695 1DFJ/c_725 1DFJ/c_737 1DFJ/c_950 1DFJ/c_956 1DFJ/c_971 1DFJ/c_990 1DFJ/c_996 1DFJ/c_999 1DFJ/c_318 1DFJ/c_406 1DFJ/c_439
Cluster 10 -> 1DFJ/c_636 1DFJ/c_482 1DFJ/c_492 1DFJ/c_501 1DFJ/c_537 1DFJ/c_587 1DFJ/c_756 1DFJ/c_779 1DFJ/c_787 1DFJ/c_802 1DFJ/c_817 1DFJ/c_821 1DFJ/c_828 1DFJ/c_857 1DFJ/c_863 1DFJ/c_872 1DFJ/c_882 1DFJ/c_897 1DFJ/c_344 1DFJ/c_393 1DFJ/c_408
Cluster 11 -> 1DFJ/c_72 1DFJ/c_46 1DFJ/c_475 1DFJ/c_478 1DFJ/c_497 1DFJ/c_534 1DFJ/c_541 1DFJ/c_57 1DFJ/c_61 1DFJ/c_657 1DFJ/c_66 1DFJ/c_76 1DFJ/c_807 1DFJ/c_906 1DFJ/c_91 1DFJ/c_156 1DFJ/c_261 1DFJ/c_263 1DFJ/c_353
Cluster 12 -> 1DFJ/c_58 1DFJ/c_446 1DFJ/c_45 1DFJ/c_49 1DFJ/c_52 1DFJ/c_62 1DFJ/c_10 1DFJ/c_168 1DFJ/c_18 1DFJ/c_206 1DFJ/c_230 1DFJ/c_249 1DFJ/c_272 1DFJ/c_27 1DFJ/c_30 1DFJ/c_366 1DFJ/c_41 1DFJ/c_42 1DFJ/c_434
Cluster 13 -> 1DFJ/c_672 1DFJ/c_448 1DFJ/c_457 1DFJ/c_464 1DFJ/c_506 1DFJ/c_597 1DFJ/c_601 1DFJ/c_659 1DFJ/c_683 1DFJ/c_717 1DFJ/c_880 1DFJ/c_912 1DFJ/c_349 1DFJ/c_358 1DFJ/c_385 1DFJ/c_419 1DFJ/c_420
Cluster 14 -> 1DFJ/c_243 1DFJ/c_484 1DFJ/c_500 1DFJ/c_609 1DFJ/c_698 1DFJ/c_724 1DFJ/c_792 1DFJ/c_837 1DFJ/c_870 1DFJ/c_966 1DFJ/c_107 1DFJ/c_125 1DFJ/c_163 1DFJ/c_213 1DFJ/c_226 1DFJ/c_331 1DFJ/c_380
Cluster 15 -> 1DFJ/c_995 1DFJ/c_454 1DFJ/c_461 1DFJ/c_689 1DFJ/c_741 1DFJ/c_770 1DFJ/c_86 1DFJ/c_975 1DFJ/c_99 1DFJ/c_133 1DFJ/c_154 1DFJ/c_170 1DFJ/c_205 1DFJ/c_218 1DFJ/c_270 1DFJ/c_288
Cluster 16 -> 1DFJ/c_130 1DFJ/c_571 1DFJ/c_580 1DFJ/c_642 1DFJ/c_681 1DFJ/c_983 1DFJ/c_100 1DFJ/c_114 1DFJ/c_164 1DFJ/c_234 1DFJ/c_236 1DFJ/c_33 1DFJ/c_373 1DFJ/c_399 1DFJ/c_39 1DFJ/c_43
Cluster 17 -> 1DFJ/c_136 1DFJ/c_509 1DFJ/c_558 1DFJ/c_739 1DFJ/c_820 1DFJ/c_866 1DFJ/c_905 1DFJ/c_142 1DFJ/c_239 1DFJ/c_240 1DFJ/c_246 1DFJ/c_274 1DFJ/c_310 1DFJ/c_384 1DFJ/c_389
Cluster 18 -> 1DFJ/c_896 1DFJ/c_520 1DFJ/c_692 1DFJ/c_755 1DFJ/c_873 1DFJ/c_214 1DFJ/c_222 1DFJ/c_256 1DFJ/c_286 1DFJ/c_305 1DFJ/c_312 1DFJ/c_371 1DFJ/c_387 1DFJ/c_440
Cluster 19 -> 1DFJ/c_250 1DFJ/c_60 1DFJ/c_65 1DFJ/c_79 1DFJ/c_834 1DFJ/c_115 1DFJ/c_155 1DFJ/c_161 1DFJ/c_212 1DFJ/c_229 1DFJ/c_31 1DFJ/c_321 1DFJ/c_34 1DFJ/c_355
Cluster 20 -> 1DFJ/c_815 1DFJ/c_554 1DFJ/c_559 1DFJ/c_732 1DFJ/c_758 1DFJ/c_827 1DFJ/c_862 1DFJ/c_978 1DFJ/c_980 1DFJ/c_148 1DFJ/c_411
Cluster 21 -> 1DFJ/c_533 1DFJ/c_668 1DFJ/c_673 1DFJ/c_709 1DFJ/c_783 1DFJ/c_785 1DFJ/c_858 1DFJ/c_960 1DFJ/c_977 1DFJ/c_289 1DFJ/c_426
Cluster 22 -> 1DFJ/c_176 1DFJ/c_441 1DFJ/c_113 1DFJ/c_117 1DFJ/c_120 1DFJ/c_121 1DFJ/c_152 1DFJ/c_15 1DFJ/c_231 1DFJ/c_322 1DFJ/c_35
Cluster 23 -> 1DFJ/c_887 1DFJ/c_610 1DFJ/c_665 1DFJ/c_679 1DFJ/c_704 1DFJ/c_814 1DFJ/c_845 1DFJ/c_876 1DFJ/c_886 1DFJ/c_987
Cluster 24 -> 1DFJ/c_805 1DFJ/c_470 1DFJ/c_547 1DFJ/c_633 1DFJ/c_644 1DFJ/c_753 1DFJ/c_842 1DFJ/c_864 1DFJ/c_378 1DFJ/c_407
Cluster 25 -> 1DFJ/c_786 1DFJ/c_635 1DFJ/c_727 1DFJ/c_746 1DFJ/c_848 1DFJ/c_878 1DFJ/c_914 1DFJ/c_935 1DFJ/c_334 1DFJ/c_413
Cluster 26 -> 1DFJ/c_486 1DFJ/c_94 1DFJ/c_961 1DFJ/c_127 1DFJ/c_191 1DFJ/c_20 1DFJ/c_23 1DFJ/c_279 1DFJ/c_291 1DFJ/c_381
Cluster 27 -> 1DFJ/c_370 1DFJ/c_476 1DFJ/c_485 1DFJ/c_675 1DFJ/c_734 1DFJ/c_92 1DFJ/c_129 1DFJ/c_195 1DFJ/c_273 1DFJ/c_357
Cluster 28 -> 1DFJ/c_268 1DFJ/c_514 1DFJ/c_527 1DFJ/c_53 1DFJ/c_579 1DFJ/c_765 1DFJ/c_883 1DFJ/c_102 1DFJ/c_182 1DFJ/c_287
Cluster 29 -> 1DFJ/c_696 1DFJ/c_445 1DFJ/c_553 1DFJ/c_728 1DFJ/c_868 1DFJ/c_251 1DFJ/c_265 1DFJ/c_388 1DFJ/c_427
Cluster 30 -> 1DFJ/c_600 1DFJ/c_581 1DFJ/c_630 1DFJ/c_660 1DFJ/c_759 1DFJ/c_771 1DFJ/c_159 1DFJ/c_171 1DFJ/c_201
Cluster 31 -> 1DFJ/c_586 1DFJ/c_502 1DFJ/c_622 1DFJ/c_628 1DFJ/c_677 1DFJ/c_833 1DFJ/c_923 1DFJ/c_951 1DFJ/c_259
Cluster 32 -> 1DFJ/c_968 1DFJ/c_540 1DFJ/c_605 1DFJ/c_784 1DFJ/c_881 1DFJ/c_410 1DFJ/c_415 1DFJ/c_432
Cluster 33 -> 1DFJ/c_920 1DFJ/c_525 1DFJ/c_703 1DFJ/c_764 1DFJ/c_796 1DFJ/c_844 1DFJ/c_875 1DFJ/c_910
Cluster 34 -> 1DFJ/c_895 1DFJ/c_456 1DFJ/c_472 1DFJ/c_900 1DFJ/c_907 1DFJ/c_150 1DFJ/c_153 1DFJ/c_175
Cluster 35 -> 1DFJ/c_452 1DFJ/c_653 1DFJ/c_754 1DFJ/c_145 1DFJ/c_267 1DFJ/c_375 1DFJ/c_376 1DFJ/c_416
Cluster 36 -> 1DFJ/c_934 1DFJ/c_459 1DFJ/c_518 1DFJ/c_625 1DFJ/c_904 1DFJ/c_379 1DFJ/c_394
Cluster 37 -> 1DFJ/c_824 1DFJ/c_449 1DFJ/c_513 1DFJ/c_921 1DFJ/c_253 1DFJ/c_377 1DFJ/c_383
Cluster 38 -> 1DFJ/c_706 1DFJ/c_504 1DFJ/c_656 1DFJ/c_662 1DFJ/c_818 1DFJ/c_916 1DFJ/c_351
Cluster 39 -> 1DFJ/c_345 1DFJ/c_701 1DFJ/c_808 1DFJ/c_294 1DFJ/c_315 1DFJ/c_320 1DFJ/c_429
Cluster 40 -> 1DFJ/c_908 1DFJ/c_623 1DFJ/c_666 1DFJ/c_271 1DFJ/c_327 1DFJ/c_352
Cluster 41 -> 1DFJ/c_839 1DFJ/c_481 1DFJ/c_528 1DFJ/c_760 1DFJ/c_831 1DFJ/c_974
Cluster 42 -> 1DFJ/c_801 1DFJ/c_550 1DFJ/c_671 1DFJ/c_697 1DFJ/c_973 1DFJ/c_135
Cluster 43 -> 1DFJ/c_780 1DFJ/c_552 1DFJ/c_568 1DFJ/c_979 1DFJ/c_149 1DFJ/c_190
Cluster 44 -> 1DFJ/c_726 1DFJ/c_551 1DFJ/c_898 1DFJ/c_918 1DFJ/c_266 1DFJ/c_362
Cluster 45 -> 1DFJ/c_713 1DFJ/c_582 1DFJ/c_782 1DFJ/c_810 1DFJ/c_843 1DFJ/c_902
Cluster 46 -> 1DFJ/c_546 1DFJ/c_627 1DFJ/c_71 1DFJ/c_166 1DFJ/c_216 1DFJ/c_436
Cluster 47 -> 1DFJ/c_237 1DFJ/c_564 1DFJ/c_585 1DFJ/c_614 1DFJ/c_938 1DFJ/c_338
Cluster 48 -> 1DFJ/c_993 1DFJ/c_467 1DFJ/c_829 1DFJ/c_840 1DFJ/c_915
Cluster 49 -> 1DFJ/c_936 1DFJ/c_618 1DFJ/c_890 1DFJ/c_228 1DFJ/c_233
Cluster 50 -> 1DFJ/c_925 1DFJ/c_512 1DFJ/c_943 1DFJ/c_965 1DFJ/c_281
Cluster 51 -> 1DFJ/c_894 1DFJ/c_494 1DFJ/c_826 1DFJ/c_994 1DFJ/c_197
Cluster 52 -> 1DFJ/c_877 1DFJ/c_624 1DFJ/c_723 1DFJ/c_948 1DFJ/c_326
Cluster 53 -> 1DFJ/c_716 1DFJ/c_638 1DFJ/c_832 1DFJ/c_342 1DFJ/c_374
Cluster 54 -> 1DFJ/c_708 1DFJ/c_544 1DFJ/c_629 1DFJ/c_964 1DFJ/c_255
Cluster 55 -> 1DFJ/c_694 1DFJ/c_493 1DFJ/c_177 1DFJ/c_224 1DFJ/c_347
Cluster 56 -> 1DFJ/c_691 1DFJ/c_637 1DFJ/c_750 1DFJ/c_899 1DFJ/c_292
Cluster 57 -> 1DFJ/c_447 1DFJ/c_548 1DFJ/c_712 1DFJ/c_719 1DFJ/c_803
Cluster 58 -> 1DFJ/c_418 1DFJ/c_542 1DFJ/c_854 1DFJ/c_927 1DFJ/c_423
Cluster 59 -> 1DFJ/c_989 1DFJ/c_751 1DFJ/c_838 1DFJ/c_952
Cluster 60 -> 1DFJ/c_955 1DFJ/c_761 1DFJ/c_354 1DFJ/c_422
Cluster 61 -> 1DFJ/c_947 1DFJ/c_707 1DFJ/c_235 1DFJ/c_299
Cluster 62 -> 1DFJ/c_945 1DFJ/c_718 1DFJ/c_917 1DFJ/c_402
Cluster 63 -> 1DFJ/c_940 1DFJ/c_607 1DFJ/c_809 1DFJ/c_314
Cluster 64 -> 1DFJ/c_893 1DFJ/c_626 1DFJ/c_740 1DFJ/c_869
Cluster 65 -> 1DFJ/c_841 1DFJ/c_649 1DFJ/c_901 1DFJ/c_928
