Cluster 1 -> 1E6E/c_361 1E6E/c_44 1E6E/c_4 1E6E/c_514 1E6E/c_51 1E6E/c_553 1E6E/c_57 1E6E/c_617 1E6E/c_621 1E6E/c_648 1E6E/c_64 1E6E/c_677 1E6E/c_69 1E6E/c_71 1E6E/c_72 1E6E/c_73 1E6E/c_747 1E6E/c_78 1E6E/c_806 1E6E/c_96 1E6E/c_105 1E6E/c_108 1E6E/c_129 1E6E/c_12 1E6E/c_137 1E6E/c_150 1E6E/c_19 1E6E/c_227 1E6E/c_228 1E6E/c_236 1E6E/c_237 1E6E/c_258 1E6E/c_269 1E6E/c_285 1E6E/c_286 1E6E/c_297 1E6E/c_310 1E6E/c_322 1E6E/c_328 1E6E/c_33 1E6E/c_340 1E6E/c_359 1E6E/c_362 1E6E/c_36 1E6E/c_390
Cluster 2 -> 1E6E/c_255 1E6E/c_446 1E6E/c_46 1E6E/c_56 1E6E/c_58 1E6E/c_590 1E6E/c_5 1E6E/c_63 1E6E/c_665 1E6E/c_7 1E6E/c_83 1E6E/c_870 1E6E/c_888 1E6E/c_90 1E6E/c_923 1E6E/c_92 1E6E/c_94 1E6E/c_961 1E6E/c_9 1E6E/c_1000 1E6E/c_104 1E6E/c_123 1E6E/c_13 1E6E/c_151 1E6E/c_157 1E6E/c_183 1E6E/c_18 1E6E/c_1 1E6E/c_231 1E6E/c_256 1E6E/c_261 1E6E/c_290 1E6E/c_29 1E6E/c_324 1E6E/c_357 1E6E/c_35 1E6E/c_3 1E6E/c_42 1E6E/c_43
Cluster 3 -> 1E6E/c_656 1E6E/c_494 1E6E/c_502 1E6E/c_557 1E6E/c_567 1E6E/c_599 1E6E/c_613 1E6E/c_627 1E6E/c_686 1E6E/c_704 1E6E/c_730 1E6E/c_737 1E6E/c_743 1E6E/c_748 1E6E/c_769 1E6E/c_774 1E6E/c_789 1E6E/c_854 1E6E/c_867 1E6E/c_868 1E6E/c_929 1E6E/c_942 1E6E/c_954 1E6E/c_966 1E6E/c_122 1E6E/c_134 1E6E/c_268 1E6E/c_270 1E6E/c_272 1E6E/c_308 1E6E/c_314 1E6E/c_332 1E6E/c_350 1E6E/c_355 1E6E/c_393 1E6E/c_394 1E6E/c_400 1E6E/c_429
Cluster 4 -> 1E6E/c_23 1E6E/c_449 1E6E/c_463 1E6E/c_504 1E6E/c_59 1E6E/c_61 1E6E/c_62 1E6E/c_678 1E6E/c_721 1E6E/c_779 1E6E/c_84 1E6E/c_861 1E6E/c_893 1E6E/c_93 1E6E/c_95 1E6E/c_112 1E6E/c_119 1E6E/c_124 1E6E/c_131 1E6E/c_145 1E6E/c_147 1E6E/c_149 1E6E/c_15 1E6E/c_172 1E6E/c_17 1E6E/c_20 1E6E/c_247 1E6E/c_24 1E6E/c_264 1E6E/c_31 1E6E/c_323 1E6E/c_354 1E6E/c_372 1E6E/c_378 1E6E/c_41
Cluster 5 -> 1E6E/c_109 1E6E/c_485 1E6E/c_499 1E6E/c_631 1E6E/c_632 1E6E/c_674 1E6E/c_68 1E6E/c_707 1E6E/c_711 1E6E/c_75 1E6E/c_951 1E6E/c_98 1E6E/c_100 1E6E/c_106 1E6E/c_127 1E6E/c_128 1E6E/c_140 1E6E/c_155 1E6E/c_159 1E6E/c_161 1E6E/c_16 1E6E/c_180 1E6E/c_187 1E6E/c_189 1E6E/c_208 1E6E/c_211 1E6E/c_220 1E6E/c_244 1E6E/c_275 1E6E/c_32 1E6E/c_351 1E6E/c_384 1E6E/c_387 1E6E/c_430
Cluster 6 -> 1E6E/c_294 1E6E/c_456 1E6E/c_474 1E6E/c_527 1E6E/c_531 1E6E/c_551 1E6E/c_611 1E6E/c_683 1E6E/c_696 1E6E/c_724 1E6E/c_734 1E6E/c_778 1E6E/c_826 1E6E/c_855 1E6E/c_866 1E6E/c_882 1E6E/c_938 1E6E/c_941 1E6E/c_203 1E6E/c_224 1E6E/c_248 1E6E/c_281 1E6E/c_319 1E6E/c_327 1E6E/c_345 1E6E/c_368 1E6E/c_375 1E6E/c_391
Cluster 7 -> 1E6E/c_167 1E6E/c_472 1E6E/c_488 1E6E/c_520 1E6E/c_55 1E6E/c_585 1E6E/c_65 1E6E/c_753 1E6E/c_77 1E6E/c_785 1E6E/c_835 1E6E/c_890 1E6E/c_89 1E6E/c_967 1E6E/c_97 1E6E/c_153 1E6E/c_154 1E6E/c_162 1E6E/c_165 1E6E/c_197 1E6E/c_221 1E6E/c_250 1E6E/c_293 1E6E/c_315 1E6E/c_353 1E6E/c_380 1E6E/c_392 1E6E/c_426
Cluster 8 -> 1E6E/c_330 1E6E/c_468 1E6E/c_471 1E6E/c_486 1E6E/c_510 1E6E/c_592 1E6E/c_603 1E6E/c_619 1E6E/c_651 1E6E/c_813 1E6E/c_884 1E6E/c_88 1E6E/c_917 1E6E/c_970 1E6E/c_118 1E6E/c_130 1E6E/c_192 1E6E/c_195 1E6E/c_209 1E6E/c_233 1E6E/c_253 1E6E/c_266 1E6E/c_329 1E6E/c_333 1E6E/c_398
Cluster 9 -> 1E6E/c_265 1E6E/c_517 1E6E/c_60 1E6E/c_76 1E6E/c_86 1E6E/c_883 1E6E/c_912 1E6E/c_924 1E6E/c_989 1E6E/c_111 1E6E/c_113 1E6E/c_115 1E6E/c_135 1E6E/c_141 1E6E/c_14 1E6E/c_156 1E6E/c_173 1E6E/c_179 1E6E/c_184 1E6E/c_186 1E6E/c_193 1E6E/c_196 1E6E/c_25 1E6E/c_383 1E6E/c_434
Cluster 10 -> 1E6E/c_232 1E6E/c_462 1E6E/c_671 1E6E/c_709 1E6E/c_733 1E6E/c_8 1E6E/c_902 1E6E/c_985 1E6E/c_114 1E6E/c_117 1E6E/c_136 1E6E/c_139 1E6E/c_174 1E6E/c_194 1E6E/c_200 1E6E/c_206 1E6E/c_21 1E6E/c_22 1E6E/c_234 1E6E/c_295 1E6E/c_2 1E6E/c_321 1E6E/c_334 1E6E/c_389
Cluster 11 -> 1E6E/c_685 1E6E/c_455 1E6E/c_457 1E6E/c_475 1E6E/c_533 1E6E/c_576 1E6E/c_578 1E6E/c_607 1E6E/c_645 1E6E/c_659 1E6E/c_663 1E6E/c_672 1E6E/c_741 1E6E/c_860 1E6E/c_895 1E6E/c_939 1E6E/c_146 1E6E/c_163 1E6E/c_176 1E6E/c_201 1E6E/c_260 1E6E/c_348 1E6E/c_418
Cluster 12 -> 1E6E/c_66 1E6E/c_45 1E6E/c_52 1E6E/c_53 1E6E/c_550 1E6E/c_85 1E6E/c_880 1E6E/c_103 1E6E/c_11 1E6E/c_121 1E6E/c_148 1E6E/c_152 1E6E/c_26 1E6E/c_276 1E6E/c_27 1E6E/c_304 1E6E/c_30 1E6E/c_347 1E6E/c_37 1E6E/c_38 1E6E/c_407 1E6E/c_40
Cluster 13 -> 1E6E/c_403 1E6E/c_453 1E6E/c_50 1E6E/c_554 1E6E/c_67 1E6E/c_74 1E6E/c_87 1E6E/c_891 1E6E/c_995 1E6E/c_998 1E6E/c_116 1E6E/c_138 1E6E/c_217 1E6E/c_226 1E6E/c_240 1E6E/c_331 1E6E/c_405 1E6E/c_420 1E6E/c_421
Cluster 14 -> 1E6E/c_190 1E6E/c_487 1E6E/c_518 1E6E/c_556 1E6E/c_70 1E6E/c_79 1E6E/c_821 1E6E/c_82 1E6E/c_920 1E6E/c_107 1E6E/c_158 1E6E/c_188 1E6E/c_191 1E6E/c_204 1E6E/c_222 1E6E/c_230 1E6E/c_267 1E6E/c_318 1E6E/c_440
Cluster 15 -> 1E6E/c_653 1E6E/c_526 1E6E/c_540 1E6E/c_562 1E6E/c_635 1E6E/c_688 1E6E/c_690 1E6E/c_832 1E6E/c_864 1E6E/c_876 1E6E/c_919 1E6E/c_125 1E6E/c_126 1E6E/c_160 1E6E/c_245 1E6E/c_395 1E6E/c_406 1E6E/c_428
Cluster 16 -> 1E6E/c_282 1E6E/c_444 1E6E/c_493 1E6E/c_573 1E6E/c_575 1E6E/c_577 1E6E/c_615 1E6E/c_668 1E6E/c_897 1E6E/c_199 1E6E/c_207 1E6E/c_210 1E6E/c_212 1E6E/c_306 1E6E/c_317 1E6E/c_374 1E6E/c_410 1E6E/c_439
Cluster 17 -> 1E6E/c_386 1E6E/c_451 1E6E/c_478 1E6E/c_519 1E6E/c_563 1E6E/c_568 1E6E/c_610 1E6E/c_657 1E6E/c_693 1E6E/c_775 1E6E/c_943 1E6E/c_972 1E6E/c_178 1E6E/c_257 1E6E/c_397 1E6E/c_415 1E6E/c_417
Cluster 18 -> 1E6E/c_273 1E6E/c_450 1E6E/c_452 1E6E/c_565 1E6E/c_588 1E6E/c_591 1E6E/c_622 1E6E/c_760 1E6E/c_836 1E6E/c_881 1E6E/c_988 1E6E/c_175 1E6E/c_239 1E6E/c_254 1E6E/c_279 1E6E/c_300 1E6E/c_325
Cluster 19 -> 1E6E/c_316 1E6E/c_47 1E6E/c_512 1E6E/c_515 1E6E/c_54 1E6E/c_782 1E6E/c_170 1E6E/c_198 1E6E/c_205 1E6E/c_213 1E6E/c_216 1E6E/c_242 1E6E/c_246 1E6E/c_312 1E6E/c_352 1E6E/c_39
Cluster 20 -> 1E6E/c_921 1E6E/c_498 1E6E/c_598 1E6E/c_605 1E6E/c_608 1E6E/c_684 1E6E/c_723 1E6E/c_781 1E6E/c_817 1E6E/c_830 1E6E/c_857 1E6E/c_863 1E6E/c_950 1E6E/c_978 1E6E/c_171
Cluster 21 -> 1E6E/c_326 1E6E/c_445 1E6E/c_470 1E6E/c_727 1E6E/c_824 1E6E/c_91 1E6E/c_10 1E6E/c_144 1E6E/c_243 1E6E/c_28 1E6E/c_338 1E6E/c_339 1E6E/c_34 1E6E/c_358 1E6E/c_371
Cluster 22 -> 1E6E/c_796 1E6E/c_460 1E6E/c_639 1E6E/c_647 1E6E/c_777 1E6E/c_814 1E6E/c_840 1E6E/c_873 1E6E/c_885 1E6E/c_886 1E6E/c_979 1E6E/c_984 1E6E/c_263 1E6E/c_373
Cluster 23 -> 1E6E/c_166 1E6E/c_480 1E6E/c_497 1E6E/c_689 1E6E/c_739 1E6E/c_762 1E6E/c_80 1E6E/c_816 1E6E/c_887 1E6E/c_132 1E6E/c_229 1E6E/c_262 1E6E/c_278 1E6E/c_335
Cluster 24 -> 1E6E/c_871 1E6E/c_492 1E6E/c_602 1E6E/c_618 1E6E/c_643 1E6E/c_759 1E6E/c_812 1E6E/c_837 1E6E/c_869 1E6E/c_991 1E6E/c_336 1E6E/c_381 1E6E/c_425
Cluster 25 -> 1E6E/c_862 1E6E/c_454 1E6E/c_546 1E6E/c_572 1E6E/c_700 1E6E/c_751 1E6E/c_177 1E6E/c_287 1E6E/c_309 1E6E/c_337 1E6E/c_369 1E6E/c_438
Cluster 26 -> 1E6E/c_654 1E6E/c_500 1E6E/c_545 1E6E/c_564 1E6E/c_580 1E6E/c_638 1E6E/c_698 1E6E/c_182 1E6E/c_185 1E6E/c_302 1E6E/c_414 1E6E/c_435
Cluster 27 -> 1E6E/c_644 1E6E/c_534 1E6E/c_626 1E6E/c_667 1E6E/c_676 1E6E/c_694 1E6E/c_755 1E6E/c_916 1E6E/c_952 1E6E/c_963 1E6E/c_223 1E6E/c_313
Cluster 28 -> 1E6E/c_669 1E6E/c_477 1E6E/c_649 1E6E/c_968 1E6E/c_997 1E6E/c_225 1E6E/c_298 1E6E/c_299 1E6E/c_305 1E6E/c_320 1E6E/c_367
Cluster 29 -> 1E6E/c_537 1E6E/c_479 1E6E/c_506 1E6E/c_529 1E6E/c_717 1E6E/c_732 1E6E/c_803 1E6E/c_820 1E6E/c_834 1E6E/c_911 1E6E/c_913
Cluster 30 -> 1E6E/c_424 1E6E/c_49 1E6E/c_508 1E6E/c_581 1E6E/c_703 1E6E/c_710 1E6E/c_756 1E6E/c_827 1E6E/c_853 1E6E/c_99 1E6E/c_169
Cluster 31 -> 1E6E/c_977 1E6E/c_507 1E6E/c_539 1E6E/c_634 1E6E/c_768 1E6E/c_845 1E6E/c_908 1E6E/c_927 1E6E/c_940 1E6E/c_983
Cluster 32 -> 1E6E/c_765 1E6E/c_543 1E6E/c_664 1E6E/c_6 1E6E/c_975 1E6E/c_101 1E6E/c_164 1E6E/c_181 1E6E/c_214 1E6E/c_238
Cluster 33 -> 1E6E/c_541 1E6E/c_490 1E6E/c_524 1E6E/c_606 1E6E/c_640 1E6E/c_652 1E6E/c_687 1E6E/c_851 1E6E/c_906 1E6E/c_432
Cluster 34 -> 1E6E/c_489 1E6E/c_447 1E6E/c_461 1E6E/c_484 1E6E/c_511 1E6E/c_532 1E6E/c_600 1E6E/c_736 1E6E/c_974 1E6E/c_365
Cluster 35 -> 1E6E/c_481 1E6E/c_501 1E6E/c_582 1E6E/c_675 1E6E/c_957 1E6E/c_962 1E6E/c_274 1E6E/c_307 1E6E/c_370 1E6E/c_433
Cluster 36 -> 1E6E/c_875 1E6E/c_442 1E6E/c_708 1E6E/c_735 1E6E/c_784 1E6E/c_805 1E6E/c_933 1E6E/c_934 1E6E/c_251
Cluster 37 -> 1E6E/c_770 1E6E/c_548 1E6E/c_555 1E6E/c_560 1E6E/c_614 1E6E/c_692 1E6E/c_731 1E6E/c_794 1E6E/c_878
Cluster 38 -> 1E6E/c_898 1E6E/c_48 1E6E/c_559 1E6E/c_625 1E6E/c_801 1E6E/c_235 1E6E/c_284 1E6E/c_292
Cluster 39 -> 1E6E/c_738 1E6E/c_624 1E6E/c_630 1E6E/c_633 1E6E/c_987 1E6E/c_215 1E6E/c_356 1E6E/c_382
Cluster 40 -> 1E6E/c_583 1E6E/c_495 1E6E/c_712 1E6E/c_722 1E6E/c_788 1E6E/c_301 1E6E/c_363 1E6E/c_436
Cluster 41 -> 1E6E/c_944 1E6E/c_670 1E6E/c_749 1E6E/c_818 1E6E/c_841 1E6E/c_342 1E6E/c_419
Cluster 42 -> 1E6E/c_847 1E6E/c_459 1E6E/c_464 1E6E/c_636 1E6E/c_879 1E6E/c_280 1E6E/c_409
Cluster 43 -> 1E6E/c_623 1E6E/c_473 1E6E/c_538 1E6E/c_597 1E6E/c_858 1E6E/c_142 1E6E/c_283
Cluster 44 -> 1E6E/c_996 1E6E/c_525 1E6E/c_552 1E6E/c_574 1E6E/c_594 1E6E/c_776
Cluster 45 -> 1E6E/c_994 1E6E/c_612 1E6E/c_681 1E6E/c_846 1E6E/c_865 1E6E/c_971
Cluster 46 -> 1E6E/c_992 1E6E/c_516 1E6E/c_702 1E6E/c_761 1E6E/c_764 1E6E/c_829
Cluster 47 -> 1E6E/c_945 1E6E/c_658 1E6E/c_905 1E6E/c_168 1E6E/c_303 1E6E/c_431
Cluster 48 -> 1E6E/c_932 1E6E/c_691 1E6E/c_843 1E6E/c_910 1E6E/c_918 1E6E/c_926
Cluster 49 -> 1E6E/c_752 1E6E/c_680 1E6E/c_695 1E6E/c_799 1E6E/c_955 1E6E/c_399
Cluster 50 -> 1E6E/c_566 1E6E/c_641 1E6E/c_795 1E6E/c_802 1E6E/c_859 1E6E/c_349
Cluster 51 -> 1E6E/c_523 1E6E/c_491 1E6E/c_773 1E6E/c_120 1E6E/c_252 1E6E/c_360
Cluster 52 -> 1E6E/c_959 1E6E/c_604 1E6E/c_757 1E6E/c_811 1E6E/c_296
Cluster 53 -> 1E6E/c_925 1E6E/c_443 1E6E/c_558 1E6E/c_646 1E6E/c_914
Cluster 54 -> 1E6E/c_915 1E6E/c_513 1E6E/c_536 1E6E/c_589 1E6E/c_744
Cluster 55 -> 1E6E/c_848 1E6E/c_509 1E6E/c_831 1E6E/c_202 1E6E/c_291
Cluster 56 -> 1E6E/c_808 1E6E/c_701 1E6E/c_249 1E6E/c_288 1E6E/c_346
Cluster 57 -> 1E6E/c_719 1E6E/c_579 1E6E/c_586 1E6E/c_742 1E6E/c_839
Cluster 58 -> 1E6E/c_616 1E6E/c_441 1E6E/c_790 1E6E/c_800 1E6E/c_401
Cluster 59 -> 1E6E/c_483 1E6E/c_458 1E6E/c_609 1E6E/c_628 1E6E/c_143
Cluster 60 -> 1E6E/c_999 1E6E/c_673 1E6E/c_343 1E6E/c_377
Cluster 61 -> 1E6E/c_964 1E6E/c_466 1E6E/c_521 1E6E/c_547
Cluster 62 -> 1E6E/c_937 1E6E/c_561 1E6E/c_828 1E6E/c_931
Cluster 63 -> 1E6E/c_928 1E6E/c_584 1E6E/c_593 1E6E/c_697
Cluster 64 -> 1E6E/c_81 1E6E/c_804 1E6E/c_311 1E6E/c_341
Cluster 65 -> 1E6E/c_810 1E6E/c_476 1E6E/c_679 1E6E/c_798
Cluster 66 -> 1E6E/c_728 1E6E/c_570 1E6E/c_856 1E6E/c_889
Cluster 67 -> 1E6E/c_620 1E6E/c_726 1E6E/c_271 1E6E/c_388
Cluster 68 -> 1E6E/c_549 1E6E/c_750 1E6E/c_850 1E6E/c_376
Cluster 69 -> 1E6E/c_344 1E6E/c_705 1E6E/c_714 1E6E/c_746
Cluster 70 -> 1E6E/c_259 1E6E/c_448 1E6E/c_772 1E6E/c_218
