Cluster 1 -> 1EAW/c_587 1EAW/c_441 1EAW/c_447 1EAW/c_448 1EAW/c_44 1EAW/c_451 1EAW/c_467 1EAW/c_470 1EAW/c_473 1EAW/c_485 1EAW/c_495 1EAW/c_499 1EAW/c_49 1EAW/c_500 1EAW/c_509 1EAW/c_528 1EAW/c_542 1EAW/c_544 1EAW/c_590 1EAW/c_599 1EAW/c_601 1EAW/c_609 1EAW/c_613 1EAW/c_621 1EAW/c_645 1EAW/c_649 1EAW/c_65 1EAW/c_66 1EAW/c_671 1EAW/c_684 1EAW/c_687 1EAW/c_70 1EAW/c_717 1EAW/c_71 1EAW/c_72 1EAW/c_745 1EAW/c_75 1EAW/c_795 1EAW/c_804 1EAW/c_826 1EAW/c_837 1EAW/c_838 1EAW/c_842 1EAW/c_846 1EAW/c_876 1EAW/c_880 1EAW/c_900 1EAW/c_909 1EAW/c_912 1EAW/c_91 1EAW/c_930 1EAW/c_934 1EAW/c_953 1EAW/c_958 1EAW/c_963 1EAW/c_965 1EAW/c_102 1EAW/c_103 1EAW/c_105 1EAW/c_107 1EAW/c_108 1EAW/c_10 1EAW/c_113 1EAW/c_118 1EAW/c_119 1EAW/c_129 1EAW/c_141 1EAW/c_146 1EAW/c_154 1EAW/c_161 1EAW/c_162 1EAW/c_189 1EAW/c_191 1EAW/c_196 1EAW/c_201 1EAW/c_203 1EAW/c_206 1EAW/c_207 1EAW/c_208 1EAW/c_223 1EAW/c_225 1EAW/c_228 1EAW/c_238 1EAW/c_242 1EAW/c_244 1EAW/c_254 1EAW/c_263 1EAW/c_266 1EAW/c_267 1EAW/c_270 1EAW/c_280 1EAW/c_284 1EAW/c_296 1EAW/c_29 1EAW/c_314 1EAW/c_320 1EAW/c_329 1EAW/c_32 1EAW/c_332 1EAW/c_336 1EAW/c_33 1EAW/c_340 1EAW/c_34 1EAW/c_350 1EAW/c_354 1EAW/c_368 1EAW/c_370 1EAW/c_376 1EAW/c_377 1EAW/c_40 1EAW/c_414 1EAW/c_41 1EAW/c_437
Cluster 2 -> 1EAW/c_744 1EAW/c_463 1EAW/c_464 1EAW/c_47 1EAW/c_484 1EAW/c_503 1EAW/c_51 1EAW/c_529 1EAW/c_53 1EAW/c_545 1EAW/c_556 1EAW/c_557 1EAW/c_56 1EAW/c_59 1EAW/c_5 1EAW/c_602 1EAW/c_62 1EAW/c_64 1EAW/c_675 1EAW/c_679 1EAW/c_69 1EAW/c_6 1EAW/c_708 1EAW/c_79 1EAW/c_7 1EAW/c_82 1EAW/c_843 1EAW/c_86 1EAW/c_891 1EAW/c_8 1EAW/c_95 1EAW/c_969 1EAW/c_97 1EAW/c_99 1EAW/c_9 1EAW/c_120 1EAW/c_138 1EAW/c_13 1EAW/c_143 1EAW/c_147 1EAW/c_14 1EAW/c_150 1EAW/c_151 1EAW/c_152 1EAW/c_153 1EAW/c_157 1EAW/c_16 1EAW/c_171 1EAW/c_173 1EAW/c_17 1EAW/c_186 1EAW/c_18 1EAW/c_19 1EAW/c_1 1EAW/c_20 1EAW/c_227 1EAW/c_232 1EAW/c_235 1EAW/c_23 1EAW/c_249 1EAW/c_261 1EAW/c_26 1EAW/c_277 1EAW/c_283 1EAW/c_28 1EAW/c_293 1EAW/c_299 1EAW/c_2 1EAW/c_307 1EAW/c_31 1EAW/c_328 1EAW/c_338 1EAW/c_341 1EAW/c_346 1EAW/c_362 1EAW/c_363 1EAW/c_394 1EAW/c_39 1EAW/c_3 1EAW/c_430
Cluster 3 -> 1EAW/c_663 1EAW/c_455 1EAW/c_481 1EAW/c_50 1EAW/c_513 1EAW/c_523 1EAW/c_535 1EAW/c_536 1EAW/c_540 1EAW/c_54 1EAW/c_552 1EAW/c_55 1EAW/c_58 1EAW/c_594 1EAW/c_604 1EAW/c_605 1EAW/c_644 1EAW/c_650 1EAW/c_674 1EAW/c_726 1EAW/c_76 1EAW/c_775 1EAW/c_77 1EAW/c_796 1EAW/c_818 1EAW/c_822 1EAW/c_823 1EAW/c_85 1EAW/c_896 1EAW/c_93 1EAW/c_974 1EAW/c_980 1EAW/c_98 1EAW/c_999 1EAW/c_1000 1EAW/c_106 1EAW/c_109 1EAW/c_110 1EAW/c_111 1EAW/c_112 1EAW/c_115 1EAW/c_116 1EAW/c_127 1EAW/c_128 1EAW/c_144 1EAW/c_159 1EAW/c_172 1EAW/c_190 1EAW/c_192 1EAW/c_213 1EAW/c_21 1EAW/c_247 1EAW/c_262 1EAW/c_264 1EAW/c_265 1EAW/c_27 1EAW/c_287 1EAW/c_335 1EAW/c_359 1EAW/c_365 1EAW/c_402 1EAW/c_412 1EAW/c_415 1EAW/c_425 1EAW/c_436
Cluster 4 -> 1EAW/c_211 1EAW/c_444 1EAW/c_456 1EAW/c_471 1EAW/c_567 1EAW/c_578 1EAW/c_582 1EAW/c_615 1EAW/c_627 1EAW/c_638 1EAW/c_676 1EAW/c_709 1EAW/c_742 1EAW/c_743 1EAW/c_747 1EAW/c_752 1EAW/c_793 1EAW/c_806 1EAW/c_904 1EAW/c_90 1EAW/c_910 1EAW/c_915 1EAW/c_932 1EAW/c_954 1EAW/c_975 1EAW/c_986 1EAW/c_989 1EAW/c_991 1EAW/c_139 1EAW/c_158 1EAW/c_202 1EAW/c_216 1EAW/c_234 1EAW/c_243 1EAW/c_248 1EAW/c_253 1EAW/c_255 1EAW/c_275 1EAW/c_285 1EAW/c_30 1EAW/c_331 1EAW/c_345 1EAW/c_351 1EAW/c_358 1EAW/c_383 1EAW/c_421 1EAW/c_426
Cluster 5 -> 1EAW/c_690 1EAW/c_445 1EAW/c_478 1EAW/c_4 1EAW/c_547 1EAW/c_570 1EAW/c_589 1EAW/c_597 1EAW/c_610 1EAW/c_63 1EAW/c_739 1EAW/c_770 1EAW/c_789 1EAW/c_810 1EAW/c_811 1EAW/c_935 1EAW/c_966 1EAW/c_100 1EAW/c_101 1EAW/c_11 1EAW/c_121 1EAW/c_123 1EAW/c_124 1EAW/c_12 1EAW/c_133 1EAW/c_15 1EAW/c_165 1EAW/c_166 1EAW/c_175 1EAW/c_180 1EAW/c_185 1EAW/c_193 1EAW/c_214 1EAW/c_22 1EAW/c_257 1EAW/c_272 1EAW/c_323 1EAW/c_35 1EAW/c_361 1EAW/c_364 1EAW/c_372 1EAW/c_384 1EAW/c_387 1EAW/c_433 1EAW/c_43
Cluster 6 -> 1EAW/c_424 1EAW/c_446 1EAW/c_449 1EAW/c_452 1EAW/c_453 1EAW/c_457 1EAW/c_45 1EAW/c_466 1EAW/c_520 1EAW/c_549 1EAW/c_568 1EAW/c_569 1EAW/c_588 1EAW/c_591 1EAW/c_607 1EAW/c_618 1EAW/c_654 1EAW/c_692 1EAW/c_750 1EAW/c_783 1EAW/c_809 1EAW/c_831 1EAW/c_833 1EAW/c_83 1EAW/c_852 1EAW/c_859 1EAW/c_902 1EAW/c_937 1EAW/c_96 1EAW/c_983 1EAW/c_126 1EAW/c_148 1EAW/c_156 1EAW/c_167 1EAW/c_210 1EAW/c_240 1EAW/c_241 1EAW/c_271 1EAW/c_291 1EAW/c_304 1EAW/c_325 1EAW/c_326 1EAW/c_349 1EAW/c_385 1EAW/c_389
Cluster 7 -> 1EAW/c_566 1EAW/c_443 1EAW/c_454 1EAW/c_461 1EAW/c_472 1EAW/c_498 1EAW/c_502 1EAW/c_508 1EAW/c_515 1EAW/c_550 1EAW/c_611 1EAW/c_617 1EAW/c_61 1EAW/c_680 1EAW/c_685 1EAW/c_710 1EAW/c_715 1EAW/c_819 1EAW/c_834 1EAW/c_849 1EAW/c_858 1EAW/c_864 1EAW/c_87 1EAW/c_92 1EAW/c_936 1EAW/c_950 1EAW/c_976 1EAW/c_979 1EAW/c_125 1EAW/c_130 1EAW/c_155 1EAW/c_194 1EAW/c_230 1EAW/c_246 1EAW/c_256 1EAW/c_276 1EAW/c_313 1EAW/c_324 1EAW/c_355 1EAW/c_369 1EAW/c_380 1EAW/c_405 1EAW/c_408 1EAW/c_409
Cluster 8 -> 1EAW/c_798 1EAW/c_490 1EAW/c_497 1EAW/c_512 1EAW/c_519 1EAW/c_530 1EAW/c_546 1EAW/c_572 1EAW/c_577 1EAW/c_581 1EAW/c_60 1EAW/c_612 1EAW/c_642 1EAW/c_664 1EAW/c_686 1EAW/c_693 1EAW/c_703 1EAW/c_721 1EAW/c_761 1EAW/c_827 1EAW/c_845 1EAW/c_853 1EAW/c_871 1EAW/c_883 1EAW/c_951 1EAW/c_114 1EAW/c_134 1EAW/c_160 1EAW/c_174 1EAW/c_184 1EAW/c_217 1EAW/c_24 1EAW/c_279 1EAW/c_290 1EAW/c_305 1EAW/c_348 1EAW/c_36 1EAW/c_38 1EAW/c_403 1EAW/c_411 1EAW/c_413 1EAW/c_419
Cluster 9 -> 1EAW/c_81 1EAW/c_492 1EAW/c_517 1EAW/c_52 1EAW/c_620 1EAW/c_629 1EAW/c_666 1EAW/c_700 1EAW/c_734 1EAW/c_73 1EAW/c_760 1EAW/c_807 1EAW/c_832 1EAW/c_863 1EAW/c_920 1EAW/c_137 1EAW/c_149 1EAW/c_163 1EAW/c_205 1EAW/c_251 1EAW/c_260 1EAW/c_268 1EAW/c_302 1EAW/c_308 1EAW/c_317 1EAW/c_337 1EAW/c_374 1EAW/c_378 1EAW/c_381 1EAW/c_404 1EAW/c_418 1EAW/c_439
Cluster 10 -> 1EAW/c_140 1EAW/c_442 1EAW/c_465 1EAW/c_501 1EAW/c_574 1EAW/c_632 1EAW/c_651 1EAW/c_668 1EAW/c_669 1EAW/c_706 1EAW/c_716 1EAW/c_723 1EAW/c_763 1EAW/c_860 1EAW/c_870 1EAW/c_884 1EAW/c_940 1EAW/c_949 1EAW/c_178 1EAW/c_218 1EAW/c_219 1EAW/c_221 1EAW/c_269 1EAW/c_274 1EAW/c_322 1EAW/c_327 1EAW/c_347 1EAW/c_352 1EAW/c_357 1EAW/c_379 1EAW/c_407
Cluster 11 -> 1EAW/c_931 1EAW/c_460 1EAW/c_475 1EAW/c_493 1EAW/c_516 1EAW/c_518 1EAW/c_526 1EAW/c_560 1EAW/c_564 1EAW/c_565 1EAW/c_595 1EAW/c_639 1EAW/c_659 1EAW/c_673 1EAW/c_764 1EAW/c_769 1EAW/c_777 1EAW/c_787 1EAW/c_812 1EAW/c_828 1EAW/c_851 1EAW/c_878 1EAW/c_882 1EAW/c_894 1EAW/c_947 1EAW/c_176 1EAW/c_181 1EAW/c_199 1EAW/c_220 1EAW/c_330
Cluster 12 -> 1EAW/c_459 1EAW/c_458 1EAW/c_479 1EAW/c_537 1EAW/c_603 1EAW/c_652 1EAW/c_662 1EAW/c_670 1EAW/c_67 1EAW/c_698 1EAW/c_728 1EAW/c_74 1EAW/c_786 1EAW/c_879 1EAW/c_88 1EAW/c_892 1EAW/c_981 1EAW/c_132 1EAW/c_177 1EAW/c_200 1EAW/c_229 1EAW/c_236 1EAW/c_237 1EAW/c_252 1EAW/c_273 1EAW/c_318 1EAW/c_321 1EAW/c_366 1EAW/c_416 1EAW/c_434
Cluster 13 -> 1EAW/c_694 1EAW/c_469 1EAW/c_505 1EAW/c_507 1EAW/c_511 1EAW/c_514 1EAW/c_524 1EAW/c_527 1EAW/c_534 1EAW/c_548 1EAW/c_608 1EAW/c_707 1EAW/c_740 1EAW/c_757 1EAW/c_758 1EAW/c_869 1EAW/c_875 1EAW/c_94 1EAW/c_164 1EAW/c_168 1EAW/c_224 1EAW/c_278 1EAW/c_289 1EAW/c_294 1EAW/c_356
Cluster 14 -> 1EAW/c_543 1EAW/c_579 1EAW/c_596 1EAW/c_630 1EAW/c_672 1EAW/c_689 1EAW/c_697 1EAW/c_699 1EAW/c_755 1EAW/c_766 1EAW/c_782 1EAW/c_784 1EAW/c_914 1EAW/c_926 1EAW/c_998 1EAW/c_183 1EAW/c_245 1EAW/c_315 1EAW/c_319 1EAW/c_373 1EAW/c_390 1EAW/c_398
Cluster 15 -> 1EAW/c_504 1EAW/c_46 1EAW/c_576 1EAW/c_57 1EAW/c_592 1EAW/c_631 1EAW/c_68 1EAW/c_737 1EAW/c_779 1EAW/c_78 1EAW/c_790 1EAW/c_993 1EAW/c_131 1EAW/c_142 1EAW/c_182 1EAW/c_195 1EAW/c_226 1EAW/c_301 1EAW/c_367 1EAW/c_382 1EAW/c_427 1EAW/c_42
Cluster 16 -> 1EAW/c_647 1EAW/c_563 1EAW/c_571 1EAW/c_580 1EAW/c_600 1EAW/c_625 1EAW/c_683 1EAW/c_792 1EAW/c_820 1EAW/c_873 1EAW/c_917 1EAW/c_919 1EAW/c_960 1EAW/c_994 1EAW/c_233 1EAW/c_282 1EAW/c_286 1EAW/c_297 1EAW/c_311 1EAW/c_391 1EAW/c_395
Cluster 17 -> 1EAW/c_104 1EAW/c_541 1EAW/c_614 1EAW/c_660 1EAW/c_713 1EAW/c_718 1EAW/c_753 1EAW/c_80 1EAW/c_817 1EAW/c_84 1EAW/c_874 1EAW/c_881 1EAW/c_922 1EAW/c_927 1EAW/c_984 1EAW/c_25 1EAW/c_292 1EAW/c_295 1EAW/c_303 1EAW/c_37
Cluster 18 -> 1EAW/c_400 1EAW/c_48 1EAW/c_521 1EAW/c_641 1EAW/c_658 1EAW/c_677 1EAW/c_736 1EAW/c_89 1EAW/c_959 1EAW/c_117 1EAW/c_122 1EAW/c_212 1EAW/c_333 1EAW/c_334 1EAW/c_339
Cluster 19 -> 1EAW/c_970 1EAW/c_462 1EAW/c_643 1EAW/c_768 1EAW/c_841 1EAW/c_952 1EAW/c_973 1EAW/c_988 1EAW/c_179 1EAW/c_187 1EAW/c_215 1EAW/c_281 1EAW/c_371
Cluster 20 -> 1EAW/c_583 1EAW/c_477 1EAW/c_486 1EAW/c_494 1EAW/c_695 1EAW/c_696 1EAW/c_733 1EAW/c_762 1EAW/c_956 1EAW/c_957 1EAW/c_250 1EAW/c_353 1EAW/c_431
Cluster 21 -> 1EAW/c_847 1EAW/c_510 1EAW/c_531 1EAW/c_720 1EAW/c_729 1EAW/c_791 1EAW/c_893 1EAW/c_209 1EAW/c_312 1EAW/c_375 1EAW/c_396 1EAW/c_420
Cluster 22 -> 1EAW/c_197 1EAW/c_637 1EAW/c_711 1EAW/c_730 1EAW/c_751 1EAW/c_797 1EAW/c_868 1EAW/c_288 1EAW/c_399 1EAW/c_428 1EAW/c_429 1EAW/c_435
Cluster 23 -> 1EAW/c_995 1EAW/c_474 1EAW/c_772 1EAW/c_773 1EAW/c_800 1EAW/c_829 1EAW/c_862 1EAW/c_905 1EAW/c_907 1EAW/c_982 1EAW/c_996
Cluster 24 -> 1EAW/c_962 1EAW/c_450 1EAW/c_480 1EAW/c_538 1EAW/c_681 1EAW/c_738 1EAW/c_776 1EAW/c_794 1EAW/c_816 1EAW/c_939 1EAW/c_423
Cluster 25 -> 1EAW/c_802 1EAW/c_487 1EAW/c_489 1EAW/c_491 1EAW/c_626 1EAW/c_727 1EAW/c_801 1EAW/c_805 1EAW/c_821 1EAW/c_906 1EAW/c_908
Cluster 26 -> 1EAW/c_987 1EAW/c_624 1EAW/c_702 1EAW/c_785 1EAW/c_803 1EAW/c_855 1EAW/c_923 1EAW/c_942 1EAW/c_968 1EAW/c_386
Cluster 27 -> 1EAW/c_886 1EAW/c_633 1EAW/c_701 1EAW/c_839 1EAW/c_170 1EAW/c_231 1EAW/c_344 1EAW/c_401 1EAW/c_410 1EAW/c_422
Cluster 28 -> 1EAW/c_778 1EAW/c_554 1EAW/c_559 1EAW/c_640 1EAW/c_665 1EAW/c_924 1EAW/c_300 1EAW/c_306 1EAW/c_440
Cluster 29 -> 1EAW/c_704 1EAW/c_553 1EAW/c_774 1EAW/c_916 1EAW/c_136 1EAW/c_222 1EAW/c_239 1EAW/c_310 1EAW/c_406
Cluster 30 -> 1EAW/c_992 1EAW/c_482 1EAW/c_561 1EAW/c_814 1EAW/c_861 1EAW/c_967 1EAW/c_298
Cluster 31 -> 1EAW/c_857 1EAW/c_476 1EAW/c_555 1EAW/c_562 1EAW/c_895 1EAW/c_938 1EAW/c_360
Cluster 32 -> 1EAW/c_780 1EAW/c_593 1EAW/c_616 1EAW/c_714 1EAW/c_204 1EAW/c_388 1EAW/c_432
Cluster 33 -> 1EAW/c_997 1EAW/c_628 1EAW/c_815 1EAW/c_901 1EAW/c_343 1EAW/c_417
Cluster 34 -> 1EAW/c_754 1EAW/c_539 1EAW/c_735 1EAW/c_897 1EAW/c_964 1EAW/c_259
Cluster 35 -> 1EAW/c_636 1EAW/c_634 1EAW/c_145 1EAW/c_169 1EAW/c_258 1EAW/c_316
Cluster 36 -> 1EAW/c_899 1EAW/c_748 1EAW/c_825 1EAW/c_887 1EAW/c_955
Cluster 37 -> 1EAW/c_848 1EAW/c_532 1EAW/c_586 1EAW/c_688 1EAW/c_731
Cluster 38 -> 1EAW/c_756 1EAW/c_622 1EAW/c_918 1EAW/c_946 1EAW/c_309
Cluster 39 -> 1EAW/c_657 1EAW/c_585 1EAW/c_712 1EAW/c_767 1EAW/c_865
Cluster 40 -> 1EAW/c_948 1EAW/c_646 1EAW/c_732 1EAW/c_944
Cluster 41 -> 1EAW/c_929 1EAW/c_468 1EAW/c_496 1EAW/c_977
Cluster 42 -> 1EAW/c_921 1EAW/c_667 1EAW/c_678 1EAW/c_438
Cluster 43 -> 1EAW/c_885 1EAW/c_551 1EAW/c_705 1EAW/c_836
Cluster 44 -> 1EAW/c_867 1EAW/c_558 1EAW/c_741 1EAW/c_397
Cluster 45 -> 1EAW/c_856 1EAW/c_483 1EAW/c_606 1EAW/c_941
Cluster 46 -> 1EAW/c_824 1EAW/c_691 1EAW/c_813 1EAW/c_854
Cluster 47 -> 1EAW/c_623 1EAW/c_573 1EAW/c_648 1EAW/c_198
