Cluster 1 -> 1EWY/c_627 1EWY/c_447 1EWY/c_480 1EWY/c_485 1EWY/c_487 1EWY/c_490 1EWY/c_491 1EWY/c_494 1EWY/c_499 1EWY/c_540 1EWY/c_544 1EWY/c_546 1EWY/c_579 1EWY/c_594 1EWY/c_633 1EWY/c_643 1EWY/c_681 1EWY/c_687 1EWY/c_743 1EWY/c_752 1EWY/c_754 1EWY/c_821 1EWY/c_840 1EWY/c_861 1EWY/c_890 1EWY/c_894 1EWY/c_90 1EWY/c_981 1EWY/c_109 1EWY/c_149 1EWY/c_152 1EWY/c_160 1EWY/c_172 1EWY/c_202 1EWY/c_205 1EWY/c_206 1EWY/c_217 1EWY/c_223 1EWY/c_234 1EWY/c_236 1EWY/c_245 1EWY/c_265 1EWY/c_279 1EWY/c_291 1EWY/c_318 1EWY/c_320 1EWY/c_324 1EWY/c_337 1EWY/c_340 1EWY/c_344 1EWY/c_350 1EWY/c_360 1EWY/c_393 1EWY/c_433
Cluster 2 -> 1EWY/c_88 1EWY/c_458 1EWY/c_460 1EWY/c_46 1EWY/c_4 1EWY/c_585 1EWY/c_586 1EWY/c_591 1EWY/c_613 1EWY/c_68 1EWY/c_696 1EWY/c_70 1EWY/c_714 1EWY/c_74 1EWY/c_755 1EWY/c_80 1EWY/c_853 1EWY/c_856 1EWY/c_903 1EWY/c_907 1EWY/c_96 1EWY/c_999 1EWY/c_111 1EWY/c_117 1EWY/c_125 1EWY/c_129 1EWY/c_137 1EWY/c_140 1EWY/c_148 1EWY/c_14 1EWY/c_154 1EWY/c_15 1EWY/c_171 1EWY/c_181 1EWY/c_185 1EWY/c_191 1EWY/c_195 1EWY/c_196 1EWY/c_220 1EWY/c_231 1EWY/c_232 1EWY/c_240 1EWY/c_253 1EWY/c_26 1EWY/c_306 1EWY/c_314 1EWY/c_335 1EWY/c_366 1EWY/c_374 1EWY/c_385 1EWY/c_42
Cluster 3 -> 1EWY/c_239 1EWY/c_441 1EWY/c_449 1EWY/c_456 1EWY/c_475 1EWY/c_488 1EWY/c_497 1EWY/c_553 1EWY/c_562 1EWY/c_563 1EWY/c_589 1EWY/c_629 1EWY/c_64 1EWY/c_672 1EWY/c_691 1EWY/c_692 1EWY/c_694 1EWY/c_72 1EWY/c_73 1EWY/c_745 1EWY/c_835 1EWY/c_838 1EWY/c_859 1EWY/c_870 1EWY/c_913 1EWY/c_92 1EWY/c_97 1EWY/c_101 1EWY/c_102 1EWY/c_115 1EWY/c_142 1EWY/c_175 1EWY/c_178 1EWY/c_189 1EWY/c_229 1EWY/c_235 1EWY/c_241 1EWY/c_259 1EWY/c_273 1EWY/c_293 1EWY/c_298 1EWY/c_307 1EWY/c_351 1EWY/c_353 1EWY/c_382 1EWY/c_405 1EWY/c_406
Cluster 4 -> 1EWY/c_8 1EWY/c_443 1EWY/c_44 1EWY/c_454 1EWY/c_508 1EWY/c_50 1EWY/c_513 1EWY/c_534 1EWY/c_592 1EWY/c_59 1EWY/c_5 1EWY/c_60 1EWY/c_63 1EWY/c_651 1EWY/c_6 1EWY/c_716 1EWY/c_724 1EWY/c_874 1EWY/c_923 1EWY/c_961 1EWY/c_108 1EWY/c_11 1EWY/c_124 1EWY/c_12 1EWY/c_134 1EWY/c_141 1EWY/c_17 1EWY/c_18 1EWY/c_190 1EWY/c_19 1EWY/c_1 1EWY/c_200 1EWY/c_20 1EWY/c_257 1EWY/c_258 1EWY/c_25 1EWY/c_262 1EWY/c_330 1EWY/c_336 1EWY/c_364 1EWY/c_365 1EWY/c_3 1EWY/c_425 1EWY/c_427
Cluster 5 -> 1EWY/c_29 1EWY/c_446 1EWY/c_479 1EWY/c_47 1EWY/c_489 1EWY/c_515 1EWY/c_550 1EWY/c_55 1EWY/c_564 1EWY/c_577 1EWY/c_618 1EWY/c_654 1EWY/c_673 1EWY/c_77 1EWY/c_814 1EWY/c_84 1EWY/c_86 1EWY/c_891 1EWY/c_936 1EWY/c_133 1EWY/c_139 1EWY/c_147 1EWY/c_153 1EWY/c_164 1EWY/c_165 1EWY/c_192 1EWY/c_215 1EWY/c_249 1EWY/c_302 1EWY/c_31 1EWY/c_332 1EWY/c_34 1EWY/c_36 1EWY/c_377 1EWY/c_394 1EWY/c_39 1EWY/c_41 1EWY/c_429 1EWY/c_436
Cluster 6 -> 1EWY/c_120 1EWY/c_444 1EWY/c_448 1EWY/c_482 1EWY/c_518 1EWY/c_542 1EWY/c_547 1EWY/c_565 1EWY/c_569 1EWY/c_584 1EWY/c_595 1EWY/c_617 1EWY/c_62 1EWY/c_690 1EWY/c_75 1EWY/c_762 1EWY/c_815 1EWY/c_898 1EWY/c_918 1EWY/c_984 1EWY/c_121 1EWY/c_127 1EWY/c_135 1EWY/c_150 1EWY/c_158 1EWY/c_174 1EWY/c_211 1EWY/c_268 1EWY/c_283 1EWY/c_295 1EWY/c_296 1EWY/c_308 1EWY/c_327 1EWY/c_338 1EWY/c_417
Cluster 7 -> 1EWY/c_51 1EWY/c_467 1EWY/c_49 1EWY/c_503 1EWY/c_524 1EWY/c_537 1EWY/c_555 1EWY/c_61 1EWY/c_625 1EWY/c_799 1EWY/c_802 1EWY/c_806 1EWY/c_827 1EWY/c_860 1EWY/c_865 1EWY/c_871 1EWY/c_885 1EWY/c_100 1EWY/c_112 1EWY/c_126 1EWY/c_167 1EWY/c_177 1EWY/c_180 1EWY/c_214 1EWY/c_224 1EWY/c_276 1EWY/c_287 1EWY/c_290 1EWY/c_341 1EWY/c_357 1EWY/c_37 1EWY/c_383 1EWY/c_397 1EWY/c_43
Cluster 8 -> 1EWY/c_824 1EWY/c_506 1EWY/c_507 1EWY/c_523 1EWY/c_527 1EWY/c_66 1EWY/c_707 1EWY/c_717 1EWY/c_775 1EWY/c_796 1EWY/c_801 1EWY/c_811 1EWY/c_81 1EWY/c_822 1EWY/c_823 1EWY/c_904 1EWY/c_911 1EWY/c_916 1EWY/c_94 1EWY/c_989 1EWY/c_10 1EWY/c_166 1EWY/c_173 1EWY/c_179 1EWY/c_194 1EWY/c_197 1EWY/c_22 1EWY/c_23 1EWY/c_284 1EWY/c_38 1EWY/c_400 1EWY/c_434
Cluster 9 -> 1EWY/c_908 1EWY/c_510 1EWY/c_554 1EWY/c_559 1EWY/c_572 1EWY/c_640 1EWY/c_644 1EWY/c_659 1EWY/c_709 1EWY/c_740 1EWY/c_758 1EWY/c_780 1EWY/c_843 1EWY/c_844 1EWY/c_873 1EWY/c_941 1EWY/c_980 1EWY/c_985 1EWY/c_254 1EWY/c_261 1EWY/c_326 1EWY/c_355 1EWY/c_369 1EWY/c_376 1EWY/c_387 1EWY/c_388 1EWY/c_409 1EWY/c_414 1EWY/c_432 1EWY/c_439
Cluster 10 -> 1EWY/c_452 1EWY/c_57 1EWY/c_598 1EWY/c_620 1EWY/c_661 1EWY/c_676 1EWY/c_67 1EWY/c_721 1EWY/c_748 1EWY/c_749 1EWY/c_772 1EWY/c_790 1EWY/c_804 1EWY/c_845 1EWY/c_976 1EWY/c_98 1EWY/c_107 1EWY/c_110 1EWY/c_119 1EWY/c_132 1EWY/c_13 1EWY/c_163 1EWY/c_21 1EWY/c_243 1EWY/c_244 1EWY/c_27 1EWY/c_32 1EWY/c_347 1EWY/c_349 1EWY/c_391
Cluster 11 -> 1EWY/c_2 1EWY/c_45 1EWY/c_463 1EWY/c_470 1EWY/c_496 1EWY/c_588 1EWY/c_674 1EWY/c_769 1EWY/c_797 1EWY/c_79 1EWY/c_7 1EWY/c_82 1EWY/c_848 1EWY/c_887 1EWY/c_912 1EWY/c_91 1EWY/c_943 1EWY/c_9 1EWY/c_186 1EWY/c_187 1EWY/c_203 1EWY/c_209 1EWY/c_24 1EWY/c_285 1EWY/c_28 1EWY/c_305 1EWY/c_30 1EWY/c_33 1EWY/c_384 1EWY/c_40
Cluster 12 -> 1EWY/c_533 1EWY/c_445 1EWY/c_48 1EWY/c_52 1EWY/c_560 1EWY/c_575 1EWY/c_744 1EWY/c_789 1EWY/c_812 1EWY/c_813 1EWY/c_833 1EWY/c_864 1EWY/c_932 1EWY/c_947 1EWY/c_95 1EWY/c_103 1EWY/c_106 1EWY/c_193 1EWY/c_199 1EWY/c_242 1EWY/c_250 1EWY/c_252 1EWY/c_292 1EWY/c_315 1EWY/c_35 1EWY/c_368 1EWY/c_389 1EWY/c_390 1EWY/c_404
Cluster 13 -> 1EWY/c_899 1EWY/c_493 1EWY/c_495 1EWY/c_505 1EWY/c_517 1EWY/c_568 1EWY/c_602 1EWY/c_632 1EWY/c_671 1EWY/c_87 1EWY/c_919 1EWY/c_949 1EWY/c_951 1EWY/c_965 1EWY/c_979 1EWY/c_990 1EWY/c_143 1EWY/c_156 1EWY/c_170 1EWY/c_176 1EWY/c_255 1EWY/c_260 1EWY/c_277 1EWY/c_352 1EWY/c_372 1EWY/c_378 1EWY/c_381
Cluster 14 -> 1EWY/c_123 1EWY/c_453 1EWY/c_461 1EWY/c_601 1EWY/c_616 1EWY/c_619 1EWY/c_660 1EWY/c_689 1EWY/c_708 1EWY/c_711 1EWY/c_738 1EWY/c_750 1EWY/c_785 1EWY/c_850 1EWY/c_876 1EWY/c_909 1EWY/c_188 1EWY/c_208 1EWY/c_267 1EWY/c_294 1EWY/c_361 1EWY/c_380 1EWY/c_422
Cluster 15 -> 1EWY/c_207 1EWY/c_500 1EWY/c_519 1EWY/c_539 1EWY/c_581 1EWY/c_657 1EWY/c_677 1EWY/c_685 1EWY/c_715 1EWY/c_768 1EWY/c_849 1EWY/c_992 1EWY/c_136 1EWY/c_144 1EWY/c_238 1EWY/c_281 1EWY/c_300 1EWY/c_313 1EWY/c_346 1EWY/c_396 1EWY/c_410 1EWY/c_411
Cluster 16 -> 1EWY/c_58 1EWY/c_471 1EWY/c_504 1EWY/c_514 1EWY/c_56 1EWY/c_580 1EWY/c_637 1EWY/c_664 1EWY/c_712 1EWY/c_773 1EWY/c_78 1EWY/c_99 1EWY/c_104 1EWY/c_169 1EWY/c_269 1EWY/c_271 1EWY/c_272 1EWY/c_280 1EWY/c_299 1EWY/c_301 1EWY/c_421
Cluster 17 -> 1EWY/c_182 1EWY/c_570 1EWY/c_576 1EWY/c_603 1EWY/c_65 1EWY/c_693 1EWY/c_722 1EWY/c_728 1EWY/c_733 1EWY/c_818 1EWY/c_118 1EWY/c_131 1EWY/c_218 1EWY/c_251 1EWY/c_321 1EWY/c_333 1EWY/c_375 1EWY/c_392 1EWY/c_395 1EWY/c_403 1EWY/c_437
Cluster 18 -> 1EWY/c_862 1EWY/c_474 1EWY/c_477 1EWY/c_484 1EWY/c_545 1EWY/c_611 1EWY/c_630 1EWY/c_700 1EWY/c_794 1EWY/c_966 1EWY/c_975 1EWY/c_995 1EWY/c_996 1EWY/c_114 1EWY/c_216 1EWY/c_228 1EWY/c_278 1EWY/c_342 1EWY/c_373
Cluster 19 -> 1EWY/c_413 1EWY/c_459 1EWY/c_53 1EWY/c_561 1EWY/c_567 1EWY/c_662 1EWY/c_771 1EWY/c_85 1EWY/c_905 1EWY/c_914 1EWY/c_917 1EWY/c_930 1EWY/c_122 1EWY/c_16 1EWY/c_212 1EWY/c_247 1EWY/c_322 1EWY/c_371 1EWY/c_419
Cluster 20 -> 1EWY/c_723 1EWY/c_465 1EWY/c_473 1EWY/c_529 1EWY/c_532 1EWY/c_535 1EWY/c_557 1EWY/c_684 1EWY/c_787 1EWY/c_875 1EWY/c_877 1EWY/c_878 1EWY/c_884 1EWY/c_896 1EWY/c_89 1EWY/c_952 1EWY/c_297 1EWY/c_418
Cluster 21 -> 1EWY/c_649 1EWY/c_455 1EWY/c_472 1EWY/c_578 1EWY/c_604 1EWY/c_639 1EWY/c_652 1EWY/c_667 1EWY/c_678 1EWY/c_763 1EWY/c_994 1EWY/c_130 1EWY/c_146 1EWY/c_161 1EWY/c_275 1EWY/c_304 1EWY/c_420 1EWY/c_424
Cluster 22 -> 1EWY/c_558 1EWY/c_593 1EWY/c_756 1EWY/c_778 1EWY/c_783 1EWY/c_795 1EWY/c_825 1EWY/c_926 1EWY/c_927 1EWY/c_929 1EWY/c_977 1EWY/c_263 1EWY/c_274 1EWY/c_367 1EWY/c_412
Cluster 23 -> 1EWY/c_600 1EWY/c_656 1EWY/c_766 1EWY/c_817 1EWY/c_897 1EWY/c_933 1EWY/c_113 1EWY/c_151 1EWY/c_184 1EWY/c_213 1EWY/c_316 1EWY/c_416
Cluster 24 -> 1EWY/c_757 1EWY/c_483 1EWY/c_582 1EWY/c_666 1EWY/c_688 1EWY/c_706 1EWY/c_710 1EWY/c_781 1EWY/c_893 1EWY/c_198 1EWY/c_303
Cluster 25 -> 1EWY/c_464 1EWY/c_501 1EWY/c_516 1EWY/c_520 1EWY/c_526 1EWY/c_536 1EWY/c_623 1EWY/c_626 1EWY/c_635 1EWY/c_883 1EWY/c_888
Cluster 26 -> 1EWY/c_356 1EWY/c_571 1EWY/c_631 1EWY/c_638 1EWY/c_641 1EWY/c_720 1EWY/c_731 1EWY/c_737 1EWY/c_791 1EWY/c_201 1EWY/c_348
Cluster 27 -> 1EWY/c_288 1EWY/c_469 1EWY/c_521 1EWY/c_54 1EWY/c_889 1EWY/c_986 1EWY/c_997 1EWY/c_105 1EWY/c_246 1EWY/c_248 1EWY/c_256
Cluster 28 -> 1EWY/c_83 1EWY/c_486 1EWY/c_701 1EWY/c_826 1EWY/c_839 1EWY/c_116 1EWY/c_159 1EWY/c_204 1EWY/c_311 1EWY/c_431
Cluster 29 -> 1EWY/c_442 1EWY/c_606 1EWY/c_622 1EWY/c_642 1EWY/c_734 1EWY/c_742 1EWY/c_767 1EWY/c_798 1EWY/c_863 1EWY/c_270
Cluster 30 -> 1EWY/c_266 1EWY/c_457 1EWY/c_615 1EWY/c_808 1EWY/c_998 1EWY/c_128 1EWY/c_157 1EWY/c_282 1EWY/c_359 1EWY/c_426
Cluster 31 -> 1EWY/c_230 1EWY/c_478 1EWY/c_543 1EWY/c_628 1EWY/c_686 1EWY/c_831 1EWY/c_854 1EWY/c_343 1EWY/c_423 1EWY/c_430
Cluster 32 -> 1EWY/c_765 1EWY/c_702 1EWY/c_770 1EWY/c_847 1EWY/c_939 1EWY/c_962 1EWY/c_286 1EWY/c_289 1EWY/c_312
Cluster 33 -> 1EWY/c_670 1EWY/c_466 1EWY/c_587 1EWY/c_680 1EWY/c_71 1EWY/c_777 1EWY/c_829 1EWY/c_971 1EWY/c_219
Cluster 34 -> 1EWY/c_963 1EWY/c_704 1EWY/c_732 1EWY/c_774 1EWY/c_882 1EWY/c_942 1EWY/c_983 1EWY/c_401
Cluster 35 -> 1EWY/c_974 1EWY/c_727 1EWY/c_851 1EWY/c_915 1EWY/c_937 1EWY/c_973 1EWY/c_329
Cluster 36 -> 1EWY/c_970 1EWY/c_531 1EWY/c_624 1EWY/c_726 1EWY/c_834 1EWY/c_93 1EWY/c_323
Cluster 37 -> 1EWY/c_956 1EWY/c_451 1EWY/c_502 1EWY/c_583 1EWY/c_183 1EWY/c_358 1EWY/c_438
Cluster 38 -> 1EWY/c_925 1EWY/c_492 1EWY/c_522 1EWY/c_551 1EWY/c_612 1EWY/c_682 1EWY/c_155
Cluster 39 -> 1EWY/c_836 1EWY/c_511 1EWY/c_530 1EWY/c_698 1EWY/c_718 1EWY/c_739 1EWY/c_317
Cluster 40 -> 1EWY/c_816 1EWY/c_556 1EWY/c_729 1EWY/c_869 1EWY/c_902 1EWY/c_227 1EWY/c_331
Cluster 41 -> 1EWY/c_776 1EWY/c_699 1EWY/c_736 1EWY/c_879 1EWY/c_222 1EWY/c_345 1EWY/c_386
Cluster 42 -> 1EWY/c_735 1EWY/c_609 1EWY/c_786 1EWY/c_892 1EWY/c_924 1EWY/c_957 1EWY/c_967
Cluster 43 -> 1EWY/c_730 1EWY/c_596 1EWY/c_705 1EWY/c_948 1EWY/c_162 1EWY/c_325 1EWY/c_415
Cluster 44 -> 1EWY/c_987 1EWY/c_548 1EWY/c_760 1EWY/c_872 1EWY/c_938 1EWY/c_1000
Cluster 45 -> 1EWY/c_953 1EWY/c_512 1EWY/c_675 1EWY/c_779 1EWY/c_226 1EWY/c_354
Cluster 46 -> 1EWY/c_935 1EWY/c_658 1EWY/c_746 1EWY/c_805 1EWY/c_334 1EWY/c_428
Cluster 47 -> 1EWY/c_858 1EWY/c_573 1EWY/c_608 1EWY/c_741 1EWY/c_753 1EWY/c_399
Cluster 48 -> 1EWY/c_809 1EWY/c_751 1EWY/c_76 1EWY/c_921 1EWY/c_946 1EWY/c_959
Cluster 49 -> 1EWY/c_695 1EWY/c_645 1EWY/c_647 1EWY/c_920 1EWY/c_319 1EWY/c_402
Cluster 50 -> 1EWY/c_993 1EWY/c_468 1EWY/c_807 1EWY/c_928 1EWY/c_991
Cluster 51 -> 1EWY/c_792 1EWY/c_509 1EWY/c_549 1EWY/c_599 1EWY/c_982
Cluster 52 -> 1EWY/c_541 1EWY/c_832 1EWY/c_867 1EWY/c_886 1EWY/c_168
Cluster 53 -> 1EWY/c_846 1EWY/c_747 1EWY/c_900 1EWY/c_221
Cluster 54 -> 1EWY/c_819 1EWY/c_668 1EWY/c_830 1EWY/c_880
Cluster 55 -> 1EWY/c_607 1EWY/c_683 1EWY/c_145 1EWY/c_408
Cluster 56 -> 1EWY/c_538 1EWY/c_450 1EWY/c_210 1EWY/c_328
Cluster 57 -> 1EWY/c_528 1EWY/c_481 1EWY/c_950 1EWY/c_440
