Cluster 1 -> 1EZU/c_582 1EZU/c_451 1EZU/c_453 1EZU/c_45 1EZU/c_460 1EZU/c_47 1EZU/c_484 1EZU/c_486 1EZU/c_488 1EZU/c_48 1EZU/c_499 1EZU/c_4 1EZU/c_50 1EZU/c_512 1EZU/c_513 1EZU/c_515 1EZU/c_524 1EZU/c_528 1EZU/c_53 1EZU/c_547 1EZU/c_562 1EZU/c_56 1EZU/c_572 1EZU/c_592 1EZU/c_598 1EZU/c_613 1EZU/c_617 1EZU/c_618 1EZU/c_633 1EZU/c_636 1EZU/c_645 1EZU/c_648 1EZU/c_658 1EZU/c_665 1EZU/c_668 1EZU/c_681 1EZU/c_686 1EZU/c_687 1EZU/c_693 1EZU/c_6 1EZU/c_709 1EZU/c_713 1EZU/c_72 1EZU/c_735 1EZU/c_752 1EZU/c_755 1EZU/c_769 1EZU/c_76 1EZU/c_772 1EZU/c_774 1EZU/c_779 1EZU/c_792 1EZU/c_793 1EZU/c_805 1EZU/c_80 1EZU/c_823 1EZU/c_830 1EZU/c_833 1EZU/c_842 1EZU/c_863 1EZU/c_86 1EZU/c_878 1EZU/c_880 1EZU/c_881 1EZU/c_889 1EZU/c_88 1EZU/c_8 1EZU/c_902 1EZU/c_909 1EZU/c_90 1EZU/c_910 1EZU/c_916 1EZU/c_917 1EZU/c_919 1EZU/c_923 1EZU/c_924 1EZU/c_92 1EZU/c_933 1EZU/c_935 1EZU/c_941 1EZU/c_944 1EZU/c_954 1EZU/c_955 1EZU/c_96 1EZU/c_972 1EZU/c_974 1EZU/c_97 1EZU/c_984 1EZU/c_9 1EZU/c_106 1EZU/c_10 1EZU/c_113 1EZU/c_11 1EZU/c_126 1EZU/c_129 1EZU/c_134 1EZU/c_138 1EZU/c_13 1EZU/c_140 1EZU/c_143 1EZU/c_146 1EZU/c_150 1EZU/c_151 1EZU/c_155 1EZU/c_16 1EZU/c_170 1EZU/c_173 1EZU/c_178 1EZU/c_185 1EZU/c_190 1EZU/c_199 1EZU/c_19 1EZU/c_1 1EZU/c_202 1EZU/c_212 1EZU/c_217 1EZU/c_221 1EZU/c_228 1EZU/c_22 1EZU/c_236 1EZU/c_238 1EZU/c_23 1EZU/c_24 1EZU/c_252 1EZU/c_256 1EZU/c_25 1EZU/c_262 1EZU/c_266 1EZU/c_267 1EZU/c_271 1EZU/c_277 1EZU/c_27 1EZU/c_281 1EZU/c_288 1EZU/c_289 1EZU/c_298 1EZU/c_299 1EZU/c_301 1EZU/c_309 1EZU/c_31 1EZU/c_325 1EZU/c_32 1EZU/c_336 1EZU/c_33 1EZU/c_343 1EZU/c_356 1EZU/c_35 1EZU/c_360 1EZU/c_362 1EZU/c_368 1EZU/c_369 1EZU/c_376 1EZU/c_378 1EZU/c_383 1EZU/c_385 1EZU/c_389 1EZU/c_3 1EZU/c_402 1EZU/c_414 1EZU/c_417 1EZU/c_419 1EZU/c_426 1EZU/c_427 1EZU/c_42 1EZU/c_432 1EZU/c_43
Cluster 2 -> 1EZU/c_850 1EZU/c_447 1EZU/c_450 1EZU/c_455 1EZU/c_462 1EZU/c_464 1EZU/c_479 1EZU/c_496 1EZU/c_498 1EZU/c_518 1EZU/c_52 1EZU/c_532 1EZU/c_541 1EZU/c_546 1EZU/c_548 1EZU/c_54 1EZU/c_55 1EZU/c_568 1EZU/c_569 1EZU/c_571 1EZU/c_585 1EZU/c_586 1EZU/c_589 1EZU/c_590 1EZU/c_591 1EZU/c_595 1EZU/c_611 1EZU/c_614 1EZU/c_619 1EZU/c_629 1EZU/c_62 1EZU/c_647 1EZU/c_649 1EZU/c_653 1EZU/c_667 1EZU/c_66 1EZU/c_671 1EZU/c_680 1EZU/c_69 1EZU/c_712 1EZU/c_715 1EZU/c_71 1EZU/c_720 1EZU/c_733 1EZU/c_742 1EZU/c_745 1EZU/c_74 1EZU/c_754 1EZU/c_773 1EZU/c_77 1EZU/c_789 1EZU/c_78 1EZU/c_7 1EZU/c_806 1EZU/c_810 1EZU/c_814 1EZU/c_82 1EZU/c_839 1EZU/c_840 1EZU/c_849 1EZU/c_857 1EZU/c_879 1EZU/c_891 1EZU/c_894 1EZU/c_904 1EZU/c_925 1EZU/c_926 1EZU/c_94 1EZU/c_956 1EZU/c_958 1EZU/c_986 1EZU/c_987 1EZU/c_995 1EZU/c_105 1EZU/c_111 1EZU/c_115 1EZU/c_127 1EZU/c_142 1EZU/c_149 1EZU/c_158 1EZU/c_160 1EZU/c_165 1EZU/c_167 1EZU/c_172 1EZU/c_174 1EZU/c_17 1EZU/c_181 1EZU/c_189 1EZU/c_193 1EZU/c_200 1EZU/c_225 1EZU/c_226 1EZU/c_230 1EZU/c_243 1EZU/c_244 1EZU/c_246 1EZU/c_251 1EZU/c_261 1EZU/c_269 1EZU/c_278 1EZU/c_28 1EZU/c_291 1EZU/c_295 1EZU/c_300 1EZU/c_304 1EZU/c_314 1EZU/c_333 1EZU/c_365 1EZU/c_36 1EZU/c_373 1EZU/c_377 1EZU/c_384 1EZU/c_390 1EZU/c_391 1EZU/c_428
Cluster 3 -> 1EZU/c_573 1EZU/c_444 1EZU/c_448 1EZU/c_44 1EZU/c_457 1EZU/c_555 1EZU/c_578 1EZU/c_593 1EZU/c_5 1EZU/c_605 1EZU/c_623 1EZU/c_637 1EZU/c_63 1EZU/c_64 1EZU/c_669 1EZU/c_68 1EZU/c_696 1EZU/c_697 1EZU/c_711 1EZU/c_716 1EZU/c_719 1EZU/c_741 1EZU/c_750 1EZU/c_760 1EZU/c_776 1EZU/c_797 1EZU/c_801 1EZU/c_825 1EZU/c_87 1EZU/c_887 1EZU/c_920 1EZU/c_950 1EZU/c_969 1EZU/c_1000 1EZU/c_104 1EZU/c_107 1EZU/c_114 1EZU/c_116 1EZU/c_120 1EZU/c_121 1EZU/c_12 1EZU/c_147 1EZU/c_14 1EZU/c_15 1EZU/c_18 1EZU/c_205 1EZU/c_208 1EZU/c_209 1EZU/c_232 1EZU/c_247 1EZU/c_253 1EZU/c_258 1EZU/c_273 1EZU/c_296 1EZU/c_310 1EZU/c_313 1EZU/c_321 1EZU/c_331 1EZU/c_332 1EZU/c_337 1EZU/c_346 1EZU/c_348 1EZU/c_355 1EZU/c_371 1EZU/c_372 1EZU/c_374 1EZU/c_403 1EZU/c_413 1EZU/c_416 1EZU/c_41 1EZU/c_431 1EZU/c_437 1EZU/c_438
Cluster 4 -> 1EZU/c_461 1EZU/c_449 1EZU/c_458 1EZU/c_466 1EZU/c_467 1EZU/c_475 1EZU/c_485 1EZU/c_539 1EZU/c_563 1EZU/c_599 1EZU/c_610 1EZU/c_612 1EZU/c_625 1EZU/c_627 1EZU/c_641 1EZU/c_660 1EZU/c_663 1EZU/c_666 1EZU/c_673 1EZU/c_698 1EZU/c_706 1EZU/c_708 1EZU/c_727 1EZU/c_832 1EZU/c_835 1EZU/c_874 1EZU/c_929 1EZU/c_951 1EZU/c_967 1EZU/c_983 1EZU/c_117 1EZU/c_118 1EZU/c_135 1EZU/c_152 1EZU/c_171 1EZU/c_177 1EZU/c_182 1EZU/c_187 1EZU/c_201 1EZU/c_240 1EZU/c_241 1EZU/c_340 1EZU/c_344 1EZU/c_351 1EZU/c_353 1EZU/c_406 1EZU/c_433
Cluster 5 -> 1EZU/c_320 1EZU/c_476 1EZU/c_483 1EZU/c_500 1EZU/c_503 1EZU/c_509 1EZU/c_511 1EZU/c_530 1EZU/c_559 1EZU/c_566 1EZU/c_584 1EZU/c_59 1EZU/c_604 1EZU/c_60 1EZU/c_628 1EZU/c_638 1EZU/c_640 1EZU/c_642 1EZU/c_664 1EZU/c_744 1EZU/c_824 1EZU/c_838 1EZU/c_845 1EZU/c_856 1EZU/c_873 1EZU/c_911 1EZU/c_912 1EZU/c_93 1EZU/c_978 1EZU/c_108 1EZU/c_112 1EZU/c_125 1EZU/c_133 1EZU/c_139 1EZU/c_145 1EZU/c_192 1EZU/c_194 1EZU/c_197 1EZU/c_218 1EZU/c_234 1EZU/c_239 1EZU/c_329 1EZU/c_370 1EZU/c_39 1EZU/c_410
Cluster 6 -> 1EZU/c_871 1EZU/c_443 1EZU/c_459 1EZU/c_463 1EZU/c_482 1EZU/c_575 1EZU/c_652 1EZU/c_65 1EZU/c_685 1EZU/c_737 1EZU/c_763 1EZU/c_841 1EZU/c_84 1EZU/c_851 1EZU/c_893 1EZU/c_908 1EZU/c_91 1EZU/c_934 1EZU/c_959 1EZU/c_960 1EZU/c_990 1EZU/c_101 1EZU/c_136 1EZU/c_148 1EZU/c_157 1EZU/c_206 1EZU/c_211 1EZU/c_222 1EZU/c_245 1EZU/c_254 1EZU/c_255 1EZU/c_285 1EZU/c_290 1EZU/c_292 1EZU/c_305 1EZU/c_396 1EZU/c_422 1EZU/c_423 1EZU/c_430
Cluster 7 -> 1EZU/c_657 1EZU/c_472 1EZU/c_473 1EZU/c_487 1EZU/c_502 1EZU/c_516 1EZU/c_536 1EZU/c_542 1EZU/c_549 1EZU/c_552 1EZU/c_601 1EZU/c_70 1EZU/c_718 1EZU/c_730 1EZU/c_738 1EZU/c_790 1EZU/c_834 1EZU/c_837 1EZU/c_83 1EZU/c_854 1EZU/c_877 1EZU/c_907 1EZU/c_913 1EZU/c_932 1EZU/c_938 1EZU/c_95 1EZU/c_235 1EZU/c_248 1EZU/c_275 1EZU/c_287 1EZU/c_29 1EZU/c_302 1EZU/c_350 1EZU/c_37 1EZU/c_40 1EZU/c_415
Cluster 8 -> 1EZU/c_968 1EZU/c_465 1EZU/c_474 1EZU/c_565 1EZU/c_596 1EZU/c_632 1EZU/c_703 1EZU/c_725 1EZU/c_73 1EZU/c_746 1EZU/c_759 1EZU/c_761 1EZU/c_778 1EZU/c_892 1EZU/c_979 1EZU/c_110 1EZU/c_195 1EZU/c_198 1EZU/c_203 1EZU/c_210 1EZU/c_227 1EZU/c_270 1EZU/c_324 1EZU/c_338 1EZU/c_364 1EZU/c_382 1EZU/c_397 1EZU/c_409 1EZU/c_420
Cluster 9 -> 1EZU/c_861 1EZU/c_471 1EZU/c_51 1EZU/c_520 1EZU/c_600 1EZU/c_710 1EZU/c_75 1EZU/c_765 1EZU/c_781 1EZU/c_783 1EZU/c_800 1EZU/c_852 1EZU/c_853 1EZU/c_866 1EZU/c_872 1EZU/c_899 1EZU/c_89 1EZU/c_903 1EZU/c_99 1EZU/c_102 1EZU/c_141 1EZU/c_176 1EZU/c_196 1EZU/c_257 1EZU/c_294 1EZU/c_317
Cluster 10 -> 1EZU/c_808 1EZU/c_441 1EZU/c_529 1EZU/c_538 1EZU/c_540 1EZU/c_675 1EZU/c_677 1EZU/c_846 1EZU/c_859 1EZU/c_868 1EZU/c_898 1EZU/c_966 1EZU/c_100 1EZU/c_103 1EZU/c_128 1EZU/c_163 1EZU/c_164 1EZU/c_175 1EZU/c_213 1EZU/c_263 1EZU/c_349 1EZU/c_366 1EZU/c_412 1EZU/c_435
Cluster 11 -> 1EZU/c_963 1EZU/c_494 1EZU/c_49 1EZU/c_550 1EZU/c_672 1EZU/c_67 1EZU/c_683 1EZU/c_731 1EZU/c_740 1EZU/c_804 1EZU/c_85 1EZU/c_945 1EZU/c_946 1EZU/c_947 1EZU/c_123 1EZU/c_131 1EZU/c_132 1EZU/c_315 1EZU/c_359 1EZU/c_393 1EZU/c_421
Cluster 12 -> 1EZU/c_531 1EZU/c_543 1EZU/c_544 1EZU/c_58 1EZU/c_594 1EZU/c_622 1EZU/c_659 1EZU/c_785 1EZU/c_812 1EZU/c_865 1EZU/c_882 1EZU/c_937 1EZU/c_975 1EZU/c_169 1EZU/c_183 1EZU/c_280 1EZU/c_297 1EZU/c_436 1EZU/c_440
Cluster 13 -> 1EZU/c_858 1EZU/c_587 1EZU/c_603 1EZU/c_615 1EZU/c_635 1EZU/c_643 1EZU/c_656 1EZU/c_689 1EZU/c_700 1EZU/c_829 1EZU/c_936 1EZU/c_215 1EZU/c_229 1EZU/c_303 1EZU/c_312 1EZU/c_319 1EZU/c_418
Cluster 14 -> 1EZU/c_268 1EZU/c_46 1EZU/c_507 1EZU/c_519 1EZU/c_567 1EZU/c_576 1EZU/c_57 1EZU/c_79 1EZU/c_927 1EZU/c_952 1EZU/c_109 1EZU/c_179 1EZU/c_20 1EZU/c_21 1EZU/c_250 1EZU/c_26 1EZU/c_2
Cluster 15 -> 1EZU/c_998 1EZU/c_510 1EZU/c_583 1EZU/c_688 1EZU/c_691 1EZU/c_732 1EZU/c_799 1EZU/c_813 1EZU/c_826 1EZU/c_855 1EZU/c_870 1EZU/c_970 1EZU/c_991 1EZU/c_283 1EZU/c_379
Cluster 16 -> 1EZU/c_260 1EZU/c_491 1EZU/c_597 1EZU/c_626 1EZU/c_743 1EZU/c_81 1EZU/c_973 1EZU/c_219 1EZU/c_233 1EZU/c_286 1EZU/c_318 1EZU/c_34 1EZU/c_357 1EZU/c_363 1EZU/c_380
Cluster 17 -> 1EZU/c_961 1EZU/c_570 1EZU/c_581 1EZU/c_608 1EZU/c_609 1EZU/c_634 1EZU/c_729 1EZU/c_736 1EZU/c_770 1EZU/c_791 1EZU/c_803 1EZU/c_817 1EZU/c_124 1EZU/c_191
Cluster 18 -> 1EZU/c_867 1EZU/c_490 1EZU/c_537 1EZU/c_577 1EZU/c_670 1EZU/c_739 1EZU/c_748 1EZU/c_782 1EZU/c_940 1EZU/c_98 1EZU/c_204 1EZU/c_220 1EZU/c_347 1EZU/c_386
Cluster 19 -> 1EZU/c_525 1EZU/c_561 1EZU/c_684 1EZU/c_723 1EZU/c_807 1EZU/c_985 1EZU/c_162 1EZU/c_168 1EZU/c_224 1EZU/c_264 1EZU/c_358 1EZU/c_400 1EZU/c_411 1EZU/c_425
Cluster 20 -> 1EZU/c_661 1EZU/c_469 1EZU/c_501 1EZU/c_574 1EZU/c_606 1EZU/c_768 1EZU/c_775 1EZU/c_784 1EZU/c_836 1EZU/c_905 1EZU/c_948 1EZU/c_326 1EZU/c_439
Cluster 21 -> 1EZU/c_965 1EZU/c_481 1EZU/c_514 1EZU/c_527 1EZU/c_695 1EZU/c_702 1EZU/c_722 1EZU/c_726 1EZU/c_828 1EZU/c_137 1EZU/c_401 1EZU/c_434
Cluster 22 -> 1EZU/c_918 1EZU/c_446 1EZU/c_477 1EZU/c_558 1EZU/c_646 1EZU/c_701 1EZU/c_758 1EZU/c_900 1EZU/c_989 1EZU/c_282 1EZU/c_328 1EZU/c_398
Cluster 23 -> 1EZU/c_699 1EZU/c_526 1EZU/c_556 1EZU/c_61 1EZU/c_119 1EZU/c_130 1EZU/c_186 1EZU/c_242 1EZU/c_272 1EZU/c_308 1EZU/c_330 1EZU/c_392
Cluster 24 -> 1EZU/c_982 1EZU/c_470 1EZU/c_655 1EZU/c_751 1EZU/c_886 1EZU/c_914 1EZU/c_159 1EZU/c_293 1EZU/c_352 1EZU/c_361
Cluster 25 -> 1EZU/c_901 1EZU/c_452 1EZU/c_676 1EZU/c_728 1EZU/c_869 1EZU/c_906 1EZU/c_274 1EZU/c_279 1EZU/c_424 1EZU/c_429
Cluster 26 -> 1EZU/c_847 1EZU/c_445 1EZU/c_454 1EZU/c_557 1EZU/c_766 1EZU/c_180 1EZU/c_184 1EZU/c_322 1EZU/c_334 1EZU/c_342
Cluster 27 -> 1EZU/c_815 1EZU/c_534 1EZU/c_631 1EZU/c_953 1EZU/c_976 1EZU/c_981 1EZU/c_122 1EZU/c_166 1EZU/c_223 1EZU/c_387
Cluster 28 -> 1EZU/c_971 1EZU/c_497 1EZU/c_788 1EZU/c_816 1EZU/c_843 1EZU/c_942 1EZU/c_207 1EZU/c_341 1EZU/c_375
Cluster 29 -> 1EZU/c_818 1EZU/c_493 1EZU/c_517 1EZU/c_694 1EZU/c_705 1EZU/c_875 1EZU/c_943 1EZU/c_988 1EZU/c_323
Cluster 30 -> 1EZU/c_639 1EZU/c_214 1EZU/c_265 1EZU/c_306 1EZU/c_30 1EZU/c_311 1EZU/c_316 1EZU/c_38 1EZU/c_408
Cluster 31 -> 1EZU/c_284 1EZU/c_489 1EZU/c_602 1EZU/c_780 1EZU/c_844 1EZU/c_922 1EZU/c_154 1EZU/c_161 1EZU/c_231
Cluster 32 -> 1EZU/c_798 1EZU/c_533 1EZU/c_621 1EZU/c_654 1EZU/c_762 1EZU/c_996 1EZU/c_259 1EZU/c_381
Cluster 33 -> 1EZU/c_930 1EZU/c_522 1EZU/c_714 1EZU/c_831 1EZU/c_860 1EZU/c_216 1EZU/c_405
Cluster 34 -> 1EZU/c_749 1EZU/c_545 1EZU/c_553 1EZU/c_607 1EZU/c_276 1EZU/c_339 1EZU/c_407
Cluster 35 -> 1EZU/c_997 1EZU/c_704 1EZU/c_802 1EZU/c_885 1EZU/c_890 1EZU/c_939
Cluster 36 -> 1EZU/c_994 1EZU/c_478 1EZU/c_679 1EZU/c_724 1EZU/c_822 1EZU/c_188
Cluster 37 -> 1EZU/c_977 1EZU/c_678 1EZU/c_690 1EZU/c_753 1EZU/c_786 1EZU/c_156
Cluster 38 -> 1EZU/c_895 1EZU/c_535 1EZU/c_354 1EZU/c_394 1EZU/c_399 1EZU/c_404
Cluster 39 -> 1EZU/c_992 1EZU/c_764 1EZU/c_884 1EZU/c_921 1EZU/c_957
Cluster 40 -> 1EZU/c_980 1EZU/c_650 1EZU/c_692 1EZU/c_771 1EZU/c_820
Cluster 41 -> 1EZU/c_504 1EZU/c_480 1EZU/c_153 1EZU/c_237 1EZU/c_327
Cluster 42 -> 1EZU/c_999 1EZU/c_864 1EZU/c_876 1EZU/c_345
Cluster 43 -> 1EZU/c_928 1EZU/c_588 1EZU/c_794 1EZU/c_249
Cluster 44 -> 1EZU/c_795 1EZU/c_506 1EZU/c_620 1EZU/c_777
