Cluster 1 -> 1GLA/c_201 1GLA/c_445 1GLA/c_44 1GLA/c_463 1GLA/c_464 1GLA/c_500 1GLA/c_509 1GLA/c_525 1GLA/c_529 1GLA/c_536 1GLA/c_542 1GLA/c_577 1GLA/c_584 1GLA/c_617 1GLA/c_641 1GLA/c_661 1GLA/c_685 1GLA/c_744 1GLA/c_762 1GLA/c_786 1GLA/c_798 1GLA/c_803 1GLA/c_819 1GLA/c_821 1GLA/c_835 1GLA/c_840 1GLA/c_851 1GLA/c_867 1GLA/c_904 1GLA/c_912 1GLA/c_914 1GLA/c_923 1GLA/c_976 1GLA/c_986 1GLA/c_995 1GLA/c_104 1GLA/c_108 1GLA/c_113 1GLA/c_123 1GLA/c_133 1GLA/c_146 1GLA/c_153 1GLA/c_155 1GLA/c_173 1GLA/c_221 1GLA/c_226 1GLA/c_238 1GLA/c_239 1GLA/c_248 1GLA/c_254 1GLA/c_256 1GLA/c_28 1GLA/c_309 1GLA/c_312 1GLA/c_324 1GLA/c_334 1GLA/c_353 1GLA/c_399 1GLA/c_408 1GLA/c_421 1GLA/c_437
Cluster 2 -> 1GLA/c_305 1GLA/c_4 1GLA/c_502 1GLA/c_505 1GLA/c_518 1GLA/c_533 1GLA/c_539 1GLA/c_55 1GLA/c_58 1GLA/c_596 1GLA/c_5 1GLA/c_600 1GLA/c_606 1GLA/c_611 1GLA/c_648 1GLA/c_657 1GLA/c_65 1GLA/c_66 1GLA/c_673 1GLA/c_778 1GLA/c_81 1GLA/c_982 1GLA/c_98 1GLA/c_9 1GLA/c_101 1GLA/c_103 1GLA/c_127 1GLA/c_14 1GLA/c_151 1GLA/c_15 1GLA/c_16 1GLA/c_172 1GLA/c_177 1GLA/c_1 1GLA/c_219 1GLA/c_220 1GLA/c_223 1GLA/c_231 1GLA/c_243 1GLA/c_252 1GLA/c_258 1GLA/c_281 1GLA/c_295 1GLA/c_29 1GLA/c_33 1GLA/c_381 1GLA/c_40 1GLA/c_42
Cluster 3 -> 1GLA/c_125 1GLA/c_49 1GLA/c_534 1GLA/c_568 1GLA/c_57 1GLA/c_593 1GLA/c_59 1GLA/c_608 1GLA/c_62 1GLA/c_658 1GLA/c_668 1GLA/c_687 1GLA/c_68 1GLA/c_6 1GLA/c_705 1GLA/c_77 1GLA/c_814 1GLA/c_88 1GLA/c_89 1GLA/c_91 1GLA/c_989 1GLA/c_105 1GLA/c_106 1GLA/c_10 1GLA/c_13 1GLA/c_147 1GLA/c_157 1GLA/c_163 1GLA/c_168 1GLA/c_17 1GLA/c_180 1GLA/c_209 1GLA/c_22 1GLA/c_23 1GLA/c_242 1GLA/c_2 1GLA/c_306 1GLA/c_346 1GLA/c_350 1GLA/c_359 1GLA/c_3 1GLA/c_414 1GLA/c_433
Cluster 4 -> 1GLA/c_25 1GLA/c_484 1GLA/c_48 1GLA/c_51 1GLA/c_60 1GLA/c_612 1GLA/c_655 1GLA/c_731 1GLA/c_735 1GLA/c_75 1GLA/c_773 1GLA/c_793 1GLA/c_79 1GLA/c_95 1GLA/c_110 1GLA/c_11 1GLA/c_128 1GLA/c_12 1GLA/c_158 1GLA/c_165 1GLA/c_167 1GLA/c_176 1GLA/c_191 1GLA/c_194 1GLA/c_198 1GLA/c_19 1GLA/c_21 1GLA/c_235 1GLA/c_257 1GLA/c_276 1GLA/c_278 1GLA/c_288 1GLA/c_293 1GLA/c_32 1GLA/c_394 1GLA/c_41
Cluster 5 -> 1GLA/c_122 1GLA/c_441 1GLA/c_45 1GLA/c_486 1GLA/c_487 1GLA/c_491 1GLA/c_513 1GLA/c_553 1GLA/c_56 1GLA/c_580 1GLA/c_61 1GLA/c_72 1GLA/c_871 1GLA/c_879 1GLA/c_949 1GLA/c_97 1GLA/c_111 1GLA/c_135 1GLA/c_171 1GLA/c_182 1GLA/c_183 1GLA/c_202 1GLA/c_241 1GLA/c_255 1GLA/c_283 1GLA/c_290 1GLA/c_385 1GLA/c_39 1GLA/c_402 1GLA/c_409 1GLA/c_416 1GLA/c_426
Cluster 6 -> 1GLA/c_701 1GLA/c_478 1GLA/c_54 1GLA/c_559 1GLA/c_601 1GLA/c_63 1GLA/c_666 1GLA/c_74 1GLA/c_7 1GLA/c_970 1GLA/c_118 1GLA/c_140 1GLA/c_150 1GLA/c_174 1GLA/c_200 1GLA/c_206 1GLA/c_20 1GLA/c_240 1GLA/c_267 1GLA/c_27 1GLA/c_280 1GLA/c_307 1GLA/c_30 1GLA/c_345 1GLA/c_358 1GLA/c_366 1GLA/c_38 1GLA/c_43
Cluster 7 -> 1GLA/c_656 1GLA/c_444 1GLA/c_471 1GLA/c_511 1GLA/c_527 1GLA/c_547 1GLA/c_579 1GLA/c_585 1GLA/c_597 1GLA/c_629 1GLA/c_737 1GLA/c_774 1GLA/c_84 1GLA/c_93 1GLA/c_132 1GLA/c_178 1GLA/c_217 1GLA/c_224 1GLA/c_245 1GLA/c_24 1GLA/c_26 1GLA/c_31 1GLA/c_355 1GLA/c_35 1GLA/c_378 1GLA/c_430
Cluster 8 -> 1GLA/c_535 1GLA/c_443 1GLA/c_479 1GLA/c_521 1GLA/c_548 1GLA/c_626 1GLA/c_644 1GLA/c_751 1GLA/c_770 1GLA/c_801 1GLA/c_828 1GLA/c_865 1GLA/c_950 1GLA/c_166 1GLA/c_193 1GLA/c_205 1GLA/c_207 1GLA/c_213 1GLA/c_222 1GLA/c_310 1GLA/c_318 1GLA/c_333 1GLA/c_354 1GLA/c_422
Cluster 9 -> 1GLA/c_946 1GLA/c_451 1GLA/c_459 1GLA/c_461 1GLA/c_475 1GLA/c_510 1GLA/c_582 1GLA/c_627 1GLA/c_739 1GLA/c_753 1GLA/c_802 1GLA/c_823 1GLA/c_838 1GLA/c_897 1GLA/c_916 1GLA/c_204 1GLA/c_264 1GLA/c_297 1GLA/c_299 1GLA/c_369 1GLA/c_388 1GLA/c_390 1GLA/c_423
Cluster 10 -> 1GLA/c_82 1GLA/c_474 1GLA/c_537 1GLA/c_563 1GLA/c_603 1GLA/c_614 1GLA/c_619 1GLA/c_682 1GLA/c_765 1GLA/c_787 1GLA/c_943 1GLA/c_119 1GLA/c_143 1GLA/c_162 1GLA/c_208 1GLA/c_237 1GLA/c_266 1GLA/c_274 1GLA/c_282 1GLA/c_349 1GLA/c_367 1GLA/c_413
Cluster 11 -> 1GLA/c_99 1GLA/c_50 1GLA/c_649 1GLA/c_671 1GLA/c_725 1GLA/c_728 1GLA/c_73 1GLA/c_750 1GLA/c_861 1GLA/c_86 1GLA/c_973 1GLA/c_149 1GLA/c_160 1GLA/c_184 1GLA/c_218 1GLA/c_227 1GLA/c_249 1GLA/c_253 1GLA/c_36 1GLA/c_387 1GLA/c_397
Cluster 12 -> 1GLA/c_910 1GLA/c_46 1GLA/c_477 1GLA/c_52 1GLA/c_660 1GLA/c_664 1GLA/c_67 1GLA/c_76 1GLA/c_780 1GLA/c_782 1GLA/c_87 1GLA/c_969 1GLA/c_126 1GLA/c_268 1GLA/c_291 1GLA/c_374 1GLA/c_37 1GLA/c_404 1GLA/c_405 1GLA/c_410 1GLA/c_417
Cluster 13 -> 1GLA/c_458 1GLA/c_483 1GLA/c_566 1GLA/c_567 1GLA/c_651 1GLA/c_684 1GLA/c_712 1GLA/c_845 1GLA/c_856 1GLA/c_903 1GLA/c_100 1GLA/c_102 1GLA/c_142 1GLA/c_215 1GLA/c_225 1GLA/c_260 1GLA/c_285 1GLA/c_292 1GLA/c_319 1GLA/c_383 1GLA/c_395
Cluster 14 -> 1GLA/c_874 1GLA/c_476 1GLA/c_490 1GLA/c_587 1GLA/c_604 1GLA/c_618 1GLA/c_662 1GLA/c_723 1GLA/c_863 1GLA/c_96 1GLA/c_137 1GLA/c_164 1GLA/c_181 1GLA/c_212 1GLA/c_286 1GLA/c_296 1GLA/c_313 1GLA/c_314 1GLA/c_436 1GLA/c_439
Cluster 15 -> 1GLA/c_981 1GLA/c_460 1GLA/c_516 1GLA/c_551 1GLA/c_571 1GLA/c_677 1GLA/c_758 1GLA/c_771 1GLA/c_870 1GLA/c_875 1GLA/c_141 1GLA/c_161 1GLA/c_203 1GLA/c_300 1GLA/c_372 1GLA/c_431 1GLA/c_432
Cluster 16 -> 1GLA/c_991 1GLA/c_524 1GLA/c_703 1GLA/c_709 1GLA/c_749 1GLA/c_812 1GLA/c_813 1GLA/c_843 1GLA/c_978 1GLA/c_234 1GLA/c_250 1GLA/c_301 1GLA/c_362 1GLA/c_376 1GLA/c_398
Cluster 17 -> 1GLA/c_589 1GLA/c_455 1GLA/c_514 1GLA/c_583 1GLA/c_785 1GLA/c_829 1GLA/c_918 1GLA/c_154 1GLA/c_188 1GLA/c_214 1GLA/c_294 1GLA/c_332 1GLA/c_396 1GLA/c_412 1GLA/c_419
Cluster 18 -> 1GLA/c_448 1GLA/c_530 1GLA/c_53 1GLA/c_702 1GLA/c_761 1GLA/c_790 1GLA/c_109 1GLA/c_115 1GLA/c_136 1GLA/c_170 1GLA/c_18 1GLA/c_230 1GLA/c_322 1GLA/c_400 1GLA/c_435
Cluster 19 -> 1GLA/c_418 1GLA/c_625 1GLA/c_64 1GLA/c_70 1GLA/c_850 1GLA/c_883 1GLA/c_994 1GLA/c_159 1GLA/c_186 1GLA/c_187 1GLA/c_244 1GLA/c_327 1GLA/c_338 1GLA/c_375 1GLA/c_389
Cluster 20 -> 1GLA/c_261 1GLA/c_47 1GLA/c_581 1GLA/c_69 1GLA/c_732 1GLA/c_760 1GLA/c_804 1GLA/c_80 1GLA/c_864 1GLA/c_8 1GLA/c_94 1GLA/c_130 1GLA/c_228
Cluster 21 -> 1GLA/c_199 1GLA/c_517 1GLA/c_523 1GLA/c_594 1GLA/c_652 1GLA/c_698 1GLA/c_792 1GLA/c_968 1GLA/c_116 1GLA/c_134 1GLA/c_315 1GLA/c_357 1GLA/c_406
Cluster 22 -> 1GLA/c_853 1GLA/c_540 1GLA/c_704 1GLA/c_726 1GLA/c_895 1GLA/c_120 1GLA/c_169 1GLA/c_185 1GLA/c_236 1GLA/c_275 1GLA/c_401 1GLA/c_411
Cluster 23 -> 1GLA/c_706 1GLA/c_489 1GLA/c_636 1GLA/c_659 1GLA/c_681 1GLA/c_699 1GLA/c_734 1GLA/c_742 1GLA/c_794 1GLA/c_816 1GLA/c_927 1GLA/c_415
Cluster 24 -> 1GLA/c_667 1GLA/c_591 1GLA/c_610 1GLA/c_624 1GLA/c_640 1GLA/c_755 1GLA/c_809 1GLA/c_107 1GLA/c_145 1GLA/c_303 1GLA/c_329 1GLA/c_351
Cluster 25 -> 1GLA/c_586 1GLA/c_453 1GLA/c_560 1GLA/c_576 1GLA/c_578 1GLA/c_717 1GLA/c_772 1GLA/c_830 1GLA/c_265 1GLA/c_270 1GLA/c_347 1GLA/c_379
Cluster 26 -> 1GLA/c_371 1GLA/c_457 1GLA/c_71 1GLA/c_886 1GLA/c_90 1GLA/c_92 1GLA/c_210 1GLA/c_216 1GLA/c_233 1GLA/c_259 1GLA/c_311 1GLA/c_420
Cluster 27 -> 1GLA/c_977 1GLA/c_528 1GLA/c_759 1GLA/c_767 1GLA/c_859 1GLA/c_892 1GLA/c_999 1GLA/c_195 1GLA/c_284 1GLA/c_342 1GLA/c_380
Cluster 28 -> 1GLA/c_811 1GLA/c_495 1GLA/c_609 1GLA/c_700 1GLA/c_775 1GLA/c_83 1GLA/c_846 1GLA/c_114 1GLA/c_211 1GLA/c_336 1GLA/c_356
Cluster 29 -> 1GLA/c_373 1GLA/c_554 1GLA/c_573 1GLA/c_647 1GLA/c_653 1GLA/c_696 1GLA/c_906 1GLA/c_124 1GLA/c_229 1GLA/c_247 1GLA/c_384
Cluster 30 -> 1GLA/c_757 1GLA/c_507 1GLA/c_546 1GLA/c_686 1GLA/c_777 1GLA/c_926 1GLA/c_939 1GLA/c_192 1GLA/c_365 1GLA/c_403
Cluster 31 -> 1GLA/c_909 1GLA/c_473 1GLA/c_575 1GLA/c_635 1GLA/c_85 1GLA/c_907 1GLA/c_138 1GLA/c_196 1GLA/c_330
Cluster 32 -> 1GLA/c_713 1GLA/c_550 1GLA/c_598 1GLA/c_716 1GLA/c_175 1GLA/c_197 1GLA/c_263 1GLA/c_277 1GLA/c_340
Cluster 33 -> 1GLA/c_321 1GLA/c_522 1GLA/c_711 1GLA/c_733 1GLA/c_748 1GLA/c_783 1GLA/c_987 1GLA/c_129 1GLA/c_179
Cluster 34 -> 1GLA/c_965 1GLA/c_557 1GLA/c_654 1GLA/c_665 1GLA/c_672 1GLA/c_683 1GLA/c_967 1GLA/c_302
Cluster 35 -> 1GLA/c_565 1GLA/c_465 1GLA/c_466 1GLA/c_693 1GLA/c_800 1GLA/c_876 1GLA/c_352 1GLA/c_392
Cluster 36 -> 1GLA/c_942 1GLA/c_504 1GLA/c_670 1GLA/c_690 1GLA/c_697 1GLA/c_740 1GLA/c_287
Cluster 37 -> 1GLA/c_900 1GLA/c_628 1GLA/c_638 1GLA/c_719 1GLA/c_868 1GLA/c_975 1GLA/c_316
Cluster 38 -> 1GLA/c_730 1GLA/c_541 1GLA/c_544 1GLA/c_724 1GLA/c_993 1GLA/c_139 1GLA/c_272
Cluster 39 -> 1GLA/c_469 1GLA/c_574 1GLA/c_873 1GLA/c_894 1GLA/c_121 1GLA/c_189 1GLA/c_304
Cluster 40 -> 1GLA/c_407 1GLA/c_467 1GLA/c_902 1GLA/c_955 1GLA/c_984 1GLA/c_262 1GLA/c_339
Cluster 41 -> 1GLA/c_328 1GLA/c_470 1GLA/c_552 1GLA/c_599 1GLA/c_721 1GLA/c_857 1GLA/c_877
Cluster 42 -> 1GLA/c_190 1GLA/c_506 1GLA/c_564 1GLA/c_720 1GLA/c_747 1GLA/c_78 1GLA/c_156
Cluster 43 -> 1GLA/c_958 1GLA/c_512 1GLA/c_613 1GLA/c_810 1GLA/c_880 1GLA/c_393
Cluster 44 -> 1GLA/c_945 1GLA/c_669 1GLA/c_688 1GLA/c_841 1GLA/c_852 1GLA/c_298
Cluster 45 -> 1GLA/c_920 1GLA/c_727 1GLA/c_743 1GLA/c_788 1GLA/c_882 1GLA/c_905
Cluster 46 -> 1GLA/c_911 1GLA/c_526 1GLA/c_729 1GLA/c_738 1GLA/c_337 1GLA/c_382
Cluster 47 -> 1GLA/c_860 1GLA/c_494 1GLA/c_679 1GLA/c_779 1GLA/c_308 1GLA/c_391
Cluster 48 -> 1GLA/c_842 1GLA/c_538 1GLA/c_588 1GLA/c_595 1GLA/c_858 1GLA/c_246
Cluster 49 -> 1GLA/c_694 1GLA/c_462 1GLA/c_493 1GLA/c_632 1GLA/c_678 1GLA/c_831
Cluster 50 -> 1GLA/c_959 1GLA/c_643 1GLA/c_715 1GLA/c_781 1GLA/c_922
Cluster 51 -> 1GLA/c_893 1GLA/c_555 1GLA/c_854 1GLA/c_884 1GLA/c_348
Cluster 52 -> 1GLA/c_847 1GLA/c_482 1GLA/c_676 1GLA/c_849 1GLA/c_869
Cluster 53 -> 1GLA/c_756 1GLA/c_446 1GLA/c_645 1GLA/c_675 1GLA/c_996
Cluster 54 -> 1GLA/c_689 1GLA/c_570 1GLA/c_607 1GLA/c_953 1GLA/c_325
Cluster 55 -> 1GLA/c_425 1GLA/c_620 1GLA/c_642 1GLA/c_344 1GLA/c_377
Cluster 56 -> 1GLA/c_360 1GLA/c_805 1GLA/c_112 1GLA/c_320 1GLA/c_424
Cluster 57 -> 1GLA/c_985 1GLA/c_508 1GLA/c_616 1GLA/c_691
Cluster 58 -> 1GLA/c_936 1GLA/c_447 1GLA/c_623 1GLA/c_776
Cluster 59 -> 1GLA/c_827 1GLA/c_889 1GLA/c_917 1GLA/c_364
Cluster 60 -> 1GLA/c_795 1GLA/c_501 1GLA/c_736 1GLA/c_434
Cluster 61 -> 1GLA/c_763 1GLA/c_549 1GLA/c_769 1GLA/c_144
Cluster 62 -> 1GLA/c_718 1GLA/c_450 1GLA/c_515 1GLA/c_590
Cluster 63 -> 1GLA/c_520 1GLA/c_442 1GLA/c_456 1GLA/c_427
Cluster 64 -> 1GLA/c_503 1GLA/c_708 1GLA/c_947 1GLA/c_317
Cluster 65 -> 1GLA/c_480 1GLA/c_472 1GLA/c_932 1GLA/c_117
