Cluster 1 -> 1GRN/c_484 1GRN/c_447 1GRN/c_460 1GRN/c_495 1GRN/c_527 1GRN/c_550 1GRN/c_553 1GRN/c_556 1GRN/c_592 1GRN/c_595 1GRN/c_620 1GRN/c_630 1GRN/c_636 1GRN/c_640 1GRN/c_651 1GRN/c_655 1GRN/c_656 1GRN/c_658 1GRN/c_735 1GRN/c_743 1GRN/c_773 1GRN/c_820 1GRN/c_860 1GRN/c_890 1GRN/c_915 1GRN/c_929 1GRN/c_940 1GRN/c_959 1GRN/c_973 1GRN/c_106 1GRN/c_151 1GRN/c_154 1GRN/c_170 1GRN/c_188 1GRN/c_198 1GRN/c_215 1GRN/c_242 1GRN/c_268 1GRN/c_285 1GRN/c_301 1GRN/c_333 1GRN/c_348 1GRN/c_365 1GRN/c_367 1GRN/c_391 1GRN/c_396 1GRN/c_418 1GRN/c_439
Cluster 2 -> 1GRN/c_511 1GRN/c_44 1GRN/c_456 1GRN/c_499 1GRN/c_501 1GRN/c_585 1GRN/c_649 1GRN/c_711 1GRN/c_715 1GRN/c_753 1GRN/c_756 1GRN/c_758 1GRN/c_78 1GRN/c_80 1GRN/c_819 1GRN/c_905 1GRN/c_935 1GRN/c_100 1GRN/c_102 1GRN/c_119 1GRN/c_13 1GRN/c_153 1GRN/c_166 1GRN/c_176 1GRN/c_206 1GRN/c_208 1GRN/c_233 1GRN/c_237 1GRN/c_247 1GRN/c_24 1GRN/c_26 1GRN/c_293 1GRN/c_29 1GRN/c_305 1GRN/c_325 1GRN/c_344 1GRN/c_345 1GRN/c_352 1GRN/c_371 1GRN/c_378 1GRN/c_386 1GRN/c_393 1GRN/c_40
Cluster 3 -> 1GRN/c_118 1GRN/c_462 1GRN/c_46 1GRN/c_476 1GRN/c_490 1GRN/c_52 1GRN/c_54 1GRN/c_559 1GRN/c_564 1GRN/c_584 1GRN/c_605 1GRN/c_613 1GRN/c_63 1GRN/c_64 1GRN/c_683 1GRN/c_706 1GRN/c_70 1GRN/c_7 1GRN/c_88 1GRN/c_891 1GRN/c_89 1GRN/c_8 1GRN/c_99 1GRN/c_9 1GRN/c_10 1GRN/c_138 1GRN/c_140 1GRN/c_149 1GRN/c_16 1GRN/c_17 1GRN/c_189 1GRN/c_21 1GRN/c_23 1GRN/c_244 1GRN/c_314 1GRN/c_31 1GRN/c_34 1GRN/c_35 1GRN/c_384 1GRN/c_38 1GRN/c_3 1GRN/c_42 1GRN/c_433
Cluster 4 -> 1GRN/c_328 1GRN/c_47 1GRN/c_652 1GRN/c_65 1GRN/c_737 1GRN/c_77 1GRN/c_880 1GRN/c_92 1GRN/c_135 1GRN/c_143 1GRN/c_158 1GRN/c_160 1GRN/c_200 1GRN/c_22 1GRN/c_231 1GRN/c_232 1GRN/c_236 1GRN/c_315 1GRN/c_334 1GRN/c_339 1GRN/c_355 1GRN/c_382 1GRN/c_397 1GRN/c_432
Cluster 5 -> 1GRN/c_828 1GRN/c_459 1GRN/c_539 1GRN/c_571 1GRN/c_610 1GRN/c_615 1GRN/c_661 1GRN/c_757 1GRN/c_775 1GRN/c_781 1GRN/c_798 1GRN/c_801 1GRN/c_823 1GRN/c_920 1GRN/c_964 1GRN/c_96 1GRN/c_995 1GRN/c_175 1GRN/c_213 1GRN/c_251 1GRN/c_376 1GRN/c_387 1GRN/c_420
Cluster 6 -> 1GRN/c_557 1GRN/c_45 1GRN/c_474 1GRN/c_481 1GRN/c_545 1GRN/c_56 1GRN/c_579 1GRN/c_588 1GRN/c_59 1GRN/c_767 1GRN/c_889 1GRN/c_94 1GRN/c_128 1GRN/c_134 1GRN/c_195 1GRN/c_207 1GRN/c_219 1GRN/c_253 1GRN/c_259 1GRN/c_280 1GRN/c_316 1GRN/c_36 1GRN/c_43
Cluster 7 -> 1GRN/c_573 1GRN/c_468 1GRN/c_691 1GRN/c_740 1GRN/c_863 1GRN/c_917 1GRN/c_921 1GRN/c_941 1GRN/c_980 1GRN/c_108 1GRN/c_115 1GRN/c_145 1GRN/c_172 1GRN/c_187 1GRN/c_209 1GRN/c_254 1GRN/c_255 1GRN/c_262 1GRN/c_331 1GRN/c_401 1GRN/c_406 1GRN/c_414
Cluster 8 -> 1GRN/c_697 1GRN/c_48 1GRN/c_57 1GRN/c_67 1GRN/c_68 1GRN/c_765 1GRN/c_789 1GRN/c_821 1GRN/c_90 1GRN/c_11 1GRN/c_12 1GRN/c_19 1GRN/c_1 1GRN/c_205 1GRN/c_221 1GRN/c_234 1GRN/c_297 1GRN/c_2 1GRN/c_30 1GRN/c_354 1GRN/c_39
Cluster 9 -> 1GRN/c_878 1GRN/c_446 1GRN/c_451 1GRN/c_463 1GRN/c_504 1GRN/c_596 1GRN/c_632 1GRN/c_644 1GRN/c_646 1GRN/c_709 1GRN/c_734 1GRN/c_225 1GRN/c_287 1GRN/c_307 1GRN/c_342 1GRN/c_366 1GRN/c_405 1GRN/c_409 1GRN/c_423 1GRN/c_427
Cluster 10 -> 1GRN/c_197 1GRN/c_441 1GRN/c_4 1GRN/c_502 1GRN/c_531 1GRN/c_616 1GRN/c_66 1GRN/c_763 1GRN/c_81 1GRN/c_966 1GRN/c_113 1GRN/c_129 1GRN/c_157 1GRN/c_163 1GRN/c_25 1GRN/c_298 1GRN/c_361 1GRN/c_372 1GRN/c_41 1GRN/c_430
Cluster 11 -> 1GRN/c_76 1GRN/c_491 1GRN/c_514 1GRN/c_657 1GRN/c_676 1GRN/c_731 1GRN/c_791 1GRN/c_824 1GRN/c_831 1GRN/c_91 1GRN/c_103 1GRN/c_107 1GRN/c_109 1GRN/c_124 1GRN/c_218 1GRN/c_283 1GRN/c_374 1GRN/c_390 1GRN/c_398
Cluster 12 -> 1GRN/c_309 1GRN/c_518 1GRN/c_528 1GRN/c_555 1GRN/c_934 1GRN/c_117 1GRN/c_123 1GRN/c_148 1GRN/c_161 1GRN/c_182 1GRN/c_235 1GRN/c_261 1GRN/c_272 1GRN/c_308 1GRN/c_311 1GRN/c_346 1GRN/c_349 1GRN/c_370 1GRN/c_392
Cluster 13 -> 1GRN/c_296 1GRN/c_505 1GRN/c_543 1GRN/c_600 1GRN/c_705 1GRN/c_961 1GRN/c_104 1GRN/c_116 1GRN/c_142 1GRN/c_185 1GRN/c_250 1GRN/c_260 1GRN/c_295 1GRN/c_302 1GRN/c_310 1GRN/c_313 1GRN/c_318 1GRN/c_389
Cluster 14 -> 1GRN/c_725 1GRN/c_442 1GRN/c_450 1GRN/c_478 1GRN/c_603 1GRN/c_609 1GRN/c_641 1GRN/c_672 1GRN/c_761 1GRN/c_774 1GRN/c_787 1GRN/c_98 1GRN/c_217 1GRN/c_238 1GRN/c_248 1GRN/c_274 1GRN/c_394
Cluster 15 -> 1GRN/c_704 1GRN/c_449 1GRN/c_454 1GRN/c_525 1GRN/c_530 1GRN/c_580 1GRN/c_622 1GRN/c_678 1GRN/c_721 1GRN/c_794 1GRN/c_796 1GRN/c_885 1GRN/c_944 1GRN/c_330 1GRN/c_383 1GRN/c_438 1GRN/c_440
Cluster 16 -> 1GRN/c_990 1GRN/c_482 1GRN/c_516 1GRN/c_551 1GRN/c_720 1GRN/c_722 1GRN/c_729 1GRN/c_733 1GRN/c_780 1GRN/c_872 1GRN/c_887 1GRN/c_902 1GRN/c_958 1GRN/c_240 1GRN/c_320 1GRN/c_324
Cluster 17 -> 1GRN/c_428 1GRN/c_489 1GRN/c_50 1GRN/c_624 1GRN/c_702 1GRN/c_73 1GRN/c_74 1GRN/c_818 1GRN/c_825 1GRN/c_850 1GRN/c_112 1GRN/c_120 1GRN/c_130 1GRN/c_162 1GRN/c_338 1GRN/c_434
Cluster 18 -> 1GRN/c_424 1GRN/c_51 1GRN/c_601 1GRN/c_671 1GRN/c_728 1GRN/c_884 1GRN/c_975 1GRN/c_15 1GRN/c_177 1GRN/c_181 1GRN/c_18 1GRN/c_20 1GRN/c_210 1GRN/c_276 1GRN/c_27 1GRN/c_281
Cluster 19 -> 1GRN/c_152 1GRN/c_455 1GRN/c_464 1GRN/c_61 1GRN/c_675 1GRN/c_764 1GRN/c_772 1GRN/c_899 1GRN/c_922 1GRN/c_146 1GRN/c_169 1GRN/c_212 1GRN/c_228 1GRN/c_265 1GRN/c_327 1GRN/c_335
Cluster 20 -> 1GRN/c_83 1GRN/c_512 1GRN/c_681 1GRN/c_687 1GRN/c_852 1GRN/c_85 1GRN/c_923 1GRN/c_996 1GRN/c_105 1GRN/c_164 1GRN/c_239 1GRN/c_28 1GRN/c_290 1GRN/c_323 1GRN/c_399
Cluster 21 -> 1GRN/c_144 1GRN/c_443 1GRN/c_457 1GRN/c_529 1GRN/c_534 1GRN/c_567 1GRN/c_597 1GRN/c_604 1GRN/c_71 1GRN/c_736 1GRN/c_965 1GRN/c_122 1GRN/c_139 1GRN/c_326 1GRN/c_426
Cluster 22 -> 1GRN/c_848 1GRN/c_506 1GRN/c_55 1GRN/c_713 1GRN/c_886 1GRN/c_898 1GRN/c_95 1GRN/c_178 1GRN/c_194 1GRN/c_222 1GRN/c_267 1GRN/c_289 1GRN/c_317 1GRN/c_332
Cluster 23 -> 1GRN/c_845 1GRN/c_486 1GRN/c_562 1GRN/c_581 1GRN/c_599 1GRN/c_645 1GRN/c_696 1GRN/c_718 1GRN/c_811 1GRN/c_837 1GRN/c_249 1GRN/c_341 1GRN/c_37 1GRN/c_431
Cluster 24 -> 1GRN/c_634 1GRN/c_560 1GRN/c_561 1GRN/c_690 1GRN/c_749 1GRN/c_777 1GRN/c_888 1GRN/c_204 1GRN/c_321 1GRN/c_337 1GRN/c_347 1GRN/c_359 1GRN/c_421 1GRN/c_436
Cluster 25 -> 1GRN/c_513 1GRN/c_458 1GRN/c_467 1GRN/c_477 1GRN/c_500 1GRN/c_503 1GRN/c_566 1GRN/c_583 1GRN/c_650 1GRN/c_776 1GRN/c_779 1GRN/c_806 1GRN/c_907 1GRN/c_362
Cluster 26 -> 1GRN/c_879 1GRN/c_498 1GRN/c_538 1GRN/c_606 1GRN/c_666 1GRN/c_730 1GRN/c_970 1GRN/c_155 1GRN/c_165 1GRN/c_220 1GRN/c_223 1GRN/c_282 1GRN/c_300
Cluster 27 -> 1GRN/c_812 1GRN/c_493 1GRN/c_522 1GRN/c_574 1GRN/c_618 1GRN/c_141 1GRN/c_196 1GRN/c_246 1GRN/c_329 1GRN/c_343 1GRN/c_356 1GRN/c_364 1GRN/c_416
Cluster 28 -> 1GRN/c_759 1GRN/c_448 1GRN/c_466 1GRN/c_608 1GRN/c_633 1GRN/c_839 1GRN/c_911 1GRN/c_992 1GRN/c_111 1GRN/c_173 1GRN/c_190 1GRN/c_224 1GRN/c_286
Cluster 29 -> 1GRN/c_694 1GRN/c_452 1GRN/c_483 1GRN/c_547 1GRN/c_762 1GRN/c_783 1GRN/c_908 1GRN/c_972 1GRN/c_147 1GRN/c_193 1GRN/c_277 1GRN/c_358
Cluster 30 -> 1GRN/c_686 1GRN/c_515 1GRN/c_537 1GRN/c_594 1GRN/c_626 1GRN/c_69 1GRN/c_703 1GRN/c_976 1GRN/c_183 1GRN/c_284 1GRN/c_319 1GRN/c_379
Cluster 31 -> 1GRN/c_842 1GRN/c_488 1GRN/c_532 1GRN/c_576 1GRN/c_619 1GRN/c_628 1GRN/c_629 1GRN/c_698 1GRN/c_717 1GRN/c_429
Cluster 32 -> 1GRN/c_829 1GRN/c_526 1GRN/c_568 1GRN/c_611 1GRN/c_87 1GRN/c_97 1GRN/c_101 1GRN/c_180 1GRN/c_273 1GRN/c_395
Cluster 33 -> 1GRN/c_755 1GRN/c_473 1GRN/c_536 1GRN/c_635 1GRN/c_685 1GRN/c_782 1GRN/c_875 1GRN/c_977 1GRN/c_982 1GRN/c_340
Cluster 34 -> 1GRN/c_716 1GRN/c_517 1GRN/c_552 1GRN/c_614 1GRN/c_682 1GRN/c_689 1GRN/c_918 1GRN/c_931 1GRN/c_243 1GRN/c_357
Cluster 35 -> 1GRN/c_480 1GRN/c_461 1GRN/c_508 1GRN/c_627 1GRN/c_933 1GRN/c_93 1GRN/c_110 1GRN/c_156 1GRN/c_171 1GRN/c_214
Cluster 36 -> 1GRN/c_266 1GRN/c_487 1GRN/c_60 1GRN/c_679 1GRN/c_827 1GRN/c_858 1GRN/c_882 1GRN/c_125 1GRN/c_292 1GRN/c_368
Cluster 37 -> 1GRN/c_72 1GRN/c_445 1GRN/c_472 1GRN/c_53 1GRN/c_790 1GRN/c_133 1GRN/c_150 1GRN/c_263 1GRN/c_375
Cluster 38 -> 1GRN/c_388 1GRN/c_5 1GRN/c_75 1GRN/c_79 1GRN/c_857 1GRN/c_252 1GRN/c_33 1GRN/c_353 1GRN/c_407
Cluster 39 -> 1GRN/c_350 1GRN/c_563 1GRN/c_572 1GRN/c_752 1GRN/c_809 1GRN/c_851 1GRN/c_901 1GRN/c_999 1GRN/c_419
Cluster 40 -> 1GRN/c_974 1GRN/c_507 1GRN/c_708 1GRN/c_726 1GRN/c_804 1GRN/c_834 1GRN/c_994 1GRN/c_241
Cluster 41 -> 1GRN/c_952 1GRN/c_485 1GRN/c_496 1GRN/c_648 1GRN/c_768 1GRN/c_807 1GRN/c_230 1GRN/c_264
Cluster 42 -> 1GRN/c_862 1GRN/c_535 1GRN/c_541 1GRN/c_746 1GRN/c_751 1GRN/c_981 1GRN/c_303 1GRN/c_385
Cluster 43 -> 1GRN/c_612 1GRN/c_533 1GRN/c_695 1GRN/c_799 1GRN/c_847 1GRN/c_932 1GRN/c_963 1GRN/c_411
Cluster 44 -> 1GRN/c_784 1GRN/c_732 1GRN/c_121 1GRN/c_245 1GRN/c_306 1GRN/c_410 1GRN/c_412
Cluster 45 -> 1GRN/c_49 1GRN/c_479 1GRN/c_6 1GRN/c_82 1GRN/c_14 1GRN/c_159 1GRN/c_203
Cluster 46 -> 1GRN/c_271 1GRN/c_494 1GRN/c_669 1GRN/c_256 1GRN/c_32 1GRN/c_373 1GRN/c_417
Cluster 47 -> 1GRN/c_991 1GRN/c_542 1GRN/c_598 1GRN/c_602 1GRN/c_288 1GRN/c_377
Cluster 48 -> 1GRN/c_989 1GRN/c_830 1GRN/c_877 1GRN/c_971 1GRN/c_381 1GRN/c_425
Cluster 49 -> 1GRN/c_979 1GRN/c_444 1GRN/c_873 1GRN/c_962 1GRN/c_137 1GRN/c_186
Cluster 50 -> 1GRN/c_856 1GRN/c_62 1GRN/c_712 1GRN/c_843 1GRN/c_114 1GRN/c_184
Cluster 51 -> 1GRN/c_670 1GRN/c_475 1GRN/c_589 1GRN/c_199 1GRN/c_270 1GRN/c_437
Cluster 52 -> 1GRN/c_969 1GRN/c_771 1GRN/c_802 1GRN/c_903 1GRN/c_967
Cluster 53 -> 1GRN/c_953 1GRN/c_674 1GRN/c_750 1GRN/c_835 1GRN/c_906
Cluster 54 -> 1GRN/c_925 1GRN/c_637 1GRN/c_647 1GRN/c_840 1GRN/c_404
Cluster 55 -> 1GRN/c_904 1GRN/c_492 1GRN/c_814 1GRN/c_229 1GRN/c_312
Cluster 56 -> 1GRN/c_897 1GRN/c_548 1GRN/c_577 1GRN/c_587 1GRN/c_201
Cluster 57 -> 1GRN/c_871 1GRN/c_745 1GRN/c_817 1GRN/c_985 1GRN/c_1000
Cluster 58 -> 1GRN/c_786 1GRN/c_719 1GRN/c_724 1GRN/c_778 1GRN/c_846
Cluster 59 -> 1GRN/c_680 1GRN/c_700 1GRN/c_744 1GRN/c_84 1GRN/c_192
Cluster 60 -> 1GRN/c_336 1GRN/c_607 1GRN/c_168 1GRN/c_363 1GRN/c_400
Cluster 61 -> 1GRN/c_132 1GRN/c_723 1GRN/c_869 1GRN/c_914 1GRN/c_174
Cluster 62 -> 1GRN/c_998 1GRN/c_403 1GRN/c_415 1GRN/c_422
Cluster 63 -> 1GRN/c_997 1GRN/c_663 1GRN/c_710 1GRN/c_983
Cluster 64 -> 1GRN/c_993 1GRN/c_797 1GRN/c_870 1GRN/c_919
Cluster 65 -> 1GRN/c_960 1GRN/c_660 1GRN/c_795 1GRN/c_191
Cluster 66 -> 1GRN/c_943 1GRN/c_654 1GRN/c_770 1GRN/c_826
Cluster 67 -> 1GRN/c_939 1GRN/c_714 1GRN/c_836 1GRN/c_928
Cluster 68 -> 1GRN/c_854 1GRN/c_520 1GRN/c_643 1GRN/c_673
Cluster 69 -> 1GRN/c_813 1GRN/c_471 1GRN/c_668 1GRN/c_910
Cluster 70 -> 1GRN/c_808 1GRN/c_524 1GRN/c_760 1GRN/c_936
Cluster 71 -> 1GRN/c_805 1GRN/c_58 1GRN/c_739 1GRN/c_136
Cluster 72 -> 1GRN/c_788 1GRN/c_544 1GRN/c_546 1GRN/c_894
Cluster 73 -> 1GRN/c_664 1GRN/c_227 1GRN/c_258 1GRN/c_275
Cluster 74 -> 1GRN/c_519 1GRN/c_623 1GRN/c_257 1GRN/c_304
