Cluster 1 -> 1H1V/c_404 1H1V/c_442 1H1V/c_443 1H1V/c_455 1H1V/c_460 1H1V/c_469 1H1V/c_470 1H1V/c_471 1H1V/c_474 1H1V/c_476 1H1V/c_477 1H1V/c_479 1H1V/c_487 1H1V/c_492 1H1V/c_498 1H1V/c_514 1H1V/c_515 1H1V/c_518 1H1V/c_526 1H1V/c_534 1H1V/c_539 1H1V/c_541 1H1V/c_546 1H1V/c_553 1H1V/c_572 1H1V/c_580 1H1V/c_608 1H1V/c_612 1H1V/c_616 1H1V/c_61 1H1V/c_624 1H1V/c_629 1H1V/c_635 1H1V/c_642 1H1V/c_643 1H1V/c_646 1H1V/c_64 1H1V/c_667 1H1V/c_671 1H1V/c_675 1H1V/c_676 1H1V/c_679 1H1V/c_686 1H1V/c_694 1H1V/c_707 1H1V/c_70 1H1V/c_716 1H1V/c_735 1H1V/c_756 1H1V/c_766 1H1V/c_767 1H1V/c_776 1H1V/c_788 1H1V/c_789 1H1V/c_794 1H1V/c_797 1H1V/c_807 1H1V/c_813 1H1V/c_820 1H1V/c_830 1H1V/c_832 1H1V/c_845 1H1V/c_853 1H1V/c_858 1H1V/c_861 1H1V/c_867 1H1V/c_880 1H1V/c_887 1H1V/c_890 1H1V/c_895 1H1V/c_899 1H1V/c_900 1H1V/c_901 1H1V/c_914 1H1V/c_927 1H1V/c_931 1H1V/c_950 1H1V/c_960 1H1V/c_973 1H1V/c_975 1H1V/c_980 1H1V/c_996 1H1V/c_115 1H1V/c_119 1H1V/c_121 1H1V/c_134 1H1V/c_156 1H1V/c_171 1H1V/c_182 1H1V/c_200 1H1V/c_202 1H1V/c_203 1H1V/c_216 1H1V/c_223 1H1V/c_229 1H1V/c_234 1H1V/c_237 1H1V/c_241 1H1V/c_247 1H1V/c_248 1H1V/c_253 1H1V/c_266 1H1V/c_278 1H1V/c_280 1H1V/c_289 1H1V/c_294 1H1V/c_314 1H1V/c_324 1H1V/c_329 1H1V/c_333 1H1V/c_336 1H1V/c_340 1H1V/c_343 1H1V/c_350 1H1V/c_353 1H1V/c_358 1H1V/c_363 1H1V/c_366 1H1V/c_379 1H1V/c_385 1H1V/c_386 1H1V/c_388 1H1V/c_399 1H1V/c_423 1H1V/c_430 1H1V/c_434
Cluster 2 -> 1H1V/c_79 1H1V/c_444 1H1V/c_449 1H1V/c_454 1H1V/c_459 1H1V/c_473 1H1V/c_485 1H1V/c_489 1H1V/c_48 1H1V/c_493 1H1V/c_49 1H1V/c_548 1H1V/c_549 1H1V/c_554 1H1V/c_56 1H1V/c_58 1H1V/c_665 1H1V/c_68 1H1V/c_709 1H1V/c_714 1H1V/c_720 1H1V/c_726 1H1V/c_73 1H1V/c_753 1H1V/c_755 1H1V/c_757 1H1V/c_76 1H1V/c_774 1H1V/c_77 1H1V/c_803 1H1V/c_819 1H1V/c_821 1H1V/c_824 1H1V/c_829 1H1V/c_84 1H1V/c_854 1H1V/c_878 1H1V/c_886 1H1V/c_889 1H1V/c_89 1H1V/c_904 1H1V/c_905 1H1V/c_910 1H1V/c_930 1H1V/c_938 1H1V/c_939 1H1V/c_943 1H1V/c_964 1H1V/c_976 1H1V/c_989 1H1V/c_997 1H1V/c_102 1H1V/c_108 1H1V/c_10 1H1V/c_112 1H1V/c_124 1H1V/c_133 1H1V/c_136 1H1V/c_146 1H1V/c_14 1H1V/c_150 1H1V/c_152 1H1V/c_163 1H1V/c_173 1H1V/c_188 1H1V/c_20 1H1V/c_211 1H1V/c_214 1H1V/c_218 1H1V/c_227 1H1V/c_22 1H1V/c_242 1H1V/c_24 1H1V/c_250 1H1V/c_265 1H1V/c_272 1H1V/c_279 1H1V/c_284 1H1V/c_292 1H1V/c_293 1H1V/c_295 1H1V/c_299 1H1V/c_29 1H1V/c_300 1H1V/c_308 1H1V/c_318 1H1V/c_322 1H1V/c_323 1H1V/c_32 1H1V/c_341 1H1V/c_34 1H1V/c_362 1H1V/c_36 1H1V/c_370 1H1V/c_376 1H1V/c_394 1H1V/c_405 1H1V/c_417 1H1V/c_421 1H1V/c_428 1H1V/c_437 1H1V/c_438
Cluster 3 -> 1H1V/c_219 1H1V/c_446 1H1V/c_44 1H1V/c_45 1H1V/c_494 1H1V/c_51 1H1V/c_523 1H1V/c_537 1H1V/c_57 1H1V/c_62 1H1V/c_638 1H1V/c_656 1H1V/c_751 1H1V/c_759 1H1V/c_864 1H1V/c_97 1H1V/c_103 1H1V/c_105 1H1V/c_127 1H1V/c_160 1H1V/c_172 1H1V/c_174 1H1V/c_199 1H1V/c_206 1H1V/c_23 1H1V/c_28 1H1V/c_342 1H1V/c_360 1H1V/c_37 1H1V/c_384 1H1V/c_397 1H1V/c_410 1H1V/c_41
Cluster 4 -> 1H1V/c_650 1H1V/c_458 1H1V/c_461 1H1V/c_463 1H1V/c_587 1H1V/c_645 1H1V/c_651 1H1V/c_655 1H1V/c_741 1H1V/c_809 1H1V/c_815 1H1V/c_834 1H1V/c_88 1H1V/c_919 1H1V/c_920 1H1V/c_107 1H1V/c_165 1H1V/c_185 1H1V/c_205 1H1V/c_225 1H1V/c_226 1H1V/c_258 1H1V/c_262 1H1V/c_267 1H1V/c_298 1H1V/c_309 1H1V/c_332 1H1V/c_372 1H1V/c_381 1H1V/c_38 1H1V/c_403 1H1V/c_441
Cluster 5 -> 1H1V/c_577 1H1V/c_447 1H1V/c_482 1H1V/c_486 1H1V/c_542 1H1V/c_543 1H1V/c_568 1H1V/c_570 1H1V/c_589 1H1V/c_600 1H1V/c_705 1H1V/c_719 1H1V/c_749 1H1V/c_778 1H1V/c_817 1H1V/c_823 1H1V/c_90 1H1V/c_91 1H1V/c_965 1H1V/c_100 1H1V/c_117 1H1V/c_132 1H1V/c_147 1H1V/c_167 1H1V/c_179 1H1V/c_207 1H1V/c_232 1H1V/c_306 1H1V/c_310 1H1V/c_378 1H1V/c_422
Cluster 6 -> 1H1V/c_662 1H1V/c_445 1H1V/c_506 1H1V/c_510 1H1V/c_558 1H1V/c_569 1H1V/c_591 1H1V/c_594 1H1V/c_596 1H1V/c_618 1H1V/c_627 1H1V/c_630 1H1V/c_715 1H1V/c_760 1H1V/c_784 1H1V/c_792 1H1V/c_793 1H1V/c_810 1H1V/c_850 1H1V/c_956 1H1V/c_144 1H1V/c_153 1H1V/c_181 1H1V/c_186 1H1V/c_316 1H1V/c_364 1H1V/c_409
Cluster 7 -> 1H1V/c_317 1H1V/c_468 1H1V/c_50 1H1V/c_520 1H1V/c_53 1H1V/c_540 1H1V/c_621 1H1V/c_763 1H1V/c_799 1H1V/c_104 1H1V/c_110 1H1V/c_138 1H1V/c_139 1H1V/c_148 1H1V/c_161 1H1V/c_177 1H1V/c_184 1H1V/c_19 1H1V/c_230 1H1V/c_303 1H1V/c_319 1H1V/c_398 1H1V/c_436
Cluster 8 -> 1H1V/c_953 1H1V/c_481 1H1V/c_529 1H1V/c_536 1H1V/c_552 1H1V/c_561 1H1V/c_601 1H1V/c_687 1H1V/c_700 1H1V/c_710 1H1V/c_831 1H1V/c_884 1H1V/c_946 1H1V/c_982 1H1V/c_993 1H1V/c_126 1H1V/c_166 1H1V/c_252 1H1V/c_254 1H1V/c_325 1H1V/c_424
Cluster 9 -> 1H1V/c_962 1H1V/c_453 1H1V/c_467 1H1V/c_60 1H1V/c_640 1H1V/c_690 1H1V/c_729 1H1V/c_744 1H1V/c_750 1H1V/c_944 1H1V/c_106 1H1V/c_114 1H1V/c_131 1H1V/c_140 1H1V/c_283 1H1V/c_327 1H1V/c_373
Cluster 10 -> 1H1V/c_71 1H1V/c_465 1H1V/c_530 1H1V/c_678 1H1V/c_802 1H1V/c_804 1H1V/c_874 1H1V/c_968 1H1V/c_137 1H1V/c_154 1H1V/c_155 1H1V/c_221 1H1V/c_222 1H1V/c_249 1H1V/c_26 1H1V/c_349
Cluster 11 -> 1H1V/c_888 1H1V/c_555 1H1V/c_563 1H1V/c_584 1H1V/c_825 1H1V/c_83 1H1V/c_849 1H1V/c_855 1H1V/c_869 1H1V/c_894 1H1V/c_933 1H1V/c_170 1H1V/c_176 1H1V/c_235 1H1V/c_302
Cluster 12 -> 1H1V/c_387 1H1V/c_484 1H1V/c_511 1H1V/c_544 1H1V/c_614 1H1V/c_661 1H1V/c_697 1H1V/c_724 1H1V/c_770 1H1V/c_955 1H1V/c_994 1H1V/c_998 1H1V/c_125 1H1V/c_297
Cluster 13 -> 1H1V/c_9 1H1V/c_533 1H1V/c_80 1H1V/c_116 1H1V/c_11 1H1V/c_120 1H1V/c_13 1H1V/c_215 1H1V/c_261 1H1V/c_326 1H1V/c_347 1H1V/c_35 1H1V/c_39
Cluster 14 -> 1H1V/c_782 1H1V/c_478 1H1V/c_512 1H1V/c_736 1H1V/c_746 1H1V/c_787 1H1V/c_801 1H1V/c_954 1H1V/c_98 1H1V/c_190 1H1V/c_276 1H1V/c_355 1H1V/c_426
Cluster 15 -> 1H1V/c_345 1H1V/c_491 1H1V/c_503 1H1V/c_55 1H1V/c_78 1H1V/c_937 1H1V/c_135 1H1V/c_145 1H1V/c_208 1H1V/c_210 1H1V/c_21 1H1V/c_344 1H1V/c_356
Cluster 16 -> 1H1V/c_432 1H1V/c_605 1H1V/c_685 1H1V/c_839 1H1V/c_870 1H1V/c_876 1H1V/c_198 1H1V/c_246 1H1V/c_311 1H1V/c_313 1H1V/c_377 1H1V/c_431
Cluster 17 -> 1H1V/c_981 1H1V/c_464 1H1V/c_652 1H1V/c_82 1H1V/c_93 1H1V/c_164 1H1V/c_189 1H1V/c_212 1H1V/c_286 1H1V/c_365 1H1V/c_393
Cluster 18 -> 1H1V/c_507 1H1V/c_517 1H1V/c_664 1H1V/c_734 1H1V/c_780 1H1V/c_828 1H1V/c_848 1H1V/c_130 1H1V/c_168 1H1V/c_209 1H1V/c_352
Cluster 19 -> 1H1V/c_991 1H1V/c_490 1H1V/c_673 1H1V/c_689 1H1V/c_699 1H1V/c_738 1H1V/c_800 1H1V/c_844 1H1V/c_859 1H1V/c_893
Cluster 20 -> 1H1V/c_75 1H1V/c_4 1H1V/c_516 1H1V/c_59 1H1V/c_67 1H1V/c_69 1H1V/c_118 1H1V/c_16 1H1V/c_17 1H1V/c_2
Cluster 21 -> 1H1V/c_588 1H1V/c_54 1H1V/c_606 1H1V/c_66 1H1V/c_983 1H1V/c_231 1H1V/c_236 1H1V/c_255 1H1V/c_359 1H1V/c_419
Cluster 22 -> 1H1V/c_395 1H1V/c_497 1H1V/c_5 1H1V/c_730 1H1V/c_99 1H1V/c_151 1H1V/c_15 1H1V/c_27 1H1V/c_43
Cluster 23 -> 1H1V/c_193 1H1V/c_628 1H1V/c_7 1H1V/c_877 1H1V/c_8 1H1V/c_109 1H1V/c_122 1H1V/c_141 1H1V/c_31
Cluster 24 -> 1H1V/c_65 1H1V/c_743 1H1V/c_768 1H1V/c_128 1H1V/c_220 1H1V/c_305 1H1V/c_315 1H1V/c_439
Cluster 25 -> 1H1V/c_521 1H1V/c_550 1H1V/c_713 1H1V/c_949 1H1V/c_972 1H1V/c_984 1H1V/c_275 1H1V/c_413
Cluster 26 -> 1H1V/c_96 1H1V/c_46 1H1V/c_637 1H1V/c_653 1H1V/c_843 1H1V/c_18 1H1V/c_368
Cluster 27 -> 1H1V/c_907 1H1V/c_613 1H1V/c_632 1H1V/c_909 1H1V/c_282 1H1V/c_354 1H1V/c_400
Cluster 28 -> 1H1V/c_862 1H1V/c_522 1H1V/c_52 1H1V/c_593 1H1V/c_604 1H1V/c_191 1H1V/c_320
Cluster 29 -> 1H1V/c_842 1H1V/c_448 1H1V/c_771 1H1V/c_783 1H1V/c_897 1H1V/c_111 1H1V/c_239
Cluster 30 -> 1H1V/c_762 1H1V/c_559 1H1V/c_617 1H1V/c_684 1H1V/c_723 1H1V/c_929 1H1V/c_978
Cluster 31 -> 1H1V/c_538 1H1V/c_500 1H1V/c_25 1H1V/c_270 1H1V/c_407 1H1V/c_416 1H1V/c_435
Cluster 32 -> 1H1V/c_531 1H1V/c_519 1H1V/c_535 1H1V/c_12 1H1V/c_301 1H1V/c_30 1H1V/c_414
Cluster 33 -> 1H1V/c_269 1H1V/c_462 1H1V/c_644 1H1V/c_868 1H1V/c_86 1H1V/c_259 1H1V/c_396
Cluster 34 -> 1H1V/c_257 1H1V/c_579 1H1V/c_660 1H1V/c_712 1H1V/c_129 1H1V/c_263 1H1V/c_369
Cluster 35 -> 1H1V/c_967 1H1V/c_472 1H1V/c_213 1H1V/c_312 1H1V/c_328 1H1V/c_348
Cluster 36 -> 1H1V/c_860 1H1V/c_509 1H1V/c_528 1H1V/c_703 1H1V/c_747 1H1V/c_852
Cluster 37 -> 1H1V/c_711 1H1V/c_527 1H1V/c_619 1H1V/c_631 1H1V/c_287 1H1V/c_418
Cluster 38 -> 1H1V/c_706 1H1V/c_513 1H1V/c_692 1H1V/c_808 1H1V/c_857 1H1V/c_971
Cluster 39 -> 1H1V/c_586 1H1V/c_636 1H1V/c_725 1H1V/c_101 1H1V/c_233 1H1V/c_440
Cluster 40 -> 1H1V/c_475 1H1V/c_499 1H1V/c_508 1H1V/c_654 1H1V/c_123 1H1V/c_296
Cluster 41 -> 1H1V/c_382 1H1V/c_456 1H1V/c_495 1H1V/c_556 1H1V/c_959 1H1V/c_268
Cluster 42 -> 1H1V/c_240 1H1V/c_925 1H1V/c_987 1H1V/c_402 1H1V/c_415 1H1V/c_429
Cluster 43 -> 1H1V/c_986 1H1V/c_564 1H1V/c_602 1H1V/c_732 1H1V/c_846
Cluster 44 -> 1H1V/c_966 1H1V/c_717 1H1V/c_827 1H1V/c_911 1H1V/c_290
Cluster 45 -> 1H1V/c_941 1H1V/c_680 1H1V/c_693 1H1V/c_805 1H1V/c_979
Cluster 46 -> 1H1V/c_936 1H1V/c_677 1H1V/c_786 1H1V/c_798 1H1V/c_811
Cluster 47 -> 1H1V/c_87 1H1V/c_672 1H1V/c_72 1H1V/c_758 1H1V/c_806
Cluster 48 -> 1H1V/c_875 1H1V/c_466 1H1V/c_657 1H1V/c_898 1H1V/c_288
Cluster 49 -> 1H1V/c_847 1H1V/c_501 1H1V/c_582 1H1V/c_641 1H1V/c_663
Cluster 50 -> 1H1V/c_682 1H1V/c_496 1H1V/c_947 1H1V/c_273 1H1V/c_291
Cluster 51 -> 1H1V/c_175 1H1V/c_670 1H1V/c_338 1H1V/c_408 1H1V/c_425
Cluster 52 -> 1H1V/c_143 1H1V/c_504 1H1V/c_610 1H1V/c_178 1H1V/c_180
Cluster 53 -> 1H1V/c_113 1H1V/c_532 1H1V/c_169 1H1V/c_1 1H1V/c_3
Cluster 54 -> 1H1V/c_988 1H1V/c_658 1H1V/c_228 1H1V/c_390
Cluster 55 -> 1H1V/c_961 1H1V/c_505 1H1V/c_926 1H1V/c_957
Cluster 56 -> 1H1V/c_95 1H1V/c_74 1H1V/c_836 1H1V/c_392
Cluster 57 -> 1H1V/c_945 1H1V/c_583 1H1V/c_201 1H1V/c_307
Cluster 58 -> 1H1V/c_918 1H1V/c_701 1H1V/c_779 1H1V/c_885
Cluster 59 -> 1H1V/c_917 1H1V/c_634 1H1V/c_708 1H1V/c_391
Cluster 60 -> 1H1V/c_879 1H1V/c_625 1H1V/c_761 1H1V/c_337
Cluster 61 -> 1H1V/c_812 1H1V/c_585 1H1V/c_334 1H1V/c_335
Cluster 62 -> 1H1V/c_648 1H1V/c_615 1H1V/c_863 1H1V/c_330
Cluster 63 -> 1H1V/c_611 1H1V/c_592 1H1V/c_674 1H1V/c_256
Cluster 64 -> 1H1V/c_573 1H1V/c_932 1H1V/c_195 1H1V/c_224
Cluster 65 -> 1H1V/c_457 1H1V/c_795 1H1V/c_94 1H1V/c_274
