Cluster 1 -> 1IBR/c_106 1IBR/c_50 1IBR/c_52 1IBR/c_573 1IBR/c_71 1IBR/c_73 1IBR/c_107 1IBR/c_10 1IBR/c_123 1IBR/c_133 1IBR/c_13 1IBR/c_176 1IBR/c_17 1IBR/c_203 1IBR/c_208 1IBR/c_246 1IBR/c_259 1IBR/c_25 1IBR/c_312 1IBR/c_374 1IBR/c_37 1IBR/c_38 1IBR/c_3 1IBR/c_406 1IBR/c_419 1IBR/c_421 1IBR/c_42
Cluster 2 -> 1IBR/c_730 1IBR/c_445 1IBR/c_498 1IBR/c_503 1IBR/c_513 1IBR/c_521 1IBR/c_531 1IBR/c_579 1IBR/c_589 1IBR/c_631 1IBR/c_633 1IBR/c_687 1IBR/c_751 1IBR/c_828 1IBR/c_886 1IBR/c_905 1IBR/c_990 1IBR/c_234 1IBR/c_284 1IBR/c_297 1IBR/c_309 1IBR/c_339 1IBR/c_399
Cluster 3 -> 1IBR/c_134 1IBR/c_478 1IBR/c_523 1IBR/c_54 1IBR/c_565 1IBR/c_600 1IBR/c_652 1IBR/c_672 1IBR/c_718 1IBR/c_799 1IBR/c_871 1IBR/c_95 1IBR/c_149 1IBR/c_212 1IBR/c_242 1IBR/c_269 1IBR/c_278 1IBR/c_283 1IBR/c_288 1IBR/c_345 1IBR/c_366 1IBR/c_417
Cluster 4 -> 1IBR/c_11 1IBR/c_490 1IBR/c_504 1IBR/c_51 1IBR/c_55 1IBR/c_567 1IBR/c_70 1IBR/c_787 1IBR/c_9 1IBR/c_12 1IBR/c_168 1IBR/c_174 1IBR/c_21 1IBR/c_228 1IBR/c_251 1IBR/c_293 1IBR/c_307 1IBR/c_335 1IBR/c_337 1IBR/c_36 1IBR/c_408 1IBR/c_411
Cluster 5 -> 1IBR/c_549 1IBR/c_505 1IBR/c_514 1IBR/c_517 1IBR/c_558 1IBR/c_560 1IBR/c_582 1IBR/c_588 1IBR/c_604 1IBR/c_726 1IBR/c_920 1IBR/c_935 1IBR/c_985 1IBR/c_113 1IBR/c_159 1IBR/c_215 1IBR/c_238 1IBR/c_266 1IBR/c_305 1IBR/c_388 1IBR/c_396
Cluster 6 -> 1IBR/c_777 1IBR/c_516 1IBR/c_635 1IBR/c_647 1IBR/c_677 1IBR/c_678 1IBR/c_680 1IBR/c_699 1IBR/c_721 1IBR/c_774 1IBR/c_795 1IBR/c_834 1IBR/c_846 1IBR/c_865 1IBR/c_877 1IBR/c_921 1IBR/c_93 1IBR/c_239 1IBR/c_369 1IBR/c_372
Cluster 7 -> 1IBR/c_31 1IBR/c_456 1IBR/c_464 1IBR/c_479 1IBR/c_75 1IBR/c_87 1IBR/c_91 1IBR/c_121 1IBR/c_137 1IBR/c_155 1IBR/c_167 1IBR/c_16 1IBR/c_1 1IBR/c_20 1IBR/c_216 1IBR/c_294 1IBR/c_2 1IBR/c_360 1IBR/c_43
Cluster 8 -> 1IBR/c_938 1IBR/c_466 1IBR/c_527 1IBR/c_61 1IBR/c_676 1IBR/c_745 1IBR/c_807 1IBR/c_860 1IBR/c_864 1IBR/c_872 1IBR/c_175 1IBR/c_250 1IBR/c_262 1IBR/c_304 1IBR/c_317 1IBR/c_321 1IBR/c_347
Cluster 9 -> 1IBR/c_24 1IBR/c_56 1IBR/c_627 1IBR/c_656 1IBR/c_68 1IBR/c_7 1IBR/c_80 1IBR/c_94 1IBR/c_132 1IBR/c_14 1IBR/c_18 1IBR/c_190 1IBR/c_217 1IBR/c_22 1IBR/c_257 1IBR/c_29 1IBR/c_33
Cluster 10 -> 1IBR/c_40 1IBR/c_47 1IBR/c_539 1IBR/c_53 1IBR/c_59 1IBR/c_623 1IBR/c_742 1IBR/c_96 1IBR/c_109 1IBR/c_118 1IBR/c_125 1IBR/c_148 1IBR/c_204 1IBR/c_400 1IBR/c_436
Cluster 11 -> 1IBR/c_752 1IBR/c_63 1IBR/c_749 1IBR/c_793 1IBR/c_806 1IBR/c_847 1IBR/c_929 1IBR/c_114 1IBR/c_19 1IBR/c_240 1IBR/c_243 1IBR/c_247 1IBR/c_348 1IBR/c_352
Cluster 12 -> 1IBR/c_572 1IBR/c_519 1IBR/c_64 1IBR/c_925 1IBR/c_966 1IBR/c_974 1IBR/c_112 1IBR/c_115 1IBR/c_185 1IBR/c_232 1IBR/c_28 1IBR/c_310 1IBR/c_346
Cluster 13 -> 1IBR/c_484 1IBR/c_465 1IBR/c_649 1IBR/c_880 1IBR/c_88 1IBR/c_117 1IBR/c_191 1IBR/c_220 1IBR/c_27 1IBR/c_301 1IBR/c_368 1IBR/c_415 1IBR/c_433
Cluster 14 -> 1IBR/c_342 1IBR/c_602 1IBR/c_619 1IBR/c_67 1IBR/c_69 1IBR/c_804 1IBR/c_90 1IBR/c_986 1IBR/c_140 1IBR/c_15 1IBR/c_178 1IBR/c_253 1IBR/c_432
Cluster 15 -> 1IBR/c_494 1IBR/c_48 1IBR/c_60 1IBR/c_671 1IBR/c_98 1IBR/c_138 1IBR/c_152 1IBR/c_171 1IBR/c_26 1IBR/c_367 1IBR/c_41 1IBR/c_440
Cluster 16 -> 1IBR/c_909 1IBR/c_634 1IBR/c_773 1IBR/c_794 1IBR/c_859 1IBR/c_887 1IBR/c_258 1IBR/c_397 1IBR/c_403 1IBR/c_405 1IBR/c_429
Cluster 17 -> 1IBR/c_924 1IBR/c_581 1IBR/c_739 1IBR/c_808 1IBR/c_143 1IBR/c_195 1IBR/c_197 1IBR/c_230 1IBR/c_236 1IBR/c_377
Cluster 18 -> 1IBR/c_72 1IBR/c_510 1IBR/c_545 1IBR/c_576 1IBR/c_696 1IBR/c_983 1IBR/c_277 1IBR/c_318 1IBR/c_324 1IBR/c_431
Cluster 19 -> 1IBR/c_674 1IBR/c_580 1IBR/c_755 1IBR/c_836 1IBR/c_861 1IBR/c_895 1IBR/c_913 1IBR/c_959 1IBR/c_995 1IBR/c_326
Cluster 20 -> 1IBR/c_450 1IBR/c_496 1IBR/c_534 1IBR/c_655 1IBR/c_811 1IBR/c_941 1IBR/c_963 1IBR/c_129 1IBR/c_136 1IBR/c_231
Cluster 21 -> 1IBR/c_44 1IBR/c_554 1IBR/c_62 1IBR/c_781 1IBR/c_78 1IBR/c_181 1IBR/c_213 1IBR/c_256 1IBR/c_341 1IBR/c_439
Cluster 22 -> 1IBR/c_362 1IBR/c_546 1IBR/c_658 1IBR/c_725 1IBR/c_884 1IBR/c_910 1IBR/c_978 1IBR/c_267 1IBR/c_314 1IBR/c_340
Cluster 23 -> 1IBR/c_338 1IBR/c_528 1IBR/c_570 1IBR/c_591 1IBR/c_711 1IBR/c_747 1IBR/c_754 1IBR/c_76 1IBR/c_260 1IBR/c_39
Cluster 24 -> 1IBR/c_954 1IBR/c_449 1IBR/c_468 1IBR/c_571 1IBR/c_654 1IBR/c_79 1IBR/c_200 1IBR/c_300 1IBR/c_424
Cluster 25 -> 1IBR/c_947 1IBR/c_544 1IBR/c_665 1IBR/c_673 1IBR/c_821 1IBR/c_303 1IBR/c_328 1IBR/c_361 1IBR/c_401
Cluster 26 -> 1IBR/c_940 1IBR/c_540 1IBR/c_646 1IBR/c_805 1IBR/c_819 1IBR/c_840 1IBR/c_897 1IBR/c_968 1IBR/c_333
Cluster 27 -> 1IBR/c_81 1IBR/c_507 1IBR/c_524 1IBR/c_575 1IBR/c_622 1IBR/c_690 1IBR/c_762 1IBR/c_274 1IBR/c_425
Cluster 28 -> 1IBR/c_74 1IBR/c_45 1IBR/c_489 1IBR/c_8 1IBR/c_92 1IBR/c_142 1IBR/c_160 1IBR/c_279 1IBR/c_30
Cluster 29 -> 1IBR/c_590 1IBR/c_615 1IBR/c_617 1IBR/c_707 1IBR/c_713 1IBR/c_768 1IBR/c_798 1IBR/c_928 1IBR/c_147
Cluster 30 -> 1IBR/c_447 1IBR/c_460 1IBR/c_533 1IBR/c_695 1IBR/c_735 1IBR/c_939 1IBR/c_223 1IBR/c_323 1IBR/c_409
Cluster 31 -> 1IBR/c_430 1IBR/c_470 1IBR/c_520 1IBR/c_712 1IBR/c_830 1IBR/c_958 1IBR/c_281 1IBR/c_286 1IBR/c_306
Cluster 32 -> 1IBR/c_354 1IBR/c_688 1IBR/c_862 1IBR/c_110 1IBR/c_161 1IBR/c_187 1IBR/c_201 1IBR/c_296 1IBR/c_344
Cluster 33 -> 1IBR/c_950 1IBR/c_485 1IBR/c_562 1IBR/c_605 1IBR/c_705 1IBR/c_849 1IBR/c_964 1IBR/c_965
Cluster 34 -> 1IBR/c_694 1IBR/c_448 1IBR/c_608 1IBR/c_638 1IBR/c_664 1IBR/c_824 1IBR/c_130 1IBR/c_355
Cluster 35 -> 1IBR/c_35 1IBR/c_766 1IBR/c_151 1IBR/c_173 1IBR/c_180 1IBR/c_196 1IBR/c_371 1IBR/c_386
Cluster 36 -> 1IBR/c_322 1IBR/c_522 1IBR/c_529 1IBR/c_835 1IBR/c_100 1IBR/c_122 1IBR/c_327 1IBR/c_384
Cluster 37 -> 1IBR/c_850 1IBR/c_508 1IBR/c_737 1IBR/c_826 1IBR/c_164 1IBR/c_255 1IBR/c_382
Cluster 38 -> 1IBR/c_626 1IBR/c_609 1IBR/c_837 1IBR/c_932 1IBR/c_103 1IBR/c_209 1IBR/c_224
Cluster 39 -> 1IBR/c_49 1IBR/c_459 1IBR/c_492 1IBR/c_495 1IBR/c_84 1IBR/c_892 1IBR/c_358
Cluster 40 -> 1IBR/c_412 1IBR/c_552 1IBR/c_594 1IBR/c_803 1IBR/c_210 1IBR/c_221 1IBR/c_391
Cluster 41 -> 1IBR/c_192 1IBR/c_471 1IBR/c_506 1IBR/c_719 1IBR/c_77 1IBR/c_116 1IBR/c_135
Cluster 42 -> 1IBR/c_984 1IBR/c_500 1IBR/c_856 1IBR/c_878 1IBR/c_889 1IBR/c_982
Cluster 43 -> 1IBR/c_971 1IBR/c_606 1IBR/c_710 1IBR/c_743 1IBR/c_179 1IBR/c_184
Cluster 44 -> 1IBR/c_911 1IBR/c_566 1IBR/c_614 1IBR/c_759 1IBR/c_235 1IBR/c_389
Cluster 45 -> 1IBR/c_569 1IBR/c_105 1IBR/c_162 1IBR/c_331 1IBR/c_343 1IBR/c_393
Cluster 46 -> 1IBR/c_559 1IBR/c_551 1IBR/c_555 1IBR/c_644 1IBR/c_706 1IBR/c_383
Cluster 47 -> 1IBR/c_537 1IBR/c_480 1IBR/c_577 1IBR/c_316 1IBR/c_364 1IBR/c_373
Cluster 48 -> 1IBR/c_515 1IBR/c_6 1IBR/c_741 1IBR/c_177 1IBR/c_23 1IBR/c_334
Cluster 49 -> 1IBR/c_46 1IBR/c_874 1IBR/c_89 1IBR/c_350 1IBR/c_414 1IBR/c_428
Cluster 50 -> 1IBR/c_441 1IBR/c_446 1IBR/c_630 1IBR/c_697 1IBR/c_709 1IBR/c_848
Cluster 51 -> 1IBR/c_387 1IBR/c_101 1IBR/c_127 1IBR/c_139 1IBR/c_194 1IBR/c_378
Cluster 52 -> 1IBR/c_993 1IBR/c_628 1IBR/c_82 1IBR/c_282 1IBR/c_426
Cluster 53 -> 1IBR/c_980 1IBR/c_914 1IBR/c_943 1IBR/c_144 1IBR/c_357
Cluster 54 -> 1IBR/c_896 1IBR/c_611 1IBR/c_119 1IBR/c_128 1IBR/c_427
Cluster 55 -> 1IBR/c_838 1IBR/c_598 1IBR/c_845 1IBR/c_206 1IBR/c_416
Cluster 56 -> 1IBR/c_815 1IBR/c_475 1IBR/c_593 1IBR/c_716 1IBR/c_315
Cluster 57 -> 1IBR/c_801 1IBR/c_526 1IBR/c_651 1IBR/c_653 1IBR/c_402
Cluster 58 -> 1IBR/c_765 1IBR/c_675 1IBR/c_682 1IBR/c_981 1IBR/c_131
Cluster 59 -> 1IBR/c_700 1IBR/c_951 1IBR/c_170 1IBR/c_193 1IBR/c_292
Cluster 60 -> 1IBR/c_616 1IBR/c_595 1IBR/c_731 1IBR/c_188 1IBR/c_225
Cluster 61 -> 1IBR/c_58 1IBR/c_66 1IBR/c_254 1IBR/c_325 1IBR/c_32
Cluster 62 -> 1IBR/c_536 1IBR/c_643 1IBR/c_669 1IBR/c_782 1IBR/c_791
Cluster 63 -> 1IBR/c_452 1IBR/c_734 1IBR/c_923 1IBR/c_336 1IBR/c_437
Cluster 64 -> 1IBR/c_435 1IBR/c_443 1IBR/c_474 1IBR/c_541 1IBR/c_202
Cluster 65 -> 1IBR/c_270 1IBR/c_483 1IBR/c_578 1IBR/c_857 1IBR/c_85
Cluster 66 -> 1IBR/c_245 1IBR/c_661 1IBR/c_825 1IBR/c_222 1IBR/c_244
Cluster 67 -> 1IBR/c_157 1IBR/c_645 1IBR/c_756 1IBR/c_153 1IBR/c_376
Cluster 68 -> 1IBR/c_997 1IBR/c_477 1IBR/c_988 1IBR/c_365
Cluster 69 -> 1IBR/c_991 1IBR/c_620 1IBR/c_624 1IBR/c_313
Cluster 70 -> 1IBR/c_987 1IBR/c_640 1IBR/c_145 1IBR/c_218
Cluster 71 -> 1IBR/c_957 1IBR/c_784 1IBR/c_280 1IBR/c_434
Cluster 72 -> 1IBR/c_908 1IBR/c_83 1IBR/c_893 1IBR/c_291
Cluster 73 -> 1IBR/c_904 1IBR/c_584 1IBR/c_763 1IBR/c_198
Cluster 74 -> 1IBR/c_900 1IBR/c_587 1IBR/c_663 1IBR/c_977
Cluster 75 -> 1IBR/c_894 1IBR/c_444 1IBR/c_511 1IBR/c_410
Cluster 76 -> 1IBR/c_879 1IBR/c_757 1IBR/c_833 1IBR/c_863
Cluster 77 -> 1IBR/c_876 1IBR/c_453 1IBR/c_685 1IBR/c_785
Cluster 78 -> 1IBR/c_86 1IBR/c_831 1IBR/c_392 1IBR/c_413
Cluster 79 -> 1IBR/c_855 1IBR/c_557 1IBR/c_241 1IBR/c_422
Cluster 80 -> 1IBR/c_852 1IBR/c_612 1IBR/c_829 1IBR/c_351
Cluster 81 -> 1IBR/c_844 1IBR/c_486 1IBR/c_724 1IBR/c_233
Cluster 82 -> 1IBR/c_814 1IBR/c_715 1IBR/c_111 1IBR/c_249
Cluster 83 -> 1IBR/c_802 1IBR/c_542 1IBR/c_851 1IBR/c_272
Cluster 84 -> 1IBR/c_772 1IBR/c_621 1IBR/c_746 1IBR/c_797
Cluster 85 -> 1IBR/c_683 1IBR/c_972 1IBR/c_108 1IBR/c_320
Cluster 86 -> 1IBR/c_667 1IBR/c_684 1IBR/c_956 1IBR/c_150
Cluster 87 -> 1IBR/c_65 1IBR/c_501 1IBR/c_5 1IBR/c_931
Cluster 88 -> 1IBR/c_353 1IBR/c_120 1IBR/c_329 1IBR/c_381
Cluster 89 -> 1IBR/c_308 1IBR/c_124 1IBR/c_229 1IBR/c_268
Cluster 90 -> 1IBR/c_290 1IBR/c_126 1IBR/c_166 1IBR/c_205
