Cluster 1 -> 1J2J/c_84 1J2J/c_499 1J2J/c_4 1J2J/c_53 1J2J/c_55 1J2J/c_564 1J2J/c_570 1J2J/c_572 1J2J/c_57 1J2J/c_58 1J2J/c_5 1J2J/c_615 1J2J/c_61 1J2J/c_664 1J2J/c_68 1J2J/c_6 1J2J/c_703 1J2J/c_75 1J2J/c_766 1J2J/c_7 1J2J/c_808 1J2J/c_811 1J2J/c_874 1J2J/c_8 1J2J/c_941 1J2J/c_999 1J2J/c_105 1J2J/c_108 1J2J/c_116 1J2J/c_11 1J2J/c_120 1J2J/c_123 1J2J/c_125 1J2J/c_126 1J2J/c_12 1J2J/c_13 1J2J/c_142 1J2J/c_146 1J2J/c_14 1J2J/c_150 1J2J/c_152 1J2J/c_159 1J2J/c_15 1J2J/c_16 1J2J/c_174 1J2J/c_179 1J2J/c_17 1J2J/c_18 1J2J/c_193 1J2J/c_19 1J2J/c_1 1J2J/c_201 1J2J/c_204 1J2J/c_20 1J2J/c_211 1J2J/c_231 1J2J/c_233 1J2J/c_239 1J2J/c_246 1J2J/c_256 1J2J/c_26 1J2J/c_27 1J2J/c_281 1J2J/c_285 1J2J/c_287 1J2J/c_2 1J2J/c_30 1J2J/c_31 1J2J/c_325 1J2J/c_32 1J2J/c_33 1J2J/c_35 1J2J/c_36 1J2J/c_37 1J2J/c_395 1J2J/c_397 1J2J/c_3 1J2J/c_401 1J2J/c_415 1J2J/c_424 1J2J/c_435 1J2J/c_43
Cluster 2 -> 1J2J/c_101 1J2J/c_44 1J2J/c_450 1J2J/c_45 1J2J/c_474 1J2J/c_47 1J2J/c_484 1J2J/c_497 1J2J/c_500 1J2J/c_509 1J2J/c_51 1J2J/c_537 1J2J/c_552 1J2J/c_56 1J2J/c_59 1J2J/c_63 1J2J/c_658 1J2J/c_665 1J2J/c_668 1J2J/c_686 1J2J/c_69 1J2J/c_70 1J2J/c_712 1J2J/c_744 1J2J/c_78 1J2J/c_798 1J2J/c_807 1J2J/c_81 1J2J/c_83 1J2J/c_85 1J2J/c_878 1J2J/c_901 1J2J/c_903 1J2J/c_967 1J2J/c_97 1J2J/c_983 1J2J/c_100 1J2J/c_109 1J2J/c_10 1J2J/c_114 1J2J/c_121 1J2J/c_136 1J2J/c_139 1J2J/c_140 1J2J/c_157 1J2J/c_161 1J2J/c_170 1J2J/c_171 1J2J/c_183 1J2J/c_196 1J2J/c_199 1J2J/c_208 1J2J/c_216 1J2J/c_224 1J2J/c_22 1J2J/c_237 1J2J/c_23 1J2J/c_250 1J2J/c_251 1J2J/c_252 1J2J/c_262 1J2J/c_265 1J2J/c_283 1J2J/c_301 1J2J/c_348 1J2J/c_34 1J2J/c_370 1J2J/c_382 1J2J/c_389 1J2J/c_38 1J2J/c_393 1J2J/c_40 1J2J/c_41 1J2J/c_421 1J2J/c_42 1J2J/c_432
Cluster 3 -> 1J2J/c_103 1J2J/c_465 1J2J/c_468 1J2J/c_469 1J2J/c_490 1J2J/c_491 1J2J/c_531 1J2J/c_546 1J2J/c_64 1J2J/c_65 1J2J/c_674 1J2J/c_74 1J2J/c_790 1J2J/c_79 1J2J/c_827 1J2J/c_86 1J2J/c_89 1J2J/c_98 1J2J/c_104 1J2J/c_106 1J2J/c_112 1J2J/c_115 1J2J/c_133 1J2J/c_135 1J2J/c_147 1J2J/c_153 1J2J/c_176 1J2J/c_188 1J2J/c_189 1J2J/c_190 1J2J/c_205 1J2J/c_207 1J2J/c_218 1J2J/c_220 1J2J/c_241 1J2J/c_243 1J2J/c_263 1J2J/c_267 1J2J/c_276 1J2J/c_288 1J2J/c_289 1J2J/c_290 1J2J/c_308 1J2J/c_331 1J2J/c_339 1J2J/c_352 1J2J/c_365 1J2J/c_384 1J2J/c_436
Cluster 4 -> 1J2J/c_626 1J2J/c_480 1J2J/c_534 1J2J/c_558 1J2J/c_575 1J2J/c_577 1J2J/c_624 1J2J/c_62 1J2J/c_642 1J2J/c_67 1J2J/c_719 1J2J/c_71 1J2J/c_721 1J2J/c_72 1J2J/c_752 1J2J/c_82 1J2J/c_883 1J2J/c_894 1J2J/c_919 1J2J/c_91 1J2J/c_92 1J2J/c_113 1J2J/c_119 1J2J/c_122 1J2J/c_124 1J2J/c_128 1J2J/c_129 1J2J/c_134 1J2J/c_168 1J2J/c_169 1J2J/c_185 1J2J/c_187 1J2J/c_197 1J2J/c_213 1J2J/c_217 1J2J/c_245 1J2J/c_24 1J2J/c_258 1J2J/c_259 1J2J/c_264 1J2J/c_280 1J2J/c_302 1J2J/c_387 1J2J/c_412
Cluster 5 -> 1J2J/c_942 1J2J/c_449 1J2J/c_470 1J2J/c_507 1J2J/c_521 1J2J/c_527 1J2J/c_528 1J2J/c_533 1J2J/c_613 1J2J/c_629 1J2J/c_671 1J2J/c_708 1J2J/c_718 1J2J/c_767 1J2J/c_773 1J2J/c_823 1J2J/c_854 1J2J/c_865 1J2J/c_912 1J2J/c_921 1J2J/c_95 1J2J/c_96 1J2J/c_980 1J2J/c_99 1J2J/c_137 1J2J/c_154 1J2J/c_166 1J2J/c_180 1J2J/c_194 1J2J/c_198 1J2J/c_226 1J2J/c_228 1J2J/c_296 1J2J/c_312 1J2J/c_356 1J2J/c_380 1J2J/c_381
Cluster 6 -> 1J2J/c_872 1J2J/c_477 1J2J/c_503 1J2J/c_526 1J2J/c_536 1J2J/c_569 1J2J/c_573 1J2J/c_581 1J2J/c_585 1J2J/c_595 1J2J/c_630 1J2J/c_636 1J2J/c_653 1J2J/c_688 1J2J/c_697 1J2J/c_726 1J2J/c_728 1J2J/c_733 1J2J/c_755 1J2J/c_795 1J2J/c_843 1J2J/c_855 1J2J/c_882 1J2J/c_885 1J2J/c_890 1J2J/c_928 1J2J/c_974 1J2J/c_977 1J2J/c_313 1J2J/c_338 1J2J/c_347 1J2J/c_407 1J2J/c_433
Cluster 7 -> 1J2J/c_562 1J2J/c_463 1J2J/c_48 1J2J/c_504 1J2J/c_50 1J2J/c_578 1J2J/c_632 1J2J/c_638 1J2J/c_678 1J2J/c_732 1J2J/c_80 1J2J/c_94 1J2J/c_117 1J2J/c_127 1J2J/c_148 1J2J/c_155 1J2J/c_21 1J2J/c_222 1J2J/c_232 1J2J/c_234 1J2J/c_240 1J2J/c_25 1J2J/c_266 1J2J/c_279 1J2J/c_311 1J2J/c_332 1J2J/c_343 1J2J/c_368 1J2J/c_417 1J2J/c_428
Cluster 8 -> 1J2J/c_1000 1J2J/c_49 1J2J/c_54 1J2J/c_574 1J2J/c_625 1J2J/c_663 1J2J/c_754 1J2J/c_764 1J2J/c_771 1J2J/c_77 1J2J/c_789 1J2J/c_801 1J2J/c_829 1J2J/c_867 1J2J/c_889 1J2J/c_927 1J2J/c_968 1J2J/c_102 1J2J/c_164 1J2J/c_167 1J2J/c_227 1J2J/c_238 1J2J/c_254 1J2J/c_306 1J2J/c_335 1J2J/c_375 1J2J/c_377 1J2J/c_379 1J2J/c_391
Cluster 9 -> 1J2J/c_359 1J2J/c_46 1J2J/c_52 1J2J/c_60 1J2J/c_623 1J2J/c_651 1J2J/c_66 1J2J/c_691 1J2J/c_73 1J2J/c_797 1J2J/c_837 1J2J/c_88 1J2J/c_90 1J2J/c_925 1J2J/c_111 1J2J/c_131 1J2J/c_172 1J2J/c_178 1J2J/c_191 1J2J/c_223 1J2J/c_300 1J2J/c_304 1J2J/c_321 1J2J/c_342 1J2J/c_39 1J2J/c_438
Cluster 10 -> 1J2J/c_488 1J2J/c_502 1J2J/c_539 1J2J/c_555 1J2J/c_643 1J2J/c_660 1J2J/c_667 1J2J/c_715 1J2J/c_723 1J2J/c_747 1J2J/c_768 1J2J/c_781 1J2J/c_963 1J2J/c_144 1J2J/c_149 1J2J/c_186 1J2J/c_219 1J2J/c_273 1J2J/c_303 1J2J/c_345 1J2J/c_358 1J2J/c_378 1J2J/c_425 1J2J/c_429 1J2J/c_439
Cluster 11 -> 1J2J/c_758 1J2J/c_498 1J2J/c_511 1J2J/c_541 1J2J/c_600 1J2J/c_618 1J2J/c_682 1J2J/c_748 1J2J/c_800 1J2J/c_809 1J2J/c_832 1J2J/c_840 1J2J/c_841 1J2J/c_858 1J2J/c_898 1J2J/c_910 1J2J/c_936 1J2J/c_940 1J2J/c_948 1J2J/c_986 1J2J/c_991 1J2J/c_400 1J2J/c_405 1J2J/c_410
Cluster 12 -> 1J2J/c_971 1J2J/c_458 1J2J/c_479 1J2J/c_481 1J2J/c_523 1J2J/c_563 1J2J/c_649 1J2J/c_693 1J2J/c_699 1J2J/c_76 1J2J/c_870 1J2J/c_873 1J2J/c_893 1J2J/c_165 1J2J/c_268 1J2J/c_269 1J2J/c_330 1J2J/c_362 1J2J/c_369 1J2J/c_386 1J2J/c_390 1J2J/c_403 1J2J/c_430
Cluster 13 -> 1J2J/c_633 1J2J/c_448 1J2J/c_532 1J2J/c_561 1J2J/c_607 1J2J/c_657 1J2J/c_669 1J2J/c_684 1J2J/c_722 1J2J/c_739 1J2J/c_741 1J2J/c_868 1J2J/c_907 1J2J/c_953 1J2J/c_975 1J2J/c_181 1J2J/c_202 1J2J/c_372 1J2J/c_398 1J2J/c_406
Cluster 14 -> 1J2J/c_862 1J2J/c_478 1J2J/c_482 1J2J/c_571 1J2J/c_594 1J2J/c_641 1J2J/c_659 1J2J/c_677 1J2J/c_707 1J2J/c_730 1J2J/c_803 1J2J/c_826 1J2J/c_871 1J2J/c_876 1J2J/c_877 1J2J/c_192 1J2J/c_215 1J2J/c_310 1J2J/c_329
Cluster 15 -> 1J2J/c_363 1J2J/c_446 1J2J/c_489 1J2J/c_501 1J2J/c_519 1J2J/c_586 1J2J/c_606 1J2J/c_777 1J2J/c_788 1J2J/c_812 1J2J/c_820 1J2J/c_933 1J2J/c_110 1J2J/c_118 1J2J/c_143 1J2J/c_299 1J2J/c_367 1J2J/c_402 1J2J/c_411
Cluster 16 -> 1J2J/c_253 1J2J/c_444 1J2J/c_591 1J2J/c_698 1J2J/c_702 1J2J/c_720 1J2J/c_738 1J2J/c_805 1J2J/c_831 1J2J/c_884 1J2J/c_952 1J2J/c_163 1J2J/c_235 1J2J/c_242 1J2J/c_320 1J2J/c_323 1J2J/c_344 1J2J/c_374 1J2J/c_423
Cluster 17 -> 1J2J/c_158 1J2J/c_487 1J2J/c_547 1J2J/c_621 1J2J/c_731 1J2J/c_87 1J2J/c_880 1J2J/c_923 1J2J/c_162 1J2J/c_236 1J2J/c_244 1J2J/c_257 1J2J/c_277 1J2J/c_282 1J2J/c_286 1J2J/c_295 1J2J/c_322 1J2J/c_333 1J2J/c_426
Cluster 18 -> 1J2J/c_962 1J2J/c_459 1J2J/c_466 1J2J/c_493 1J2J/c_496 1J2J/c_580 1J2J/c_652 1J2J/c_662 1J2J/c_709 1J2J/c_716 1J2J/c_763 1J2J/c_770 1J2J/c_353 1J2J/c_388 1J2J/c_394 1J2J/c_427
Cluster 19 -> 1J2J/c_608 1J2J/c_464 1J2J/c_566 1J2J/c_107 1J2J/c_130 1J2J/c_156 1J2J/c_173 1J2J/c_210 1J2J/c_225 1J2J/c_248 1J2J/c_274 1J2J/c_373 1J2J/c_396 1J2J/c_408 1J2J/c_437
Cluster 20 -> 1J2J/c_315 1J2J/c_462 1J2J/c_492 1J2J/c_592 1J2J/c_612 1J2J/c_620 1J2J/c_666 1J2J/c_679 1J2J/c_695 1J2J/c_845 1J2J/c_908 1J2J/c_175 1J2J/c_209 1J2J/c_260 1J2J/c_270
Cluster 21 -> 1J2J/c_896 1J2J/c_441 1J2J/c_445 1J2J/c_506 1J2J/c_593 1J2J/c_680 1J2J/c_743 1J2J/c_819 1J2J/c_821 1J2J/c_822 1J2J/c_839 1J2J/c_917 1J2J/c_314 1J2J/c_319
Cluster 22 -> 1J2J/c_886 1J2J/c_495 1J2J/c_515 1J2J/c_583 1J2J/c_627 1J2J/c_647 1J2J/c_757 1J2J/c_825 1J2J/c_834 1J2J/c_906 1J2J/c_914 1J2J/c_920 1J2J/c_354 1J2J/c_416
Cluster 23 -> 1J2J/c_802 1J2J/c_461 1J2J/c_467 1J2J/c_634 1J2J/c_645 1J2J/c_646 1J2J/c_687 1J2J/c_818 1J2J/c_851 1J2J/c_900 1J2J/c_317 1J2J/c_341 1J2J/c_404 1J2J/c_414
Cluster 24 -> 1J2J/c_944 1J2J/c_452 1J2J/c_475 1J2J/c_579 1J2J/c_604 1J2J/c_635 1J2J/c_670 1J2J/c_701 1J2J/c_717 1J2J/c_796 1J2J/c_996 1J2J/c_271 1J2J/c_361
Cluster 25 -> 1J2J/c_605 1J2J/c_545 1J2J/c_550 1J2J/c_587 1J2J/c_628 1J2J/c_672 1J2J/c_704 1J2J/c_760 1J2J/c_779 1J2J/c_783 1J2J/c_810 1J2J/c_828 1J2J/c_349
Cluster 26 -> 1J2J/c_214 1J2J/c_689 1J2J/c_924 1J2J/c_93 1J2J/c_981 1J2J/c_9 1J2J/c_261 1J2J/c_278 1J2J/c_28 1J2J/c_29 1J2J/c_324 1J2J/c_350 1J2J/c_383
Cluster 27 -> 1J2J/c_145 1J2J/c_540 1J2J/c_560 1J2J/c_568 1J2J/c_601 1J2J/c_614 1J2J/c_656 1J2J/c_835 1J2J/c_138 1J2J/c_177 1J2J/c_284 1J2J/c_334 1J2J/c_357
Cluster 28 -> 1J2J/c_970 1J2J/c_443 1J2J/c_513 1J2J/c_535 1J2J/c_554 1J2J/c_576 1J2J/c_603 1J2J/c_861 1J2J/c_182 1J2J/c_200 1J2J/c_346 1J2J/c_351
Cluster 29 -> 1J2J/c_791 1J2J/c_734 1J2J/c_740 1J2J/c_859 1J2J/c_887 1J2J/c_916 1J2J/c_957 1J2J/c_958 1J2J/c_976 1J2J/c_982 1J2J/c_984 1J2J/c_990
Cluster 30 -> 1J2J/c_869 1J2J/c_453 1J2J/c_530 1J2J/c_611 1J2J/c_655 1J2J/c_780 1J2J/c_891 1J2J/c_930 1J2J/c_195 1J2J/c_212 1J2J/c_221
Cluster 31 -> 1J2J/c_602 1J2J/c_553 1J2J/c_650 1J2J/c_661 1J2J/c_681 1J2J/c_765 1J2J/c_772 1J2J/c_866 1J2J/c_964 1J2J/c_318 1J2J/c_440
Cluster 32 -> 1J2J/c_947 1J2J/c_525 1J2J/c_584 1J2J/c_700 1J2J/c_724 1J2J/c_793 1J2J/c_833 1J2J/c_995 1J2J/c_327 1J2J/c_422
Cluster 33 -> 1J2J/c_895 1J2J/c_512 1J2J/c_514 1J2J/c_516 1J2J/c_538 1J2J/c_543 1J2J/c_597 1J2J/c_683 1J2J/c_230 1J2J/c_434
Cluster 34 -> 1J2J/c_297 1J2J/c_529 1J2J/c_654 1J2J/c_710 1J2J/c_751 1J2J/c_774 1J2J/c_815 1J2J/c_985 1J2J/c_132 1J2J/c_272
Cluster 35 -> 1J2J/c_945 1J2J/c_582 1J2J/c_590 1J2J/c_616 1J2J/c_696 1J2J/c_711 1J2J/c_776 1J2J/c_939 1J2J/c_392
Cluster 36 -> 1J2J/c_420 1J2J/c_483 1J2J/c_598 1J2J/c_599 1J2J/c_714 1J2J/c_746 1J2J/c_307 1J2J/c_326 1J2J/c_328
Cluster 37 -> 1J2J/c_846 1J2J/c_548 1J2J/c_567 1J2J/c_860 1J2J/c_922 1J2J/c_184 1J2J/c_255 1J2J/c_275
Cluster 38 -> 1J2J/c_505 1J2J/c_456 1J2J/c_549 1J2J/c_588 1J2J/c_813 1J2J/c_938 1J2J/c_997 1J2J/c_292
Cluster 39 -> 1J2J/c_418 1J2J/c_457 1J2J/c_544 1J2J/c_749 1J2J/c_888 1J2J/c_932 1J2J/c_340 1J2J/c_413
Cluster 40 -> 1J2J/c_918 1J2J/c_685 1J2J/c_694 1J2J/c_879 1J2J/c_949 1J2J/c_291 1J2J/c_337
Cluster 41 -> 1J2J/c_806 1J2J/c_690 1J2J/c_794 1J2J/c_294 1J2J/c_309 1J2J/c_364
Cluster 42 -> 1J2J/c_787 1J2J/c_524 1J2J/c_551 1J2J/c_609 1J2J/c_753 1J2J/c_360
Cluster 43 -> 1J2J/c_778 1J2J/c_510 1J2J/c_761 1J2J/c_987 1J2J/c_385 1J2J/c_431
Cluster 44 -> 1J2J/c_640 1J2J/c_473 1J2J/c_494 1J2J/c_542 1J2J/c_559 1J2J/c_247
Cluster 45 -> 1J2J/c_863 1J2J/c_455 1J2J/c_485 1J2J/c_759 1J2J/c_955
Cluster 46 -> 1J2J/c_830 1J2J/c_451 1J2J/c_750 1J2J/c_817 1J2J/c_249
Cluster 47 -> 1J2J/c_729 1J2J/c_556 1J2J/c_675 1J2J/c_978 1J2J/c_151
Cluster 48 -> 1J2J/c_998 1J2J/c_935 1J2J/c_960 1J2J/c_994
Cluster 49 -> 1J2J/c_929 1J2J/c_736 1J2J/c_203 1J2J/c_371
Cluster 50 -> 1J2J/c_911 1J2J/c_849 1J2J/c_850 1J2J/c_856
Cluster 51 -> 1J2J/c_909 1J2J/c_596 1J2J/c_786 1J2J/c_206
Cluster 52 -> 1J2J/c_902 1J2J/c_486 1J2J/c_520 1J2J/c_399
Cluster 53 -> 1J2J/c_864 1J2J/c_762 1J2J/c_905 1J2J/c_992
Cluster 54 -> 1J2J/c_742 1J2J/c_610 1J2J/c_160 1J2J/c_316
Cluster 55 -> 1J2J/c_619 1J2J/c_508 1J2J/c_298 1J2J/c_336
Cluster 56 -> 1J2J/c_355 1J2J/c_792 1J2J/c_838 1J2J/c_946
