Cluster 1 -> 1KAC/c_424 1KAC/c_446 1KAC/c_448 1KAC/c_466 1KAC/c_47 1KAC/c_48 1KAC/c_525 1KAC/c_536 1KAC/c_53 1KAC/c_558 1KAC/c_58 1KAC/c_591 1KAC/c_60 1KAC/c_62 1KAC/c_640 1KAC/c_65 1KAC/c_66 1KAC/c_678 1KAC/c_6 1KAC/c_787 1KAC/c_812 1KAC/c_824 1KAC/c_907 1KAC/c_918 1KAC/c_999 1KAC/c_125 1KAC/c_138 1KAC/c_143 1KAC/c_146 1KAC/c_160 1KAC/c_189 1KAC/c_18 1KAC/c_196 1KAC/c_199 1KAC/c_201 1KAC/c_216 1KAC/c_221 1KAC/c_245 1KAC/c_262 1KAC/c_272 1KAC/c_27 1KAC/c_280 1KAC/c_304 1KAC/c_32 1KAC/c_340 1KAC/c_353 1KAC/c_378 1KAC/c_37 1KAC/c_403 1KAC/c_411 1KAC/c_430 1KAC/c_438
Cluster 2 -> 1KAC/c_75 1KAC/c_45 1KAC/c_472 1KAC/c_4 1KAC/c_52 1KAC/c_56 1KAC/c_570 1KAC/c_708 1KAC/c_72 1KAC/c_737 1KAC/c_769 1KAC/c_81 1KAC/c_83 1KAC/c_84 1KAC/c_924 1KAC/c_983 1KAC/c_9 1KAC/c_10 1KAC/c_113 1KAC/c_126 1KAC/c_137 1KAC/c_13 1KAC/c_147 1KAC/c_162 1KAC/c_16 1KAC/c_179 1KAC/c_181 1KAC/c_20 1KAC/c_264 1KAC/c_26 1KAC/c_288 1KAC/c_28 1KAC/c_2 1KAC/c_31 1KAC/c_36 1KAC/c_439
Cluster 3 -> 1KAC/c_432 1KAC/c_470 1KAC/c_587 1KAC/c_614 1KAC/c_63 1KAC/c_686 1KAC/c_707 1KAC/c_763 1KAC/c_77 1KAC/c_783 1KAC/c_790 1KAC/c_819 1KAC/c_837 1KAC/c_872 1KAC/c_946 1KAC/c_97 1KAC/c_103 1KAC/c_106 1KAC/c_117 1KAC/c_11 1KAC/c_123 1KAC/c_184 1KAC/c_187 1KAC/c_211 1KAC/c_21 1KAC/c_225 1KAC/c_243 1KAC/c_252 1KAC/c_263 1KAC/c_287 1KAC/c_29 1KAC/c_323 1KAC/c_335 1KAC/c_416
Cluster 4 -> 1KAC/c_688 1KAC/c_503 1KAC/c_505 1KAC/c_538 1KAC/c_543 1KAC/c_579 1KAC/c_675 1KAC/c_752 1KAC/c_76 1KAC/c_772 1KAC/c_80 1KAC/c_852 1KAC/c_87 1KAC/c_899 1KAC/c_100 1KAC/c_102 1KAC/c_114 1KAC/c_142 1KAC/c_154 1KAC/c_164 1KAC/c_165 1KAC/c_182 1KAC/c_195 1KAC/c_248 1KAC/c_269 1KAC/c_271 1KAC/c_283 1KAC/c_296 1KAC/c_329 1KAC/c_389 1KAC/c_405 1KAC/c_409 1KAC/c_417
Cluster 5 -> 1KAC/c_202 1KAC/c_469 1KAC/c_46 1KAC/c_476 1KAC/c_54 1KAC/c_576 1KAC/c_69 1KAC/c_762 1KAC/c_791 1KAC/c_813 1KAC/c_829 1KAC/c_931 1KAC/c_105 1KAC/c_107 1KAC/c_122 1KAC/c_141 1KAC/c_174 1KAC/c_205 1KAC/c_220 1KAC/c_267 1KAC/c_274 1KAC/c_297 1KAC/c_315 1KAC/c_319 1KAC/c_347 1KAC/c_384 1KAC/c_386 1KAC/c_38 1KAC/c_396 1KAC/c_398 1KAC/c_427 1KAC/c_437
Cluster 6 -> 1KAC/c_702 1KAC/c_455 1KAC/c_460 1KAC/c_471 1KAC/c_500 1KAC/c_509 1KAC/c_514 1KAC/c_521 1KAC/c_592 1KAC/c_612 1KAC/c_672 1KAC/c_690 1KAC/c_706 1KAC/c_761 1KAC/c_771 1KAC/c_785 1KAC/c_799 1KAC/c_803 1KAC/c_832 1KAC/c_850 1KAC/c_873 1KAC/c_886 1KAC/c_916 1KAC/c_919 1KAC/c_960 1KAC/c_207 1KAC/c_276 1KAC/c_277 1KAC/c_282 1KAC/c_370 1KAC/c_412
Cluster 7 -> 1KAC/c_545 1KAC/c_447 1KAC/c_44 1KAC/c_464 1KAC/c_499 1KAC/c_517 1KAC/c_539 1KAC/c_569 1KAC/c_669 1KAC/c_719 1KAC/c_730 1KAC/c_807 1KAC/c_851 1KAC/c_909 1KAC/c_920 1KAC/c_953 1KAC/c_958 1KAC/c_974 1KAC/c_129 1KAC/c_15 1KAC/c_208 1KAC/c_215 1KAC/c_260 1KAC/c_261 1KAC/c_266 1KAC/c_293 1KAC/c_298 1KAC/c_374 1KAC/c_418 1KAC/c_419 1KAC/c_423
Cluster 8 -> 1KAC/c_14 1KAC/c_50 1KAC/c_515 1KAC/c_565 1KAC/c_59 1KAC/c_694 1KAC/c_82 1KAC/c_86 1KAC/c_889 1KAC/c_91 1KAC/c_95 1KAC/c_98 1KAC/c_128 1KAC/c_170 1KAC/c_19 1KAC/c_1 1KAC/c_200 1KAC/c_22 1KAC/c_23 1KAC/c_25 1KAC/c_290 1KAC/c_291 1KAC/c_327 1KAC/c_337 1KAC/c_351 1KAC/c_360 1KAC/c_365 1KAC/c_3 1KAC/c_41 1KAC/c_421
Cluster 9 -> 1KAC/c_949 1KAC/c_443 1KAC/c_453 1KAC/c_491 1KAC/c_507 1KAC/c_537 1KAC/c_541 1KAC/c_57 1KAC/c_599 1KAC/c_622 1KAC/c_635 1KAC/c_811 1KAC/c_878 1KAC/c_93 1KAC/c_127 1KAC/c_152 1KAC/c_163 1KAC/c_190 1KAC/c_210 1KAC/c_230 1KAC/c_247 1KAC/c_256 1KAC/c_325 1KAC/c_346 1KAC/c_359 1KAC/c_377 1KAC/c_382
Cluster 10 -> 1KAC/c_757 1KAC/c_485 1KAC/c_486 1KAC/c_51 1KAC/c_61 1KAC/c_641 1KAC/c_700 1KAC/c_725 1KAC/c_770 1KAC/c_779 1KAC/c_79 1KAC/c_857 1KAC/c_928 1KAC/c_94 1KAC/c_118 1KAC/c_120 1KAC/c_12 1KAC/c_134 1KAC/c_186 1KAC/c_188 1KAC/c_192 1KAC/c_227 1KAC/c_268 1KAC/c_286 1KAC/c_34 1KAC/c_39 1KAC/c_42
Cluster 11 -> 1KAC/c_574 1KAC/c_449 1KAC/c_462 1KAC/c_474 1KAC/c_522 1KAC/c_563 1KAC/c_709 1KAC/c_714 1KAC/c_759 1KAC/c_814 1KAC/c_841 1KAC/c_910 1KAC/c_932 1KAC/c_980 1KAC/c_144 1KAC/c_194 1KAC/c_204 1KAC/c_224 1KAC/c_294 1KAC/c_314 1KAC/c_321 1KAC/c_369 1KAC/c_376 1KAC/c_381 1KAC/c_415 1KAC/c_420
Cluster 12 -> 1KAC/c_139 1KAC/c_55 1KAC/c_625 1KAC/c_71 1KAC/c_747 1KAC/c_818 1KAC/c_89 1KAC/c_90 1KAC/c_92 1KAC/c_975 1KAC/c_108 1KAC/c_112 1KAC/c_135 1KAC/c_136 1KAC/c_140 1KAC/c_148 1KAC/c_197 1KAC/c_228 1KAC/c_24 1KAC/c_30 1KAC/c_350 1KAC/c_364 1KAC/c_397 1KAC/c_426 1KAC/c_434 1KAC/c_43
Cluster 13 -> 1KAC/c_972 1KAC/c_442 1KAC/c_467 1KAC/c_532 1KAC/c_564 1KAC/c_566 1KAC/c_670 1KAC/c_716 1KAC/c_78 1KAC/c_880 1KAC/c_116 1KAC/c_157 1KAC/c_185 1KAC/c_191 1KAC/c_206 1KAC/c_209 1KAC/c_226 1KAC/c_237 1KAC/c_313 1KAC/c_324 1KAC/c_371 1KAC/c_383 1KAC/c_429
Cluster 14 -> 1KAC/c_955 1KAC/c_458 1KAC/c_459 1KAC/c_516 1KAC/c_590 1KAC/c_607 1KAC/c_642 1KAC/c_651 1KAC/c_652 1KAC/c_660 1KAC/c_677 1KAC/c_722 1KAC/c_963 1KAC/c_212 1KAC/c_233 1KAC/c_336 1KAC/c_344 1KAC/c_354
Cluster 15 -> 1KAC/c_492 1KAC/c_477 1KAC/c_526 1KAC/c_611 1KAC/c_616 1KAC/c_618 1KAC/c_620 1KAC/c_712 1KAC/c_718 1KAC/c_756 1KAC/c_804 1KAC/c_822 1KAC/c_881 1KAC/c_156 1KAC/c_265 1KAC/c_306 1KAC/c_348 1KAC/c_413
Cluster 16 -> 1KAC/c_863 1KAC/c_452 1KAC/c_547 1KAC/c_588 1KAC/c_608 1KAC/c_681 1KAC/c_696 1KAC/c_826 1KAC/c_981 1KAC/c_992 1KAC/c_239 1KAC/c_275 1KAC/c_307 1KAC/c_352 1KAC/c_366 1KAC/c_390 1KAC/c_395
Cluster 17 -> 1KAC/c_966 1KAC/c_490 1KAC/c_524 1KAC/c_553 1KAC/c_628 1KAC/c_632 1KAC/c_671 1KAC/c_781 1KAC/c_876 1KAC/c_930 1KAC/c_940 1KAC/c_158 1KAC/c_246 1KAC/c_253 1KAC/c_331 1KAC/c_338
Cluster 18 -> 1KAC/c_8 1KAC/c_49 1KAC/c_513 1KAC/c_559 1KAC/c_578 1KAC/c_68 1KAC/c_895 1KAC/c_104 1KAC/c_131 1KAC/c_153 1KAC/c_222 1KAC/c_254 1KAC/c_305 1KAC/c_341 1KAC/c_35 1KAC/c_406
Cluster 19 -> 1KAC/c_67 1KAC/c_506 1KAC/c_568 1KAC/c_621 1KAC/c_869 1KAC/c_934 1KAC/c_970 1KAC/c_101 1KAC/c_121 1KAC/c_133 1KAC/c_161 1KAC/c_183 1KAC/c_193 1KAC/c_309 1KAC/c_334 1KAC/c_388
Cluster 20 -> 1KAC/c_572 1KAC/c_582 1KAC/c_656 1KAC/c_732 1KAC/c_773 1KAC/c_85 1KAC/c_96 1KAC/c_990 1KAC/c_111 1KAC/c_119 1KAC/c_235 1KAC/c_236 1KAC/c_244 1KAC/c_33
Cluster 21 -> 1KAC/c_380 1KAC/c_5 1KAC/c_729 1KAC/c_74 1KAC/c_800 1KAC/c_88 1KAC/c_110 1KAC/c_169 1KAC/c_171 1KAC/c_17 1KAC/c_203 1KAC/c_278 1KAC/c_328 1KAC/c_414
Cluster 22 -> 1KAC/c_827 1KAC/c_445 1KAC/c_461 1KAC/c_560 1KAC/c_580 1KAC/c_584 1KAC/c_585 1KAC/c_594 1KAC/c_744 1KAC/c_984 1KAC/c_166 1KAC/c_279 1KAC/c_300
Cluster 23 -> 1KAC/c_99 1KAC/c_441 1KAC/c_497 1KAC/c_73 1KAC/c_836 1KAC/c_838 1KAC/c_994 1KAC/c_997 1KAC/c_132 1KAC/c_213 1KAC/c_284 1KAC/c_401
Cluster 24 -> 1KAC/c_904 1KAC/c_481 1KAC/c_483 1KAC/c_593 1KAC/c_682 1KAC/c_896 1KAC/c_978 1KAC/c_151 1KAC/c_168 1KAC/c_387 1KAC/c_394 1KAC/c_433
Cluster 25 -> 1KAC/c_948 1KAC/c_573 1KAC/c_145 1KAC/c_155 1KAC/c_159 1KAC/c_223 1KAC/c_229 1KAC/c_238 1KAC/c_320 1KAC/c_40 1KAC/c_422
Cluster 26 -> 1KAC/c_933 1KAC/c_518 1KAC/c_643 1KAC/c_653 1KAC/c_726 1KAC/c_733 1KAC/c_742 1KAC/c_750 1KAC/c_240 1KAC/c_317 1KAC/c_326
Cluster 27 -> 1KAC/c_839 1KAC/c_511 1KAC/c_550 1KAC/c_596 1KAC/c_645 1KAC/c_654 1KAC/c_697 1KAC/c_736 1KAC/c_820 1KAC/c_883 1KAC/c_242
Cluster 28 -> 1KAC/c_797 1KAC/c_493 1KAC/c_523 1KAC/c_637 1KAC/c_749 1KAC/c_825 1KAC/c_124 1KAC/c_311 1KAC/c_342 1KAC/c_345 1KAC/c_410
Cluster 29 -> 1KAC/c_456 1KAC/c_638 1KAC/c_658 1KAC/c_947 1KAC/c_149 1KAC/c_214 1KAC/c_308 1KAC/c_343 1KAC/c_385 1KAC/c_391 1KAC/c_408
Cluster 30 -> 1KAC/c_358 1KAC/c_510 1KAC/c_533 1KAC/c_624 1KAC/c_938 1KAC/c_979 1KAC/c_115 1KAC/c_150 1KAC/c_175 1KAC/c_310 1KAC/c_392
Cluster 31 -> 1KAC/c_241 1KAC/c_504 1KAC/c_562 1KAC/c_601 1KAC/c_7 1KAC/c_900 1KAC/c_109 1KAC/c_167 1KAC/c_270 1KAC/c_299 1KAC/c_355
Cluster 32 -> 1KAC/c_967 1KAC/c_482 1KAC/c_815 1KAC/c_831 1KAC/c_877 1KAC/c_898 1KAC/c_929 1KAC/c_289 1KAC/c_407 1KAC/c_431
Cluster 33 -> 1KAC/c_463 1KAC/c_646 1KAC/c_64 1KAC/c_667 1KAC/c_723 1KAC/c_786 1KAC/c_805 1KAC/c_217 1KAC/c_379 1KAC/c_435
Cluster 34 -> 1KAC/c_989 1KAC/c_549 1KAC/c_633 1KAC/c_683 1KAC/c_711 1KAC/c_734 1KAC/c_908 1KAC/c_219 1KAC/c_281
Cluster 35 -> 1KAC/c_988 1KAC/c_535 1KAC/c_657 1KAC/c_842 1KAC/c_843 1KAC/c_913 1KAC/c_941 1KAC/c_218 1KAC/c_373
Cluster 36 -> 1KAC/c_950 1KAC/c_450 1KAC/c_542 1KAC/c_605 1KAC/c_768 1KAC/c_866 1KAC/c_130 1KAC/c_172 1KAC/c_255
Cluster 37 -> 1KAC/c_901 1KAC/c_468 1KAC/c_502 1KAC/c_693 1KAC/c_784 1KAC/c_871 1KAC/c_956 1KAC/c_362 1KAC/c_440
Cluster 38 -> 1KAC/c_583 1KAC/c_626 1KAC/c_639 1KAC/c_766 1KAC/c_810 1KAC/c_845 1KAC/c_868 1KAC/c_991 1KAC/c_292
Cluster 39 -> 1KAC/c_973 1KAC/c_444 1KAC/c_556 1KAC/c_627 1KAC/c_630 1KAC/c_659 1KAC/c_705 1KAC/c_399
Cluster 40 -> 1KAC/c_888 1KAC/c_480 1KAC/c_527 1KAC/c_548 1KAC/c_619 1KAC/c_250 1KAC/c_316 1KAC/c_393
Cluster 41 -> 1KAC/c_748 1KAC/c_487 1KAC/c_531 1KAC/c_606 1KAC/c_727 1KAC/c_753 1KAC/c_802 1KAC/c_234
Cluster 42 -> 1KAC/c_962 1KAC/c_494 1KAC/c_793 1KAC/c_862 1KAC/c_897 1KAC/c_906 1KAC/c_959
Cluster 43 -> 1KAC/c_951 1KAC/c_701 1KAC/c_792 1KAC/c_855 1KAC/c_856 1KAC/c_923 1KAC/c_927
Cluster 44 -> 1KAC/c_943 1KAC/c_475 1KAC/c_519 1KAC/c_604 1KAC/c_679 1KAC/c_764 1KAC/c_795
Cluster 45 -> 1KAC/c_957 1KAC/c_720 1KAC/c_865 1KAC/c_890 1KAC/c_921 1KAC/c_330
Cluster 46 -> 1KAC/c_375 1KAC/c_687 1KAC/c_735 1KAC/c_821 1KAC/c_969 1KAC/c_368
Cluster 47 -> 1KAC/c_312 1KAC/c_743 1KAC/c_177 1KAC/c_259 1KAC/c_367 1KAC/c_400
Cluster 48 -> 1KAC/c_977 1KAC/c_528 1KAC/c_529 1KAC/c_746 1KAC/c_333
Cluster 49 -> 1KAC/c_961 1KAC/c_610 1KAC/c_776 1KAC/c_905 1KAC/c_917
Cluster 50 -> 1KAC/c_954 1KAC/c_495 1KAC/c_830 1KAC/c_849 1KAC/c_937
Cluster 51 -> 1KAC/c_915 1KAC/c_629 1KAC/c_751 1KAC/c_816 1KAC/c_828
Cluster 52 -> 1KAC/c_864 1KAC/c_478 1KAC/c_530 1KAC/c_595 1KAC/c_322
Cluster 53 -> 1KAC/c_835 1KAC/c_498 1KAC/c_571 1KAC/c_285 1KAC/c_318
Cluster 54 -> 1KAC/c_808 1KAC/c_454 1KAC/c_479 1KAC/c_668 1KAC/c_874
Cluster 55 -> 1KAC/c_782 1KAC/c_586 1KAC/c_879 1KAC/c_993 1KAC/c_302
Cluster 56 -> 1KAC/c_721 1KAC/c_496 1KAC/c_589 1KAC/c_623 1KAC/c_372
Cluster 57 -> 1KAC/c_676 1KAC/c_520 1KAC/c_540 1KAC/c_617 1KAC/c_823
Cluster 58 -> 1KAC/c_249 1KAC/c_465 1KAC/c_636 1KAC/c_817 1KAC/c_257
Cluster 59 -> 1KAC/c_965 1KAC/c_692 1KAC/c_738 1KAC/c_788
Cluster 60 -> 1KAC/c_922 1KAC/c_512 1KAC/c_557 1KAC/c_603
Cluster 61 -> 1KAC/c_894 1KAC/c_661 1KAC/c_847 1KAC/c_861
Cluster 62 -> 1KAC/c_833 1KAC/c_70 1KAC/c_176 1KAC/c_425
Cluster 63 -> 1KAC/c_798 1KAC/c_508 1KAC/c_258 1KAC/c_273
Cluster 64 -> 1KAC/c_760 1KAC/c_666 1KAC/c_180 1KAC/c_232
Cluster 65 -> 1KAC/c_741 1KAC/c_546 1KAC/c_650 1KAC/c_436
Cluster 66 -> 1KAC/c_332 1KAC/c_731 1KAC/c_178 1KAC/c_198
