Cluster 1 -> 1KXQ/c_87 1KXQ/c_449 1KXQ/c_44 1KXQ/c_45 1KXQ/c_48 1KXQ/c_49 1KXQ/c_4 1KXQ/c_504 1KXQ/c_54 1KXQ/c_55 1KXQ/c_59 1KXQ/c_5 1KXQ/c_61 1KXQ/c_64 1KXQ/c_66 1KXQ/c_68 1KXQ/c_6 1KXQ/c_70 1KXQ/c_71 1KXQ/c_77 1KXQ/c_782 1KXQ/c_78 1KXQ/c_7 1KXQ/c_81 1KXQ/c_83 1KXQ/c_84 1KXQ/c_859 1KXQ/c_85 1KXQ/c_898 1KXQ/c_8 1KXQ/c_97 1KXQ/c_99 1KXQ/c_9 1KXQ/c_100 1KXQ/c_101 1KXQ/c_108 1KXQ/c_10 1KXQ/c_112 1KXQ/c_114 1KXQ/c_11 1KXQ/c_122 1KXQ/c_123 1KXQ/c_127 1KXQ/c_12 1KXQ/c_131 1KXQ/c_132 1KXQ/c_134 1KXQ/c_139 1KXQ/c_13 1KXQ/c_146 1KXQ/c_152 1KXQ/c_160 1KXQ/c_162 1KXQ/c_167 1KXQ/c_16 1KXQ/c_174 1KXQ/c_176 1KXQ/c_179 1KXQ/c_18 1KXQ/c_19 1KXQ/c_20 1KXQ/c_22 1KXQ/c_235 1KXQ/c_236 1KXQ/c_23 1KXQ/c_240 1KXQ/c_247 1KXQ/c_24 1KXQ/c_253 1KXQ/c_26 1KXQ/c_273 1KXQ/c_28 1KXQ/c_29 1KXQ/c_2 1KXQ/c_309 1KXQ/c_30 1KXQ/c_315 1KXQ/c_319 1KXQ/c_31 1KXQ/c_321 1KXQ/c_33 1KXQ/c_351 1KXQ/c_36 1KXQ/c_373 1KXQ/c_3 1KXQ/c_40 1KXQ/c_412 1KXQ/c_426 1KXQ/c_42 1KXQ/c_43
Cluster 2 -> 1KXQ/c_91 1KXQ/c_46 1KXQ/c_471 1KXQ/c_47 1KXQ/c_514 1KXQ/c_51 1KXQ/c_53 1KXQ/c_57 1KXQ/c_60 1KXQ/c_618 1KXQ/c_62 1KXQ/c_63 1KXQ/c_646 1KXQ/c_65 1KXQ/c_665 1KXQ/c_670 1KXQ/c_67 1KXQ/c_69 1KXQ/c_709 1KXQ/c_847 1KXQ/c_88 1KXQ/c_90 1KXQ/c_93 1KXQ/c_94 1KXQ/c_98 1KXQ/c_102 1KXQ/c_109 1KXQ/c_126 1KXQ/c_137 1KXQ/c_140 1KXQ/c_141 1KXQ/c_143 1KXQ/c_14 1KXQ/c_157 1KXQ/c_15 1KXQ/c_168 1KXQ/c_186 1KXQ/c_190 1KXQ/c_206 1KXQ/c_214 1KXQ/c_222 1KXQ/c_229 1KXQ/c_251 1KXQ/c_32 1KXQ/c_34 1KXQ/c_35 1KXQ/c_38 1KXQ/c_39 1KXQ/c_41 1KXQ/c_429
Cluster 3 -> 1KXQ/c_891 1KXQ/c_442 1KXQ/c_453 1KXQ/c_499 1KXQ/c_510 1KXQ/c_548 1KXQ/c_554 1KXQ/c_566 1KXQ/c_572 1KXQ/c_577 1KXQ/c_668 1KXQ/c_757 1KXQ/c_75 1KXQ/c_761 1KXQ/c_82 1KXQ/c_841 1KXQ/c_89 1KXQ/c_935 1KXQ/c_979 1KXQ/c_983 1KXQ/c_106 1KXQ/c_115 1KXQ/c_116 1KXQ/c_124 1KXQ/c_133 1KXQ/c_135 1KXQ/c_136 1KXQ/c_142 1KXQ/c_164 1KXQ/c_166 1KXQ/c_180 1KXQ/c_185 1KXQ/c_212 1KXQ/c_246 1KXQ/c_293 1KXQ/c_295 1KXQ/c_306 1KXQ/c_391 1KXQ/c_438
Cluster 4 -> 1KXQ/c_692 1KXQ/c_489 1KXQ/c_530 1KXQ/c_552 1KXQ/c_570 1KXQ/c_575 1KXQ/c_578 1KXQ/c_58 1KXQ/c_626 1KXQ/c_687 1KXQ/c_690 1KXQ/c_703 1KXQ/c_72 1KXQ/c_76 1KXQ/c_885 1KXQ/c_899 1KXQ/c_998 1KXQ/c_104 1KXQ/c_107 1KXQ/c_111 1KXQ/c_159 1KXQ/c_177 1KXQ/c_17 1KXQ/c_183 1KXQ/c_193 1KXQ/c_21 1KXQ/c_228 1KXQ/c_230 1KXQ/c_250 1KXQ/c_25 1KXQ/c_283 1KXQ/c_289 1KXQ/c_314 1KXQ/c_320 1KXQ/c_333 1KXQ/c_37
Cluster 5 -> 1KXQ/c_358 1KXQ/c_478 1KXQ/c_484 1KXQ/c_527 1KXQ/c_547 1KXQ/c_576 1KXQ/c_611 1KXQ/c_643 1KXQ/c_694 1KXQ/c_699 1KXQ/c_723 1KXQ/c_763 1KXQ/c_784 1KXQ/c_810 1KXQ/c_910 1KXQ/c_929 1KXQ/c_932 1KXQ/c_958 1KXQ/c_224 1KXQ/c_241 1KXQ/c_257 1KXQ/c_288 1KXQ/c_330 1KXQ/c_337 1KXQ/c_339 1KXQ/c_340 1KXQ/c_342 1KXQ/c_357 1KXQ/c_402 1KXQ/c_404 1KXQ/c_411 1KXQ/c_413 1KXQ/c_434
Cluster 6 -> 1KXQ/c_616 1KXQ/c_546 1KXQ/c_549 1KXQ/c_599 1KXQ/c_676 1KXQ/c_737 1KXQ/c_770 1KXQ/c_779 1KXQ/c_783 1KXQ/c_830 1KXQ/c_838 1KXQ/c_846 1KXQ/c_918 1KXQ/c_995 1KXQ/c_163 1KXQ/c_187 1KXQ/c_201 1KXQ/c_204 1KXQ/c_207 1KXQ/c_239 1KXQ/c_265 1KXQ/c_297 1KXQ/c_355 1KXQ/c_378 1KXQ/c_409
Cluster 7 -> 1KXQ/c_231 1KXQ/c_475 1KXQ/c_485 1KXQ/c_491 1KXQ/c_502 1KXQ/c_558 1KXQ/c_573 1KXQ/c_621 1KXQ/c_667 1KXQ/c_726 1KXQ/c_79 1KXQ/c_930 1KXQ/c_961 1KXQ/c_963 1KXQ/c_974 1KXQ/c_117 1KXQ/c_194 1KXQ/c_248 1KXQ/c_252 1KXQ/c_259 1KXQ/c_298 1KXQ/c_303 1KXQ/c_317 1KXQ/c_360 1KXQ/c_433
Cluster 8 -> 1KXQ/c_531 1KXQ/c_469 1KXQ/c_481 1KXQ/c_521 1KXQ/c_615 1KXQ/c_630 1KXQ/c_642 1KXQ/c_660 1KXQ/c_714 1KXQ/c_718 1KXQ/c_742 1KXQ/c_781 1KXQ/c_786 1KXQ/c_822 1KXQ/c_867 1KXQ/c_884 1KXQ/c_893 1KXQ/c_915 1KXQ/c_938 1KXQ/c_964 1KXQ/c_282 1KXQ/c_287 1KXQ/c_331 1KXQ/c_350
Cluster 9 -> 1KXQ/c_842 1KXQ/c_450 1KXQ/c_467 1KXQ/c_513 1KXQ/c_619 1KXQ/c_625 1KXQ/c_702 1KXQ/c_713 1KXQ/c_730 1KXQ/c_739 1KXQ/c_776 1KXQ/c_787 1KXQ/c_854 1KXQ/c_912 1KXQ/c_926 1KXQ/c_121 1KXQ/c_196 1KXQ/c_215 1KXQ/c_244 1KXQ/c_279 1KXQ/c_334 1KXQ/c_348 1KXQ/c_388
Cluster 10 -> 1KXQ/c_80 1KXQ/c_50 1KXQ/c_551 1KXQ/c_73 1KXQ/c_820 1KXQ/c_851 1KXQ/c_86 1KXQ/c_92 1KXQ/c_95 1KXQ/c_110 1KXQ/c_119 1KXQ/c_125 1KXQ/c_138 1KXQ/c_153 1KXQ/c_165 1KXQ/c_173 1KXQ/c_218 1KXQ/c_256 1KXQ/c_284 1KXQ/c_318 1KXQ/c_326 1KXQ/c_375
Cluster 11 -> 1KXQ/c_637 1KXQ/c_443 1KXQ/c_452 1KXQ/c_464 1KXQ/c_487 1KXQ/c_506 1KXQ/c_526 1KXQ/c_562 1KXQ/c_612 1KXQ/c_736 1KXQ/c_762 1KXQ/c_812 1KXQ/c_831 1KXQ/c_904 1KXQ/c_922 1KXQ/c_182 1KXQ/c_213 1KXQ/c_220 1KXQ/c_266 1KXQ/c_347 1KXQ/c_405
Cluster 12 -> 1KXQ/c_602 1KXQ/c_474 1KXQ/c_503 1KXQ/c_536 1KXQ/c_600 1KXQ/c_845 1KXQ/c_936 1KXQ/c_120 1KXQ/c_129 1KXQ/c_145 1KXQ/c_184 1KXQ/c_225 1KXQ/c_276 1KXQ/c_277 1KXQ/c_285 1KXQ/c_296 1KXQ/c_301 1KXQ/c_335 1KXQ/c_336 1KXQ/c_383 1KXQ/c_416
Cluster 13 -> 1KXQ/c_947 1KXQ/c_448 1KXQ/c_479 1KXQ/c_538 1KXQ/c_582 1KXQ/c_652 1KXQ/c_680 1KXQ/c_738 1KXQ/c_751 1KXQ/c_777 1KXQ/c_834 1KXQ/c_987 1KXQ/c_144 1KXQ/c_211 1KXQ/c_254 1KXQ/c_365 1KXQ/c_368 1KXQ/c_371 1KXQ/c_374 1KXQ/c_400
Cluster 14 -> 1KXQ/c_439 1KXQ/c_468 1KXQ/c_542 1KXQ/c_584 1KXQ/c_655 1KXQ/c_772 1KXQ/c_797 1KXQ/c_874 1KXQ/c_907 1KXQ/c_909 1KXQ/c_914 1KXQ/c_955 1KXQ/c_957 1KXQ/c_999 1KXQ/c_245 1KXQ/c_323 1KXQ/c_328 1KXQ/c_362 1KXQ/c_428 1KXQ/c_430
Cluster 15 -> 1KXQ/c_756 1KXQ/c_447 1KXQ/c_458 1KXQ/c_462 1KXQ/c_463 1KXQ/c_496 1KXQ/c_540 1KXQ/c_585 1KXQ/c_604 1KXQ/c_744 1KXQ/c_752 1KXQ/c_895 1KXQ/c_274 1KXQ/c_305 1KXQ/c_311 1KXQ/c_359 1KXQ/c_366 1KXQ/c_399 1KXQ/c_418
Cluster 16 -> 1KXQ/c_158 1KXQ/c_459 1KXQ/c_52 1KXQ/c_56 1KXQ/c_657 1KXQ/c_74 1KXQ/c_96 1KXQ/c_128 1KXQ/c_148 1KXQ/c_149 1KXQ/c_151 1KXQ/c_161 1KXQ/c_1 1KXQ/c_232 1KXQ/c_27 1KXQ/c_327 1KXQ/c_352 1KXQ/c_372
Cluster 17 -> 1KXQ/c_860 1KXQ/c_494 1KXQ/c_517 1KXQ/c_561 1KXQ/c_590 1KXQ/c_683 1KXQ/c_706 1KXQ/c_741 1KXQ/c_819 1KXQ/c_943 1KXQ/c_948 1KXQ/c_959 1KXQ/c_243 1KXQ/c_281 1KXQ/c_382 1KXQ/c_403
Cluster 18 -> 1KXQ/c_519 1KXQ/c_454 1KXQ/c_472 1KXQ/c_677 1KXQ/c_785 1KXQ/c_856 1KXQ/c_857 1KXQ/c_877 1KXQ/c_171 1KXQ/c_202 1KXQ/c_270 1KXQ/c_272 1KXQ/c_286 1KXQ/c_341 1KXQ/c_349 1KXQ/c_364
Cluster 19 -> 1KXQ/c_681 1KXQ/c_483 1KXQ/c_603 1KXQ/c_669 1KXQ/c_724 1KXQ/c_889 1KXQ/c_911 1KXQ/c_192 1KXQ/c_219 1KXQ/c_294 1KXQ/c_310 1KXQ/c_384 1KXQ/c_385 1KXQ/c_414
Cluster 20 -> 1KXQ/c_689 1KXQ/c_509 1KXQ/c_579 1KXQ/c_701 1KXQ/c_712 1KXQ/c_767 1KXQ/c_808 1KXQ/c_195 1KXQ/c_278 1KXQ/c_292 1KXQ/c_390 1KXQ/c_421 1KXQ/c_440
Cluster 21 -> 1KXQ/c_952 1KXQ/c_512 1KXQ/c_605 1KXQ/c_631 1KXQ/c_654 1KXQ/c_844 1KXQ/c_931 1KXQ/c_191 1KXQ/c_199 1KXQ/c_234 1KXQ/c_345 1KXQ/c_410
Cluster 22 -> 1KXQ/c_629 1KXQ/c_441 1KXQ/c_705 1KXQ/c_773 1KXQ/c_804 1KXQ/c_832 1KXQ/c_923 1KXQ/c_941 1KXQ/c_210 1KXQ/c_227 1KXQ/c_376 1KXQ/c_386
Cluster 23 -> 1KXQ/c_354 1KXQ/c_659 1KXQ/c_664 1KXQ/c_720 1KXQ/c_780 1KXQ/c_118 1KXQ/c_169 1KXQ/c_172 1KXQ/c_221 1KXQ/c_263 1KXQ/c_396 1KXQ/c_401
Cluster 24 -> 1KXQ/c_249 1KXQ/c_480 1KXQ/c_539 1KXQ/c_617 1KXQ/c_806 1KXQ/c_823 1KXQ/c_840 1KXQ/c_939 1KXQ/c_970 1KXQ/c_299 1KXQ/c_394 1KXQ/c_420
Cluster 25 -> 1KXQ/c_242 1KXQ/c_460 1KXQ/c_656 1KXQ/c_666 1KXQ/c_698 1KXQ/c_748 1KXQ/c_753 1KXQ/c_971 1KXQ/c_260 1KXQ/c_369 1KXQ/c_377 1KXQ/c_379
Cluster 26 -> 1KXQ/c_813 1KXQ/c_490 1KXQ/c_568 1KXQ/c_886 1KXQ/c_208 1KXQ/c_226 1KXQ/c_264 1KXQ/c_304 1KXQ/c_313 1KXQ/c_325 1KXQ/c_370
Cluster 27 -> 1KXQ/c_682 1KXQ/c_465 1KXQ/c_466 1KXQ/c_544 1KXQ/c_565 1KXQ/c_583 1KXQ/c_649 1KXQ/c_679 1KXQ/c_722 1KXQ/c_953 1KXQ/c_258
Cluster 28 -> 1KXQ/c_607 1KXQ/c_597 1KXQ/c_658 1KXQ/c_743 1KXQ/c_755 1KXQ/c_147 1KXQ/c_181 1KXQ/c_188 1KXQ/c_262 1KXQ/c_322 1KXQ/c_363
Cluster 29 -> 1KXQ/c_486 1KXQ/c_563 1KXQ/c_661 1KXQ/c_821 1KXQ/c_103 1KXQ/c_189 1KXQ/c_197 1KXQ/c_233 1KXQ/c_268 1KXQ/c_338 1KXQ/c_395
Cluster 30 -> 1KXQ/c_209 1KXQ/c_488 1KXQ/c_534 1KXQ/c_537 1KXQ/c_571 1KXQ/c_592 1KXQ/c_801 1KXQ/c_814 1KXQ/c_198 1KXQ/c_302 1KXQ/c_361
Cluster 31 -> 1KXQ/c_721 1KXQ/c_495 1KXQ/c_707 1KXQ/c_732 1KXQ/c_887 1KXQ/c_940 1KXQ/c_954 1KXQ/c_962 1KXQ/c_200 1KXQ/c_356
Cluster 32 -> 1KXQ/c_906 1KXQ/c_444 1KXQ/c_613 1KXQ/c_977 1KXQ/c_996 1KXQ/c_255 1KXQ/c_280 1KXQ/c_332 1KXQ/c_398
Cluster 33 -> 1KXQ/c_809 1KXQ/c_500 1KXQ/c_651 1KXQ/c_792 1KXQ/c_817 1KXQ/c_827 1KXQ/c_864 1KXQ/c_901 1KXQ/c_916
Cluster 34 -> 1KXQ/c_581 1KXQ/c_501 1KXQ/c_545 1KXQ/c_564 1KXQ/c_632 1KXQ/c_802 1KXQ/c_839 1KXQ/c_881 1KXQ/c_329
Cluster 35 -> 1KXQ/c_997 1KXQ/c_525 1KXQ/c_598 1KXQ/c_778 1KXQ/c_803 1KXQ/c_905 1KXQ/c_949 1KXQ/c_307
Cluster 36 -> 1KXQ/c_872 1KXQ/c_634 1KXQ/c_105 1KXQ/c_203 1KXQ/c_275 1KXQ/c_308 1KXQ/c_407 1KXQ/c_431
Cluster 37 -> 1KXQ/c_560 1KXQ/c_497 1KXQ/c_555 1KXQ/c_716 1KXQ/c_789 1KXQ/c_934 1KXQ/c_966 1KXQ/c_406
Cluster 38 -> 1KXQ/c_559 1KXQ/c_828 1KXQ/c_113 1KXQ/c_170 1KXQ/c_175 1KXQ/c_178 1KXQ/c_269 1KXQ/c_432
Cluster 39 -> 1KXQ/c_533 1KXQ/c_456 1KXQ/c_511 1KXQ/c_671 1KXQ/c_750 1KXQ/c_871 1KXQ/c_897 1KXQ/c_290
Cluster 40 -> 1KXQ/c_237 1KXQ/c_445 1KXQ/c_516 1KXQ/c_704 1KXQ/c_717 1KXQ/c_734 1KXQ/c_324 1KXQ/c_423
Cluster 41 -> 1KXQ/c_764 1KXQ/c_520 1KXQ/c_588 1KXQ/c_628 1KXQ/c_760 1KXQ/c_344 1KXQ/c_397
Cluster 42 -> 1KXQ/c_920 1KXQ/c_470 1KXQ/c_493 1KXQ/c_684 1KXQ/c_316 1KXQ/c_417
Cluster 43 -> 1KXQ/c_917 1KXQ/c_594 1KXQ/c_799 1KXQ/c_927 1KXQ/c_965 1KXQ/c_976
Cluster 44 -> 1KXQ/c_852 1KXQ/c_595 1KXQ/c_624 1KXQ/c_675 1KXQ/c_933 1KXQ/c_975
Cluster 45 -> 1KXQ/c_837 1KXQ/c_601 1KXQ/c_727 1KXQ/c_155 1KXQ/c_217 1KXQ/c_353
Cluster 46 -> 1KXQ/c_835 1KXQ/c_740 1KXQ/c_815 1KXQ/c_818 1KXQ/c_993 1KXQ/c_343
Cluster 47 -> 1KXQ/c_749 1KXQ/c_457 1KXQ/c_523 1KXQ/c_791 1KXQ/c_882 1KXQ/c_427
Cluster 48 -> 1KXQ/c_728 1KXQ/c_446 1KXQ/c_473 1KXQ/c_589 1KXQ/c_672 1KXQ/c_746
Cluster 49 -> 1KXQ/c_708 1KXQ/c_557 1KXQ/c_606 1KXQ/c_686 1KXQ/c_796 1KXQ/c_408
Cluster 50 -> 1KXQ/c_653 1KXQ/c_492 1KXQ/c_550 1KXQ/c_580 1KXQ/c_848 1KXQ/c_945
Cluster 51 -> 1KXQ/c_436 1KXQ/c_591 1KXQ/c_869 1KXQ/c_900 1KXQ/c_924 1KXQ/c_437
Cluster 52 -> 1KXQ/c_130 1KXQ/c_674 1KXQ/c_156 1KXQ/c_205 1KXQ/c_223 1KXQ/c_435
Cluster 53 -> 1KXQ/c_944 1KXQ/c_498 1KXQ/c_596 1KXQ/c_640 1KXQ/c_816
Cluster 54 -> 1KXQ/c_908 1KXQ/c_508 1KXQ/c_593 1KXQ/c_862 1KXQ/c_415
Cluster 55 -> 1KXQ/c_894 1KXQ/c_636 1KXQ/c_639 1KXQ/c_800 1KXQ/c_346
Cluster 56 -> 1KXQ/c_855 1KXQ/c_715 1KXQ/c_765 1KXQ/c_154 1KXQ/c_216
Cluster 57 -> 1KXQ/c_648 1KXQ/c_507 1KXQ/c_312 1KXQ/c_367 1KXQ/c_392
Cluster 58 -> 1KXQ/c_528 1KXQ/c_610 1KXQ/c_622 1KXQ/c_735 1KXQ/c_150
Cluster 59 -> 1KXQ/c_973 1KXQ/c_608 1KXQ/c_685 1KXQ/c_829
Cluster 60 -> 1KXQ/c_850 1KXQ/c_644 1KXQ/c_647 1KXQ/c_261
Cluster 61 -> 1KXQ/c_833 1KXQ/c_641 1KXQ/c_853 1KXQ/c_950
Cluster 62 -> 1KXQ/c_769 1KXQ/c_532 1KXQ/c_747 1KXQ/c_956
Cluster 63 -> 1KXQ/c_733 1KXQ/c_623 1KXQ/c_267 1KXQ/c_424
Cluster 64 -> 1KXQ/c_693 1KXQ/c_710 1KXQ/c_925 1KXQ/c_271
Cluster 65 -> 1KXQ/c_387 1KXQ/c_768 1KXQ/c_888 1KXQ/c_951
Cluster 66 -> 1KXQ/c_381 1KXQ/c_556 1KXQ/c_650 1KXQ/c_380
