Cluster 1 -> 1M10/c_380 1M10/c_458 1M10/c_462 1M10/c_463 1M10/c_46 1M10/c_513 1M10/c_524 1M10/c_557 1M10/c_561 1M10/c_578 1M10/c_589 1M10/c_594 1M10/c_597 1M10/c_613 1M10/c_614 1M10/c_619 1M10/c_647 1M10/c_660 1M10/c_662 1M10/c_698 1M10/c_712 1M10/c_730 1M10/c_747 1M10/c_797 1M10/c_809 1M10/c_81 1M10/c_827 1M10/c_832 1M10/c_863 1M10/c_868 1M10/c_875 1M10/c_87 1M10/c_899 1M10/c_901 1M10/c_908 1M10/c_949 1M10/c_979 1M10/c_103 1M10/c_106 1M10/c_115 1M10/c_152 1M10/c_159 1M10/c_172 1M10/c_177 1M10/c_180 1M10/c_181 1M10/c_200 1M10/c_202 1M10/c_203 1M10/c_212 1M10/c_225 1M10/c_239 1M10/c_244 1M10/c_249 1M10/c_251 1M10/c_255 1M10/c_283 1M10/c_297 1M10/c_29 1M10/c_308 1M10/c_316 1M10/c_323 1M10/c_342 1M10/c_343 1M10/c_345 1M10/c_362 1M10/c_367 1M10/c_382 1M10/c_384 1M10/c_394 1M10/c_407 1M10/c_427
Cluster 2 -> 1M10/c_135 1M10/c_493 1M10/c_546 1M10/c_5 1M10/c_60 1M10/c_612 1M10/c_62 1M10/c_634 1M10/c_66 1M10/c_670 1M10/c_723 1M10/c_737 1M10/c_742 1M10/c_75 1M10/c_761 1M10/c_770 1M10/c_795 1M10/c_911 1M10/c_997 1M10/c_998 1M10/c_108 1M10/c_113 1M10/c_118 1M10/c_11 1M10/c_168 1M10/c_170 1M10/c_175 1M10/c_187 1M10/c_188 1M10/c_198 1M10/c_213 1M10/c_219 1M10/c_220 1M10/c_231 1M10/c_238 1M10/c_243 1M10/c_24 1M10/c_25 1M10/c_266 1M10/c_273 1M10/c_278 1M10/c_290 1M10/c_32 1M10/c_33 1M10/c_386 1M10/c_402 1M10/c_419
Cluster 3 -> 1M10/c_474 1M10/c_469 1M10/c_490 1M10/c_500 1M10/c_509 1M10/c_542 1M10/c_548 1M10/c_553 1M10/c_562 1M10/c_569 1M10/c_581 1M10/c_599 1M10/c_600 1M10/c_609 1M10/c_630 1M10/c_635 1M10/c_645 1M10/c_655 1M10/c_687 1M10/c_68 1M10/c_731 1M10/c_825 1M10/c_835 1M10/c_867 1M10/c_893 1M10/c_978 1M10/c_112 1M10/c_164 1M10/c_174 1M10/c_182 1M10/c_192 1M10/c_195 1M10/c_207 1M10/c_211 1M10/c_259 1M10/c_260 1M10/c_274 1M10/c_296 1M10/c_340 1M10/c_393 1M10/c_403 1M10/c_422
Cluster 4 -> 1M10/c_119 1M10/c_45 1M10/c_468 1M10/c_53 1M10/c_566 1M10/c_64 1M10/c_65 1M10/c_692 1M10/c_69 1M10/c_710 1M10/c_7 1M10/c_803 1M10/c_814 1M10/c_838 1M10/c_846 1M10/c_871 1M10/c_89 1M10/c_8 1M10/c_116 1M10/c_130 1M10/c_151 1M10/c_155 1M10/c_160 1M10/c_162 1M10/c_165 1M10/c_210 1M10/c_21 1M10/c_234 1M10/c_237 1M10/c_23 1M10/c_264 1M10/c_265 1M10/c_31 1M10/c_34 1M10/c_391 1M10/c_409 1M10/c_433
Cluster 5 -> 1M10/c_14 1M10/c_441 1M10/c_491 1M10/c_49 1M10/c_545 1M10/c_83 1M10/c_88 1M10/c_91 1M10/c_920 1M10/c_93 1M10/c_104 1M10/c_10 1M10/c_117 1M10/c_126 1M10/c_12 1M10/c_139 1M10/c_141 1M10/c_156 1M10/c_158 1M10/c_15 1M10/c_183 1M10/c_20 1M10/c_227 1M10/c_228 1M10/c_341 1M10/c_35 1M10/c_41 1M10/c_420 1M10/c_42 1M10/c_43
Cluster 6 -> 1M10/c_94 1M10/c_442 1M10/c_54 1M10/c_56 1M10/c_571 1M10/c_57 1M10/c_651 1M10/c_709 1M10/c_70 1M10/c_768 1M10/c_796 1M10/c_80 1M10/c_935 1M10/c_962 1M10/c_102 1M10/c_123 1M10/c_189 1M10/c_197 1M10/c_216 1M10/c_222 1M10/c_254 1M10/c_317 1M10/c_334 1M10/c_344 1M10/c_346 1M10/c_372 1M10/c_383 1M10/c_39 1M10/c_404
Cluster 7 -> 1M10/c_804 1M10/c_472 1M10/c_501 1M10/c_514 1M10/c_533 1M10/c_602 1M10/c_668 1M10/c_675 1M10/c_690 1M10/c_718 1M10/c_72 1M10/c_780 1M10/c_811 1M10/c_862 1M10/c_883 1M10/c_125 1M10/c_128 1M10/c_143 1M10/c_146 1M10/c_171 1M10/c_178 1M10/c_196 1M10/c_267 1M10/c_271 1M10/c_277 1M10/c_279 1M10/c_435
Cluster 8 -> 1M10/c_28 1M10/c_451 1M10/c_498 1M10/c_50 1M10/c_71 1M10/c_77 1M10/c_79 1M10/c_944 1M10/c_107 1M10/c_120 1M10/c_124 1M10/c_167 1M10/c_17 1M10/c_206 1M10/c_229 1M10/c_246 1M10/c_268 1M10/c_27 1M10/c_312 1M10/c_373 1M10/c_408 1M10/c_40
Cluster 9 -> 1M10/c_981 1M10/c_456 1M10/c_51 1M10/c_525 1M10/c_621 1M10/c_631 1M10/c_638 1M10/c_666 1M10/c_767 1M10/c_86 1M10/c_960 1M10/c_966 1M10/c_169 1M10/c_173 1M10/c_194 1M10/c_291 1M10/c_299 1M10/c_328 1M10/c_410
Cluster 10 -> 1M10/c_82 1M10/c_466 1M10/c_526 1M10/c_532 1M10/c_607 1M10/c_67 1M10/c_820 1M10/c_90 1M10/c_98 1M10/c_992 1M10/c_109 1M10/c_114 1M10/c_149 1M10/c_190 1M10/c_289 1M10/c_360 1M10/c_390 1M10/c_392 1M10/c_430
Cluster 11 -> 1M10/c_732 1M10/c_543 1M10/c_576 1M10/c_611 1M10/c_649 1M10/c_680 1M10/c_701 1M10/c_706 1M10/c_736 1M10/c_801 1M10/c_84 1M10/c_99 1M10/c_140 1M10/c_147 1M10/c_285 1M10/c_348 1M10/c_37 1M10/c_401 1M10/c_414
Cluster 12 -> 1M10/c_303 1M10/c_541 1M10/c_585 1M10/c_657 1M10/c_705 1M10/c_750 1M10/c_764 1M10/c_773 1M10/c_816 1M10/c_884 1M10/c_913 1M10/c_987 1M10/c_138 1M10/c_150 1M10/c_252 1M10/c_320 1M10/c_331 1M10/c_357 1M10/c_378
Cluster 13 -> 1M10/c_161 1M10/c_478 1M10/c_570 1M10/c_653 1M10/c_76 1M10/c_910 1M10/c_13 1M10/c_18 1M10/c_217 1M10/c_22 1M10/c_315 1M10/c_332 1M10/c_361 1M10/c_363 1M10/c_400 1M10/c_417
Cluster 14 -> 1M10/c_678 1M10/c_447 1M10/c_582 1M10/c_658 1M10/c_700 1M10/c_759 1M10/c_763 1M10/c_789 1M10/c_847 1M10/c_888 1M10/c_179 1M10/c_257 1M10/c_298 1M10/c_307
Cluster 15 -> 1M10/c_374 1M10/c_479 1M10/c_508 1M10/c_516 1M10/c_517 1M10/c_540 1M10/c_564 1M10/c_590 1M10/c_624 1M10/c_891 1M10/c_923 1M10/c_975 1M10/c_242 1M10/c_358
Cluster 16 -> 1M10/c_985 1M10/c_44 1M10/c_52 1M10/c_535 1M10/c_615 1M10/c_774 1M10/c_122 1M10/c_137 1M10/c_157 1M10/c_1 1M10/c_275 1M10/c_2 1M10/c_36
Cluster 17 -> 1M10/c_521 1M10/c_482 1M10/c_625 1M10/c_703 1M10/c_753 1M10/c_787 1M10/c_824 1M10/c_858 1M10/c_859 1M10/c_885 1M10/c_932 1M10/c_965 1M10/c_412
Cluster 18 -> 1M10/c_325 1M10/c_529 1M10/c_58 1M10/c_620 1M10/c_622 1M10/c_714 1M10/c_92 1M10/c_953 1M10/c_101 1M10/c_224 1M10/c_253 1M10/c_26 1M10/c_395
Cluster 19 -> 1M10/c_416 1M10/c_55 1M10/c_73 1M10/c_9 1M10/c_105 1M10/c_110 1M10/c_153 1M10/c_16 1M10/c_233 1M10/c_30 1M10/c_350 1M10/c_38
Cluster 20 -> 1M10/c_779 1M10/c_467 1M10/c_536 1M10/c_575 1M10/c_654 1M10/c_734 1M10/c_739 1M10/c_933 1M10/c_276 1M10/c_292 1M10/c_347
Cluster 21 -> 1M10/c_96 1M10/c_495 1M10/c_708 1M10/c_720 1M10/c_74 1M10/c_882 1M10/c_963 1M10/c_185 1M10/c_322 1M10/c_366
Cluster 22 -> 1M10/c_895 1M10/c_579 1M10/c_636 1M10/c_659 1M10/c_676 1M10/c_735 1M10/c_830 1M10/c_947 1M10/c_952 1M10/c_434
Cluster 23 -> 1M10/c_375 1M10/c_445 1M10/c_766 1M10/c_837 1M10/c_892 1M10/c_938 1M10/c_97 1M10/c_209 1M10/c_282 1M10/c_356
Cluster 24 -> 1M10/c_990 1M10/c_450 1M10/c_520 1M10/c_782 1M10/c_836 1M10/c_939 1M10/c_241 1M10/c_293 1M10/c_359
Cluster 25 -> 1M10/c_85 1M10/c_484 1M10/c_48 1M10/c_646 1M10/c_914 1M10/c_961 1M10/c_269 1M10/c_338 1M10/c_349
Cluster 26 -> 1M10/c_806 1M10/c_499 1M10/c_577 1M10/c_603 1M10/c_744 1M10/c_813 1M10/c_127 1M10/c_133 1M10/c_142
Cluster 27 -> 1M10/c_941 1M10/c_4 1M10/c_518 1M10/c_627 1M10/c_826 1M10/c_132 1M10/c_19 1M10/c_281
Cluster 28 -> 1M10/c_873 1M10/c_527 1M10/c_661 1M10/c_669 1M10/c_236 1M10/c_309 1M10/c_352 1M10/c_432
Cluster 29 -> 1M10/c_864 1M10/c_598 1M10/c_722 1M10/c_136 1M10/c_163 1M10/c_176 1M10/c_193 1M10/c_418
Cluster 30 -> 1M10/c_641 1M10/c_443 1M10/c_453 1M10/c_218 1M10/c_247 1M10/c_284 1M10/c_310 1M10/c_330
Cluster 31 -> 1M10/c_440 1M10/c_512 1M10/c_724 1M10/c_95 1M10/c_111 1M10/c_131 1M10/c_302 1M10/c_396
Cluster 32 -> 1M10/c_313 1M10/c_496 1M10/c_61 1M10/c_671 1M10/c_223 1M10/c_335 1M10/c_421 1M10/c_439
Cluster 33 -> 1M10/c_989 1M10/c_574 1M10/c_63 1M10/c_261 1M10/c_295 1M10/c_369 1M10/c_405
Cluster 34 -> 1M10/c_988 1M10/c_673 1M10/c_145 1M10/c_235 1M10/c_300 1M10/c_355 1M10/c_389
Cluster 35 -> 1M10/c_983 1M10/c_449 1M10/c_711 1M10/c_769 1M10/c_843 1M10/c_921 1M10/c_166
Cluster 36 -> 1M10/c_879 1M10/c_567 1M10/c_610 1M10/c_834 1M10/c_850 1M10/c_333 1M10/c_377
Cluster 37 -> 1M10/c_715 1M10/c_547 1M10/c_604 1M10/c_617 1M10/c_716 1M10/c_728 1M10/c_957
Cluster 38 -> 1M10/c_530 1M10/c_444 1M10/c_488 1M10/c_592 1M10/c_699 1M10/c_184 1M10/c_438
Cluster 39 -> 1M10/c_492 1M10/c_695 1M10/c_845 1M10/c_100 1M10/c_191 1M10/c_214 1M10/c_428
Cluster 40 -> 1M10/c_154 1M10/c_515 1M10/c_544 1M10/c_616 1M10/c_971 1M10/c_986 1M10/c_144
Cluster 41 -> 1M10/c_970 1M10/c_538 1M10/c_573 1M10/c_823 1M10/c_148 1M10/c_381
Cluster 42 -> 1M10/c_924 1M10/c_580 1M10/c_596 1M10/c_819 1M10/c_839 1M10/c_967
Cluster 43 -> 1M10/c_865 1M10/c_504 1M10/c_507 1M10/c_679 1M10/c_777 1M10/c_778
Cluster 44 -> 1M10/c_772 1M10/c_586 1M10/c_746 1M10/c_848 1M10/c_860 1M10/c_397
Cluster 45 -> 1M10/c_59 1M10/c_459 1M10/c_201 1M10/c_232 1M10/c_388 1M10/c_424
Cluster 46 -> 1M10/c_461 1M10/c_452 1M10/c_551 1M10/c_725 1M10/c_121 1M10/c_256
Cluster 47 -> 1M10/c_425 1M10/c_480 1M10/c_856 1M10/c_887 1M10/c_974 1M10/c_437
Cluster 48 -> 1M10/c_368 1M10/c_726 1M10/c_727 1M10/c_808 1M10/c_874 1M10/c_399
Cluster 49 -> 1M10/c_305 1M10/c_511 1M10/c_6 1M10/c_226 1M10/c_286 1M10/c_3
Cluster 50 -> 1M10/c_199 1M10/c_497 1M10/c_563 1M10/c_756 1M10/c_240 1M10/c_288
Cluster 51 -> 1M10/c_993 1M10/c_754 1M10/c_807 1M10/c_855 1M10/c_387
Cluster 52 -> 1M10/c_946 1M10/c_595 1M10/c_878 1M10/c_886 1M10/c_337
Cluster 53 -> 1M10/c_943 1M10/c_510 1M10/c_519 1M10/c_877 1M10/c_319
Cluster 54 -> 1M10/c_894 1M10/c_208 1M10/c_215 1M10/c_262 1M10/c_339
Cluster 55 -> 1M10/c_890 1M10/c_481 1M10/c_539 1M10/c_815 1M10/c_272
Cluster 56 -> 1M10/c_781 1M10/c_454 1M10/c_528 1M10/c_664 1M10/c_733
Cluster 57 -> 1M10/c_531 1M10/c_881 1M10/c_937 1M10/c_969 1M10/c_980
Cluster 58 -> 1M10/c_487 1M10/c_549 1M10/c_665 1M10/c_740 1M10/c_748
Cluster 59 -> 1M10/c_976 1M10/c_633 1M10/c_810 1M10/c_870
Cluster 60 -> 1M10/c_948 1M10/c_494 1M10/c_831 1M10/c_926
Cluster 61 -> 1M10/c_940 1M10/c_465 1M10/c_605 1M10/c_306
Cluster 62 -> 1M10/c_909 1M10/c_741 1M10/c_925 1M10/c_365
Cluster 63 -> 1M10/c_902 1M10/c_565 1M10/c_771 1M10/c_857
Cluster 64 -> 1M10/c_866 1M10/c_790 1M10/c_821 1M10/c_429
Cluster 65 -> 1M10/c_852 1M10/c_707 1M10/c_906 1M10/c_973
Cluster 66 -> 1M10/c_822 1M10/c_537 1M10/c_608 1M10/c_776
Cluster 67 -> 1M10/c_818 1M10/c_745 1M10/c_304 1M10/c_413
Cluster 68 -> 1M10/c_812 1M10/c_788 1M10/c_798 1M10/c_972
Cluster 69 -> 1M10/c_758 1M10/c_652 1M10/c_922 1M10/c_995
Cluster 70 -> 1M10/c_749 1M10/c_583 1M10/c_686 1M10/c_691
Cluster 71 -> 1M10/c_693 1M10/c_640 1M10/c_982 1M10/c_351
Cluster 72 -> 1M10/c_568 1M10/c_601 1M10/c_786 1M10/c_324
Cluster 73 -> 1M10/c_186 1M10/c_719 1M10/c_853 1M10/c_423
