Cluster 1 -> 1MAH/c_564 1MAH/c_441 1MAH/c_44 1MAH/c_46 1MAH/c_477 1MAH/c_482 1MAH/c_49 1MAH/c_51 1MAH/c_52 1MAH/c_533 1MAH/c_538 1MAH/c_547 1MAH/c_54 1MAH/c_58 1MAH/c_590 1MAH/c_596 1MAH/c_5 1MAH/c_60 1MAH/c_620 1MAH/c_636 1MAH/c_63 1MAH/c_677 1MAH/c_67 1MAH/c_6 1MAH/c_71 1MAH/c_720 1MAH/c_748 1MAH/c_77 1MAH/c_787 1MAH/c_819 1MAH/c_857 1MAH/c_866 1MAH/c_86 1MAH/c_8 1MAH/c_90 1MAH/c_983 1MAH/c_9 1MAH/c_101 1MAH/c_104 1MAH/c_111 1MAH/c_11 1MAH/c_125 1MAH/c_131 1MAH/c_133 1MAH/c_134 1MAH/c_139 1MAH/c_140 1MAH/c_147 1MAH/c_151 1MAH/c_155 1MAH/c_15 1MAH/c_161 1MAH/c_16 1MAH/c_176 1MAH/c_179 1MAH/c_191 1MAH/c_192 1MAH/c_196 1MAH/c_19 1MAH/c_1 1MAH/c_214 1MAH/c_216 1MAH/c_21 1MAH/c_224 1MAH/c_227 1MAH/c_22 1MAH/c_231 1MAH/c_232 1MAH/c_242 1MAH/c_243 1MAH/c_244 1MAH/c_24 1MAH/c_25 1MAH/c_298 1MAH/c_29 1MAH/c_2 1MAH/c_302 1MAH/c_303 1MAH/c_309 1MAH/c_30 1MAH/c_314 1MAH/c_317 1MAH/c_32 1MAH/c_334 1MAH/c_345 1MAH/c_361 1MAH/c_365 1MAH/c_369 1MAH/c_37 1MAH/c_404 1MAH/c_410 1MAH/c_425 1MAH/c_42 1MAH/c_439 1MAH/c_43
Cluster 2 -> 1MAH/c_66 1MAH/c_475 1MAH/c_4 1MAH/c_50 1MAH/c_520 1MAH/c_529 1MAH/c_549 1MAH/c_59 1MAH/c_626 1MAH/c_62 1MAH/c_640 1MAH/c_64 1MAH/c_698 1MAH/c_699 1MAH/c_69 1MAH/c_724 1MAH/c_74 1MAH/c_756 1MAH/c_760 1MAH/c_769 1MAH/c_76 1MAH/c_81 1MAH/c_832 1MAH/c_858 1MAH/c_91 1MAH/c_929 1MAH/c_99 1MAH/c_112 1MAH/c_117 1MAH/c_130 1MAH/c_145 1MAH/c_14 1MAH/c_158 1MAH/c_178 1MAH/c_188 1MAH/c_190 1MAH/c_205 1MAH/c_20 1MAH/c_211 1MAH/c_221 1MAH/c_226 1MAH/c_239 1MAH/c_23 1MAH/c_248 1MAH/c_261 1MAH/c_264 1MAH/c_26 1MAH/c_288 1MAH/c_290 1MAH/c_291 1MAH/c_321 1MAH/c_332 1MAH/c_33 1MAH/c_343 1MAH/c_355 1MAH/c_359 1MAH/c_377 1MAH/c_395 1MAH/c_3 1MAH/c_41
Cluster 3 -> 1MAH/c_749 1MAH/c_457 1MAH/c_505 1MAH/c_506 1MAH/c_509 1MAH/c_591 1MAH/c_605 1MAH/c_61 1MAH/c_650 1MAH/c_666 1MAH/c_680 1MAH/c_68 1MAH/c_730 1MAH/c_759 1MAH/c_804 1MAH/c_870 1MAH/c_878 1MAH/c_87 1MAH/c_962 1MAH/c_974 1MAH/c_110 1MAH/c_118 1MAH/c_124 1MAH/c_144 1MAH/c_148 1MAH/c_152 1MAH/c_166 1MAH/c_198 1MAH/c_213 1MAH/c_222 1MAH/c_229 1MAH/c_282 1MAH/c_289 1MAH/c_304 1MAH/c_351 1MAH/c_36 1MAH/c_383 1MAH/c_389 1MAH/c_38 1MAH/c_391 1MAH/c_401 1MAH/c_405 1MAH/c_406 1MAH/c_418 1MAH/c_422 1MAH/c_434
Cluster 4 -> 1MAH/c_938 1MAH/c_469 1MAH/c_542 1MAH/c_554 1MAH/c_558 1MAH/c_567 1MAH/c_615 1MAH/c_694 1MAH/c_793 1MAH/c_812 1MAH/c_818 1MAH/c_835 1MAH/c_88 1MAH/c_892 1MAH/c_92 1MAH/c_961 1MAH/c_1000 1MAH/c_106 1MAH/c_121 1MAH/c_126 1MAH/c_135 1MAH/c_141 1MAH/c_177 1MAH/c_180 1MAH/c_182 1MAH/c_195 1MAH/c_203 1MAH/c_208 1MAH/c_210 1MAH/c_236 1MAH/c_245 1MAH/c_249 1MAH/c_271 1MAH/c_272 1MAH/c_284 1MAH/c_28 1MAH/c_330 1MAH/c_335 1MAH/c_338 1MAH/c_348 1MAH/c_412 1MAH/c_423
Cluster 5 -> 1MAH/c_660 1MAH/c_443 1MAH/c_446 1MAH/c_450 1MAH/c_460 1MAH/c_487 1MAH/c_495 1MAH/c_507 1MAH/c_513 1MAH/c_555 1MAH/c_559 1MAH/c_569 1MAH/c_584 1MAH/c_601 1MAH/c_603 1MAH/c_645 1MAH/c_646 1MAH/c_715 1MAH/c_722 1MAH/c_731 1MAH/c_750 1MAH/c_763 1MAH/c_765 1MAH/c_830 1MAH/c_859 1MAH/c_949 1MAH/c_957 1MAH/c_997 1MAH/c_189 1MAH/c_218 1MAH/c_228 1MAH/c_279 1MAH/c_322 1MAH/c_347 1MAH/c_358 1MAH/c_376 1MAH/c_394 1MAH/c_414 1MAH/c_440
Cluster 6 -> 1MAH/c_175 1MAH/c_468 1MAH/c_484 1MAH/c_499 1MAH/c_518 1MAH/c_527 1MAH/c_536 1MAH/c_546 1MAH/c_550 1MAH/c_568 1MAH/c_632 1MAH/c_651 1MAH/c_655 1MAH/c_743 1MAH/c_745 1MAH/c_784 1MAH/c_890 1MAH/c_896 1MAH/c_966 1MAH/c_987 1MAH/c_173 1MAH/c_18 1MAH/c_194 1MAH/c_197 1MAH/c_206 1MAH/c_212 1MAH/c_230 1MAH/c_265 1MAH/c_283 1MAH/c_310 1MAH/c_325 1MAH/c_328 1MAH/c_392 1MAH/c_397 1MAH/c_411 1MAH/c_427
Cluster 7 -> 1MAH/c_708 1MAH/c_449 1MAH/c_481 1MAH/c_521 1MAH/c_552 1MAH/c_553 1MAH/c_561 1MAH/c_571 1MAH/c_600 1MAH/c_614 1MAH/c_648 1MAH/c_668 1MAH/c_689 1MAH/c_702 1MAH/c_716 1MAH/c_737 1MAH/c_788 1MAH/c_790 1MAH/c_827 1MAH/c_882 1MAH/c_883 1MAH/c_919 1MAH/c_924 1MAH/c_996 1MAH/c_184 1MAH/c_268 1MAH/c_326 1MAH/c_329 1MAH/c_333 1MAH/c_366 1MAH/c_379 1MAH/c_399 1MAH/c_435 1MAH/c_437
Cluster 8 -> 1MAH/c_267 1MAH/c_489 1MAH/c_498 1MAH/c_503 1MAH/c_510 1MAH/c_530 1MAH/c_560 1MAH/c_562 1MAH/c_563 1MAH/c_57 1MAH/c_635 1MAH/c_671 1MAH/c_673 1MAH/c_681 1MAH/c_719 1MAH/c_733 1MAH/c_845 1MAH/c_905 1MAH/c_993 1MAH/c_123 1MAH/c_128 1MAH/c_149 1MAH/c_156 1MAH/c_164 1MAH/c_200 1MAH/c_259 1MAH/c_266 1MAH/c_324 1MAH/c_349 1MAH/c_364 1MAH/c_384 1MAH/c_420 1MAH/c_429
Cluster 9 -> 1MAH/c_633 1MAH/c_447 1MAH/c_472 1MAH/c_48 1MAH/c_53 1MAH/c_577 1MAH/c_586 1MAH/c_688 1MAH/c_761 1MAH/c_801 1MAH/c_83 1MAH/c_84 1MAH/c_904 1MAH/c_907 1MAH/c_914 1MAH/c_93 1MAH/c_114 1MAH/c_116 1MAH/c_122 1MAH/c_13 1MAH/c_146 1MAH/c_150 1MAH/c_168 1MAH/c_171 1MAH/c_172 1MAH/c_181 1MAH/c_202 1MAH/c_275 1MAH/c_278 1MAH/c_313 1MAH/c_34 1MAH/c_357
Cluster 10 -> 1MAH/c_100 1MAH/c_45 1MAH/c_462 1MAH/c_491 1MAH/c_500 1MAH/c_504 1MAH/c_592 1MAH/c_606 1MAH/c_622 1MAH/c_652 1MAH/c_656 1MAH/c_65 1MAH/c_675 1MAH/c_782 1MAH/c_78 1MAH/c_861 1MAH/c_984 1MAH/c_98 1MAH/c_102 1MAH/c_165 1MAH/c_240 1MAH/c_255 1MAH/c_299 1MAH/c_300 1MAH/c_35 1MAH/c_40 1MAH/c_433
Cluster 11 -> 1MAH/c_82 1MAH/c_490 1MAH/c_579 1MAH/c_706 1MAH/c_72 1MAH/c_786 1MAH/c_7 1MAH/c_849 1MAH/c_94 1MAH/c_950 1MAH/c_96 1MAH/c_10 1MAH/c_113 1MAH/c_120 1MAH/c_169 1MAH/c_235 1MAH/c_27 1MAH/c_294 1MAH/c_319 1MAH/c_31 1MAH/c_371 1MAH/c_403
Cluster 12 -> 1MAH/c_735 1MAH/c_471 1MAH/c_512 1MAH/c_516 1MAH/c_526 1MAH/c_545 1MAH/c_572 1MAH/c_619 1MAH/c_712 1MAH/c_714 1MAH/c_717 1MAH/c_797 1MAH/c_840 1MAH/c_877 1MAH/c_132 1MAH/c_138 1MAH/c_142 1MAH/c_160 1MAH/c_234 1MAH/c_380 1MAH/c_396 1MAH/c_415
Cluster 13 -> 1MAH/c_589 1MAH/c_459 1MAH/c_607 1MAH/c_621 1MAH/c_641 1MAH/c_642 1MAH/c_663 1MAH/c_707 1MAH/c_732 1MAH/c_752 1MAH/c_85 1MAH/c_865 1MAH/c_893 1MAH/c_910 1MAH/c_943 1MAH/c_97 1MAH/c_109 1MAH/c_115 1MAH/c_273 1MAH/c_305 1MAH/c_402 1MAH/c_430
Cluster 14 -> 1MAH/c_263 1MAH/c_486 1MAH/c_497 1MAH/c_638 1MAH/c_70 1MAH/c_713 1MAH/c_741 1MAH/c_939 1MAH/c_948 1MAH/c_951 1MAH/c_129 1MAH/c_12 1MAH/c_154 1MAH/c_163 1MAH/c_186 1MAH/c_193 1MAH/c_225 1MAH/c_293 1MAH/c_308 1MAH/c_339 1MAH/c_340 1MAH/c_398
Cluster 15 -> 1MAH/c_451 1MAH/c_543 1MAH/c_56 1MAH/c_665 1MAH/c_697 1MAH/c_80 1MAH/c_898 1MAH/c_89 1MAH/c_909 1MAH/c_916 1MAH/c_105 1MAH/c_127 1MAH/c_137 1MAH/c_153 1MAH/c_17 1MAH/c_204 1MAH/c_280 1MAH/c_312 1MAH/c_344 1MAH/c_346 1MAH/c_393
Cluster 16 -> 1MAH/c_874 1MAH/c_531 1MAH/c_539 1MAH/c_565 1MAH/c_580 1MAH/c_612 1MAH/c_674 1MAH/c_701 1MAH/c_705 1MAH/c_780 1MAH/c_823 1MAH/c_837 1MAH/c_852 1MAH/c_871 1MAH/c_933 1MAH/c_257 1MAH/c_277 1MAH/c_407 1MAH/c_421
Cluster 17 -> 1MAH/c_187 1MAH/c_47 1MAH/c_537 1MAH/c_578 1MAH/c_616 1MAH/c_624 1MAH/c_659 1MAH/c_684 1MAH/c_703 1MAH/c_746 1MAH/c_758 1MAH/c_873 1MAH/c_888 1MAH/c_107 1MAH/c_157 1MAH/c_237 1MAH/c_241 1MAH/c_327 1MAH/c_400
Cluster 18 -> 1MAH/c_691 1MAH/c_458 1MAH/c_466 1MAH/c_519 1MAH/c_598 1MAH/c_599 1MAH/c_631 1MAH/c_773 1MAH/c_789 1MAH/c_79 1MAH/c_881 1MAH/c_930 1MAH/c_988 1MAH/c_108 1MAH/c_201 1MAH/c_378
Cluster 19 -> 1MAH/c_456 1MAH/c_488 1MAH/c_634 1MAH/c_637 1MAH/c_711 1MAH/c_799 1MAH/c_879 1MAH/c_103 1MAH/c_174 1MAH/c_209 1MAH/c_220 1MAH/c_247 1MAH/c_274 1MAH/c_301 1MAH/c_320 1MAH/c_374
Cluster 20 -> 1MAH/c_816 1MAH/c_444 1MAH/c_473 1MAH/c_478 1MAH/c_485 1MAH/c_570 1MAH/c_657 1MAH/c_693 1MAH/c_695 1MAH/c_738 1MAH/c_753 1MAH/c_798 1MAH/c_846 1MAH/c_897 1MAH/c_353
Cluster 21 -> 1MAH/c_360 1MAH/c_523 1MAH/c_594 1MAH/c_618 1MAH/c_628 1MAH/c_692 1MAH/c_725 1MAH/c_853 1MAH/c_956 1MAH/c_963 1MAH/c_159 1MAH/c_223 1MAH/c_315 1MAH/c_381
Cluster 22 -> 1MAH/c_985 1MAH/c_464 1MAH/c_474 1MAH/c_617 1MAH/c_643 1MAH/c_661 1MAH/c_739 1MAH/c_792 1MAH/c_821 1MAH/c_842 1MAH/c_370 1MAH/c_419 1MAH/c_428
Cluster 23 -> 1MAH/c_981 1MAH/c_501 1MAH/c_511 1MAH/c_525 1MAH/c_613 1MAH/c_647 1MAH/c_664 1MAH/c_785 1MAH/c_826 1MAH/c_936 1MAH/c_995 1MAH/c_253 1MAH/c_417
Cluster 24 -> 1MAH/c_757 1MAH/c_470 1MAH/c_522 1MAH/c_669 1MAH/c_718 1MAH/c_854 1MAH/c_941 1MAH/c_260 1MAH/c_285 1MAH/c_295 1MAH/c_323 1MAH/c_362 1MAH/c_388
Cluster 25 -> 1MAH/c_682 1MAH/c_809 1MAH/c_822 1MAH/c_864 1MAH/c_869 1MAH/c_900 1MAH/c_915 1MAH/c_922 1MAH/c_923 1MAH/c_199 1MAH/c_217 1MAH/c_292 1MAH/c_341
Cluster 26 -> 1MAH/c_185 1MAH/c_442 1MAH/c_448 1MAH/c_463 1MAH/c_483 1MAH/c_585 1MAH/c_742 1MAH/c_855 1MAH/c_934 1MAH/c_937 1MAH/c_183 1MAH/c_219 1MAH/c_276
Cluster 27 -> 1MAH/c_921 1MAH/c_445 1MAH/c_492 1MAH/c_544 1MAH/c_575 1MAH/c_582 1MAH/c_608 1MAH/c_727 1MAH/c_767 1MAH/c_862 1MAH/c_316 1MAH/c_375
Cluster 28 -> 1MAH/c_297 1MAH/c_55 1MAH/c_576 1MAH/c_602 1MAH/c_947 1MAH/c_167 1MAH/c_170 1MAH/c_233 1MAH/c_251 1MAH/c_254 1MAH/c_306 1MAH/c_367
Cluster 29 -> 1MAH/c_687 1MAH/c_639 1MAH/c_676 1MAH/c_704 1MAH/c_794 1MAH/c_863 1MAH/c_895 1MAH/c_925 1MAH/c_955 1MAH/c_215 1MAH/c_387
Cluster 30 -> 1MAH/c_342 1MAH/c_532 1MAH/c_723 1MAH/c_764 1MAH/c_815 1MAH/c_880 1MAH/c_885 1MAH/c_958 1MAH/c_143 1MAH/c_350 1MAH/c_390
Cluster 31 -> 1MAH/c_968 1MAH/c_496 1MAH/c_653 1MAH/c_662 1MAH/c_667 1MAH/c_679 1MAH/c_696 1MAH/c_833 1MAH/c_287 1MAH/c_408
Cluster 32 -> 1MAH/c_894 1MAH/c_535 1MAH/c_541 1MAH/c_587 1MAH/c_774 1MAH/c_820 1MAH/c_841 1MAH/c_246 1MAH/c_336 1MAH/c_354
Cluster 33 -> 1MAH/c_75 1MAH/c_502 1MAH/c_593 1MAH/c_700 1MAH/c_989 1MAH/c_270 1MAH/c_331 1MAH/c_385 1MAH/c_39 1MAH/c_416
Cluster 34 -> 1MAH/c_998 1MAH/c_467 1MAH/c_574 1MAH/c_709 1MAH/c_884 1MAH/c_975 1MAH/c_352 1MAH/c_386
Cluster 35 -> 1MAH/c_990 1MAH/c_736 1MAH/c_768 1MAH/c_779 1MAH/c_889 1MAH/c_946 1MAH/c_952 1MAH/c_238
Cluster 36 -> 1MAH/c_891 1MAH/c_73 1MAH/c_868 1MAH/c_119 1MAH/c_136 1MAH/c_262 1MAH/c_337 1MAH/c_363
Cluster 37 -> 1MAH/c_670 1MAH/c_452 1MAH/c_806 1MAH/c_876 1MAH/c_258 1MAH/c_382 1MAH/c_413
Cluster 38 -> 1MAH/c_978 1MAH/c_493 1MAH/c_649 1MAH/c_807 1MAH/c_844 1MAH/c_935
Cluster 39 -> 1MAH/c_973 1MAH/c_514 1MAH/c_588 1MAH/c_747 1MAH/c_775 1MAH/c_902
Cluster 40 -> 1MAH/c_802 1MAH/c_461 1MAH/c_528 1MAH/c_726 1MAH/c_813 1MAH/c_831
Cluster 41 -> 1MAH/c_424 1MAH/c_796 1MAH/c_805 1MAH/c_810 1MAH/c_918 1MAH/c_269
Cluster 42 -> 1MAH/c_372 1MAH/c_465 1MAH/c_573 1MAH/c_686 1MAH/c_903 1MAH/c_436
Cluster 43 -> 1MAH/c_252 1MAH/c_654 1MAH/c_964 1MAH/c_980 1MAH/c_991 1MAH/c_286
Cluster 44 -> 1MAH/c_970 1MAH/c_453 1MAH/c_604 1MAH/c_911 1MAH/c_281
Cluster 45 -> 1MAH/c_926 1MAH/c_644 1MAH/c_744 1MAH/c_803 1MAH/c_811
Cluster 46 -> 1MAH/c_729 1MAH/c_611 1MAH/c_931 1MAH/c_999 1MAH/c_368
Cluster 47 -> 1MAH/c_994 1MAH/c_534 1MAH/c_848 1MAH/c_953
Cluster 48 -> 1MAH/c_942 1MAH/c_548 1MAH/c_824 1MAH/c_899
Cluster 49 -> 1MAH/c_917 1MAH/c_609 1MAH/c_754 1MAH/c_843
Cluster 50 -> 1MAH/c_867 1MAH/c_672 1MAH/c_901 1MAH/c_959
Cluster 51 -> 1MAH/c_829 1MAH/c_540 1MAH/c_777 1MAH/c_932
Cluster 52 -> 1MAH/c_808 1MAH/c_629 1MAH/c_356 1MAH/c_409
Cluster 53 -> 1MAH/c_783 1MAH/c_771 1MAH/c_781 1MAH/c_839
Cluster 54 -> 1MAH/c_728 1MAH/c_454 1MAH/c_479 1MAH/c_836
Cluster 55 -> 1MAH/c_683 1MAH/c_162 1MAH/c_207 1MAH/c_250
Cluster 56 -> 1MAH/c_557 1MAH/c_685 1MAH/c_886 1MAH/c_945
Cluster 57 -> 1MAH/c_432 1MAH/c_800 1MAH/c_908 1MAH/c_256
