Cluster 1 -> 1ML0/c_686 1ML0/c_443 1ML0/c_449 1ML0/c_44 1ML0/c_455 1ML0/c_456 1ML0/c_459 1ML0/c_45 1ML0/c_464 1ML0/c_468 1ML0/c_46 1ML0/c_470 1ML0/c_471 1ML0/c_473 1ML0/c_475 1ML0/c_478 1ML0/c_47 1ML0/c_480 1ML0/c_486 1ML0/c_488 1ML0/c_48 1ML0/c_492 1ML0/c_494 1ML0/c_49 1ML0/c_4 1ML0/c_502 1ML0/c_50 1ML0/c_519 1ML0/c_51 1ML0/c_522 1ML0/c_523 1ML0/c_524 1ML0/c_526 1ML0/c_52 1ML0/c_535 1ML0/c_537 1ML0/c_53 1ML0/c_548 1ML0/c_551 1ML0/c_55 1ML0/c_565 1ML0/c_566 1ML0/c_56 1ML0/c_572 1ML0/c_577 1ML0/c_57 1ML0/c_580 1ML0/c_581 1ML0/c_582 1ML0/c_586 1ML0/c_58 1ML0/c_590 1ML0/c_591 1ML0/c_592 1ML0/c_595 1ML0/c_59 1ML0/c_5 1ML0/c_605 1ML0/c_609 1ML0/c_60 1ML0/c_61 1ML0/c_627 1ML0/c_62 1ML0/c_637 1ML0/c_638 1ML0/c_63 1ML0/c_641 1ML0/c_648 1ML0/c_64 1ML0/c_652 1ML0/c_656 1ML0/c_65 1ML0/c_664 1ML0/c_665 1ML0/c_666 1ML0/c_669 1ML0/c_673 1ML0/c_675 1ML0/c_678 1ML0/c_67 1ML0/c_683 1ML0/c_688 1ML0/c_689 1ML0/c_68 1ML0/c_696 1ML0/c_697 1ML0/c_69 1ML0/c_6 1ML0/c_708 1ML0/c_70 1ML0/c_712 1ML0/c_714 1ML0/c_71 1ML0/c_72 1ML0/c_739 1ML0/c_73 1ML0/c_746 1ML0/c_747 1ML0/c_748 1ML0/c_74 1ML0/c_750 1ML0/c_760 1ML0/c_764 1ML0/c_767 1ML0/c_776 1ML0/c_77 1ML0/c_786 1ML0/c_788 1ML0/c_78 1ML0/c_798 1ML0/c_79 1ML0/c_7 1ML0/c_80 1ML0/c_812 1ML0/c_816 1ML0/c_81 1ML0/c_823 1ML0/c_828 1ML0/c_829 1ML0/c_82 1ML0/c_831 1ML0/c_833 1ML0/c_836 1ML0/c_83 1ML0/c_845 1ML0/c_850 1ML0/c_856 1ML0/c_857 1ML0/c_85 1ML0/c_860 1ML0/c_863 1ML0/c_872 1ML0/c_874 1ML0/c_878 1ML0/c_888 1ML0/c_88 1ML0/c_894 1ML0/c_895 1ML0/c_896 1ML0/c_899 1ML0/c_8 1ML0/c_908 1ML0/c_90 1ML0/c_910 1ML0/c_915 1ML0/c_91 1ML0/c_922 1ML0/c_92 1ML0/c_938 1ML0/c_943 1ML0/c_94 1ML0/c_959 1ML0/c_95 1ML0/c_963 1ML0/c_964 1ML0/c_966 1ML0/c_971 1ML0/c_977 1ML0/c_97 1ML0/c_980 1ML0/c_987 1ML0/c_98 1ML0/c_9 1ML0/c_101 1ML0/c_103 1ML0/c_106 1ML0/c_10 1ML0/c_113 1ML0/c_116 1ML0/c_117 1ML0/c_118 1ML0/c_119 1ML0/c_11 1ML0/c_124 1ML0/c_125 1ML0/c_129 1ML0/c_12 1ML0/c_130 1ML0/c_131 1ML0/c_132 1ML0/c_137 1ML0/c_13 1ML0/c_141 1ML0/c_14 1ML0/c_150 1ML0/c_151 1ML0/c_152 1ML0/c_153 1ML0/c_155 1ML0/c_156 1ML0/c_157 1ML0/c_159 1ML0/c_15 1ML0/c_161 1ML0/c_162 1ML0/c_166 1ML0/c_167 1ML0/c_169 1ML0/c_16 1ML0/c_171 1ML0/c_172 1ML0/c_173 1ML0/c_178 1ML0/c_17 1ML0/c_180 1ML0/c_181 1ML0/c_183 1ML0/c_186 1ML0/c_188 1ML0/c_18 1ML0/c_190 1ML0/c_192 1ML0/c_193 1ML0/c_195 1ML0/c_197 1ML0/c_198 1ML0/c_199 1ML0/c_19 1ML0/c_1 1ML0/c_200 1ML0/c_201 1ML0/c_203 1ML0/c_204 1ML0/c_206 1ML0/c_207 1ML0/c_20 1ML0/c_212 1ML0/c_216 1ML0/c_21 1ML0/c_220 1ML0/c_223 1ML0/c_225 1ML0/c_22 1ML0/c_231 1ML0/c_232 1ML0/c_233 1ML0/c_234 1ML0/c_237 1ML0/c_23 1ML0/c_240 1ML0/c_242 1ML0/c_243 1ML0/c_24 1ML0/c_253 1ML0/c_254 1ML0/c_257 1ML0/c_258 1ML0/c_25 1ML0/c_260 1ML0/c_265 1ML0/c_26 1ML0/c_273 1ML0/c_275 1ML0/c_277 1ML0/c_279 1ML0/c_27 1ML0/c_280 1ML0/c_285 1ML0/c_286 1ML0/c_287 1ML0/c_288 1ML0/c_289 1ML0/c_28 1ML0/c_291 1ML0/c_295 1ML0/c_298 1ML0/c_29 1ML0/c_2 1ML0/c_303 1ML0/c_308 1ML0/c_309 1ML0/c_30 1ML0/c_319 1ML0/c_31 1ML0/c_320 1ML0/c_322 1ML0/c_326 1ML0/c_327 1ML0/c_32 1ML0/c_332 1ML0/c_33 1ML0/c_347 1ML0/c_34 1ML0/c_352 1ML0/c_353 1ML0/c_359 1ML0/c_35 1ML0/c_363 1ML0/c_364 1ML0/c_367 1ML0/c_368 1ML0/c_36 1ML0/c_372 1ML0/c_37 1ML0/c_389 1ML0/c_38 1ML0/c_392 1ML0/c_393 1ML0/c_39 1ML0/c_3 1ML0/c_402 1ML0/c_40 1ML0/c_412 1ML0/c_417 1ML0/c_418 1ML0/c_41 1ML0/c_420 1ML0/c_422 1ML0/c_429 1ML0/c_42 1ML0/c_438 1ML0/c_43
Cluster 2 -> 1ML0/c_472 1ML0/c_444 1ML0/c_447 1ML0/c_450 1ML0/c_454 1ML0/c_458 1ML0/c_474 1ML0/c_476 1ML0/c_479 1ML0/c_483 1ML0/c_484 1ML0/c_489 1ML0/c_495 1ML0/c_496 1ML0/c_498 1ML0/c_500 1ML0/c_503 1ML0/c_504 1ML0/c_521 1ML0/c_536 1ML0/c_543 1ML0/c_547 1ML0/c_549 1ML0/c_54 1ML0/c_553 1ML0/c_555 1ML0/c_558 1ML0/c_561 1ML0/c_567 1ML0/c_570 1ML0/c_575 1ML0/c_593 1ML0/c_603 1ML0/c_607 1ML0/c_620 1ML0/c_622 1ML0/c_625 1ML0/c_628 1ML0/c_630 1ML0/c_631 1ML0/c_643 1ML0/c_644 1ML0/c_650 1ML0/c_651 1ML0/c_655 1ML0/c_657 1ML0/c_663 1ML0/c_66 1ML0/c_684 1ML0/c_690 1ML0/c_691 1ML0/c_694 1ML0/c_695 1ML0/c_699 1ML0/c_718 1ML0/c_720 1ML0/c_722 1ML0/c_735 1ML0/c_736 1ML0/c_743 1ML0/c_751 1ML0/c_763 1ML0/c_769 1ML0/c_771 1ML0/c_774 1ML0/c_779 1ML0/c_790 1ML0/c_791 1ML0/c_799 1ML0/c_800 1ML0/c_815 1ML0/c_818 1ML0/c_819 1ML0/c_821 1ML0/c_826 1ML0/c_846 1ML0/c_861 1ML0/c_864 1ML0/c_865 1ML0/c_867 1ML0/c_86 1ML0/c_871 1ML0/c_876 1ML0/c_879 1ML0/c_882 1ML0/c_884 1ML0/c_900 1ML0/c_901 1ML0/c_905 1ML0/c_907 1ML0/c_918 1ML0/c_929 1ML0/c_934 1ML0/c_941 1ML0/c_946 1ML0/c_965 1ML0/c_967 1ML0/c_96 1ML0/c_975 1ML0/c_992 1ML0/c_996 1ML0/c_100 1ML0/c_104 1ML0/c_108 1ML0/c_109 1ML0/c_111 1ML0/c_112 1ML0/c_115 1ML0/c_121 1ML0/c_122 1ML0/c_123 1ML0/c_133 1ML0/c_134 1ML0/c_140 1ML0/c_142 1ML0/c_143 1ML0/c_144 1ML0/c_145 1ML0/c_147 1ML0/c_154 1ML0/c_160 1ML0/c_163 1ML0/c_164 1ML0/c_168 1ML0/c_175 1ML0/c_177 1ML0/c_182 1ML0/c_184 1ML0/c_187 1ML0/c_191 1ML0/c_209 1ML0/c_210 1ML0/c_213 1ML0/c_214 1ML0/c_218 1ML0/c_222 1ML0/c_224 1ML0/c_226 1ML0/c_227 1ML0/c_229 1ML0/c_235 1ML0/c_239 1ML0/c_245 1ML0/c_251 1ML0/c_252 1ML0/c_262 1ML0/c_263 1ML0/c_266 1ML0/c_274 1ML0/c_283 1ML0/c_284 1ML0/c_290 1ML0/c_296 1ML0/c_299 1ML0/c_304 1ML0/c_306 1ML0/c_307 1ML0/c_310 1ML0/c_311 1ML0/c_313 1ML0/c_318 1ML0/c_323 1ML0/c_324 1ML0/c_329 1ML0/c_331 1ML0/c_336 1ML0/c_337 1ML0/c_354 1ML0/c_355 1ML0/c_358 1ML0/c_361 1ML0/c_362 1ML0/c_365 1ML0/c_370 1ML0/c_375 1ML0/c_377 1ML0/c_379 1ML0/c_380 1ML0/c_381 1ML0/c_394 1ML0/c_397 1ML0/c_401 1ML0/c_404 1ML0/c_410 1ML0/c_411 1ML0/c_421 1ML0/c_425 1ML0/c_435
Cluster 3 -> 1ML0/c_647 1ML0/c_493 1ML0/c_507 1ML0/c_508 1ML0/c_511 1ML0/c_518 1ML0/c_520 1ML0/c_528 1ML0/c_568 1ML0/c_598 1ML0/c_633 1ML0/c_634 1ML0/c_635 1ML0/c_646 1ML0/c_649 1ML0/c_679 1ML0/c_706 1ML0/c_709 1ML0/c_726 1ML0/c_730 1ML0/c_733 1ML0/c_734 1ML0/c_758 1ML0/c_76 1ML0/c_802 1ML0/c_803 1ML0/c_806 1ML0/c_862 1ML0/c_869 1ML0/c_873 1ML0/c_87 1ML0/c_902 1ML0/c_904 1ML0/c_936 1ML0/c_93 1ML0/c_952 1ML0/c_953 1ML0/c_991 1ML0/c_102 1ML0/c_120 1ML0/c_126 1ML0/c_138 1ML0/c_165 1ML0/c_302 1ML0/c_316 1ML0/c_334 1ML0/c_340 1ML0/c_341 1ML0/c_356 1ML0/c_386 1ML0/c_396 1ML0/c_403 1ML0/c_414 1ML0/c_432 1ML0/c_440
Cluster 4 -> 1ML0/c_407 1ML0/c_448 1ML0/c_481 1ML0/c_532 1ML0/c_539 1ML0/c_545 1ML0/c_556 1ML0/c_597 1ML0/c_600 1ML0/c_619 1ML0/c_645 1ML0/c_687 1ML0/c_75 1ML0/c_780 1ML0/c_783 1ML0/c_784 1ML0/c_808 1ML0/c_824 1ML0/c_834 1ML0/c_838 1ML0/c_844 1ML0/c_84 1ML0/c_889 1ML0/c_89 1ML0/c_99 1ML0/c_105 1ML0/c_110 1ML0/c_114 1ML0/c_135 1ML0/c_146 1ML0/c_148 1ML0/c_189 1ML0/c_196 1ML0/c_202 1ML0/c_205 1ML0/c_208 1ML0/c_215 1ML0/c_217 1ML0/c_247 1ML0/c_248 1ML0/c_250 1ML0/c_256 1ML0/c_264 1ML0/c_267 1ML0/c_272 1ML0/c_297 1ML0/c_315 1ML0/c_325 1ML0/c_343 1ML0/c_374 1ML0/c_428
Cluster 5 -> 1ML0/c_693 1ML0/c_446 1ML0/c_463 1ML0/c_505 1ML0/c_513 1ML0/c_514 1ML0/c_557 1ML0/c_589 1ML0/c_703 1ML0/c_725 1ML0/c_727 1ML0/c_778 1ML0/c_817 1ML0/c_851 1ML0/c_924 1ML0/c_927 1ML0/c_944 1ML0/c_970 1ML0/c_973 1ML0/c_979 1ML0/c_136 1ML0/c_139 1ML0/c_149 1ML0/c_158 1ML0/c_185 1ML0/c_236 1ML0/c_238 1ML0/c_244 1ML0/c_261 1ML0/c_278 1ML0/c_300 1ML0/c_305 1ML0/c_321 1ML0/c_349 1ML0/c_360 1ML0/c_369 1ML0/c_383 1ML0/c_399 1ML0/c_405
Cluster 6 -> 1ML0/c_813 1ML0/c_442 1ML0/c_487 1ML0/c_531 1ML0/c_574 1ML0/c_583 1ML0/c_632 1ML0/c_716 1ML0/c_719 1ML0/c_738 1ML0/c_772 1ML0/c_781 1ML0/c_827 1ML0/c_848 1ML0/c_921 1ML0/c_925 1ML0/c_981 1ML0/c_179 1ML0/c_259 1ML0/c_424 1ML0/c_426 1ML0/c_434
Cluster 7 -> 1ML0/c_986 1ML0/c_497 1ML0/c_516 1ML0/c_602 1ML0/c_604 1ML0/c_606 1ML0/c_611 1ML0/c_618 1ML0/c_636 1ML0/c_672 1ML0/c_676 1ML0/c_740 1ML0/c_841 1ML0/c_919 1ML0/c_968 1ML0/c_974 1ML0/c_988 1ML0/c_328
Cluster 8 -> 1ML0/c_914 1ML0/c_490 1ML0/c_527 1ML0/c_542 1ML0/c_624 1ML0/c_677 1ML0/c_885 1ML0/c_933 1ML0/c_1000 1ML0/c_127 1ML0/c_174 1ML0/c_276 1ML0/c_373 1ML0/c_431 1ML0/c_439
Cluster 9 -> 1ML0/c_957 1ML0/c_477 1ML0/c_594 1ML0/c_615 1ML0/c_674 1ML0/c_692 1ML0/c_749 1ML0/c_752 1ML0/c_804 1ML0/c_840 1ML0/c_877 1ML0/c_335 1ML0/c_376 1ML0/c_400
Cluster 10 -> 1ML0/c_906 1ML0/c_510 1ML0/c_529 1ML0/c_587 1ML0/c_737 1ML0/c_837 1ML0/c_849 1ML0/c_852 1ML0/c_909 1ML0/c_994 1ML0/c_230 1ML0/c_384 1ML0/c_398 1ML0/c_406
Cluster 11 -> 1ML0/c_525 1ML0/c_552 1ML0/c_608 1ML0/c_612 1ML0/c_653 1ML0/c_724 1ML0/c_759 1ML0/c_762 1ML0/c_960 1ML0/c_241 1ML0/c_314 1ML0/c_345 1ML0/c_387 1ML0/c_433
Cluster 12 -> 1ML0/c_956 1ML0/c_466 1ML0/c_588 1ML0/c_707 1ML0/c_715 1ML0/c_731 1ML0/c_793 1ML0/c_794 1ML0/c_886 1ML0/c_950 1ML0/c_339 1ML0/c_415 1ML0/c_423
Cluster 13 -> 1ML0/c_942 1ML0/c_506 1ML0/c_546 1ML0/c_623 1ML0/c_745 1ML0/c_809 1ML0/c_859 1ML0/c_928 1ML0/c_221 1ML0/c_351 1ML0/c_357 1ML0/c_391 1ML0/c_436
Cluster 14 -> 1ML0/c_993 1ML0/c_441 1ML0/c_451 1ML0/c_742 1ML0/c_811 1ML0/c_866 1ML0/c_880 1ML0/c_917 1ML0/c_937 1ML0/c_954 1ML0/c_982 1ML0/c_292
Cluster 15 -> 1ML0/c_978 1ML0/c_544 1ML0/c_559 1ML0/c_585 1ML0/c_617 1ML0/c_626 1ML0/c_654 1ML0/c_668 1ML0/c_701 1ML0/c_843 1ML0/c_916 1ML0/c_930
Cluster 16 -> 1ML0/c_976 1ML0/c_491 1ML0/c_540 1ML0/c_564 1ML0/c_839 1ML0/c_923 1ML0/c_107 1ML0/c_211 1ML0/c_219 1ML0/c_255 1ML0/c_382 1ML0/c_416
Cluster 17 -> 1ML0/c_951 1ML0/c_560 1ML0/c_642 1ML0/c_659 1ML0/c_756 1ML0/c_805 1ML0/c_820 1ML0/c_830 1ML0/c_997 1ML0/c_282 1ML0/c_338 1ML0/c_437
Cluster 18 -> 1ML0/c_775 1ML0/c_465 1ML0/c_501 1ML0/c_512 1ML0/c_569 1ML0/c_596 1ML0/c_660 1ML0/c_753 1ML0/c_246 1ML0/c_269 1ML0/c_378 1ML0/c_427
Cluster 19 -> 1ML0/c_682 1ML0/c_452 1ML0/c_515 1ML0/c_576 1ML0/c_658 1ML0/c_680 1ML0/c_855 1ML0/c_958 1ML0/c_249 1ML0/c_281 1ML0/c_333 1ML0/c_408
Cluster 20 -> 1ML0/c_903 1ML0/c_461 1ML0/c_538 1ML0/c_571 1ML0/c_578 1ML0/c_579 1ML0/c_639 1ML0/c_698 1ML0/c_797 1ML0/c_176 1ML0/c_350
Cluster 21 -> 1ML0/c_887 1ML0/c_554 1ML0/c_562 1ML0/c_613 1ML0/c_662 1ML0/c_870 1ML0/c_911 1ML0/c_912 1ML0/c_926 1ML0/c_430
Cluster 22 -> 1ML0/c_998 1ML0/c_563 1ML0/c_573 1ML0/c_681 1ML0/c_732 1ML0/c_810 1ML0/c_955 1ML0/c_194 1ML0/c_346
Cluster 23 -> 1ML0/c_962 1ML0/c_795 1ML0/c_128 1ML0/c_317 1ML0/c_342 1ML0/c_344 1ML0/c_348 1ML0/c_366 1ML0/c_395
Cluster 24 -> 1ML0/c_972 1ML0/c_533 1ML0/c_614 1ML0/c_621 1ML0/c_729 1ML0/c_777 1ML0/c_920
Cluster 25 -> 1ML0/c_814 1ML0/c_453 1ML0/c_482 1ML0/c_702 1ML0/c_713 1ML0/c_755 1ML0/c_301
Cluster 26 -> 1ML0/c_989 1ML0/c_667 1ML0/c_710 1ML0/c_825 1ML0/c_932 1ML0/c_935
Cluster 27 -> 1ML0/c_985 1ML0/c_445 1ML0/c_530 1ML0/c_700 1ML0/c_385 1ML0/c_390
Cluster 28 -> 1ML0/c_892 1ML0/c_744 1ML0/c_770 1ML0/c_822 1ML0/c_868 1ML0/c_293
Cluster 29 -> 1ML0/c_999 1ML0/c_787 1ML0/c_807 1ML0/c_847 1ML0/c_413
Cluster 30 -> 1ML0/c_984 1ML0/c_460 1ML0/c_499 1ML0/c_832 1ML0/c_858
Cluster 31 -> 1ML0/c_883 1ML0/c_721 1ML0/c_271 1ML0/c_294 1ML0/c_388
Cluster 32 -> 1ML0/c_782 1ML0/c_534 1ML0/c_541 1ML0/c_761 1ML0/c_330
Cluster 33 -> 1ML0/c_550 1ML0/c_467 1ML0/c_517 1ML0/c_409 1ML0/c_419
Cluster 34 -> 1ML0/c_990 1ML0/c_601 1ML0/c_881 1ML0/c_170
Cluster 35 -> 1ML0/c_969 1ML0/c_670 1ML0/c_853 1ML0/c_371
Cluster 36 -> 1ML0/c_940 1ML0/c_757 1ML0/c_875 1ML0/c_913
Cluster 37 -> 1ML0/c_801 1ML0/c_462 1ML0/c_485 1ML0/c_610
Cluster 38 -> 1ML0/c_754 1ML0/c_457 1ML0/c_469 1ML0/c_704
Cluster 39 -> 1ML0/c_717 1ML0/c_629 1ML0/c_268 1ML0/c_270
