Cluster 1 -> 1N8O/c_193 1N8O/c_442 1N8O/c_444 1N8O/c_449 1N8O/c_44 1N8O/c_45 1N8O/c_46 1N8O/c_47 1N8O/c_490 1N8O/c_500 1N8O/c_505 1N8O/c_512 1N8O/c_513 1N8O/c_51 1N8O/c_52 1N8O/c_551 1N8O/c_556 1N8O/c_558 1N8O/c_559 1N8O/c_569 1N8O/c_572 1N8O/c_576 1N8O/c_593 1N8O/c_59 1N8O/c_600 1N8O/c_602 1N8O/c_608 1N8O/c_628 1N8O/c_633 1N8O/c_637 1N8O/c_647 1N8O/c_66 1N8O/c_67 1N8O/c_688 1N8O/c_68 1N8O/c_717 1N8O/c_724 1N8O/c_72 1N8O/c_738 1N8O/c_73 1N8O/c_741 1N8O/c_747 1N8O/c_75 1N8O/c_767 1N8O/c_76 1N8O/c_774 1N8O/c_776 1N8O/c_78 1N8O/c_819 1N8O/c_81 1N8O/c_82 1N8O/c_840 1N8O/c_842 1N8O/c_84 1N8O/c_85 1N8O/c_897 1N8O/c_906 1N8O/c_94 1N8O/c_95 1N8O/c_969 1N8O/c_998 1N8O/c_101 1N8O/c_107 1N8O/c_108 1N8O/c_10 1N8O/c_110 1N8O/c_111 1N8O/c_113 1N8O/c_114 1N8O/c_11 1N8O/c_122 1N8O/c_123 1N8O/c_124 1N8O/c_128 1N8O/c_133 1N8O/c_134 1N8O/c_137 1N8O/c_138 1N8O/c_139 1N8O/c_140 1N8O/c_142 1N8O/c_145 1N8O/c_146 1N8O/c_155 1N8O/c_159 1N8O/c_15 1N8O/c_166 1N8O/c_16 1N8O/c_170 1N8O/c_177 1N8O/c_17 1N8O/c_185 1N8O/c_187 1N8O/c_189 1N8O/c_201 1N8O/c_207 1N8O/c_20 1N8O/c_212 1N8O/c_224 1N8O/c_232 1N8O/c_237 1N8O/c_246 1N8O/c_251 1N8O/c_259 1N8O/c_25 1N8O/c_265 1N8O/c_273 1N8O/c_277 1N8O/c_279 1N8O/c_306 1N8O/c_319 1N8O/c_322 1N8O/c_332 1N8O/c_343 1N8O/c_345 1N8O/c_34 1N8O/c_358 1N8O/c_37 1N8O/c_383 1N8O/c_385 1N8O/c_397 1N8O/c_400 1N8O/c_40 1N8O/c_41 1N8O/c_427 1N8O/c_431 1N8O/c_437
Cluster 2 -> 1N8O/c_870 1N8O/c_463 1N8O/c_502 1N8O/c_504 1N8O/c_507 1N8O/c_528 1N8O/c_538 1N8O/c_547 1N8O/c_564 1N8O/c_598 1N8O/c_627 1N8O/c_636 1N8O/c_658 1N8O/c_666 1N8O/c_674 1N8O/c_691 1N8O/c_702 1N8O/c_708 1N8O/c_709 1N8O/c_718 1N8O/c_726 1N8O/c_730 1N8O/c_737 1N8O/c_756 1N8O/c_786 1N8O/c_791 1N8O/c_795 1N8O/c_821 1N8O/c_831 1N8O/c_839 1N8O/c_841 1N8O/c_854 1N8O/c_857 1N8O/c_868 1N8O/c_886 1N8O/c_890 1N8O/c_919 1N8O/c_931 1N8O/c_949 1N8O/c_964 1N8O/c_975 1N8O/c_989 1N8O/c_999 1N8O/c_143 1N8O/c_153 1N8O/c_188 1N8O/c_203 1N8O/c_209 1N8O/c_216 1N8O/c_229 1N8O/c_233 1N8O/c_261 1N8O/c_278 1N8O/c_283 1N8O/c_349 1N8O/c_352 1N8O/c_359 1N8O/c_367 1N8O/c_369 1N8O/c_379 1N8O/c_381 1N8O/c_384 1N8O/c_404 1N8O/c_412 1N8O/c_428 1N8O/c_439
Cluster 3 -> 1N8O/c_429 1N8O/c_447 1N8O/c_482 1N8O/c_494 1N8O/c_496 1N8O/c_509 1N8O/c_529 1N8O/c_552 1N8O/c_55 1N8O/c_562 1N8O/c_56 1N8O/c_621 1N8O/c_634 1N8O/c_63 1N8O/c_645 1N8O/c_722 1N8O/c_729 1N8O/c_733 1N8O/c_734 1N8O/c_79 1N8O/c_811 1N8O/c_882 1N8O/c_88 1N8O/c_895 1N8O/c_904 1N8O/c_99 1N8O/c_102 1N8O/c_104 1N8O/c_106 1N8O/c_147 1N8O/c_165 1N8O/c_168 1N8O/c_175 1N8O/c_180 1N8O/c_186 1N8O/c_215 1N8O/c_217 1N8O/c_221 1N8O/c_227 1N8O/c_254 1N8O/c_27 1N8O/c_281 1N8O/c_288 1N8O/c_289 1N8O/c_321 1N8O/c_378 1N8O/c_3 1N8O/c_411 1N8O/c_421 1N8O/c_424 1N8O/c_42 1N8O/c_435 1N8O/c_43
Cluster 4 -> 1N8O/c_914 1N8O/c_445 1N8O/c_469 1N8O/c_480 1N8O/c_495 1N8O/c_4 1N8O/c_5 1N8O/c_611 1N8O/c_622 1N8O/c_629 1N8O/c_62 1N8O/c_65 1N8O/c_678 1N8O/c_684 1N8O/c_71 1N8O/c_74 1N8O/c_801 1N8O/c_817 1N8O/c_826 1N8O/c_833 1N8O/c_8 1N8O/c_901 1N8O/c_91 1N8O/c_971 1N8O/c_98 1N8O/c_118 1N8O/c_12 1N8O/c_157 1N8O/c_214 1N8O/c_21 1N8O/c_225 1N8O/c_226 1N8O/c_240 1N8O/c_244 1N8O/c_253 1N8O/c_262 1N8O/c_269 1N8O/c_29 1N8O/c_2 1N8O/c_304 1N8O/c_308 1N8O/c_316 1N8O/c_333 1N8O/c_348 1N8O/c_394 1N8O/c_398 1N8O/c_416 1N8O/c_434 1N8O/c_436
Cluster 5 -> 1N8O/c_460 1N8O/c_451 1N8O/c_48 1N8O/c_546 1N8O/c_548 1N8O/c_54 1N8O/c_574 1N8O/c_577 1N8O/c_592 1N8O/c_652 1N8O/c_675 1N8O/c_681 1N8O/c_777 1N8O/c_779 1N8O/c_835 1N8O/c_863 1N8O/c_90 1N8O/c_927 1N8O/c_93 1N8O/c_96 1N8O/c_119 1N8O/c_121 1N8O/c_126 1N8O/c_172 1N8O/c_173 1N8O/c_176 1N8O/c_194 1N8O/c_204 1N8O/c_239 1N8O/c_250 1N8O/c_312 1N8O/c_313 1N8O/c_318 1N8O/c_331 1N8O/c_351 1N8O/c_401 1N8O/c_407 1N8O/c_419 1N8O/c_438 1N8O/c_440
Cluster 6 -> 1N8O/c_891 1N8O/c_467 1N8O/c_476 1N8O/c_514 1N8O/c_563 1N8O/c_582 1N8O/c_610 1N8O/c_616 1N8O/c_619 1N8O/c_632 1N8O/c_642 1N8O/c_659 1N8O/c_679 1N8O/c_713 1N8O/c_723 1N8O/c_739 1N8O/c_759 1N8O/c_781 1N8O/c_867 1N8O/c_894 1N8O/c_948 1N8O/c_972 1N8O/c_154 1N8O/c_174 1N8O/c_181 1N8O/c_210 1N8O/c_260 1N8O/c_296 1N8O/c_305 1N8O/c_314 1N8O/c_339 1N8O/c_357 1N8O/c_374 1N8O/c_422
Cluster 7 -> 1N8O/c_788 1N8O/c_461 1N8O/c_486 1N8O/c_522 1N8O/c_543 1N8O/c_549 1N8O/c_571 1N8O/c_653 1N8O/c_682 1N8O/c_715 1N8O/c_735 1N8O/c_793 1N8O/c_807 1N8O/c_851 1N8O/c_933 1N8O/c_939 1N8O/c_983 1N8O/c_222 1N8O/c_228 1N8O/c_230 1N8O/c_247 1N8O/c_258 1N8O/c_274 1N8O/c_284 1N8O/c_287 1N8O/c_350 1N8O/c_362 1N8O/c_376 1N8O/c_402 1N8O/c_420
Cluster 8 -> 1N8O/c_127 1N8O/c_498 1N8O/c_49 1N8O/c_57 1N8O/c_58 1N8O/c_60 1N8O/c_6 1N8O/c_763 1N8O/c_80 1N8O/c_89 1N8O/c_92 1N8O/c_9 1N8O/c_103 1N8O/c_13 1N8O/c_144 1N8O/c_150 1N8O/c_167 1N8O/c_198 1N8O/c_19 1N8O/c_208 1N8O/c_219 1N8O/c_241 1N8O/c_249 1N8O/c_293 1N8O/c_325 1N8O/c_33 1N8O/c_354 1N8O/c_35 1N8O/c_377 1N8O/c_39
Cluster 9 -> 1N8O/c_50 1N8O/c_501 1N8O/c_648 1N8O/c_64 1N8O/c_668 1N8O/c_683 1N8O/c_789 1N8O/c_855 1N8O/c_86 1N8O/c_907 1N8O/c_100 1N8O/c_105 1N8O/c_115 1N8O/c_130 1N8O/c_148 1N8O/c_161 1N8O/c_197 1N8O/c_199 1N8O/c_1 1N8O/c_22 1N8O/c_23 1N8O/c_248 1N8O/c_24 1N8O/c_285 1N8O/c_30 1N8O/c_32 1N8O/c_382 1N8O/c_38 1N8O/c_410
Cluster 10 -> 1N8O/c_353 1N8O/c_485 1N8O/c_493 1N8O/c_519 1N8O/c_53 1N8O/c_596 1N8O/c_609 1N8O/c_639 1N8O/c_650 1N8O/c_669 1N8O/c_707 1N8O/c_792 1N8O/c_818 1N8O/c_905 1N8O/c_97 1N8O/c_131 1N8O/c_151 1N8O/c_231 1N8O/c_245 1N8O/c_276 1N8O/c_292 1N8O/c_326 1N8O/c_328 1N8O/c_336 1N8O/c_344 1N8O/c_355 1N8O/c_364 1N8O/c_389
Cluster 11 -> 1N8O/c_565 1N8O/c_458 1N8O/c_550 1N8O/c_583 1N8O/c_589 1N8O/c_646 1N8O/c_672 1N8O/c_706 1N8O/c_720 1N8O/c_845 1N8O/c_902 1N8O/c_923 1N8O/c_945 1N8O/c_967 1N8O/c_179 1N8O/c_220 1N8O/c_255 1N8O/c_267 1N8O/c_268 1N8O/c_320 1N8O/c_371 1N8O/c_430
Cluster 12 -> 1N8O/c_703 1N8O/c_457 1N8O/c_479 1N8O/c_534 1N8O/c_536 1N8O/c_537 1N8O/c_553 1N8O/c_603 1N8O/c_615 1N8O/c_620 1N8O/c_643 1N8O/c_686 1N8O/c_825 1N8O/c_935 1N8O/c_940 1N8O/c_956 1N8O/c_342 1N8O/c_380 1N8O/c_390
Cluster 13 -> 1N8O/c_205 1N8O/c_464 1N8O/c_508 1N8O/c_515 1N8O/c_520 1N8O/c_539 1N8O/c_578 1N8O/c_671 1N8O/c_755 1N8O/c_765 1N8O/c_787 1N8O/c_815 1N8O/c_893 1N8O/c_979 1N8O/c_213 1N8O/c_300 1N8O/c_329 1N8O/c_418
Cluster 14 -> 1N8O/c_510 1N8O/c_441 1N8O/c_471 1N8O/c_533 1N8O/c_554 1N8O/c_570 1N8O/c_670 1N8O/c_721 1N8O/c_727 1N8O/c_771 1N8O/c_909 1N8O/c_921 1N8O/c_925 1N8O/c_953 1N8O/c_298 1N8O/c_363 1N8O/c_366
Cluster 15 -> 1N8O/c_169 1N8O/c_472 1N8O/c_654 1N8O/c_664 1N8O/c_7 1N8O/c_853 1N8O/c_87 1N8O/c_132 1N8O/c_14 1N8O/c_162 1N8O/c_171 1N8O/c_18 1N8O/c_196 1N8O/c_238 1N8O/c_257 1N8O/c_26 1N8O/c_31
Cluster 16 -> 1N8O/c_760 1N8O/c_446 1N8O/c_452 1N8O/c_456 1N8O/c_524 1N8O/c_680 1N8O/c_780 1N8O/c_785 1N8O/c_874 1N8O/c_885 1N8O/c_898 1N8O/c_985 1N8O/c_272 1N8O/c_286 1N8O/c_340 1N8O/c_406
Cluster 17 -> 1N8O/c_757 1N8O/c_579 1N8O/c_687 1N8O/c_701 1N8O/c_728 1N8O/c_746 1N8O/c_824 1N8O/c_844 1N8O/c_859 1N8O/c_875 1N8O/c_924 1N8O/c_954 1N8O/c_959 1N8O/c_960 1N8O/c_961 1N8O/c_992
Cluster 18 -> 1N8O/c_673 1N8O/c_465 1N8O/c_475 1N8O/c_488 1N8O/c_503 1N8O/c_604 1N8O/c_716 1N8O/c_758 1N8O/c_764 1N8O/c_782 1N8O/c_802 1N8O/c_812 1N8O/c_834 1N8O/c_978 1N8O/c_327 1N8O/c_337
Cluster 19 -> 1N8O/c_986 1N8O/c_459 1N8O/c_468 1N8O/c_587 1N8O/c_606 1N8O/c_626 1N8O/c_649 1N8O/c_750 1N8O/c_816 1N8O/c_912 1N8O/c_970 1N8O/c_993 1N8O/c_299
Cluster 20 -> 1N8O/c_808 1N8O/c_462 1N8O/c_483 1N8O/c_531 1N8O/c_732 1N8O/c_77 1N8O/c_934 1N8O/c_984 1N8O/c_202 1N8O/c_263 1N8O/c_290 1N8O/c_303 1N8O/c_387
Cluster 21 -> 1N8O/c_803 1N8O/c_560 1N8O/c_561 1N8O/c_635 1N8O/c_704 1N8O/c_710 1N8O/c_790 1N8O/c_836 1N8O/c_903 1N8O/c_910 1N8O/c_991 1N8O/c_223 1N8O/c_297
Cluster 22 -> 1N8O/c_525 1N8O/c_617 1N8O/c_655 1N8O/c_696 1N8O/c_705 1N8O/c_740 1N8O/c_871 1N8O/c_309 1N8O/c_341 1N8O/c_395 1N8O/c_403 1N8O/c_415 1N8O/c_432
Cluster 23 -> 1N8O/c_594 1N8O/c_443 1N8O/c_532 1N8O/c_591 1N8O/c_601 1N8O/c_695 1N8O/c_796 1N8O/c_860 1N8O/c_864 1N8O/c_889 1N8O/c_977 1N8O/c_990
Cluster 24 -> 1N8O/c_685 1N8O/c_448 1N8O/c_497 1N8O/c_800 1N8O/c_178 1N8O/c_195 1N8O/c_302 1N8O/c_338 1N8O/c_361 1N8O/c_393 1N8O/c_408
Cluster 25 -> 1N8O/c_996 1N8O/c_526 1N8O/c_541 1N8O/c_736 1N8O/c_749 1N8O/c_866 1N8O/c_942 1N8O/c_976 1N8O/c_994 1N8O/c_413
Cluster 26 -> 1N8O/c_694 1N8O/c_613 1N8O/c_640 1N8O/c_660 1N8O/c_869 1N8O/c_928 1N8O/c_275 1N8O/c_310 1N8O/c_396 1N8O/c_409
Cluster 27 -> 1N8O/c_952 1N8O/c_506 1N8O/c_152 1N8O/c_160 1N8O/c_184 1N8O/c_242 1N8O/c_295 1N8O/c_317 1N8O/c_323
Cluster 28 -> 1N8O/c_920 1N8O/c_481 1N8O/c_516 1N8O/c_605 1N8O/c_719 1N8O/c_743 1N8O/c_182 1N8O/c_236 1N8O/c_280
Cluster 29 -> 1N8O/c_820 1N8O/c_473 1N8O/c_540 1N8O/c_784 1N8O/c_156 1N8O/c_200 1N8O/c_252 1N8O/c_301 1N8O/c_370
Cluster 30 -> 1N8O/c_566 1N8O/c_453 1N8O/c_665 1N8O/c_125 1N8O/c_149 1N8O/c_307 1N8O/c_365 1N8O/c_399 1N8O/c_423
Cluster 31 -> 1N8O/c_36 1N8O/c_511 1N8O/c_630 1N8O/c_917 1N8O/c_937 1N8O/c_120 1N8O/c_28 1N8O/c_368 1N8O/c_372
Cluster 32 -> 1N8O/c_888 1N8O/c_535 1N8O/c_657 1N8O/c_667 1N8O/c_692 1N8O/c_846 1N8O/c_878 1N8O/c_974
Cluster 33 -> 1N8O/c_847 1N8O/c_573 1N8O/c_772 1N8O/c_850 1N8O/c_913 1N8O/c_938 1N8O/c_129 1N8O/c_414
Cluster 34 -> 1N8O/c_823 1N8O/c_470 1N8O/c_523 1N8O/c_631 1N8O/c_725 1N8O/c_751 1N8O/c_218 1N8O/c_256
Cluster 35 -> 1N8O/c_693 1N8O/c_450 1N8O/c_455 1N8O/c_641 1N8O/c_980 1N8O/c_109 1N8O/c_116 1N8O/c_264
Cluster 36 -> 1N8O/c_770 1N8O/c_491 1N8O/c_545 1N8O/c_581 1N8O/c_599 1N8O/c_798 1N8O/c_932
Cluster 37 -> 1N8O/c_981 1N8O/c_575 1N8O/c_769 1N8O/c_135 1N8O/c_270 1N8O/c_291
Cluster 38 -> 1N8O/c_963 1N8O/c_112 1N8O/c_117 1N8O/c_141 1N8O/c_158 1N8O/c_190
Cluster 39 -> 1N8O/c_941 1N8O/c_555 1N8O/c_586 1N8O/c_588 1N8O/c_813 1N8O/c_271
Cluster 40 -> 1N8O/c_879 1N8O/c_567 1N8O/c_689 1N8O/c_754 1N8O/c_211 1N8O/c_294
Cluster 41 -> 1N8O/c_849 1N8O/c_618 1N8O/c_828 1N8O/c_881 1N8O/c_892 1N8O/c_926
Cluster 42 -> 1N8O/c_778 1N8O/c_595 1N8O/c_651 1N8O/c_690 1N8O/c_753 1N8O/c_373
Cluster 43 -> 1N8O/c_1000 1N8O/c_542 1N8O/c_752 1N8O/c_762 1N8O/c_827 1N8O/c_915
Cluster 44 -> 1N8O/c_995 1N8O/c_805 1N8O/c_843 1N8O/c_911 1N8O/c_957
Cluster 45 -> 1N8O/c_982 1N8O/c_466 1N8O/c_848 1N8O/c_164 1N8O/c_347
Cluster 46 -> 1N8O/c_965 1N8O/c_454 1N8O/c_625 1N8O/c_677 1N8O/c_417
Cluster 47 -> 1N8O/c_742 1N8O/c_474 1N8O/c_527 1N8O/c_962 1N8O/c_973
Cluster 48 -> 1N8O/c_656 1N8O/c_484 1N8O/c_585 1N8O/c_612 1N8O/c_192
Cluster 49 -> 1N8O/c_872 1N8O/c_638 1N8O/c_862 1N8O/c_865
Cluster 50 -> 1N8O/c_783 1N8O/c_530 1N8O/c_624 1N8O/c_315
Cluster 51 -> 1N8O/c_744 1N8O/c_662 1N8O/c_375 1N8O/c_426
Cluster 52 -> 1N8O/c_712 1N8O/c_697 1N8O/c_335 1N8O/c_360
Cluster 53 -> 1N8O/c_69 1N8O/c_61 1N8O/c_136 1N8O/c_191
