Cluster 1 -> 1OPH/c_285 1OPH/c_442 1OPH/c_457 1OPH/c_458 1OPH/c_467 1OPH/c_469 1OPH/c_489 1OPH/c_493 1OPH/c_495 1OPH/c_499 1OPH/c_502 1OPH/c_507 1OPH/c_50 1OPH/c_510 1OPH/c_513 1OPH/c_515 1OPH/c_522 1OPH/c_523 1OPH/c_526 1OPH/c_539 1OPH/c_53 1OPH/c_540 1OPH/c_541 1OPH/c_555 1OPH/c_564 1OPH/c_566 1OPH/c_576 1OPH/c_57 1OPH/c_587 1OPH/c_588 1OPH/c_589 1OPH/c_591 1OPH/c_593 1OPH/c_595 1OPH/c_604 1OPH/c_606 1OPH/c_60 1OPH/c_622 1OPH/c_651 1OPH/c_656 1OPH/c_67 1OPH/c_693 1OPH/c_70 1OPH/c_710 1OPH/c_718 1OPH/c_71 1OPH/c_720 1OPH/c_722 1OPH/c_72 1OPH/c_73 1OPH/c_741 1OPH/c_747 1OPH/c_763 1OPH/c_769 1OPH/c_77 1OPH/c_786 1OPH/c_795 1OPH/c_798 1OPH/c_80 1OPH/c_82 1OPH/c_83 1OPH/c_84 1OPH/c_851 1OPH/c_85 1OPH/c_861 1OPH/c_87 1OPH/c_881 1OPH/c_890 1OPH/c_919 1OPH/c_927 1OPH/c_933 1OPH/c_93 1OPH/c_940 1OPH/c_949 1OPH/c_978 1OPH/c_993 1OPH/c_99 1OPH/c_111 1OPH/c_115 1OPH/c_118 1OPH/c_119 1OPH/c_120 1OPH/c_126 1OPH/c_129 1OPH/c_130 1OPH/c_131 1OPH/c_134 1OPH/c_140 1OPH/c_141 1OPH/c_143 1OPH/c_144 1OPH/c_147 1OPH/c_148 1OPH/c_149 1OPH/c_151 1OPH/c_152 1OPH/c_153 1OPH/c_154 1OPH/c_157 1OPH/c_159 1OPH/c_161 1OPH/c_164 1OPH/c_173 1OPH/c_174 1OPH/c_176 1OPH/c_184 1OPH/c_191 1OPH/c_194 1OPH/c_195 1OPH/c_198 1OPH/c_19 1OPH/c_202 1OPH/c_204 1OPH/c_209 1OPH/c_210 1OPH/c_215 1OPH/c_218 1OPH/c_223 1OPH/c_231 1OPH/c_234 1OPH/c_247 1OPH/c_249 1OPH/c_257 1OPH/c_258 1OPH/c_259 1OPH/c_260 1OPH/c_261 1OPH/c_265 1OPH/c_284 1OPH/c_287 1OPH/c_289 1OPH/c_310 1OPH/c_315 1OPH/c_319 1OPH/c_320 1OPH/c_324 1OPH/c_327 1OPH/c_328 1OPH/c_329 1OPH/c_331 1OPH/c_334 1OPH/c_337 1OPH/c_346 1OPH/c_34 1OPH/c_361 1OPH/c_363 1OPH/c_36 1OPH/c_397 1OPH/c_398 1OPH/c_399 1OPH/c_404 1OPH/c_418 1OPH/c_41 1OPH/c_432 1OPH/c_435 1OPH/c_438 1OPH/c_439 1OPH/c_43
Cluster 2 -> 1OPH/c_103 1OPH/c_44 1OPH/c_480 1OPH/c_484 1OPH/c_49 1OPH/c_4 1OPH/c_506 1OPH/c_55 1OPH/c_56 1OPH/c_575 1OPH/c_58 1OPH/c_59 1OPH/c_5 1OPH/c_678 1OPH/c_6 1OPH/c_717 1OPH/c_7 1OPH/c_81 1OPH/c_842 1OPH/c_8 1OPH/c_90 1OPH/c_943 1OPH/c_94 1OPH/c_95 1OPH/c_97 1OPH/c_995 1OPH/c_104 1OPH/c_107 1OPH/c_10 1OPH/c_133 1OPH/c_137 1OPH/c_139 1OPH/c_13 1OPH/c_145 1OPH/c_150 1OPH/c_15 1OPH/c_16 1OPH/c_175 1OPH/c_178 1OPH/c_181 1OPH/c_182 1OPH/c_188 1OPH/c_18 1OPH/c_1 1OPH/c_201 1OPH/c_21 1OPH/c_22 1OPH/c_23 1OPH/c_241 1OPH/c_248 1OPH/c_24 1OPH/c_27 1OPH/c_282 1OPH/c_28 1OPH/c_29 1OPH/c_2 1OPH/c_30 1OPH/c_31 1OPH/c_333 1OPH/c_356 1OPH/c_374 1OPH/c_37 1OPH/c_38 1OPH/c_39 1OPH/c_3 1OPH/c_40 1OPH/c_414 1OPH/c_416
Cluster 3 -> 1OPH/c_127 1OPH/c_444 1OPH/c_452 1OPH/c_45 1OPH/c_464 1OPH/c_470 1OPH/c_471 1OPH/c_482 1OPH/c_494 1OPH/c_509 1OPH/c_516 1OPH/c_517 1OPH/c_51 1OPH/c_542 1OPH/c_546 1OPH/c_552 1OPH/c_573 1OPH/c_581 1OPH/c_592 1OPH/c_629 1OPH/c_63 1OPH/c_643 1OPH/c_677 1OPH/c_682 1OPH/c_724 1OPH/c_728 1OPH/c_75 1OPH/c_777 1OPH/c_812 1OPH/c_813 1OPH/c_888 1OPH/c_910 1OPH/c_914 1OPH/c_92 1OPH/c_941 1OPH/c_950 1OPH/c_952 1OPH/c_962 1OPH/c_968 1OPH/c_990 1OPH/c_106 1OPH/c_108 1OPH/c_112 1OPH/c_142 1OPH/c_187 1OPH/c_225 1OPH/c_233 1OPH/c_244 1OPH/c_246 1OPH/c_275 1OPH/c_290 1OPH/c_293 1OPH/c_297 1OPH/c_303 1OPH/c_307 1OPH/c_309 1OPH/c_313 1OPH/c_345 1OPH/c_351 1OPH/c_376 1OPH/c_385 1OPH/c_386 1OPH/c_409 1OPH/c_422 1OPH/c_428 1OPH/c_430
Cluster 4 -> 1OPH/c_279 1OPH/c_466 1OPH/c_477 1OPH/c_505 1OPH/c_547 1OPH/c_554 1OPH/c_580 1OPH/c_596 1OPH/c_602 1OPH/c_650 1OPH/c_688 1OPH/c_696 1OPH/c_714 1OPH/c_738 1OPH/c_740 1OPH/c_772 1OPH/c_784 1OPH/c_793 1OPH/c_796 1OPH/c_807 1OPH/c_833 1OPH/c_840 1OPH/c_858 1OPH/c_862 1OPH/c_86 1OPH/c_965 1OPH/c_971 1OPH/c_982 1OPH/c_987 1OPH/c_101 1OPH/c_116 1OPH/c_183 1OPH/c_197 1OPH/c_200 1OPH/c_217 1OPH/c_262 1OPH/c_264 1OPH/c_272 1OPH/c_343 1OPH/c_348 1OPH/c_372 1OPH/c_378 1OPH/c_379 1OPH/c_382 1OPH/c_389 1OPH/c_391 1OPH/c_393 1OPH/c_403 1OPH/c_423
Cluster 5 -> 1OPH/c_221 1OPH/c_453 1OPH/c_48 1OPH/c_52 1OPH/c_545 1OPH/c_582 1OPH/c_611 1OPH/c_61 1OPH/c_642 1OPH/c_670 1OPH/c_69 1OPH/c_727 1OPH/c_745 1OPH/c_841 1OPH/c_909 1OPH/c_920 1OPH/c_98 1OPH/c_9 1OPH/c_110 1OPH/c_117 1OPH/c_11 1OPH/c_121 1OPH/c_12 1OPH/c_132 1OPH/c_14 1OPH/c_166 1OPH/c_179 1OPH/c_17 1OPH/c_186 1OPH/c_189 1OPH/c_20 1OPH/c_213 1OPH/c_216 1OPH/c_251 1OPH/c_25 1OPH/c_26 1OPH/c_304 1OPH/c_33 1OPH/c_375 1OPH/c_392 1OPH/c_413 1OPH/c_42
Cluster 6 -> 1OPH/c_355 1OPH/c_496 1OPH/c_54 1OPH/c_556 1OPH/c_562 1OPH/c_565 1OPH/c_578 1OPH/c_632 1OPH/c_65 1OPH/c_685 1OPH/c_76 1OPH/c_776 1OPH/c_794 1OPH/c_804 1OPH/c_850 1OPH/c_880 1OPH/c_899 1OPH/c_91 1OPH/c_966 1OPH/c_988 1OPH/c_113 1OPH/c_155 1OPH/c_158 1OPH/c_163 1OPH/c_185 1OPH/c_190 1OPH/c_196 1OPH/c_219 1OPH/c_228 1OPH/c_232 1OPH/c_235 1OPH/c_240 1OPH/c_252 1OPH/c_271 1OPH/c_311 1OPH/c_314 1OPH/c_321 1OPH/c_411 1OPH/c_420
Cluster 7 -> 1OPH/c_655 1OPH/c_443 1OPH/c_459 1OPH/c_481 1OPH/c_485 1OPH/c_520 1OPH/c_557 1OPH/c_601 1OPH/c_631 1OPH/c_635 1OPH/c_654 1OPH/c_657 1OPH/c_684 1OPH/c_744 1OPH/c_753 1OPH/c_781 1OPH/c_785 1OPH/c_868 1OPH/c_89 1OPH/c_938 1OPH/c_989 1OPH/c_992 1OPH/c_123 1OPH/c_167 1OPH/c_266 1OPH/c_295 1OPH/c_299 1OPH/c_338 1OPH/c_347 1OPH/c_350 1OPH/c_394 1OPH/c_429 1OPH/c_436 1OPH/c_437
Cluster 8 -> 1OPH/c_976 1OPH/c_508 1OPH/c_518 1OPH/c_534 1OPH/c_543 1OPH/c_590 1OPH/c_615 1OPH/c_639 1OPH/c_674 1OPH/c_691 1OPH/c_713 1OPH/c_715 1OPH/c_729 1OPH/c_788 1OPH/c_797 1OPH/c_814 1OPH/c_827 1OPH/c_924 1OPH/c_972 1OPH/c_977 1OPH/c_156 1OPH/c_214 1OPH/c_255 1OPH/c_316 1OPH/c_340 1OPH/c_402 1OPH/c_426
Cluster 9 -> 1OPH/c_610 1OPH/c_472 1OPH/c_497 1OPH/c_524 1OPH/c_549 1OPH/c_583 1OPH/c_598 1OPH/c_644 1OPH/c_661 1OPH/c_697 1OPH/c_700 1OPH/c_765 1OPH/c_782 1OPH/c_790 1OPH/c_819 1OPH/c_820 1OPH/c_845 1OPH/c_165 1OPH/c_171 1OPH/c_172 1OPH/c_212 1OPH/c_236 1OPH/c_322 1OPH/c_325 1OPH/c_387 1OPH/c_401 1OPH/c_424
Cluster 10 -> 1OPH/c_349 1OPH/c_445 1OPH/c_454 1OPH/c_455 1OPH/c_536 1OPH/c_571 1OPH/c_621 1OPH/c_636 1OPH/c_648 1OPH/c_653 1OPH/c_706 1OPH/c_739 1OPH/c_749 1OPH/c_750 1OPH/c_773 1OPH/c_867 1OPH/c_871 1OPH/c_907 1OPH/c_946 1OPH/c_245 1OPH/c_278 1OPH/c_317 1OPH/c_357 1OPH/c_362 1OPH/c_380
Cluster 11 -> 1OPH/c_937 1OPH/c_446 1OPH/c_529 1OPH/c_533 1OPH/c_612 1OPH/c_646 1OPH/c_649 1OPH/c_660 1OPH/c_663 1OPH/c_768 1OPH/c_803 1OPH/c_852 1OPH/c_883 1OPH/c_929 1OPH/c_105 1OPH/c_122 1OPH/c_256 1OPH/c_270 1OPH/c_312 1OPH/c_330 1OPH/c_353 1OPH/c_359
Cluster 12 -> 1OPH/c_986 1OPH/c_463 1OPH/c_465 1OPH/c_46 1OPH/c_609 1OPH/c_64 1OPH/c_66 1OPH/c_854 1OPH/c_884 1OPH/c_886 1OPH/c_925 1OPH/c_928 1OPH/c_980 1OPH/c_138 1OPH/c_205 1OPH/c_226 1OPH/c_238 1OPH/c_281 1OPH/c_302 1OPH/c_306 1OPH/c_419
Cluster 13 -> 1OPH/c_450 1OPH/c_468 1OPH/c_519 1OPH/c_527 1OPH/c_570 1OPH/c_607 1OPH/c_623 1OPH/c_641 1OPH/c_680 1OPH/c_698 1OPH/c_743 1OPH/c_756 1OPH/c_778 1OPH/c_79 1OPH/c_906 1OPH/c_951 1OPH/c_102 1OPH/c_192 1OPH/c_242 1OPH/c_332 1OPH/c_417
Cluster 14 -> 1OPH/c_996 1OPH/c_441 1OPH/c_559 1OPH/c_574 1OPH/c_689 1OPH/c_701 1OPH/c_719 1OPH/c_721 1OPH/c_725 1OPH/c_800 1OPH/c_801 1OPH/c_831 1OPH/c_866 1OPH/c_896 1OPH/c_177 1OPH/c_336 1OPH/c_395 1OPH/c_427
Cluster 15 -> 1OPH/c_730 1OPH/c_474 1OPH/c_476 1OPH/c_544 1OPH/c_579 1OPH/c_608 1OPH/c_616 1OPH/c_676 1OPH/c_731 1OPH/c_779 1OPH/c_817 1OPH/c_828 1OPH/c_878 1OPH/c_973 1OPH/c_999 1OPH/c_288 1OPH/c_352 1OPH/c_421
Cluster 16 -> 1OPH/c_384 1OPH/c_490 1OPH/c_538 1OPH/c_560 1OPH/c_585 1OPH/c_605 1OPH/c_683 1OPH/c_703 1OPH/c_823 1OPH/c_849 1OPH/c_853 1OPH/c_898 1OPH/c_974 1OPH/c_162 1OPH/c_224 1OPH/c_273 1OPH/c_286
Cluster 17 -> 1OPH/c_354 1OPH/c_600 1OPH/c_62 1OPH/c_633 1OPH/c_809 1OPH/c_835 1OPH/c_997 1OPH/c_1000 1OPH/c_125 1OPH/c_168 1OPH/c_227 1OPH/c_243 1OPH/c_250 1OPH/c_283 1OPH/c_370 1OPH/c_396
Cluster 18 -> 1OPH/c_572 1OPH/c_483 1OPH/c_528 1OPH/c_563 1OPH/c_771 1OPH/c_836 1OPH/c_975 1OPH/c_985 1OPH/c_100 1OPH/c_135 1OPH/c_193 1OPH/c_296 1OPH/c_339 1OPH/c_342 1OPH/c_369
Cluster 19 -> 1OPH/c_690 1OPH/c_503 1OPH/c_548 1OPH/c_586 1OPH/c_618 1OPH/c_645 1OPH/c_672 1OPH/c_742 1OPH/c_832 1OPH/c_911 1OPH/c_942 1OPH/c_947 1OPH/c_955 1OPH/c_998
Cluster 20 -> 1OPH/c_903 1OPH/c_501 1OPH/c_558 1OPH/c_637 1OPH/c_675 1OPH/c_716 1OPH/c_723 1OPH/c_818 1OPH/c_897 1OPH/c_904 1OPH/c_298 1OPH/c_300 1OPH/c_367
Cluster 21 -> 1OPH/c_88 1OPH/c_525 1OPH/c_530 1OPH/c_664 1OPH/c_687 1OPH/c_811 1OPH/c_136 1OPH/c_169 1OPH/c_276 1OPH/c_323 1OPH/c_326 1OPH/c_360 1OPH/c_383
Cluster 22 -> 1OPH/c_917 1OPH/c_614 1OPH/c_662 1OPH/c_673 1OPH/c_686 1OPH/c_709 1OPH/c_757 1OPH/c_764 1OPH/c_806 1OPH/c_895 1OPH/c_373 1OPH/c_377
Cluster 23 -> 1OPH/c_829 1OPH/c_498 1OPH/c_504 1OPH/c_726 1OPH/c_762 1OPH/c_787 1OPH/c_843 1OPH/c_863 1OPH/c_207 1OPH/c_230 1OPH/c_263 1OPH/c_381
Cluster 24 -> 1OPH/c_712 1OPH/c_456 1OPH/c_531 1OPH/c_594 1OPH/c_625 1OPH/c_759 1OPH/c_96 1OPH/c_180 1OPH/c_294 1OPH/c_341 1OPH/c_405 1OPH/c_431
Cluster 25 -> 1OPH/c_461 1OPH/c_488 1OPH/c_512 1OPH/c_846 1OPH/c_889 1OPH/c_908 1OPH/c_983 1OPH/c_109 1OPH/c_160 1OPH/c_203 1OPH/c_268 1OPH/c_433
Cluster 26 -> 1OPH/c_869 1OPH/c_567 1OPH/c_681 1OPH/c_774 1OPH/c_824 1OPH/c_865 1OPH/c_124 1OPH/c_199 1OPH/c_254 1OPH/c_365 1OPH/c_408
Cluster 27 -> 1OPH/c_970 1OPH/c_535 1OPH/c_553 1OPH/c_877 1OPH/c_893 1OPH/c_945 1OPH/c_170 1OPH/c_211 1OPH/c_292
Cluster 28 -> 1OPH/c_958 1OPH/c_620 1OPH/c_68 1OPH/c_735 1OPH/c_146 1OPH/c_237 1OPH/c_305 1OPH/c_35 1OPH/c_368
Cluster 29 -> 1OPH/c_838 1OPH/c_491 1OPH/c_695 1OPH/c_789 1OPH/c_802 1OPH/c_870 1OPH/c_873 1OPH/c_267 1OPH/c_274
Cluster 30 -> 1OPH/c_792 1OPH/c_475 1OPH/c_658 1OPH/c_669 1OPH/c_705 1OPH/c_751 1OPH/c_791 1OPH/c_876 1OPH/c_291
Cluster 31 -> 1OPH/c_775 1OPH/c_613 1OPH/c_619 1OPH/c_746 1OPH/c_770 1OPH/c_860 1OPH/c_964 1OPH/c_994
Cluster 32 -> 1OPH/c_599 1OPH/c_577 1OPH/c_638 1OPH/c_734 1OPH/c_128 1OPH/c_220 1OPH/c_269 1OPH/c_415
Cluster 33 -> 1OPH/c_969 1OPH/c_569 1OPH/c_671 1OPH/c_702 1OPH/c_737 1OPH/c_748 1OPH/c_767
Cluster 34 -> 1OPH/c_451 1OPH/c_500 1OPH/c_78 1OPH/c_822 1OPH/c_834 1OPH/c_208 1OPH/c_277
Cluster 35 -> 1OPH/c_912 1OPH/c_551 1OPH/c_627 1OPH/c_659 1OPH/c_821 1OPH/c_859
Cluster 36 -> 1OPH/c_837 1OPH/c_462 1OPH/c_603 1OPH/c_926 1OPH/c_390 1OPH/c_400
Cluster 37 -> 1OPH/c_805 1OPH/c_692 1OPH/c_936 1OPH/c_979 1OPH/c_344 1OPH/c_407
Cluster 38 -> 1OPH/c_561 1OPH/c_514 1OPH/c_584 1OPH/c_887 1OPH/c_280 1OPH/c_434
Cluster 39 -> 1OPH/c_229 1OPH/c_460 1OPH/c_473 1OPH/c_647 1OPH/c_766 1OPH/c_412
Cluster 40 -> 1OPH/c_960 1OPH/c_597 1OPH/c_708 1OPH/c_810 1OPH/c_954
Cluster 41 -> 1OPH/c_931 1OPH/c_679 1OPH/c_318 1OPH/c_358 1OPH/c_410
Cluster 42 -> 1OPH/c_905 1OPH/c_550 1OPH/c_892 1OPH/c_956 1OPH/c_366
Cluster 43 -> 1OPH/c_984 1OPH/c_449 1OPH/c_640 1OPH/c_855
Cluster 44 -> 1OPH/c_967 1OPH/c_668 1OPH/c_844 1OPH/c_308
Cluster 45 -> 1OPH/c_921 1OPH/c_761 1OPH/c_799 1OPH/c_901
Cluster 46 -> 1OPH/c_882 1OPH/c_634 1OPH/c_704 1OPH/c_301
Cluster 47 -> 1OPH/c_874 1OPH/c_628 1OPH/c_665 1OPH/c_816
Cluster 48 -> 1OPH/c_732 1OPH/c_617 1OPH/c_754 1OPH/c_918
