Cluster 1 -> 1R0R/c_377 1R0R/c_451 1R0R/c_474 1R0R/c_496 1R0R/c_502 1R0R/c_50 1R0R/c_578 1R0R/c_57 1R0R/c_581 1R0R/c_589 1R0R/c_633 1R0R/c_646 1R0R/c_652 1R0R/c_667 1R0R/c_66 1R0R/c_691 1R0R/c_708 1R0R/c_722 1R0R/c_735 1R0R/c_745 1R0R/c_754 1R0R/c_770 1R0R/c_786 1R0R/c_791 1R0R/c_795 1R0R/c_79 1R0R/c_843 1R0R/c_846 1R0R/c_866 1R0R/c_875 1R0R/c_877 1R0R/c_884 1R0R/c_918 1R0R/c_920 1R0R/c_923 1R0R/c_933 1R0R/c_94 1R0R/c_954 1R0R/c_95 1R0R/c_961 1R0R/c_962 1R0R/c_107 1R0R/c_120 1R0R/c_122 1R0R/c_128 1R0R/c_146 1R0R/c_149 1R0R/c_150 1R0R/c_153 1R0R/c_157 1R0R/c_167 1R0R/c_168 1R0R/c_174 1R0R/c_177 1R0R/c_185 1R0R/c_19 1R0R/c_200 1R0R/c_210 1R0R/c_211 1R0R/c_219 1R0R/c_247 1R0R/c_273 1R0R/c_283 1R0R/c_293 1R0R/c_311 1R0R/c_316 1R0R/c_324 1R0R/c_333 1R0R/c_348 1R0R/c_352 1R0R/c_358 1R0R/c_37 1R0R/c_380 1R0R/c_413 1R0R/c_418 1R0R/c_430 1R0R/c_433 1R0R/c_435
Cluster 2 -> 1R0R/c_26 1R0R/c_446 1R0R/c_456 1R0R/c_467 1R0R/c_4 1R0R/c_533 1R0R/c_554 1R0R/c_559 1R0R/c_585 1R0R/c_5 1R0R/c_605 1R0R/c_62 1R0R/c_645 1R0R/c_664 1R0R/c_71 1R0R/c_75 1R0R/c_7 1R0R/c_855 1R0R/c_85 1R0R/c_864 1R0R/c_882 1R0R/c_897 1R0R/c_8 1R0R/c_909 1R0R/c_939 1R0R/c_9 1R0R/c_105 1R0R/c_106 1R0R/c_111 1R0R/c_123 1R0R/c_126 1R0R/c_129 1R0R/c_136 1R0R/c_13 1R0R/c_141 1R0R/c_14 1R0R/c_163 1R0R/c_16 1R0R/c_172 1R0R/c_188 1R0R/c_190 1R0R/c_206 1R0R/c_209 1R0R/c_212 1R0R/c_22 1R0R/c_235 1R0R/c_248 1R0R/c_254 1R0R/c_255 1R0R/c_261 1R0R/c_266 1R0R/c_272 1R0R/c_296 1R0R/c_2 1R0R/c_31 1R0R/c_335 1R0R/c_344 1R0R/c_34 1R0R/c_372 1R0R/c_3 1R0R/c_41
Cluster 3 -> 1R0R/c_286 1R0R/c_448 1R0R/c_450 1R0R/c_452 1R0R/c_46 1R0R/c_51 1R0R/c_52 1R0R/c_535 1R0R/c_540 1R0R/c_54 1R0R/c_556 1R0R/c_583 1R0R/c_58 1R0R/c_59 1R0R/c_607 1R0R/c_657 1R0R/c_68 1R0R/c_695 1R0R/c_709 1R0R/c_70 1R0R/c_718 1R0R/c_723 1R0R/c_738 1R0R/c_73 1R0R/c_757 1R0R/c_760 1R0R/c_81 1R0R/c_84 1R0R/c_856 1R0R/c_93 1R0R/c_96 1R0R/c_989 1R0R/c_996 1R0R/c_99 1R0R/c_10 1R0R/c_118 1R0R/c_12 1R0R/c_142 1R0R/c_152 1R0R/c_159 1R0R/c_15 1R0R/c_161 1R0R/c_164 1R0R/c_181 1R0R/c_182 1R0R/c_189 1R0R/c_191 1R0R/c_204 1R0R/c_222 1R0R/c_227 1R0R/c_228 1R0R/c_23 1R0R/c_24 1R0R/c_271 1R0R/c_29 1R0R/c_30 1R0R/c_314 1R0R/c_409 1R0R/c_40 1R0R/c_439
Cluster 4 -> 1R0R/c_86 1R0R/c_442 1R0R/c_453 1R0R/c_48 1R0R/c_514 1R0R/c_525 1R0R/c_526 1R0R/c_529 1R0R/c_551 1R0R/c_574 1R0R/c_604 1R0R/c_696 1R0R/c_703 1R0R/c_706 1R0R/c_731 1R0R/c_74 1R0R/c_76 1R0R/c_77 1R0R/c_787 1R0R/c_78 1R0R/c_794 1R0R/c_831 1R0R/c_87 1R0R/c_88 1R0R/c_90 1R0R/c_913 1R0R/c_964 1R0R/c_101 1R0R/c_114 1R0R/c_125 1R0R/c_143 1R0R/c_148 1R0R/c_180 1R0R/c_196 1R0R/c_197 1R0R/c_198 1R0R/c_237 1R0R/c_263 1R0R/c_285 1R0R/c_299 1R0R/c_307 1R0R/c_32 1R0R/c_337 1R0R/c_33 1R0R/c_341 1R0R/c_347 1R0R/c_371 1R0R/c_382 1R0R/c_403 1R0R/c_432 1R0R/c_434
Cluster 5 -> 1R0R/c_490 1R0R/c_470 1R0R/c_473 1R0R/c_483 1R0R/c_485 1R0R/c_487 1R0R/c_538 1R0R/c_549 1R0R/c_609 1R0R/c_610 1R0R/c_620 1R0R/c_644 1R0R/c_651 1R0R/c_728 1R0R/c_739 1R0R/c_756 1R0R/c_764 1R0R/c_769 1R0R/c_784 1R0R/c_803 1R0R/c_820 1R0R/c_821 1R0R/c_869 1R0R/c_895 1R0R/c_97 1R0R/c_139 1R0R/c_155 1R0R/c_158 1R0R/c_176 1R0R/c_183 1R0R/c_193 1R0R/c_217 1R0R/c_229 1R0R/c_240 1R0R/c_243 1R0R/c_245 1R0R/c_258 1R0R/c_262 1R0R/c_270 1R0R/c_301 1R0R/c_304 1R0R/c_308 1R0R/c_339 1R0R/c_340 1R0R/c_363 1R0R/c_38 1R0R/c_423 1R0R/c_427 1R0R/c_428
Cluster 6 -> 1R0R/c_460 1R0R/c_447 1R0R/c_468 1R0R/c_478 1R0R/c_506 1R0R/c_515 1R0R/c_552 1R0R/c_60 1R0R/c_659 1R0R/c_668 1R0R/c_669 1R0R/c_749 1R0R/c_823 1R0R/c_873 1R0R/c_100 1R0R/c_108 1R0R/c_110 1R0R/c_117 1R0R/c_138 1R0R/c_154 1R0R/c_184 1R0R/c_203 1R0R/c_214 1R0R/c_259 1R0R/c_260 1R0R/c_288 1R0R/c_315 1R0R/c_338 1R0R/c_354 1R0R/c_360 1R0R/c_378 1R0R/c_399 1R0R/c_417
Cluster 7 -> 1R0R/c_619 1R0R/c_476 1R0R/c_479 1R0R/c_486 1R0R/c_56 1R0R/c_570 1R0R/c_588 1R0R/c_61 1R0R/c_660 1R0R/c_743 1R0R/c_805 1R0R/c_946 1R0R/c_985 1R0R/c_109 1R0R/c_112 1R0R/c_130 1R0R/c_179 1R0R/c_207 1R0R/c_21 1R0R/c_238 1R0R/c_287 1R0R/c_289 1R0R/c_294 1R0R/c_298 1R0R/c_302 1R0R/c_303 1R0R/c_321 1R0R/c_365 1R0R/c_429 1R0R/c_436
Cluster 8 -> 1R0R/c_621 1R0R/c_464 1R0R/c_471 1R0R/c_482 1R0R/c_523 1R0R/c_571 1R0R/c_634 1R0R/c_671 1R0R/c_674 1R0R/c_678 1R0R/c_681 1R0R/c_776 1R0R/c_830 1R0R/c_842 1R0R/c_851 1R0R/c_927 1R0R/c_951 1R0R/c_973 1R0R/c_999 1R0R/c_169 1R0R/c_170 1R0R/c_173 1R0R/c_224 1R0R/c_274 1R0R/c_292 1R0R/c_326 1R0R/c_404 1R0R/c_425 1R0R/c_440
Cluster 9 -> 1R0R/c_43 1R0R/c_45 1R0R/c_488 1R0R/c_49 1R0R/c_504 1R0R/c_527 1R0R/c_685 1R0R/c_707 1R0R/c_72 1R0R/c_793 1R0R/c_82 1R0R/c_907 1R0R/c_955 1R0R/c_103 1R0R/c_11 1R0R/c_121 1R0R/c_147 1R0R/c_215 1R0R/c_239 1R0R/c_257 1R0R/c_27 1R0R/c_284 1R0R/c_297 1R0R/c_329 1R0R/c_375 1R0R/c_42 1R0R/c_431
Cluster 10 -> 1R0R/c_530 1R0R/c_454 1R0R/c_511 1R0R/c_566 1R0R/c_623 1R0R/c_727 1R0R/c_729 1R0R/c_753 1R0R/c_777 1R0R/c_859 1R0R/c_862 1R0R/c_871 1R0R/c_876 1R0R/c_879 1R0R/c_943 1R0R/c_975 1R0R/c_102 1R0R/c_127 1R0R/c_135 1R0R/c_232 1R0R/c_351 1R0R/c_36 1R0R/c_385 1R0R/c_390 1R0R/c_408 1R0R/c_412
Cluster 11 -> 1R0R/c_402 1R0R/c_548 1R0R/c_563 1R0R/c_586 1R0R/c_606 1R0R/c_612 1R0R/c_613 1R0R/c_622 1R0R/c_636 1R0R/c_673 1R0R/c_713 1R0R/c_719 1R0R/c_737 1R0R/c_740 1R0R/c_778 1R0R/c_799 1R0R/c_837 1R0R/c_838 1R0R/c_910 1R0R/c_982 1R0R/c_990 1R0R/c_186 1R0R/c_282 1R0R/c_317 1R0R/c_334 1R0R/c_369
Cluster 12 -> 1R0R/c_781 1R0R/c_481 1R0R/c_555 1R0R/c_568 1R0R/c_642 1R0R/c_648 1R0R/c_699 1R0R/c_721 1R0R/c_832 1R0R/c_850 1R0R/c_865 1R0R/c_885 1R0R/c_903 1R0R/c_906 1R0R/c_991 1R0R/c_131 1R0R/c_156 1R0R/c_276 1R0R/c_278 1R0R/c_320 1R0R/c_355 1R0R/c_359 1R0R/c_395 1R0R/c_416 1R0R/c_438
Cluster 13 -> 1R0R/c_672 1R0R/c_449 1R0R/c_477 1R0R/c_567 1R0R/c_684 1R0R/c_694 1R0R/c_711 1R0R/c_798 1R0R/c_812 1R0R/c_824 1R0R/c_83 1R0R/c_874 1R0R/c_904 1R0R/c_926 1R0R/c_92 1R0R/c_950 1R0R/c_958 1R0R/c_98 1R0R/c_119 1R0R/c_171 1R0R/c_230 1R0R/c_234 1R0R/c_384 1R0R/c_396 1R0R/c_397
Cluster 14 -> 1R0R/c_218 1R0R/c_484 1R0R/c_507 1R0R/c_520 1R0R/c_562 1R0R/c_63 1R0R/c_67 1R0R/c_69 1R0R/c_80 1R0R/c_89 1R0R/c_104 1R0R/c_124 1R0R/c_162 1R0R/c_165 1R0R/c_17 1R0R/c_1 1R0R/c_208 1R0R/c_20 1R0R/c_220 1R0R/c_226 1R0R/c_25 1R0R/c_277 1R0R/c_280 1R0R/c_39
Cluster 15 -> 1R0R/c_963 1R0R/c_445 1R0R/c_459 1R0R/c_489 1R0R/c_539 1R0R/c_547 1R0R/c_565 1R0R/c_594 1R0R/c_596 1R0R/c_638 1R0R/c_647 1R0R/c_886 1R0R/c_225 1R0R/c_300 1R0R/c_330 1R0R/c_331 1R0R/c_366 1R0R/c_394 1R0R/c_421
Cluster 16 -> 1R0R/c_632 1R0R/c_444 1R0R/c_509 1R0R/c_624 1R0R/c_701 1R0R/c_716 1R0R/c_804 1R0R/c_833 1R0R/c_966 1R0R/c_980 1R0R/c_988 1R0R/c_133 1R0R/c_213 1R0R/c_221 1R0R/c_325 1R0R/c_388 1R0R/c_392 1R0R/c_410 1R0R/c_420
Cluster 17 -> 1R0R/c_666 1R0R/c_497 1R0R/c_510 1R0R/c_544 1R0R/c_587 1R0R/c_614 1R0R/c_628 1R0R/c_643 1R0R/c_690 1R0R/c_726 1R0R/c_819 1R0R/c_826 1R0R/c_835 1R0R/c_253 1R0R/c_279 1R0R/c_346 1R0R/c_364 1R0R/c_381
Cluster 18 -> 1R0R/c_815 1R0R/c_455 1R0R/c_542 1R0R/c_599 1R0R/c_615 1R0R/c_65 1R0R/c_679 1R0R/c_742 1R0R/c_762 1R0R/c_202 1R0R/c_236 1R0R/c_349 1R0R/c_353 1R0R/c_35 1R0R/c_400 1R0R/c_411 1R0R/c_437
Cluster 19 -> 1R0R/c_654 1R0R/c_441 1R0R/c_501 1R0R/c_516 1R0R/c_658 1R0R/c_705 1R0R/c_930 1R0R/c_115 1R0R/c_140 1R0R/c_187 1R0R/c_18 1R0R/c_199 1R0R/c_201 1R0R/c_244 1R0R/c_309 1R0R/c_322
Cluster 20 -> 1R0R/c_264 1R0R/c_494 1R0R/c_676 1R0R/c_736 1R0R/c_751 1R0R/c_932 1R0R/c_956 1R0R/c_992 1R0R/c_137 1R0R/c_145 1R0R/c_233 1R0R/c_281 1R0R/c_28 1R0R/c_305 1R0R/c_379 1R0R/c_422
Cluster 21 -> 1R0R/c_953 1R0R/c_469 1R0R/c_593 1R0R/c_688 1R0R/c_744 1R0R/c_763 1R0R/c_880 1R0R/c_889 1R0R/c_944 1R0R/c_977 1R0R/c_1000 1R0R/c_160 1R0R/c_267 1R0R/c_373
Cluster 22 -> 1R0R/c_940 1R0R/c_463 1R0R/c_500 1R0R/c_553 1R0R/c_677 1R0R/c_741 1R0R/c_792 1R0R/c_223 1R0R/c_295 1R0R/c_357 1R0R/c_389 1R0R/c_401 1R0R/c_407 1R0R/c_415
Cluster 23 -> 1R0R/c_590 1R0R/c_443 1R0R/c_531 1R0R/c_637 1R0R/c_734 1R0R/c_785 1R0R/c_844 1R0R/c_887 1R0R/c_908 1R0R/c_116 1R0R/c_310 1R0R/c_374 1R0R/c_383 1R0R/c_386
Cluster 24 -> 1R0R/c_275 1R0R/c_577 1R0R/c_629 1R0R/c_689 1R0R/c_888 1R0R/c_91 1R0R/c_922 1R0R/c_134 1R0R/c_175 1R0R/c_194 1R0R/c_251 1R0R/c_265 1R0R/c_336 1R0R/c_350
Cluster 25 -> 1R0R/c_942 1R0R/c_462 1R0R/c_47 1R0R/c_493 1R0R/c_569 1R0R/c_584 1R0R/c_592 1R0R/c_872 1R0R/c_195 1R0R/c_205 1R0R/c_241 1R0R/c_318 1R0R/c_405
Cluster 26 -> 1R0R/c_929 1R0R/c_465 1R0R/c_64 1R0R/c_693 1R0R/c_704 1R0R/c_746 1R0R/c_839 1R0R/c_861 1R0R/c_166 1R0R/c_269 1R0R/c_387 1R0R/c_393
Cluster 27 -> 1R0R/c_890 1R0R/c_639 1R0R/c_698 1R0R/c_732 1R0R/c_766 1R0R/c_775 1R0R/c_779 1R0R/c_783 1R0R/c_810 1R0R/c_924 1R0R/c_945 1R0R/c_414
Cluster 28 -> 1R0R/c_917 1R0R/c_541 1R0R/c_714 1R0R/c_748 1R0R/c_761 1R0R/c_774 1R0R/c_822 1R0R/c_858 1R0R/c_891 1R0R/c_900 1R0R/c_368
Cluster 29 -> 1R0R/c_868 1R0R/c_517 1R0R/c_649 1R0R/c_663 1R0R/c_750 1R0R/c_860 1R0R/c_878 1R0R/c_941 1R0R/c_959 1R0R/c_971 1R0R/c_994
Cluster 30 -> 1R0R/c_603 1R0R/c_512 1R0R/c_572 1R0R/c_630 1R0R/c_113 1R0R/c_231 1R0R/c_246 1R0R/c_290 1R0R/c_312 1R0R/c_342 1R0R/c_398
Cluster 31 -> 1R0R/c_995 1R0R/c_575 1R0R/c_747 1R0R/c_752 1R0R/c_809 1R0R/c_901 1R0R/c_132 1R0R/c_178 1R0R/c_268
Cluster 32 -> 1R0R/c_896 1R0R/c_579 1R0R/c_665 1R0R/c_686 1R0R/c_687 1R0R/c_848 1R0R/c_915 1R0R/c_938 1R0R/c_328
Cluster 33 -> 1R0R/c_983 1R0R/c_626 1R0R/c_650 1R0R/c_655 1R0R/c_656 1R0R/c_765 1R0R/c_967 1R0R/c_978
Cluster 34 -> 1R0R/c_925 1R0R/c_595 1R0R/c_627 1R0R/c_730 1R0R/c_782 1R0R/c_857 1R0R/c_981 1R0R/c_406
Cluster 35 -> 1R0R/c_700 1R0R/c_492 1R0R/c_543 1R0R/c_557 1R0R/c_758 1R0R/c_800 1R0R/c_811 1R0R/c_424
Cluster 36 -> 1R0R/c_631 1R0R/c_518 1R0R/c_697 1R0R/c_847 1R0R/c_937 1R0R/c_327 1R0R/c_361 1R0R/c_376
Cluster 37 -> 1R0R/c_391 1R0R/c_458 1R0R/c_536 1R0R/c_580 1R0R/c_702 1R0R/c_733 1R0R/c_854 1R0R/c_291
Cluster 38 -> 1R0R/c_916 1R0R/c_461 1R0R/c_546 1R0R/c_618 1R0R/c_724 1R0R/c_948 1R0R/c_252
Cluster 39 -> 1R0R/c_840 1R0R/c_475 1R0R/c_499 1R0R/c_505 1R0R/c_53 1R0R/c_6 1R0R/c_343
Cluster 40 -> 1R0R/c_816 1R0R/c_44 1R0R/c_513 1R0R/c_519 1R0R/c_602 1R0R/c_144 1R0R/c_319
Cluster 41 -> 1R0R/c_984 1R0R/c_564 1R0R/c_591 1R0R/c_635 1R0R/c_710 1R0R/c_921
Cluster 42 -> 1R0R/c_807 1R0R/c_611 1R0R/c_675 1R0R/c_717 1R0R/c_256
Cluster 43 -> 1R0R/c_597 1R0R/c_524 1R0R/c_715 1R0R/c_808 1R0R/c_323
Cluster 44 -> 1R0R/c_987 1R0R/c_495 1R0R/c_528 1R0R/c_993
Cluster 45 -> 1R0R/c_970 1R0R/c_561 1R0R/c_780 1R0R/c_817
Cluster 46 -> 1R0R/c_957 1R0R/c_759 1R0R/c_313 1R0R/c_356
Cluster 47 -> 1R0R/c_949 1R0R/c_521 1R0R/c_641 1R0R/c_893
Cluster 48 -> 1R0R/c_934 1R0R/c_55 1R0R/c_755 1R0R/c_250
Cluster 49 -> 1R0R/c_905 1R0R/c_600 1R0R/c_608 1R0R/c_249
Cluster 50 -> 1R0R/c_898 1R0R/c_480 1R0R/c_192 1R0R/c_367
Cluster 51 -> 1R0R/c_892 1R0R/c_545 1R0R/c_640 1R0R/c_813
Cluster 52 -> 1R0R/c_867 1R0R/c_683 1R0R/c_712 1R0R/c_419
Cluster 53 -> 1R0R/c_725 1R0R/c_466 1R0R/c_576 1R0R/c_616
