Cluster 1 -> 1T6B/c_105 1T6B/c_505 1T6B/c_513 1T6B/c_558 1T6B/c_576 1T6B/c_582 1T6B/c_5 1T6B/c_633 1T6B/c_646 1T6B/c_698 1T6B/c_742 1T6B/c_756 1T6B/c_79 1T6B/c_800 1T6B/c_82 1T6B/c_846 1T6B/c_848 1T6B/c_854 1T6B/c_89 1T6B/c_96 1T6B/c_982 1T6B/c_999 1T6B/c_122 1T6B/c_123 1T6B/c_158 1T6B/c_183 1T6B/c_184 1T6B/c_19 1T6B/c_201 1T6B/c_205 1T6B/c_228 1T6B/c_276 1T6B/c_27 1T6B/c_309 1T6B/c_313 1T6B/c_316 1T6B/c_339 1T6B/c_383 1T6B/c_415
Cluster 2 -> 1T6B/c_432 1T6B/c_531 1T6B/c_60 1T6B/c_622 1T6B/c_664 1T6B/c_726 1T6B/c_739 1T6B/c_772 1T6B/c_81 1T6B/c_115 1T6B/c_126 1T6B/c_128 1T6B/c_131 1T6B/c_13 1T6B/c_141 1T6B/c_143 1T6B/c_15 1T6B/c_162 1T6B/c_172 1T6B/c_192 1T6B/c_203 1T6B/c_208 1T6B/c_227 1T6B/c_234 1T6B/c_258 1T6B/c_260 1T6B/c_265 1T6B/c_282 1T6B/c_284 1T6B/c_285 1T6B/c_291 1T6B/c_347 1T6B/c_378 1T6B/c_37 1T6B/c_398
Cluster 3 -> 1T6B/c_542 1T6B/c_47 1T6B/c_514 1T6B/c_528 1T6B/c_549 1T6B/c_553 1T6B/c_63 1T6B/c_689 1T6B/c_734 1T6B/c_766 1T6B/c_78 1T6B/c_813 1T6B/c_827 1T6B/c_838 1T6B/c_960 1T6B/c_113 1T6B/c_114 1T6B/c_153 1T6B/c_160 1T6B/c_177 1T6B/c_195 1T6B/c_238 1T6B/c_242 1T6B/c_266 1T6B/c_272 1T6B/c_275 1T6B/c_283 1T6B/c_29 1T6B/c_34 1T6B/c_351 1T6B/c_375 1T6B/c_384
Cluster 4 -> 1T6B/c_17 1T6B/c_46 1T6B/c_481 1T6B/c_489 1T6B/c_501 1T6B/c_580 1T6B/c_59 1T6B/c_627 1T6B/c_65 1T6B/c_67 1T6B/c_69 1T6B/c_6 1T6B/c_76 1T6B/c_830 1T6B/c_930 1T6B/c_94 1T6B/c_973 1T6B/c_104 1T6B/c_106 1T6B/c_10 1T6B/c_16 1T6B/c_22 1T6B/c_235 1T6B/c_279 1T6B/c_301 1T6B/c_30 1T6B/c_342 1T6B/c_385 1T6B/c_3 1T6B/c_42
Cluster 5 -> 1T6B/c_543 1T6B/c_44 1T6B/c_456 1T6B/c_459 1T6B/c_564 1T6B/c_596 1T6B/c_66 1T6B/c_699 1T6B/c_72 1T6B/c_923 1T6B/c_996 1T6B/c_102 1T6B/c_112 1T6B/c_125 1T6B/c_129 1T6B/c_159 1T6B/c_190 1T6B/c_219 1T6B/c_223 1T6B/c_240 1T6B/c_25 1T6B/c_314 1T6B/c_319 1T6B/c_31 1T6B/c_340 1T6B/c_374 1T6B/c_407 1T6B/c_409
Cluster 6 -> 1T6B/c_225 1T6B/c_45 1T6B/c_463 1T6B/c_53 1T6B/c_581 1T6B/c_58 1T6B/c_598 1T6B/c_629 1T6B/c_667 1T6B/c_691 1T6B/c_88 1T6B/c_988 1T6B/c_111 1T6B/c_124 1T6B/c_135 1T6B/c_151 1T6B/c_169 1T6B/c_220 1T6B/c_230 1T6B/c_231 1T6B/c_244 1T6B/c_24 1T6B/c_254 1T6B/c_263 1T6B/c_406 1T6B/c_411 1T6B/c_421
Cluster 7 -> 1T6B/c_673 1T6B/c_449 1T6B/c_516 1T6B/c_532 1T6B/c_56 1T6B/c_570 1T6B/c_628 1T6B/c_631 1T6B/c_659 1T6B/c_740 1T6B/c_75 1T6B/c_790 1T6B/c_857 1T6B/c_914 1T6B/c_924 1T6B/c_134 1T6B/c_144 1T6B/c_145 1T6B/c_166 1T6B/c_199 1T6B/c_241 1T6B/c_245 1T6B/c_281 1T6B/c_305 1T6B/c_329 1T6B/c_377
Cluster 8 -> 1T6B/c_249 1T6B/c_494 1T6B/c_508 1T6B/c_533 1T6B/c_62 1T6B/c_688 1T6B/c_73 1T6B/c_762 1T6B/c_824 1T6B/c_839 1T6B/c_852 1T6B/c_87 1T6B/c_893 1T6B/c_90 1T6B/c_93 1T6B/c_941 1T6B/c_998 1T6B/c_118 1T6B/c_142 1T6B/c_194 1T6B/c_243 1T6B/c_247 1T6B/c_253 1T6B/c_295 1T6B/c_39
Cluster 9 -> 1T6B/c_474 1T6B/c_453 1T6B/c_527 1T6B/c_545 1T6B/c_588 1T6B/c_769 1T6B/c_787 1T6B/c_799 1T6B/c_851 1T6B/c_889 1T6B/c_932 1T6B/c_138 1T6B/c_150 1T6B/c_173 1T6B/c_191 1T6B/c_196 1T6B/c_267 1T6B/c_286 1T6B/c_293 1T6B/c_343 1T6B/c_348 1T6B/c_362 1T6B/c_408 1T6B/c_435
Cluster 10 -> 1T6B/c_91 1T6B/c_460 1T6B/c_512 1T6B/c_530 1T6B/c_68 1T6B/c_736 1T6B/c_753 1T6B/c_815 1T6B/c_939 1T6B/c_107 1T6B/c_157 1T6B/c_168 1T6B/c_171 1T6B/c_176 1T6B/c_185 1T6B/c_251 1T6B/c_271 1T6B/c_330 1T6B/c_336 1T6B/c_367 1T6B/c_40 1T6B/c_425
Cluster 11 -> 1T6B/c_198 1T6B/c_4 1T6B/c_61 1T6B/c_74 1T6B/c_84 1T6B/c_8 1T6B/c_95 1T6B/c_9 1T6B/c_119 1T6B/c_11 1T6B/c_12 1T6B/c_154 1T6B/c_1 1T6B/c_20 1T6B/c_215 1T6B/c_262 1T6B/c_28 1T6B/c_296 1T6B/c_2 1T6B/c_403
Cluster 12 -> 1T6B/c_650 1T6B/c_478 1T6B/c_525 1T6B/c_540 1T6B/c_579 1T6B/c_662 1T6B/c_718 1T6B/c_728 1T6B/c_797 1T6B/c_870 1T6B/c_872 1T6B/c_898 1T6B/c_909 1T6B/c_917 1T6B/c_257 1T6B/c_261 1T6B/c_269 1T6B/c_388 1T6B/c_420
Cluster 13 -> 1T6B/c_50 1T6B/c_500 1T6B/c_544 1T6B/c_606 1T6B/c_759 1T6B/c_86 1T6B/c_947 1T6B/c_121 1T6B/c_132 1T6B/c_149 1T6B/c_178 1T6B/c_212 1T6B/c_256 1T6B/c_325 1T6B/c_333 1T6B/c_352 1T6B/c_396
Cluster 14 -> 1T6B/c_710 1T6B/c_692 1T6B/c_725 1T6B/c_7 1T6B/c_133 1T6B/c_137 1T6B/c_155 1T6B/c_175 1T6B/c_179 1T6B/c_18 1T6B/c_211 1T6B/c_26 1T6B/c_327 1T6B/c_365 1T6B/c_423
Cluster 15 -> 1T6B/c_48 1T6B/c_452 1T6B/c_535 1T6B/c_614 1T6B/c_677 1T6B/c_719 1T6B/c_929 1T6B/c_958 1T6B/c_99 1T6B/c_116 1T6B/c_222 1T6B/c_334 1T6B/c_33 1T6B/c_416 1T6B/c_438
Cluster 16 -> 1T6B/c_974 1T6B/c_520 1T6B/c_577 1T6B/c_612 1T6B/c_616 1T6B/c_620 1T6B/c_715 1T6B/c_757 1T6B/c_786 1T6B/c_794 1T6B/c_811 1T6B/c_904 1T6B/c_953 1T6B/c_372
Cluster 17 -> 1T6B/c_969 1T6B/c_442 1T6B/c_49 1T6B/c_503 1T6B/c_57 1T6B/c_638 1T6B/c_655 1T6B/c_695 1T6B/c_71 1T6B/c_745 1T6B/c_841 1T6B/c_900 1T6B/c_101 1T6B/c_152
Cluster 18 -> 1T6B/c_765 1T6B/c_467 1T6B/c_509 1T6B/c_686 1T6B/c_713 1T6B/c_741 1T6B/c_749 1T6B/c_758 1T6B/c_768 1T6B/c_109 1T6B/c_252 1T6B/c_358 1T6B/c_394 1T6B/c_413
Cluster 19 -> 1T6B/c_700 1T6B/c_441 1T6B/c_519 1T6B/c_523 1T6B/c_551 1T6B/c_562 1T6B/c_913 1T6B/c_92 1T6B/c_164 1T6B/c_200 1T6B/c_226 1T6B/c_294 1T6B/c_41
Cluster 20 -> 1T6B/c_548 1T6B/c_464 1T6B/c_554 1T6B/c_559 1T6B/c_590 1T6B/c_595 1T6B/c_654 1T6B/c_744 1T6B/c_946 1T6B/c_139 1T6B/c_163 1T6B/c_233 1T6B/c_386
Cluster 21 -> 1T6B/c_97 1T6B/c_678 1T6B/c_791 1T6B/c_819 1T6B/c_823 1T6B/c_842 1T6B/c_146 1T6B/c_186 1T6B/c_214 1T6B/c_248 1T6B/c_317 1T6B/c_379
Cluster 22 -> 1T6B/c_674 1T6B/c_485 1T6B/c_649 1T6B/c_80 1T6B/c_850 1T6B/c_987 1T6B/c_140 1T6B/c_14 1T6B/c_187 1T6B/c_224 1T6B/c_345 1T6B/c_366
Cluster 23 -> 1T6B/c_943 1T6B/c_445 1T6B/c_566 1T6B/c_808 1T6B/c_817 1T6B/c_902 1T6B/c_986 1T6B/c_993 1T6B/c_218 1T6B/c_270 1T6B/c_427
Cluster 24 -> 1T6B/c_901 1T6B/c_444 1T6B/c_522 1T6B/c_584 1T6B/c_657 1T6B/c_658 1T6B/c_665 1T6B/c_707 1T6B/c_711 1T6B/c_36 1T6B/c_433
Cluster 25 -> 1T6B/c_455 1T6B/c_443 1T6B/c_476 1T6B/c_504 1T6B/c_640 1T6B/c_723 1T6B/c_733 1T6B/c_120 1T6B/c_204 1T6B/c_213 1T6B/c_387
Cluster 26 -> 1T6B/c_371 1T6B/c_653 1T6B/c_863 1T6B/c_916 1T6B/c_161 1T6B/c_197 1T6B/c_202 1T6B/c_324 1T6B/c_356 1T6B/c_397 1T6B/c_422
Cluster 27 -> 1T6B/c_984 1T6B/c_515 1T6B/c_605 1T6B/c_77 1T6B/c_926 1T6B/c_934 1T6B/c_299 1T6B/c_300 1T6B/c_341 1T6B/c_412
Cluster 28 -> 1T6B/c_860 1T6B/c_486 1T6B/c_502 1T6B/c_592 1T6B/c_618 1T6B/c_843 1T6B/c_881 1T6B/c_911 1T6B/c_320 1T6B/c_405
Cluster 29 -> 1T6B/c_895 1T6B/c_660 1T6B/c_781 1T6B/c_784 1T6B/c_130 1T6B/c_148 1T6B/c_180 1T6B/c_410 1T6B/c_436
Cluster 30 -> 1T6B/c_83 1T6B/c_52 1T6B/c_716 1T6B/c_777 1T6B/c_117 1T6B/c_236 1T6B/c_239 1T6B/c_32 1T6B/c_43
Cluster 31 -> 1T6B/c_748 1T6B/c_482 1T6B/c_593 1T6B/c_625 1T6B/c_732 1T6B/c_812 1T6B/c_207 1T6B/c_304 1T6B/c_312
Cluster 32 -> 1T6B/c_414 1T6B/c_466 1T6B/c_469 1T6B/c_938 1T6B/c_994 1T6B/c_181 1T6B/c_193 1T6B/c_288 1T6B/c_368
Cluster 33 -> 1T6B/c_289 1T6B/c_487 1T6B/c_563 1T6B/c_586 1T6B/c_641 1T6B/c_912 1T6B/c_297 1T6B/c_357 1T6B/c_361
Cluster 34 -> 1T6B/c_771 1T6B/c_623 1T6B/c_761 1T6B/c_921 1T6B/c_980 1T6B/c_165 1T6B/c_315 1T6B/c_380
Cluster 35 -> 1T6B/c_720 1T6B/c_470 1T6B/c_510 1T6B/c_55 1T6B/c_701 1T6B/c_70 1T6B/c_156 1T6B/c_21
Cluster 36 -> 1T6B/c_617 1T6B/c_499 1T6B/c_560 1T6B/c_642 1T6B/c_820 1T6B/c_837 1T6B/c_956 1T6B/c_978
Cluster 37 -> 1T6B/c_607 1T6B/c_572 1T6B/c_578 1T6B/c_680 1T6B/c_100 1T6B/c_274 1T6B/c_338 1T6B/c_381
Cluster 38 -> 1T6B/c_451 1T6B/c_556 1T6B/c_803 1T6B/c_861 1T6B/c_962 1T6B/c_328 1T6B/c_360 1T6B/c_402
Cluster 39 -> 1T6B/c_370 1T6B/c_608 1T6B/c_879 1T6B/c_182 1T6B/c_346 1T6B/c_350 1T6B/c_404 1T6B/c_418
Cluster 40 -> 1T6B/c_35 1T6B/c_475 1T6B/c_506 1T6B/c_919 1T6B/c_170 1T6B/c_188 1T6B/c_189 1T6B/c_303
Cluster 41 -> 1T6B/c_945 1T6B/c_683 1T6B/c_712 1T6B/c_944 1T6B/c_277 1T6B/c_321 1T6B/c_437
Cluster 42 -> 1T6B/c_920 1T6B/c_492 1T6B/c_600 1T6B/c_697 1T6B/c_822 1T6B/c_290 1T6B/c_376
Cluster 43 -> 1T6B/c_668 1T6B/c_599 1T6B/c_613 1T6B/c_644 1T6B/c_103 1T6B/c_268 1T6B/c_318
Cluster 44 -> 1T6B/c_651 1T6B/c_681 1T6B/c_730 1T6B/c_831 1T6B/c_856 1T6B/c_246 1T6B/c_332
Cluster 45 -> 1T6B/c_429 1T6B/c_643 1T6B/c_209 1T6B/c_216 1T6B/c_250 1T6B/c_331 1T6B/c_389
Cluster 46 -> 1T6B/c_419 1T6B/c_647 1T6B/c_672 1T6B/c_705 1T6B/c_891 1T6B/c_976 1T6B/c_259
Cluster 47 -> 1T6B/c_353 1T6B/c_454 1T6B/c_782 1T6B/c_931 1T6B/c_949 1T6B/c_1000 1T6B/c_287
Cluster 48 -> 1T6B/c_992 1T6B/c_477 1T6B/c_488 1T6B/c_634 1T6B/c_635 1T6B/c_669
Cluster 49 -> 1T6B/c_989 1T6B/c_534 1T6B/c_127 1T6B/c_174 1T6B/c_280 1T6B/c_344
Cluster 50 -> 1T6B/c_884 1T6B/c_666 1T6B/c_731 1T6B/c_774 1T6B/c_810 1T6B/c_237
Cluster 51 -> 1T6B/c_779 1T6B/c_491 1T6B/c_859 1T6B/c_874 1T6B/c_933 1T6B/c_951
Cluster 52 -> 1T6B/c_54 1T6B/c_450 1T6B/c_591 1T6B/c_221 1T6B/c_393 1T6B/c_395
Cluster 53 -> 1T6B/c_278 1T6B/c_458 1T6B/c_957 1T6B/c_977 1T6B/c_23 1T6B/c_302
Cluster 54 -> 1T6B/c_995 1T6B/c_574 1T6B/c_604 1T6B/c_834 1T6B/c_918
Cluster 55 -> 1T6B/c_959 1T6B/c_601 1T6B/c_611 1T6B/c_632 1T6B/c_355
Cluster 56 -> 1T6B/c_896 1T6B/c_679 1T6B/c_210 1T6B/c_326 1T6B/c_399
Cluster 57 -> 1T6B/c_876 1T6B/c_764 1T6B/c_816 1T6B/c_883 1T6B/c_892
Cluster 58 -> 1T6B/c_875 1T6B/c_773 1T6B/c_793 1T6B/c_110 1T6B/c_255
Cluster 59 -> 1T6B/c_873 1T6B/c_546 1T6B/c_585 1T6B/c_801 1T6B/c_826
Cluster 60 -> 1T6B/c_818 1T6B/c_498 1T6B/c_676 1T6B/c_273 1T6B/c_426
Cluster 61 -> 1T6B/c_310 1T6B/c_536 1T6B/c_845 1T6B/c_292 1T6B/c_335
Cluster 62 -> 1T6B/c_972 1T6B/c_690 1T6B/c_805 1T6B/c_940
Cluster 63 -> 1T6B/c_968 1T6B/c_737 1T6B/c_795 1T6B/c_369
Cluster 64 -> 1T6B/c_967 1T6B/c_51 1T6B/c_868 1T6B/c_167
Cluster 65 -> 1T6B/c_910 1T6B/c_675 1T6B/c_836 1T6B/c_390
Cluster 66 -> 1T6B/c_906 1T6B/c_663 1T6B/c_778 1T6B/c_373
Cluster 67 -> 1T6B/c_894 1T6B/c_539 1T6B/c_717 1T6B/c_785
Cluster 68 -> 1T6B/c_888 1T6B/c_568 1T6B/c_682 1T6B/c_880
Cluster 69 -> 1T6B/c_887 1T6B/c_796 1T6B/c_798 1T6B/c_835
Cluster 70 -> 1T6B/c_882 1T6B/c_538 1T6B/c_571 1T6B/c_38
Cluster 71 -> 1T6B/c_809 1T6B/c_461 1T6B/c_624 1T6B/c_862
Cluster 72 -> 1T6B/c_709 1T6B/c_507 1T6B/c_524 1T6B/c_722
Cluster 73 -> 1T6B/c_685 1T6B/c_567 1T6B/c_391 1T6B/c_400
Cluster 74 -> 1T6B/c_480 1T6B/c_473 1T6B/c_306 1T6B/c_337
Cluster 75 -> 1T6B/c_349 1T6B/c_232 1T6B/c_298 1T6B/c_311
Cluster 76 -> 1T6B/c_229 1T6B/c_529 1T6B/c_575 1T6B/c_877
