Cluster 1 -> 1XQS/c_277 1XQS/c_470 1XQS/c_498 1XQS/c_50 1XQS/c_510 1XQS/c_517 1XQS/c_544 1XQS/c_562 1XQS/c_583 1XQS/c_597 1XQS/c_632 1XQS/c_642 1XQS/c_700 1XQS/c_720 1XQS/c_782 1XQS/c_813 1XQS/c_81 1XQS/c_877 1XQS/c_916 1XQS/c_917 1XQS/c_91 1XQS/c_932 1XQS/c_95 1XQS/c_165 1XQS/c_175 1XQS/c_206 1XQS/c_227 1XQS/c_260 1XQS/c_328 1XQS/c_36 1XQS/c_422
Cluster 2 -> 1XQS/c_309 1XQS/c_458 1XQS/c_546 1XQS/c_612 1XQS/c_627 1XQS/c_62 1XQS/c_651 1XQS/c_666 1XQS/c_66 1XQS/c_711 1XQS/c_742 1XQS/c_88 1XQS/c_910 1XQS/c_967 1XQS/c_127 1XQS/c_160 1XQS/c_181 1XQS/c_186 1XQS/c_203 1XQS/c_257 1XQS/c_314 1XQS/c_315 1XQS/c_337 1XQS/c_363 1XQS/c_395 1XQS/c_409
Cluster 3 -> 1XQS/c_4 1XQS/c_55 1XQS/c_5 1XQS/c_68 1XQS/c_6 1XQS/c_76 1XQS/c_7 1XQS/c_86 1XQS/c_8 1XQS/c_9 1XQS/c_110 1XQS/c_15 1XQS/c_17 1XQS/c_1 1XQS/c_20 1XQS/c_23 1XQS/c_29 1XQS/c_2 1XQS/c_43
Cluster 4 -> 1XQS/c_694 1XQS/c_454 1XQS/c_469 1XQS/c_490 1XQS/c_710 1XQS/c_745 1XQS/c_849 1XQS/c_865 1XQS/c_874 1XQS/c_920 1XQS/c_980 1XQS/c_173 1XQS/c_342 1XQS/c_391 1XQS/c_392 1XQS/c_427 1XQS/c_430
Cluster 5 -> 1XQS/c_239 1XQS/c_540 1XQS/c_857 1XQS/c_870 1XQS/c_911 1XQS/c_951 1XQS/c_12 1XQS/c_158 1XQS/c_16 1XQS/c_177 1XQS/c_187 1XQS/c_19 1XQS/c_204 1XQS/c_319 1XQS/c_359 1XQS/c_382 1XQS/c_40
Cluster 6 -> 1XQS/c_143 1XQS/c_515 1XQS/c_528 1XQS/c_558 1XQS/c_571 1XQS/c_592 1XQS/c_639 1XQS/c_714 1XQS/c_716 1XQS/c_757 1XQS/c_893 1XQS/c_919 1XQS/c_987 1XQS/c_136 1XQS/c_299 1XQS/c_330 1XQS/c_361
Cluster 7 -> 1XQS/c_879 1XQS/c_453 1XQS/c_464 1XQS/c_514 1XQS/c_549 1XQS/c_553 1XQS/c_566 1XQS/c_604 1XQS/c_605 1XQS/c_618 1XQS/c_649 1XQS/c_675 1XQS/c_684 1XQS/c_755 1XQS/c_766 1XQS/c_367
Cluster 8 -> 1XQS/c_264 1XQS/c_492 1XQS/c_526 1XQS/c_587 1XQS/c_595 1XQS/c_636 1XQS/c_669 1XQS/c_671 1XQS/c_71 1XQS/c_825 1XQS/c_92 1XQS/c_168 1XQS/c_197 1XQS/c_294 1XQS/c_347 1XQS/c_39
Cluster 9 -> 1XQS/c_89 1XQS/c_505 1XQS/c_699 1XQS/c_69 1XQS/c_75 1XQS/c_761 1XQS/c_779 1XQS/c_82 1XQS/c_103 1XQS/c_119 1XQS/c_142 1XQS/c_28 1XQS/c_346 1XQS/c_378 1XQS/c_3
Cluster 10 -> 1XQS/c_34 1XQS/c_85 1XQS/c_104 1XQS/c_10 1XQS/c_115 1XQS/c_11 1XQS/c_13 1XQS/c_149 1XQS/c_190 1XQS/c_211 1XQS/c_22 1XQS/c_30 1XQS/c_32 1XQS/c_33 1XQS/c_389
Cluster 11 -> 1XQS/c_726 1XQS/c_443 1XQS/c_59 1XQS/c_802 1XQS/c_842 1XQS/c_908 1XQS/c_998 1XQS/c_146 1XQS/c_147 1XQS/c_231 1XQS/c_259 1XQS/c_290 1XQS/c_311 1XQS/c_428
Cluster 12 -> 1XQS/c_49 1XQS/c_44 1XQS/c_509 1XQS/c_65 1XQS/c_765 1XQS/c_140 1XQS/c_14 1XQS/c_152 1XQS/c_223 1XQS/c_24 1XQS/c_286 1XQS/c_288 1XQS/c_329 1XQS/c_435
Cluster 13 -> 1XQS/c_251 1XQS/c_48 1XQS/c_501 1XQS/c_661 1XQS/c_845 1XQS/c_871 1XQS/c_926 1XQS/c_93 1XQS/c_99 1XQS/c_102 1XQS/c_126 1XQS/c_31 1XQS/c_333 1XQS/c_350
Cluster 14 -> 1XQS/c_247 1XQS/c_442 1XQS/c_499 1XQS/c_54 1XQS/c_614 1XQS/c_63 1XQS/c_922 1XQS/c_96 1XQS/c_100 1XQS/c_156 1XQS/c_214 1XQS/c_235 1XQS/c_253 1XQS/c_397
Cluster 15 -> 1XQS/c_817 1XQS/c_474 1XQS/c_475 1XQS/c_516 1XQS/c_690 1XQS/c_795 1XQS/c_815 1XQS/c_979 1XQS/c_144 1XQS/c_278 1XQS/c_317 1XQS/c_364 1XQS/c_413
Cluster 16 -> 1XQS/c_473 1XQS/c_467 1XQS/c_588 1XQS/c_77 1XQS/c_862 1XQS/c_897 1XQS/c_131 1XQS/c_157 1XQS/c_169 1XQS/c_226 1XQS/c_245 1XQS/c_246 1XQS/c_383
Cluster 17 -> 1XQS/c_739 1XQS/c_463 1XQS/c_506 1XQS/c_543 1XQS/c_570 1XQS/c_677 1XQS/c_182 1XQS/c_199 1XQS/c_233 1XQS/c_275 1XQS/c_308 1XQS/c_432
Cluster 18 -> 1XQS/c_695 1XQS/c_461 1XQS/c_477 1XQS/c_482 1XQS/c_620 1XQS/c_682 1XQS/c_793 1XQS/c_824 1XQS/c_867 1XQS/c_881 1XQS/c_301 1XQS/c_345
Cluster 19 -> 1XQS/c_374 1XQS/c_58 1XQS/c_623 1XQS/c_117 1XQS/c_121 1XQS/c_194 1XQS/c_216 1XQS/c_218 1XQS/c_263 1XQS/c_284 1XQS/c_310 1XQS/c_380
Cluster 20 -> 1XQS/c_343 1XQS/c_488 1XQS/c_641 1XQS/c_848 1XQS/c_923 1XQS/c_942 1XQS/c_989 1XQS/c_106 1XQS/c_129 1XQS/c_272 1XQS/c_344 1XQS/c_402
Cluster 21 -> 1XQS/c_630 1XQS/c_451 1XQS/c_465 1XQS/c_676 1XQS/c_808 1XQS/c_215 1XQS/c_265 1XQS/c_273 1XQS/c_376 1XQS/c_377 1XQS/c_381
Cluster 22 -> 1XQS/c_466 1XQS/c_53 1XQS/c_610 1XQS/c_72 1XQS/c_80 1XQS/c_924 1XQS/c_141 1XQS/c_164 1XQS/c_172 1XQS/c_18 1XQS/c_353
Cluster 23 -> 1XQS/c_37 1XQS/c_538 1XQS/c_557 1XQS/c_56 1XQS/c_57 1XQS/c_61 1XQS/c_94 1XQS/c_98 1XQS/c_185 1XQS/c_228 1XQS/c_384
Cluster 24 -> 1XQS/c_360 1XQS/c_585 1XQS/c_953 1XQS/c_997 1XQS/c_159 1XQS/c_207 1XQS/c_270 1XQS/c_335 1XQS/c_355 1XQS/c_388 1XQS/c_398
Cluster 25 -> 1XQS/c_74 1XQS/c_697 1XQS/c_746 1XQS/c_79 1XQS/c_836 1XQS/c_111 1XQS/c_252 1XQS/c_261 1XQS/c_35 1XQS/c_438
Cluster 26 -> 1XQS/c_613 1XQS/c_572 1XQS/c_679 1XQS/c_732 1XQS/c_801 1XQS/c_822 1XQS/c_118 1XQS/c_404 1XQS/c_419 1XQS/c_431
Cluster 27 -> 1XQS/c_486 1XQS/c_441 1XQS/c_452 1XQS/c_520 1XQS/c_524 1XQS/c_599 1XQS/c_809 1XQS/c_944 1XQS/c_974 1XQS/c_407
Cluster 28 -> 1XQS/c_274 1XQS/c_589 1XQS/c_830 1XQS/c_888 1XQS/c_943 1XQS/c_170 1XQS/c_220 1XQS/c_224 1XQS/c_323 1XQS/c_417
Cluster 29 -> 1XQS/c_105 1XQS/c_617 1XQS/c_685 1XQS/c_784 1XQS/c_811 1XQS/c_914 1XQS/c_934 1XQS/c_956 1XQS/c_316 1XQS/c_408
Cluster 30 -> 1XQS/c_902 1XQS/c_476 1XQS/c_531 1XQS/c_696 1XQS/c_151 1XQS/c_201 1XQS/c_221 1XQS/c_325 1XQS/c_326
Cluster 31 -> 1XQS/c_764 1XQS/c_480 1XQS/c_535 1XQS/c_542 1XQS/c_760 1XQS/c_83 1XQS/c_116 1XQS/c_232 1XQS/c_356
Cluster 32 -> 1XQS/c_64 1XQS/c_643 1XQS/c_727 1XQS/c_976 1XQS/c_125 1XQS/c_130 1XQS/c_295 1XQS/c_297 1XQS/c_313
Cluster 33 -> 1XQS/c_500 1XQS/c_602 1XQS/c_718 1XQS/c_844 1XQS/c_858 1XQS/c_948 1XQS/c_996 1XQS/c_386 1XQS/c_411
Cluster 34 -> 1XQS/c_340 1XQS/c_494 1XQS/c_547 1XQS/c_619 1XQS/c_70 1XQS/c_814 1XQS/c_237 1XQS/c_291 1XQS/c_365
Cluster 35 -> 1XQS/c_267 1XQS/c_878 1XQS/c_107 1XQS/c_134 1XQS/c_138 1XQS/c_153 1XQS/c_189 1XQS/c_298 1XQS/c_412
Cluster 36 -> 1XQS/c_238 1XQS/c_756 1XQS/c_807 1XQS/c_122 1XQS/c_162 1XQS/c_198 1XQS/c_327 1XQS/c_385 1XQS/c_437
Cluster 37 -> 1XQS/c_132 1XQS/c_653 1XQS/c_715 1XQS/c_87 1XQS/c_101 1XQS/c_120 1XQS/c_210 1XQS/c_222 1XQS/c_254
Cluster 38 -> 1XQS/c_985 1XQS/c_638 1XQS/c_758 1XQS/c_788 1XQS/c_796 1XQS/c_864 1XQS/c_410 1XQS/c_426
Cluster 39 -> 1XQS/c_950 1XQS/c_648 1XQS/c_670 1XQS/c_108 1XQS/c_133 1XQS/c_200 1XQS/c_414 1XQS/c_42
Cluster 40 -> 1XQS/c_84 1XQS/c_593 1XQS/c_621 1XQS/c_624 1XQS/c_762 1XQS/c_812 1XQS/c_166 1XQS/c_349
Cluster 41 -> 1XQS/c_843 1XQS/c_582 1XQS/c_899 1XQS/c_957 1XQS/c_171 1XQS/c_240 1XQS/c_282 1XQS/c_403
Cluster 42 -> 1XQS/c_780 1XQS/c_637 1XQS/c_698 1XQS/c_705 1XQS/c_977 1XQS/c_163 1XQS/c_369 1XQS/c_387
Cluster 43 -> 1XQS/c_941 1XQS/c_866 1XQS/c_191 1XQS/c_269 1XQS/c_26 1XQS/c_393 1XQS/c_41
Cluster 44 -> 1XQS/c_928 1XQS/c_489 1XQS/c_748 1XQS/c_777 1XQS/c_832 1XQS/c_322 1XQS/c_357
Cluster 45 -> 1XQS/c_818 1XQS/c_45 1XQS/c_51 1XQS/c_724 1XQS/c_903 1XQS/c_268 1XQS/c_38
Cluster 46 -> 1XQS/c_816 1XQS/c_459 1XQS/c_521 1XQS/c_551 1XQS/c_752 1XQS/c_148 1XQS/c_292
Cluster 47 -> 1XQS/c_67 1XQS/c_457 1XQS/c_481 1XQS/c_532 1XQS/c_890 1XQS/c_167 1XQS/c_196
Cluster 48 -> 1XQS/c_460 1XQS/c_448 1XQS/c_586 1XQS/c_983 1XQS/c_1000 1XQS/c_124 1XQS/c_285
Cluster 49 -> 1XQS/c_370 1XQS/c_507 1XQS/c_625 1XQS/c_266 1XQS/c_279 1XQS/c_280 1XQS/c_321
Cluster 50 -> 1XQS/c_965 1XQS/c_450 1XQS/c_674 1XQS/c_869 1XQS/c_954 1XQS/c_964
Cluster 51 -> 1XQS/c_946 1XQS/c_530 1XQS/c_556 1XQS/c_581 1XQS/c_668 1XQS/c_244
Cluster 52 -> 1XQS/c_855 1XQS/c_606 1XQS/c_729 1XQS/c_749 1XQS/c_768 1XQS/c_440
Cluster 53 -> 1XQS/c_852 1XQS/c_503 1XQS/c_683 1XQS/c_701 1XQS/c_734 1XQS/c_959
Cluster 54 -> 1XQS/c_792 1XQS/c_616 1XQS/c_688 1XQS/c_791 1XQS/c_256 1XQS/c_400
Cluster 55 -> 1XQS/c_665 1XQS/c_497 1XQS/c_90 1XQS/c_930 1XQS/c_112 1XQS/c_139
Cluster 56 -> 1XQS/c_650 1XQS/c_504 1XQS/c_721 1XQS/c_884 1XQS/c_963 1XQS/c_981
Cluster 57 -> 1XQS/c_622 1XQS/c_576 1XQS/c_640 1XQS/c_741 1XQS/c_827 1XQS/c_972
Cluster 58 -> 1XQS/c_611 1XQS/c_447 1XQS/c_511 1XQS/c_906 1XQS/c_229 1XQS/c_390
Cluster 59 -> 1XQS/c_575 1XQS/c_709 1XQS/c_737 1XQS/c_241 1XQS/c_243 1XQS/c_334
Cluster 60 -> 1XQS/c_537 1XQS/c_478 1XQS/c_744 1XQS/c_861 1XQS/c_968 1XQS/c_176
Cluster 61 -> 1XQS/c_436 1XQS/c_523 1XQS/c_552 1XQS/c_217 1XQS/c_306 1XQS/c_429
Cluster 62 -> 1XQS/c_336 1XQS/c_655 1XQS/c_73 1XQS/c_834 1XQS/c_868 1XQS/c_420
Cluster 63 -> 1XQS/c_296 1XQS/c_47 1XQS/c_155 1XQS/c_174 1XQS/c_341 1XQS/c_425
Cluster 64 -> 1XQS/c_281 1XQS/c_628 1XQS/c_783 1XQS/c_192 1XQS/c_305 1XQS/c_399
Cluster 65 -> 1XQS/c_986 1XQS/c_519 1XQS/c_662 1XQS/c_692 1XQS/c_904
Cluster 66 -> 1XQS/c_945 1XQS/c_607 1XQS/c_786 1XQS/c_918 1XQS/c_352
Cluster 67 -> 1XQS/c_901 1XQS/c_455 1XQS/c_262 1XQS/c_423 1XQS/c_439
Cluster 68 -> 1XQS/c_687 1XQS/c_568 1XQS/c_667 1XQS/c_706 1XQS/c_293
Cluster 69 -> 1XQS/c_565 1XQS/c_771 1XQS/c_921 1XQS/c_975 1XQS/c_999
Cluster 70 -> 1XQS/c_446 1XQS/c_555 1XQS/c_590 1XQS/c_693 1XQS/c_302
Cluster 71 -> 1XQS/c_990 1XQS/c_46 1XQS/c_354 1XQS/c_394
Cluster 72 -> 1XQS/c_978 1XQS/c_522 1XQS/c_591 1XQS/c_794
Cluster 73 -> 1XQS/c_961 1XQS/c_529 1XQS/c_652 1XQS/c_735
Cluster 74 -> 1XQS/c_912 1XQS/c_487 1XQS/c_271 1XQS/c_433
Cluster 75 -> 1XQS/c_882 1XQS/c_603 1XQS/c_750 1XQS/c_255
Cluster 76 -> 1XQS/c_833 1XQS/c_548 1XQS/c_821 1XQS/c_362
Cluster 77 -> 1XQS/c_828 1XQS/c_819 1XQS/c_927 1XQS/c_137
Cluster 78 -> 1XQS/c_747 1XQS/c_850 1XQS/c_289 1XQS/c_338
Cluster 79 -> 1XQS/c_743 1XQS/c_686 1XQS/c_150 1XQS/c_25
Cluster 80 -> 1XQS/c_733 1XQS/c_594 1XQS/c_609 1XQS/c_178
Cluster 81 -> 1XQS/c_663 1XQS/c_560 1XQS/c_728 1XQS/c_250
Cluster 82 -> 1XQS/c_60 1XQS/c_778 1XQS/c_21 1XQS/c_318
Cluster 83 -> 1XQS/c_564 1XQS/c_225 1XQS/c_348 1XQS/c_405
Cluster 84 -> 1XQS/c_513 1XQS/c_559 1XQS/c_753 1XQS/c_209
Cluster 85 -> 1XQS/c_379 1XQS/c_545 1XQS/c_123 1XQS/c_242
Cluster 86 -> 1XQS/c_248 1XQS/c_554 1XQS/c_704 1XQS/c_707
