Cluster 1 -> 1Y64/c_637 1Y64/c_46 1Y64/c_49 1Y64/c_508 1Y64/c_533 1Y64/c_572 1Y64/c_610 1Y64/c_664 1Y64/c_672 1Y64/c_673 1Y64/c_682 1Y64/c_71 1Y64/c_733 1Y64/c_791 1Y64/c_830 1Y64/c_839 1Y64/c_844 1Y64/c_85 1Y64/c_872 1Y64/c_889 1Y64/c_899 1Y64/c_943 1Y64/c_958 1Y64/c_1000 1Y64/c_111 1Y64/c_149 1Y64/c_170 1Y64/c_201 1Y64/c_239 1Y64/c_240 1Y64/c_280 1Y64/c_285 1Y64/c_29 1Y64/c_304 1Y64/c_306 1Y64/c_311 1Y64/c_328 1Y64/c_345 1Y64/c_349 1Y64/c_363 1Y64/c_36 1Y64/c_374 1Y64/c_397
Cluster 2 -> 1Y64/c_271 1Y64/c_473 1Y64/c_510 1Y64/c_529 1Y64/c_584 1Y64/c_607 1Y64/c_621 1Y64/c_623 1Y64/c_651 1Y64/c_663 1Y64/c_690 1Y64/c_710 1Y64/c_724 1Y64/c_729 1Y64/c_765 1Y64/c_774 1Y64/c_794 1Y64/c_827 1Y64/c_835 1Y64/c_876 1Y64/c_904 1Y64/c_906 1Y64/c_935 1Y64/c_995 1Y64/c_165 1Y64/c_207 1Y64/c_247 1Y64/c_292 1Y64/c_301 1Y64/c_387 1Y64/c_390 1Y64/c_412 1Y64/c_420
Cluster 3 -> 1Y64/c_581 1Y64/c_448 1Y64/c_452 1Y64/c_479 1Y64/c_484 1Y64/c_490 1Y64/c_515 1Y64/c_554 1Y64/c_616 1Y64/c_654 1Y64/c_703 1Y64/c_759 1Y64/c_816 1Y64/c_915 1Y64/c_936 1Y64/c_972 1Y64/c_975 1Y64/c_169 1Y64/c_220 1Y64/c_234 1Y64/c_237 1Y64/c_245 1Y64/c_258 1Y64/c_270 1Y64/c_305 1Y64/c_356 1Y64/c_371 1Y64/c_436
Cluster 4 -> 1Y64/c_343 1Y64/c_463 1Y64/c_464 1Y64/c_539 1Y64/c_565 1Y64/c_590 1Y64/c_631 1Y64/c_643 1Y64/c_668 1Y64/c_748 1Y64/c_778 1Y64/c_793 1Y64/c_806 1Y64/c_922 1Y64/c_970 1Y64/c_110 1Y64/c_231 1Y64/c_295 1Y64/c_327 1Y64/c_332 1Y64/c_344 1Y64/c_347 1Y64/c_355 1Y64/c_419
Cluster 5 -> 1Y64/c_704 1Y64/c_47 1Y64/c_4 1Y64/c_544 1Y64/c_564 1Y64/c_612 1Y64/c_900 1Y64/c_9 1Y64/c_11 1Y64/c_157 1Y64/c_163 1Y64/c_1 1Y64/c_205 1Y64/c_232 1Y64/c_26 1Y64/c_272 1Y64/c_278 1Y64/c_282 1Y64/c_2 1Y64/c_331 1Y64/c_3 1Y64/c_411 1Y64/c_42
Cluster 6 -> 1Y64/c_52 1Y64/c_64 1Y64/c_670 1Y64/c_96 1Y64/c_984 1Y64/c_98 1Y64/c_115 1Y64/c_12 1Y64/c_146 1Y64/c_14 1Y64/c_150 1Y64/c_15 1Y64/c_18 1Y64/c_191 1Y64/c_224 1Y64/c_22 1Y64/c_24 1Y64/c_252 1Y64/c_27 1Y64/c_33 1Y64/c_40
Cluster 7 -> 1Y64/c_119 1Y64/c_481 1Y64/c_526 1Y64/c_530 1Y64/c_578 1Y64/c_650 1Y64/c_706 1Y64/c_719 1Y64/c_888 1Y64/c_964 1Y64/c_976 1Y64/c_104 1Y64/c_249 1Y64/c_287 1Y64/c_293 1Y64/c_297 1Y64/c_322 1Y64/c_351 1Y64/c_389
Cluster 8 -> 1Y64/c_59 1Y64/c_441 1Y64/c_50 1Y64/c_542 1Y64/c_547 1Y64/c_561 1Y64/c_599 1Y64/c_618 1Y64/c_715 1Y64/c_744 1Y64/c_749 1Y64/c_846 1Y64/c_267 1Y64/c_276 1Y64/c_333 1Y64/c_359 1Y64/c_391 1Y64/c_39
Cluster 9 -> 1Y64/c_44 1Y64/c_516 1Y64/c_517 1Y64/c_54 1Y64/c_56 1Y64/c_66 1Y64/c_680 1Y64/c_88 1Y64/c_105 1Y64/c_125 1Y64/c_152 1Y64/c_216 1Y64/c_241 1Y64/c_31 1Y64/c_32 1Y64/c_37 1Y64/c_385
Cluster 10 -> 1Y64/c_255 1Y64/c_492 1Y64/c_519 1Y64/c_566 1Y64/c_573 1Y64/c_592 1Y64/c_692 1Y64/c_699 1Y64/c_786 1Y64/c_832 1Y64/c_871 1Y64/c_929 1Y64/c_171 1Y64/c_194 1Y64/c_218 1Y64/c_368 1Y64/c_418
Cluster 11 -> 1Y64/c_588 1Y64/c_461 1Y64/c_563 1Y64/c_583 1Y64/c_633 1Y64/c_675 1Y64/c_693 1Y64/c_785 1Y64/c_829 1Y64/c_863 1Y64/c_91 1Y64/c_142 1Y64/c_159 1Y64/c_190 1Y64/c_227 1Y64/c_373
Cluster 12 -> 1Y64/c_174 1Y64/c_465 1Y64/c_577 1Y64/c_602 1Y64/c_701 1Y64/c_716 1Y64/c_742 1Y64/c_136 1Y64/c_184 1Y64/c_20 1Y64/c_222 1Y64/c_315 1Y64/c_34 1Y64/c_38 1Y64/c_414
Cluster 13 -> 1Y64/c_495 1Y64/c_5 1Y64/c_681 1Y64/c_720 1Y64/c_801 1Y64/c_8 1Y64/c_928 1Y64/c_953 1Y64/c_106 1Y64/c_185 1Y64/c_189 1Y64/c_202 1Y64/c_209 1Y64/c_352
Cluster 14 -> 1Y64/c_113 1Y64/c_534 1Y64/c_567 1Y64/c_595 1Y64/c_766 1Y64/c_779 1Y64/c_176 1Y64/c_177 1Y64/c_182 1Y64/c_251 1Y64/c_318 1Y64/c_323 1Y64/c_336 1Y64/c_433
Cluster 15 -> 1Y64/c_288 1Y64/c_478 1Y64/c_488 1Y64/c_513 1Y64/c_659 1Y64/c_731 1Y64/c_74 1Y64/c_773 1Y64/c_845 1Y64/c_896 1Y64/c_172 1Y64/c_248 1Y64/c_388
Cluster 16 -> 1Y64/c_736 1Y64/c_502 1Y64/c_58 1Y64/c_660 1Y64/c_767 1Y64/c_76 1Y64/c_890 1Y64/c_95 1Y64/c_130 1Y64/c_162 1Y64/c_164 1Y64/c_21
Cluster 17 -> 1Y64/c_726 1Y64/c_538 1Y64/c_611 1Y64/c_614 1Y64/c_617 1Y64/c_987 1Y64/c_219 1Y64/c_229 1Y64/c_320 1Y64/c_369 1Y64/c_383
Cluster 18 -> 1Y64/c_598 1Y64/c_51 1Y64/c_555 1Y64/c_559 1Y64/c_70 1Y64/c_80 1Y64/c_860 1Y64/c_23 1Y64/c_316 1Y64/c_35 1Y64/c_401
Cluster 19 -> 1Y64/c_855 1Y64/c_512 1Y64/c_587 1Y64/c_738 1Y64/c_893 1Y64/c_122 1Y64/c_238 1Y64/c_253 1Y64/c_302 1Y64/c_365
Cluster 20 -> 1Y64/c_757 1Y64/c_524 1Y64/c_570 1Y64/c_615 1Y64/c_665 1Y64/c_828 1Y64/c_236 1Y64/c_326 1Y64/c_402 1Y64/c_431
Cluster 21 -> 1Y64/c_624 1Y64/c_471 1Y64/c_523 1Y64/c_622 1Y64/c_769 1Y64/c_805 1Y64/c_857 1Y64/c_969 1Y64/c_284 1Y64/c_375
Cluster 22 -> 1Y64/c_395 1Y64/c_487 1Y64/c_604 1Y64/c_750 1Y64/c_809 1Y64/c_811 1Y64/c_100 1Y64/c_138 1Y64/c_175 1Y64/c_246
Cluster 23 -> 1Y64/c_264 1Y64/c_552 1Y64/c_613 1Y64/c_632 1Y64/c_634 1Y64/c_63 1Y64/c_81 1Y64/c_84 1Y64/c_858 1Y64/c_257
Cluster 24 -> 1Y64/c_141 1Y64/c_456 1Y64/c_62 1Y64/c_69 1Y64/c_86 1Y64/c_877 1Y64/c_275 1Y64/c_279 1Y64/c_330 1Y64/c_423
Cluster 25 -> 1Y64/c_99 1Y64/c_505 1Y64/c_712 1Y64/c_90 1Y64/c_97 1Y64/c_140 1Y64/c_215 1Y64/c_235 1Y64/c_429
Cluster 26 -> 1Y64/c_902 1Y64/c_589 1Y64/c_691 1Y64/c_758 1Y64/c_795 1Y64/c_930 1Y64/c_296 1Y64/c_334 1Y64/c_427
Cluster 27 -> 1Y64/c_848 1Y64/c_474 1Y64/c_656 1Y64/c_676 1Y64/c_686 1Y64/c_780 1Y64/c_859 1Y64/c_905 1Y64/c_263
Cluster 28 -> 1Y64/c_6 1Y64/c_45 1Y64/c_107 1Y64/c_10 1Y64/c_128 1Y64/c_158 1Y64/c_17 1Y64/c_254 1Y64/c_28
Cluster 29 -> 1Y64/c_382 1Y64/c_743 1Y64/c_771 1Y64/c_79 1Y64/c_831 1Y64/c_862 1Y64/c_87 1Y64/c_912 1Y64/c_314
Cluster 30 -> 1Y64/c_187 1Y64/c_531 1Y64/c_950 1Y64/c_147 1Y64/c_193 1Y64/c_329 1Y64/c_357 1Y64/c_362 1Y64/c_381
Cluster 31 -> 1Y64/c_179 1Y64/c_707 1Y64/c_931 1Y64/c_962 1Y64/c_183 1Y64/c_393 1Y64/c_394 1Y64/c_408 1Y64/c_409
Cluster 32 -> 1Y64/c_57 1Y64/c_489 1Y64/c_556 1Y64/c_83 1Y64/c_19 1Y64/c_244 1Y64/c_265 1Y64/c_406
Cluster 33 -> 1Y64/c_370 1Y64/c_557 1Y64/c_669 1Y64/c_898 1Y64/c_121 1Y64/c_180 1Y64/c_342 1Y64/c_354
Cluster 34 -> 1Y64/c_273 1Y64/c_94 1Y64/c_173 1Y64/c_25 1Y64/c_30 1Y64/c_310 1Y64/c_417 1Y64/c_440
Cluster 35 -> 1Y64/c_160 1Y64/c_941 1Y64/c_101 1Y64/c_131 1Y64/c_168 1Y64/c_181 1Y64/c_289 1Y64/c_348
Cluster 36 -> 1Y64/c_143 1Y64/c_482 1Y64/c_483 1Y64/c_768 1Y64/c_843 1Y64/c_161 1Y64/c_213 1Y64/c_317
Cluster 37 -> 1Y64/c_139 1Y64/c_93 1Y64/c_123 1Y64/c_166 1Y64/c_192 1Y64/c_303 1Y64/c_377 1Y64/c_43
Cluster 38 -> 1Y64/c_947 1Y64/c_537 1Y64/c_541 1Y64/c_629 1Y64/c_939 1Y64/c_154 1Y64/c_196
Cluster 39 -> 1Y64/c_75 1Y64/c_532 1Y64/c_658 1Y64/c_129 1Y64/c_132 1Y64/c_399 1Y64/c_435
Cluster 40 -> 1Y64/c_307 1Y64/c_603 1Y64/c_869 1Y64/c_884 1Y64/c_290 1Y64/c_309 1Y64/c_367
Cluster 41 -> 1Y64/c_286 1Y64/c_455 1Y64/c_815 1Y64/c_186 1Y64/c_195 1Y64/c_274 1Y64/c_360
Cluster 42 -> 1Y64/c_914 1Y64/c_468 1Y64/c_514 1Y64/c_117 1Y64/c_204 1Y64/c_228
Cluster 43 -> 1Y64/c_847 1Y64/c_506 1Y64/c_596 1Y64/c_833 1Y64/c_944 1Y64/c_294
Cluster 44 -> 1Y64/c_725 1Y64/c_644 1Y64/c_721 1Y64/c_777 1Y64/c_824 1Y64/c_384
Cluster 45 -> 1Y64/c_722 1Y64/c_442 1Y64/c_453 1Y64/c_648 1Y64/c_261 1Y64/c_325
Cluster 46 -> 1Y64/c_454 1Y64/c_480 1Y64/c_674 1Y64/c_126 1Y64/c_155 1Y64/c_438
Cluster 47 -> 1Y64/c_313 1Y64/c_475 1Y64/c_535 1Y64/c_120 1Y64/c_188 1Y64/c_200
Cluster 48 -> 1Y64/c_226 1Y64/c_55 1Y64/c_645 1Y64/c_283 1Y64/c_341 1Y64/c_410
Cluster 49 -> 1Y64/c_217 1Y64/c_569 1Y64/c_708 1Y64/c_102 1Y64/c_339 1Y64/c_353
Cluster 50 -> 1Y64/c_880 1Y64/c_683 1Y64/c_685 1Y64/c_808 1Y64/c_841
Cluster 51 -> 1Y64/c_790 1Y64/c_65 1Y64/c_907 1Y64/c_924 1Y64/c_92
Cluster 52 -> 1Y64/c_789 1Y64/c_551 1Y64/c_666 1Y64/c_883 1Y64/c_982
Cluster 53 -> 1Y64/c_783 1Y64/c_739 1Y64/c_776 1Y64/c_787 1Y64/c_340
Cluster 54 -> 1Y64/c_755 1Y64/c_864 1Y64/c_911 1Y64/c_269 1Y64/c_379
Cluster 55 -> 1Y64/c_695 1Y64/c_485 1Y64/c_850 1Y64/c_197 1Y64/c_319
Cluster 56 -> 1Y64/c_687 1Y64/c_932 1Y64/c_973 1Y64/c_148 1Y64/c_358
Cluster 57 -> 1Y64/c_550 1Y64/c_679 1Y64/c_746 1Y64/c_243 1Y64/c_338
Cluster 58 -> 1Y64/c_528 1Y64/c_498 1Y64/c_546 1Y64/c_838 1Y64/c_108
Cluster 59 -> 1Y64/c_511 1Y64/c_594 1Y64/c_852 1Y64/c_992 1Y64/c_308
Cluster 60 -> 1Y64/c_445 1Y64/c_662 1Y64/c_124 1Y64/c_206 1Y64/c_378
Cluster 61 -> 1Y64/c_425 1Y64/c_619 1Y64/c_913 1Y64/c_993 1Y64/c_250
Cluster 62 -> 1Y64/c_214 1Y64/c_605 1Y64/c_989 1Y64/c_208 1Y64/c_437
Cluster 63 -> 1Y64/c_178 1Y64/c_7 1Y64/c_13 1Y64/c_203 1Y64/c_422
Cluster 64 -> 1Y64/c_16 1Y64/c_472 1Y64/c_61 1Y64/c_626 1Y64/c_137
Cluster 65 -> 1Y64/c_999 1Y64/c_545 1Y64/c_799 1Y64/c_212
Cluster 66 -> 1Y64/c_994 1Y64/c_560 1Y64/c_709 1Y64/c_762
Cluster 67 -> 1Y64/c_89 1Y64/c_48 1Y64/c_67 1Y64/c_77
Cluster 68 -> 1Y64/c_853 1Y64/c_817 1Y64/c_298 1Y64/c_432
Cluster 69 -> 1Y64/c_807 1Y64/c_608 1Y64/c_963 1Y64/c_361
Cluster 70 -> 1Y64/c_770 1Y64/c_266 1Y64/c_337 1Y64/c_405
Cluster 71 -> 1Y64/c_730 1Y64/c_638 1Y64/c_800 1Y64/c_917
Cluster 72 -> 1Y64/c_600 1Y64/c_575 1Y64/c_233 1Y64/c_259
Cluster 73 -> 1Y64/c_582 1Y64/c_53 1Y64/c_114 1Y64/c_221
Cluster 74 -> 1Y64/c_268 1Y64/c_968 1Y64/c_156 1Y64/c_415
Cluster 75 -> 1Y64/c_199 1Y64/c_909 1Y64/c_127 1Y64/c_321
