Cluster 1 -> 2AJF/c_74 2AJF/c_44 2AJF/c_450 2AJF/c_489 2AJF/c_538 2AJF/c_596 2AJF/c_617 2AJF/c_642 2AJF/c_664 2AJF/c_665 2AJF/c_66 2AJF/c_701 2AJF/c_785 2AJF/c_840 2AJF/c_884 2AJF/c_935 2AJF/c_973 2AJF/c_107 2AJF/c_11 2AJF/c_137 2AJF/c_139 2AJF/c_147 2AJF/c_165 2AJF/c_188 2AJF/c_191 2AJF/c_252 2AJF/c_259 2AJF/c_265 2AJF/c_315 2AJF/c_327 2AJF/c_362 2AJF/c_367 2AJF/c_377 2AJF/c_403 2AJF/c_407 2AJF/c_433 2AJF/c_439
Cluster 2 -> 2AJF/c_777 2AJF/c_442 2AJF/c_480 2AJF/c_492 2AJF/c_508 2AJF/c_510 2AJF/c_520 2AJF/c_637 2AJF/c_639 2AJF/c_708 2AJF/c_789 2AJF/c_815 2AJF/c_849 2AJF/c_852 2AJF/c_85 2AJF/c_869 2AJF/c_88 2AJF/c_927 2AJF/c_127 2AJF/c_152 2AJF/c_157 2AJF/c_171 2AJF/c_181 2AJF/c_196 2AJF/c_205 2AJF/c_215 2AJF/c_234 2AJF/c_241 2AJF/c_308 2AJF/c_325 2AJF/c_337 2AJF/c_364 2AJF/c_391 2AJF/c_408 2AJF/c_417 2AJF/c_429
Cluster 3 -> 2AJF/c_138 2AJF/c_453 2AJF/c_484 2AJF/c_503 2AJF/c_552 2AJF/c_56 2AJF/c_593 2AJF/c_62 2AJF/c_638 2AJF/c_688 2AJF/c_68 2AJF/c_697 2AJF/c_767 2AJF/c_899 2AJF/c_89 2AJF/c_95 2AJF/c_97 2AJF/c_129 2AJF/c_148 2AJF/c_151 2AJF/c_167 2AJF/c_177 2AJF/c_210 2AJF/c_219 2AJF/c_231 2AJF/c_243 2AJF/c_246 2AJF/c_264 2AJF/c_309 2AJF/c_321 2AJF/c_332 2AJF/c_358 2AJF/c_359 2AJF/c_435 2AJF/c_440
Cluster 4 -> 2AJF/c_195 2AJF/c_45 2AJF/c_47 2AJF/c_49 2AJF/c_505 2AJF/c_51 2AJF/c_53 2AJF/c_549 2AJF/c_59 2AJF/c_5 2AJF/c_634 2AJF/c_746 2AJF/c_7 2AJF/c_93 2AJF/c_96 2AJF/c_10 2AJF/c_110 2AJF/c_13 2AJF/c_154 2AJF/c_155 2AJF/c_173 2AJF/c_18 2AJF/c_1 2AJF/c_21 2AJF/c_232 2AJF/c_23 2AJF/c_250 2AJF/c_251 2AJF/c_267 2AJF/c_270 2AJF/c_31 2AJF/c_34 2AJF/c_3 2AJF/c_427
Cluster 5 -> 2AJF/c_307 2AJF/c_454 2AJF/c_4 2AJF/c_502 2AJF/c_52 2AJF/c_610 2AJF/c_6 2AJF/c_70 2AJF/c_79 2AJF/c_80 2AJF/c_83 2AJF/c_86 2AJF/c_87 2AJF/c_8 2AJF/c_91 2AJF/c_9 2AJF/c_103 2AJF/c_108 2AJF/c_111 2AJF/c_125 2AJF/c_12 2AJF/c_145 2AJF/c_153 2AJF/c_15 2AJF/c_17 2AJF/c_20 2AJF/c_26 2AJF/c_294 2AJF/c_29 2AJF/c_2 2AJF/c_336 2AJF/c_375 2AJF/c_42
Cluster 6 -> 2AJF/c_690 2AJF/c_443 2AJF/c_458 2AJF/c_488 2AJF/c_550 2AJF/c_560 2AJF/c_565 2AJF/c_598 2AJF/c_660 2AJF/c_691 2AJF/c_713 2AJF/c_720 2AJF/c_766 2AJF/c_813 2AJF/c_837 2AJF/c_910 2AJF/c_997 2AJF/c_162 2AJF/c_218 2AJF/c_262 2AJF/c_271 2AJF/c_286 2AJF/c_290 2AJF/c_295 2AJF/c_298 2AJF/c_334 2AJF/c_373 2AJF/c_409 2AJF/c_432
Cluster 7 -> 2AJF/c_396 2AJF/c_467 2AJF/c_486 2AJF/c_523 2AJF/c_561 2AJF/c_606 2AJF/c_60 2AJF/c_651 2AJF/c_654 2AJF/c_65 2AJF/c_696 2AJF/c_725 2AJF/c_758 2AJF/c_832 2AJF/c_847 2AJF/c_872 2AJF/c_898 2AJF/c_106 2AJF/c_136 2AJF/c_140 2AJF/c_142 2AJF/c_207 2AJF/c_216 2AJF/c_223 2AJF/c_284 2AJF/c_341
Cluster 8 -> 2AJF/c_477 2AJF/c_469 2AJF/c_481 2AJF/c_526 2AJF/c_584 2AJF/c_594 2AJF/c_595 2AJF/c_597 2AJF/c_620 2AJF/c_629 2AJF/c_919 2AJF/c_943 2AJF/c_944 2AJF/c_200 2AJF/c_238 2AJF/c_249 2AJF/c_293 2AJF/c_345 2AJF/c_372 2AJF/c_382 2AJF/c_394 2AJF/c_428
Cluster 9 -> 2AJF/c_512 2AJF/c_459 2AJF/c_580 2AJF/c_61 2AJF/c_627 2AJF/c_644 2AJF/c_768 2AJF/c_820 2AJF/c_841 2AJF/c_858 2AJF/c_871 2AJF/c_133 2AJF/c_186 2AJF/c_263 2AJF/c_272 2AJF/c_279 2AJF/c_389 2AJF/c_39 2AJF/c_414
Cluster 10 -> 2AJF/c_346 2AJF/c_554 2AJF/c_576 2AJF/c_711 2AJF/c_76 2AJF/c_888 2AJF/c_985 2AJF/c_989 2AJF/c_150 2AJF/c_160 2AJF/c_233 2AJF/c_245 2AJF/c_292 2AJF/c_310 2AJF/c_399 2AJF/c_402 2AJF/c_416 2AJF/c_426 2AJF/c_43
Cluster 11 -> 2AJF/c_356 2AJF/c_493 2AJF/c_495 2AJF/c_513 2AJF/c_640 2AJF/c_667 2AJF/c_670 2AJF/c_752 2AJF/c_788 2AJF/c_906 2AJF/c_98 2AJF/c_141 2AJF/c_199 2AJF/c_228 2AJF/c_257 2AJF/c_328 2AJF/c_353 2AJF/c_430
Cluster 12 -> 2AJF/c_349 2AJF/c_522 2AJF/c_542 2AJF/c_67 2AJF/c_92 2AJF/c_94 2AJF/c_116 2AJF/c_131 2AJF/c_16 2AJF/c_226 2AJF/c_229 2AJF/c_236 2AJF/c_281 2AJF/c_323 2AJF/c_360 2AJF/c_37 2AJF/c_386 2AJF/c_420
Cluster 13 -> 2AJF/c_33 2AJF/c_444 2AJF/c_50 2AJF/c_55 2AJF/c_63 2AJF/c_64 2AJF/c_663 2AJF/c_71 2AJF/c_100 2AJF/c_104 2AJF/c_105 2AJF/c_122 2AJF/c_176 2AJF/c_22 2AJF/c_25 2AJF/c_299 2AJF/c_343
Cluster 14 -> 2AJF/c_531 2AJF/c_624 2AJF/c_677 2AJF/c_710 2AJF/c_773 2AJF/c_975 2AJF/c_99 2AJF/c_221 2AJF/c_254 2AJF/c_277 2AJF/c_300 2AJF/c_326 2AJF/c_384 2AJF/c_388 2AJF/c_405 2AJF/c_431
Cluster 15 -> 2AJF/c_668 2AJF/c_441 2AJF/c_475 2AJF/c_519 2AJF/c_558 2AJF/c_563 2AJF/c_645 2AJF/c_78 2AJF/c_838 2AJF/c_914 2AJF/c_959 2AJF/c_962 2AJF/c_201 2AJF/c_213 2AJF/c_398
Cluster 16 -> 2AJF/c_36 2AJF/c_491 2AJF/c_573 2AJF/c_646 2AJF/c_683 2AJF/c_72 2AJF/c_73 2AJF/c_101 2AJF/c_120 2AJF/c_135 2AJF/c_211 2AJF/c_27 2AJF/c_291 2AJF/c_378 2AJF/c_415
Cluster 17 -> 2AJF/c_833 2AJF/c_521 2AJF/c_633 2AJF/c_775 2AJF/c_803 2AJF/c_842 2AJF/c_879 2AJF/c_953 2AJF/c_960 2AJF/c_134 2AJF/c_178 2AJF/c_194 2AJF/c_244 2AJF/c_278
Cluster 18 -> 2AJF/c_504 2AJF/c_462 2AJF/c_463 2AJF/c_547 2AJF/c_567 2AJF/c_818 2AJF/c_82 2AJF/c_886 2AJF/c_901 2AJF/c_977 2AJF/c_183 2AJF/c_344 2AJF/c_390 2AJF/c_393
Cluster 19 -> 2AJF/c_784 2AJF/c_476 2AJF/c_532 2AJF/c_656 2AJF/c_740 2AJF/c_762 2AJF/c_77 2AJF/c_796 2AJF/c_804 2AJF/c_828 2AJF/c_880 2AJF/c_991 2AJF/c_124
Cluster 20 -> 2AJF/c_121 2AJF/c_48 2AJF/c_600 2AJF/c_69 2AJF/c_861 2AJF/c_115 2AJF/c_166 2AJF/c_182 2AJF/c_193 2AJF/c_214 2AJF/c_256 2AJF/c_287 2AJF/c_316
Cluster 21 -> 2AJF/c_743 2AJF/c_483 2AJF/c_528 2AJF/c_541 2AJF/c_628 2AJF/c_647 2AJF/c_653 2AJF/c_704 2AJF/c_808 2AJF/c_907 2AJF/c_931 2AJF/c_170
Cluster 22 -> 2AJF/c_714 2AJF/c_671 2AJF/c_754 2AJF/c_876 2AJF/c_168 2AJF/c_172 2AJF/c_179 2AJF/c_253 2AJF/c_28 2AJF/c_303 2AJF/c_352 2AJF/c_38
Cluster 23 -> 2AJF/c_678 2AJF/c_446 2AJF/c_525 2AJF/c_536 2AJF/c_583 2AJF/c_676 2AJF/c_738 2AJF/c_814 2AJF/c_90 2AJF/c_189 2AJF/c_247 2AJF/c_248
Cluster 24 -> 2AJF/c_280 2AJF/c_451 2AJF/c_46 2AJF/c_470 2AJF/c_54 2AJF/c_695 2AJF/c_728 2AJF/c_744 2AJF/c_128 2AJF/c_19 2AJF/c_239 2AJF/c_365
Cluster 25 -> 2AJF/c_143 2AJF/c_464 2AJF/c_530 2AJF/c_578 2AJF/c_605 2AJF/c_175 2AJF/c_180 2AJF/c_242 2AJF/c_24 2AJF/c_269 2AJF/c_288 2AJF/c_41
Cluster 26 -> 2AJF/c_951 2AJF/c_548 2AJF/c_684 2AJF/c_715 2AJF/c_826 2AJF/c_859 2AJF/c_881 2AJF/c_903 2AJF/c_909 2AJF/c_925 2AJF/c_980
Cluster 27 -> 2AJF/c_655 2AJF/c_643 2AJF/c_726 2AJF/c_800 2AJF/c_945 2AJF/c_158 2AJF/c_198 2AJF/c_208 2AJF/c_296 2AJF/c_369 2AJF/c_434
Cluster 28 -> 2AJF/c_333 2AJF/c_457 2AJF/c_472 2AJF/c_499 2AJF/c_556 2AJF/c_619 2AJF/c_680 2AJF/c_929 2AJF/c_964 2AJF/c_212 2AJF/c_283
Cluster 29 -> 2AJF/c_866 2AJF/c_497 2AJF/c_506 2AJF/c_517 2AJF/c_589 2AJF/c_731 2AJF/c_855 2AJF/c_305 2AJF/c_312 2AJF/c_370
Cluster 30 -> 2AJF/c_821 2AJF/c_500 2AJF/c_794 2AJF/c_942 2AJF/c_144 2AJF/c_324 2AJF/c_329 2AJF/c_338 2AJF/c_340 2AJF/c_392
Cluster 31 -> 2AJF/c_357 2AJF/c_529 2AJF/c_220 2AJF/c_258 2AJF/c_313 2AJF/c_314 2AJF/c_35 2AJF/c_363 2AJF/c_371 2AJF/c_381
Cluster 32 -> 2AJF/c_795 2AJF/c_575 2AJF/c_806 2AJF/c_164 2AJF/c_206 2AJF/c_237 2AJF/c_301 2AJF/c_331 2AJF/c_437
Cluster 33 -> 2AJF/c_692 2AJF/c_447 2AJF/c_587 2AJF/c_723 2AJF/c_745 2AJF/c_771 2AJF/c_799 2AJF/c_839 2AJF/c_860
Cluster 34 -> 2AJF/c_648 2AJF/c_498 2AJF/c_514 2AJF/c_614 2AJF/c_703 2AJF/c_734 2AJF/c_739 2AJF/c_911 2AJF/c_999
Cluster 35 -> 2AJF/c_625 2AJF/c_479 2AJF/c_544 2AJF/c_569 2AJF/c_709 2AJF/c_716 2AJF/c_240 2AJF/c_275 2AJF/c_421
Cluster 36 -> 2AJF/c_516 2AJF/c_572 2AJF/c_652 2AJF/c_823 2AJF/c_126 2AJF/c_209 2AJF/c_368 2AJF/c_379 2AJF/c_422
Cluster 37 -> 2AJF/c_174 2AJF/c_452 2AJF/c_540 2AJF/c_591 2AJF/c_604 2AJF/c_721 2AJF/c_887 2AJF/c_117 2AJF/c_289
Cluster 38 -> 2AJF/c_577 2AJF/c_455 2AJF/c_507 2AJF/c_904 2AJF/c_918 2AJF/c_197 2AJF/c_202 2AJF/c_339
Cluster 39 -> 2AJF/c_533 2AJF/c_461 2AJF/c_755 2AJF/c_84 2AJF/c_896 2AJF/c_159 2AJF/c_318 2AJF/c_400
Cluster 40 -> 2AJF/c_217 2AJF/c_603 2AJF/c_669 2AJF/c_14 2AJF/c_156 2AJF/c_255 2AJF/c_354 2AJF/c_355
Cluster 41 -> 2AJF/c_981 2AJF/c_537 2AJF/c_582 2AJF/c_735 2AJF/c_320 2AJF/c_380 2AJF/c_406
Cluster 42 -> 2AJF/c_948 2AJF/c_571 2AJF/c_686 2AJF/c_830 2AJF/c_203 2AJF/c_225 2AJF/c_266
Cluster 43 -> 2AJF/c_928 2AJF/c_687 2AJF/c_772 2AJF/c_850 2AJF/c_966 2AJF/c_130 2AJF/c_385
Cluster 44 -> 2AJF/c_81 2AJF/c_570 2AJF/c_781 2AJF/c_118 2AJF/c_163 2AJF/c_261 2AJF/c_32
Cluster 45 -> 2AJF/c_791 2AJF/c_448 2AJF/c_632 2AJF/c_765 2AJF/c_776 2AJF/c_831 2AJF/c_268
Cluster 46 -> 2AJF/c_57 2AJF/c_545 2AJF/c_599 2AJF/c_827 2AJF/c_897 2AJF/c_224 2AJF/c_282
Cluster 47 -> 2AJF/c_347 2AJF/c_736 2AJF/c_854 2AJF/c_102 2AJF/c_114 2AJF/c_319 2AJF/c_335
Cluster 48 -> 2AJF/c_915 2AJF/c_518 2AJF/c_586 2AJF/c_659 2AJF/c_719 2AJF/c_727
Cluster 49 -> 2AJF/c_912 2AJF/c_618 2AJF/c_797 2AJF/c_276 2AJF/c_40 2AJF/c_413
Cluster 50 -> 2AJF/c_844 2AJF/c_557 2AJF/c_868 2AJF/c_1000 2AJF/c_204 2AJF/c_330
Cluster 51 -> 2AJF/c_805 2AJF/c_608 2AJF/c_699 2AJF/c_974 2AJF/c_119 2AJF/c_146
Cluster 52 -> 2AJF/c_401 2AJF/c_471 2AJF/c_490 2AJF/c_592 2AJF/c_630 2AJF/c_895
Cluster 53 -> 2AJF/c_972 2AJF/c_658 2AJF/c_732 2AJF/c_770 2AJF/c_864
Cluster 54 -> 2AJF/c_957 2AJF/c_666 2AJF/c_689 2AJF/c_698 2AJF/c_730
Cluster 55 -> 2AJF/c_913 2AJF/c_786 2AJF/c_817 2AJF/c_889 2AJF/c_924
Cluster 56 -> 2AJF/c_902 2AJF/c_555 2AJF/c_878 2AJF/c_916 2AJF/c_920
Cluster 57 -> 2AJF/c_825 2AJF/c_468 2AJF/c_757 2AJF/c_843 2AJF/c_990
Cluster 58 -> 2AJF/c_760 2AJF/c_123 2AJF/c_187 2AJF/c_230 2AJF/c_274
Cluster 59 -> 2AJF/c_75 2AJF/c_456 2AJF/c_473 2AJF/c_621 2AJF/c_809
Cluster 60 -> 2AJF/c_649 2AJF/c_892 2AJF/c_109 2AJF/c_404 2AJF/c_425
Cluster 61 -> 2AJF/c_607 2AJF/c_792 2AJF/c_811 2AJF/c_934 2AJF/c_383
Cluster 62 -> 2AJF/c_342 2AJF/c_466 2AJF/c_707 2AJF/c_763 2AJF/c_304
Cluster 63 -> 2AJF/c_995 2AJF/c_616 2AJF/c_285 2AJF/c_412
Cluster 64 -> 2AJF/c_955 2AJF/c_702 2AJF/c_718 2AJF/c_950
Cluster 65 -> 2AJF/c_954 2AJF/c_737 2AJF/c_753 2AJF/c_900
Cluster 66 -> 2AJF/c_946 2AJF/c_535 2AJF/c_851 2AJF/c_922
Cluster 67 -> 2AJF/c_940 2AJF/c_445 2AJF/c_764 2AJF/c_419
Cluster 68 -> 2AJF/c_930 2AJF/c_749 2AJF/c_810 2AJF/c_348
Cluster 69 -> 2AJF/c_891 2AJF/c_501 2AJF/c_650 2AJF/c_893
Cluster 70 -> 2AJF/c_848 2AJF/c_190 2AJF/c_351 2AJF/c_376
Cluster 71 -> 2AJF/c_845 2AJF/c_674 2AJF/c_681 2AJF/c_958
Cluster 72 -> 2AJF/c_834 2AJF/c_579 2AJF/c_923 2AJF/c_976
Cluster 73 -> 2AJF/c_802 2AJF/c_494 2AJF/c_712 2AJF/c_436
Cluster 74 -> 2AJF/c_787 2AJF/c_511 2AJF/c_641 2AJF/c_706
Cluster 75 -> 2AJF/c_756 2AJF/c_113 2AJF/c_260 2AJF/c_374
Cluster 76 -> 2AJF/c_613 2AJF/c_566 2AJF/c_169 2AJF/c_30
Cluster 77 -> 2AJF/c_449 2AJF/c_524 2AJF/c_564 2AJF/c_366
Cluster 78 -> 2AJF/c_317 2AJF/c_983 2AJF/c_423 2AJF/c_424
Cluster 79 -> 2AJF/c_227 2AJF/c_717 2AJF/c_306 2AJF/c_387
