Cluster 1 -> 2B42/c_350 2B42/c_446 2B42/c_447 2B42/c_454 2B42/c_474 2B42/c_47 2B42/c_530 2B42/c_53 2B42/c_561 2B42/c_597 2B42/c_600 2B42/c_601 2B42/c_60 2B42/c_612 2B42/c_638 2B42/c_653 2B42/c_66 2B42/c_67 2B42/c_721 2B42/c_758 2B42/c_778 2B42/c_818 2B42/c_81 2B42/c_870 2B42/c_908 2B42/c_91 2B42/c_926 2B42/c_92 2B42/c_95 2B42/c_113 2B42/c_119 2B42/c_136 2B42/c_137 2B42/c_140 2B42/c_141 2B42/c_142 2B42/c_150 2B42/c_157 2B42/c_158 2B42/c_191 2B42/c_193 2B42/c_194 2B42/c_219 2B42/c_251 2B42/c_253 2B42/c_261 2B42/c_27 2B42/c_282 2B42/c_291 2B42/c_299 2B42/c_311 2B42/c_314 2B42/c_322 2B42/c_324 2B42/c_328 2B42/c_334 2B42/c_340 2B42/c_341 2B42/c_348 2B42/c_349 2B42/c_380 2B42/c_383 2B42/c_390 2B42/c_397 2B42/c_398 2B42/c_406 2B42/c_410 2B42/c_41
Cluster 2 -> 2B42/c_94 2B42/c_445 2B42/c_44 2B42/c_484 2B42/c_49 2B42/c_4 2B42/c_52 2B42/c_562 2B42/c_5 2B42/c_61 2B42/c_63 2B42/c_640 2B42/c_669 2B42/c_692 2B42/c_695 2B42/c_6 2B42/c_72 2B42/c_7 2B42/c_89 2B42/c_8 2B42/c_966 2B42/c_992 2B42/c_9 2B42/c_108 2B42/c_112 2B42/c_11 2B42/c_126 2B42/c_12 2B42/c_14 2B42/c_164 2B42/c_167 2B42/c_16 2B42/c_17 2B42/c_18 2B42/c_192 2B42/c_1 2B42/c_202 2B42/c_21 2B42/c_225 2B42/c_241 2B42/c_24 2B42/c_267 2B42/c_292 2B42/c_2 2B42/c_310 2B42/c_32 2B42/c_35 2B42/c_37 2B42/c_384 2B42/c_39 2B42/c_3 2B42/c_403 2B42/c_420
Cluster 3 -> 2B42/c_162 2B42/c_472 2B42/c_479 2B42/c_483 2B42/c_48 2B42/c_517 2B42/c_567 2B42/c_582 2B42/c_632 2B42/c_634 2B42/c_680 2B42/c_70 2B42/c_74 2B42/c_755 2B42/c_85 2B42/c_87 2B42/c_893 2B42/c_931 2B42/c_103 2B42/c_128 2B42/c_129 2B42/c_130 2B42/c_145 2B42/c_173 2B42/c_200 2B42/c_223 2B42/c_224 2B42/c_233 2B42/c_240 2B42/c_244 2B42/c_247 2B42/c_260 2B42/c_288 2B42/c_308 2B42/c_30 2B42/c_320 2B42/c_333 2B42/c_33 2B42/c_343 2B42/c_360 2B42/c_366 2B42/c_38 2B42/c_393 2B42/c_407
Cluster 4 -> 2B42/c_945 2B42/c_453 2B42/c_46 2B42/c_475 2B42/c_491 2B42/c_500 2B42/c_514 2B42/c_520 2B42/c_602 2B42/c_614 2B42/c_65 2B42/c_676 2B42/c_68 2B42/c_708 2B42/c_808 2B42/c_891 2B42/c_933 2B42/c_105 2B42/c_132 2B42/c_151 2B42/c_161 2B42/c_220 2B42/c_227 2B42/c_229 2B42/c_231 2B42/c_232 2B42/c_239 2B42/c_25 2B42/c_281 2B42/c_305 2B42/c_36 2B42/c_373 2B42/c_377 2B42/c_379 2B42/c_408 2B42/c_418 2B42/c_425 2B42/c_427
Cluster 5 -> 2B42/c_395 2B42/c_486 2B42/c_490 2B42/c_51 2B42/c_541 2B42/c_563 2B42/c_57 2B42/c_59 2B42/c_64 2B42/c_73 2B42/c_76 2B42/c_82 2B42/c_83 2B42/c_861 2B42/c_929 2B42/c_101 2B42/c_106 2B42/c_109 2B42/c_110 2B42/c_117 2B42/c_120 2B42/c_124 2B42/c_148 2B42/c_155 2B42/c_163 2B42/c_171 2B42/c_176 2B42/c_179 2B42/c_181 2B42/c_208 2B42/c_278 2B42/c_331
Cluster 6 -> 2B42/c_448 2B42/c_518 2B42/c_624 2B42/c_636 2B42/c_645 2B42/c_677 2B42/c_702 2B42/c_712 2B42/c_734 2B42/c_736 2B42/c_742 2B42/c_795 2B42/c_829 2B42/c_848 2B42/c_857 2B42/c_880 2B42/c_90 2B42/c_1000 2B42/c_183 2B42/c_205 2B42/c_218 2B42/c_230 2B42/c_294 2B42/c_298 2B42/c_327 2B42/c_330 2B42/c_356 2B42/c_357 2B42/c_361 2B42/c_415
Cluster 7 -> 2B42/c_271 2B42/c_527 2B42/c_593 2B42/c_622 2B42/c_625 2B42/c_639 2B42/c_650 2B42/c_733 2B42/c_753 2B42/c_801 2B42/c_810 2B42/c_823 2B42/c_845 2B42/c_871 2B42/c_974 2B42/c_98 2B42/c_190 2B42/c_217 2B42/c_234 2B42/c_254 2B42/c_315 2B42/c_317 2B42/c_323 2B42/c_355 2B42/c_372 2B42/c_402 2B42/c_435
Cluster 8 -> 2B42/c_189 2B42/c_456 2B42/c_499 2B42/c_509 2B42/c_56 2B42/c_62 2B42/c_678 2B42/c_69 2B42/c_722 2B42/c_77 2B42/c_798 2B42/c_809 2B42/c_887 2B42/c_88 2B42/c_912 2B42/c_975 2B42/c_102 2B42/c_152 2B42/c_154 2B42/c_170 2B42/c_213 2B42/c_216 2B42/c_222 2B42/c_265 2B42/c_272 2B42/c_286 2B42/c_40
Cluster 9 -> 2B42/c_79 2B42/c_452 2B42/c_501 2B42/c_523 2B42/c_537 2B42/c_539 2B42/c_546 2B42/c_54 2B42/c_621 2B42/c_684 2B42/c_698 2B42/c_711 2B42/c_713 2B42/c_737 2B42/c_750 2B42/c_771 2B42/c_863 2B42/c_96 2B42/c_973 2B42/c_172 2B42/c_174 2B42/c_301 2B42/c_309 2B42/c_339 2B42/c_433
Cluster 10 -> 2B42/c_573 2B42/c_465 2B42/c_467 2B42/c_469 2B42/c_489 2B42/c_494 2B42/c_498 2B42/c_606 2B42/c_748 2B42/c_761 2B42/c_785 2B42/c_814 2B42/c_885 2B42/c_889 2B42/c_914 2B42/c_104 2B42/c_138 2B42/c_180 2B42/c_249 2B42/c_295 2B42/c_326 2B42/c_329 2B42/c_404 2B42/c_414 2B42/c_436
Cluster 11 -> 2B42/c_186 2B42/c_450 2B42/c_458 2B42/c_608 2B42/c_620 2B42/c_670 2B42/c_71 2B42/c_802 2B42/c_804 2B42/c_100 2B42/c_10 2B42/c_114 2B42/c_131 2B42/c_146 2B42/c_15 2B42/c_165 2B42/c_182 2B42/c_226 2B42/c_228 2B42/c_246 2B42/c_28 2B42/c_335 2B42/c_34 2B42/c_354 2B42/c_423
Cluster 12 -> 2B42/c_644 2B42/c_461 2B42/c_617 2B42/c_623 2B42/c_629 2B42/c_661 2B42/c_700 2B42/c_704 2B42/c_709 2B42/c_715 2B42/c_720 2B42/c_727 2B42/c_895 2B42/c_955 2B42/c_97 2B42/c_981 2B42/c_993 2B42/c_19 2B42/c_206 2B42/c_23 2B42/c_273 2B42/c_296 2B42/c_346
Cluster 13 -> 2B42/c_503 2B42/c_556 2B42/c_615 2B42/c_690 2B42/c_99 2B42/c_123 2B42/c_139 2B42/c_13 2B42/c_149 2B42/c_178 2B42/c_20 2B42/c_258 2B42/c_26 2B42/c_300 2B42/c_306 2B42/c_316 2B42/c_31 2B42/c_337 2B42/c_345 2B42/c_362 2B42/c_364 2B42/c_396 2B42/c_417
Cluster 14 -> 2B42/c_783 2B42/c_444 2B42/c_502 2B42/c_581 2B42/c_618 2B42/c_699 2B42/c_786 2B42/c_842 2B42/c_853 2B42/c_917 2B42/c_922 2B42/c_948 2B42/c_133 2B42/c_175 2B42/c_209 2B42/c_22 2B42/c_280 2B42/c_332 2B42/c_352 2B42/c_375 2B42/c_412 2B42/c_42
Cluster 15 -> 2B42/c_144 2B42/c_493 2B42/c_524 2B42/c_531 2B42/c_550 2B42/c_663 2B42/c_719 2B42/c_904 2B42/c_946 2B42/c_962 2B42/c_115 2B42/c_134 2B42/c_143 2B42/c_159 2B42/c_197 2B42/c_204 2B42/c_236 2B42/c_237 2B42/c_248 2B42/c_283 2B42/c_385 2B42/c_421
Cluster 16 -> 2B42/c_805 2B42/c_528 2B42/c_535 2B42/c_572 2B42/c_589 2B42/c_619 2B42/c_658 2B42/c_724 2B42/c_725 2B42/c_760 2B42/c_779 2B42/c_789 2B42/c_820 2B42/c_987 2B42/c_185 2B42/c_196 2B42/c_214 2B42/c_274 2B42/c_351
Cluster 17 -> 2B42/c_903 2B42/c_487 2B42/c_515 2B42/c_627 2B42/c_668 2B42/c_729 2B42/c_788 2B42/c_858 2B42/c_943 2B42/c_988 2B42/c_195 2B42/c_268 2B42/c_285 2B42/c_376 2B42/c_401 2B42/c_422
Cluster 18 -> 2B42/c_506 2B42/c_480 2B42/c_512 2B42/c_560 2B42/c_569 2B42/c_673 2B42/c_701 2B42/c_716 2B42/c_752 2B42/c_833 2B42/c_844 2B42/c_896 2B42/c_971 2B42/c_116 2B42/c_429
Cluster 19 -> 2B42/c_45 2B42/c_443 2B42/c_459 2B42/c_554 2B42/c_654 2B42/c_767 2B42/c_800 2B42/c_839 2B42/c_986 2B42/c_125 2B42/c_243 2B42/c_250 2B42/c_256 2B42/c_302 2B42/c_399
Cluster 20 -> 2B42/c_894 2B42/c_516 2B42/c_575 2B42/c_576 2B42/c_584 2B42/c_605 2B42/c_696 2B42/c_697 2B42/c_764 2B42/c_828 2B42/c_876 2B42/c_997 2B42/c_245 2B42/c_297
Cluster 21 -> 2B42/c_878 2B42/c_442 2B42/c_50 2B42/c_534 2B42/c_547 2B42/c_662 2B42/c_913 2B42/c_188 2B42/c_211 2B42/c_252 2B42/c_277 2B42/c_290 2B42/c_389
Cluster 22 -> 2B42/c_791 2B42/c_544 2B42/c_545 2B42/c_58 2B42/c_599 2B42/c_607 2B42/c_626 2B42/c_647 2B42/c_681 2B42/c_201 2B42/c_276 2B42/c_289 2B42/c_304
Cluster 23 -> 2B42/c_555 2B42/c_505 2B42/c_552 2B42/c_564 2B42/c_655 2B42/c_703 2B42/c_757 2B42/c_806 2B42/c_859 2B42/c_996 2B42/c_221 2B42/c_242 2B42/c_440
Cluster 24 -> 2B42/c_834 2B42/c_477 2B42/c_688 2B42/c_707 2B42/c_774 2B42/c_841 2B42/c_982 2B42/c_111 2B42/c_118 2B42/c_419 2B42/c_428 2B42/c_432
Cluster 25 -> 2B42/c_643 2B42/c_507 2B42/c_744 2B42/c_754 2B42/c_797 2B42/c_86 2B42/c_873 2B42/c_920 2B42/c_177 2B42/c_203 2B42/c_264 2B42/c_293
Cluster 26 -> 2B42/c_198 2B42/c_457 2B42/c_482 2B42/c_543 2B42/c_652 2B42/c_675 2B42/c_766 2B42/c_803 2B42/c_135 2B42/c_275 2B42/c_374 2B42/c_434
Cluster 27 -> 2B42/c_565 2B42/c_586 2B42/c_749 2B42/c_787 2B42/c_852 2B42/c_890 2B42/c_911 2B42/c_959 2B42/c_963 2B42/c_312 2B42/c_368
Cluster 28 -> 2B42/c_460 2B42/c_473 2B42/c_497 2B42/c_557 2B42/c_609 2B42/c_628 2B42/c_674 2B42/c_822 2B42/c_901 2B42/c_928 2B42/c_353
Cluster 29 -> 2B42/c_694 2B42/c_471 2B42/c_496 2B42/c_648 2B42/c_979 2B42/c_169 2B42/c_199 2B42/c_358 2B42/c_359
Cluster 30 -> 2B42/c_642 2B42/c_468 2B42/c_481 2B42/c_672 2B42/c_122 2B42/c_127 2B42/c_184 2B42/c_266 2B42/c_365
Cluster 31 -> 2B42/c_633 2B42/c_504 2B42/c_578 2B42/c_78 2B42/c_970 2B42/c_107 2B42/c_270 2B42/c_29 2B42/c_400
Cluster 32 -> 2B42/c_318 2B42/c_568 2B42/c_580 2B42/c_583 2B42/c_588 2B42/c_751 2B42/c_994 2B42/c_121 2B42/c_363
Cluster 33 -> 2B42/c_80 2B42/c_488 2B42/c_574 2B42/c_610 2B42/c_836 2B42/c_153 2B42/c_166 2B42/c_344
Cluster 34 -> 2B42/c_939 2B42/c_854 2B42/c_888 2B42/c_909 2B42/c_950 2B42/c_430 2B42/c_431
Cluster 35 -> 2B42/c_918 2B42/c_463 2B42/c_508 2B42/c_651 2B42/c_762 2B42/c_919 2B42/c_413
Cluster 36 -> 2B42/c_865 2B42/c_464 2B42/c_532 2B42/c_592 2B42/c_717 2B42/c_325 2B42/c_405
Cluster 37 -> 2B42/c_747 2B42/c_451 2B42/c_511 2B42/c_521 2B42/c_685 2B42/c_772 2B42/c_439
Cluster 38 -> 2B42/c_706 2B42/c_548 2B42/c_558 2B42/c_603 2B42/c_807 2B42/c_827 2B42/c_259
Cluster 39 -> 2B42/c_686 2B42/c_529 2B42/c_635 2B42/c_691 2B42/c_745 2B42/c_830 2B42/c_255
Cluster 40 -> 2B42/c_656 2B42/c_441 2B42/c_883 2B42/c_925 2B42/c_321 2B42/c_336 2B42/c_411
Cluster 41 -> 2B42/c_972 2B42/c_777 2B42/c_817 2B42/c_954 2B42/c_303 2B42/c_369
Cluster 42 -> 2B42/c_941 2B42/c_492 2B42/c_718 2B42/c_756 2B42/c_776 2B42/c_965
Cluster 43 -> 2B42/c_847 2B42/c_526 2B42/c_553 2B42/c_571 2B42/c_367 2B42/c_391
Cluster 44 -> 2B42/c_811 2B42/c_637 2B42/c_732 2B42/c_850 2B42/c_874 2B42/c_999
Cluster 45 -> 2B42/c_782 2B42/c_660 2B42/c_710 2B42/c_765 2B42/c_921 2B42/c_956
Cluster 46 -> 2B42/c_780 2B42/c_616 2B42/c_671 2B42/c_319 2B42/c_438 2B42/c_43
Cluster 47 -> 2B42/c_759 2B42/c_470 2B42/c_657 2B42/c_693 2B42/c_730 2B42/c_307
Cluster 48 -> 2B42/c_739 2B42/c_613 2B42/c_714 2B42/c_738 2B42/c_864 2B42/c_967
Cluster 49 -> 2B42/c_212 2B42/c_513 2B42/c_689 2B42/c_147 2B42/c_210 2B42/c_235
Cluster 50 -> 2B42/c_942 2B42/c_577 2B42/c_773 2B42/c_910 2B42/c_437
Cluster 51 -> 2B42/c_930 2B42/c_899 2B42/c_156 2B42/c_347 2B42/c_409
Cluster 52 -> 2B42/c_892 2B42/c_665 2B42/c_775 2B42/c_875 2B42/c_905
Cluster 53 -> 2B42/c_877 2B42/c_538 2B42/c_585 2B42/c_769 2B42/c_860
Cluster 54 -> 2B42/c_812 2B42/c_679 2B42/c_881 2B42/c_924 2B42/c_964
Cluster 55 -> 2B42/c_533 2B42/c_596 2B42/c_824 2B42/c_886 2B42/c_898
Cluster 56 -> 2B42/c_525 2B42/c_649 2B42/c_666 2B42/c_75 2B42/c_916
Cluster 57 -> 2B42/c_995 2B42/c_740 2B42/c_935 2B42/c_394
Cluster 58 -> 2B42/c_978 2B42/c_462 2B42/c_832 2B42/c_846
Cluster 59 -> 2B42/c_976 2B42/c_466 2B42/c_542 2B42/c_998
Cluster 60 -> 2B42/c_951 2B42/c_522 2B42/c_906 2B42/c_342
Cluster 61 -> 2B42/c_944 2B42/c_540 2B42/c_900 2B42/c_381
Cluster 62 -> 2B42/c_940 2B42/c_549 2B42/c_763 2B42/c_813
Cluster 63 -> 2B42/c_796 2B42/c_160 2B42/c_262 2B42/c_370
Cluster 64 -> 2B42/c_741 2B42/c_536 2B42/c_728 2B42/c_862
Cluster 65 -> 2B42/c_682 2B42/c_683 2B42/c_958 2B42/c_257
Cluster 66 -> 2B42/c_611 2B42/c_485 2B42/c_187 2B42/c_269
Cluster 67 -> 2B42/c_579 2B42/c_476 2B42/c_570 2B42/c_215
Cluster 68 -> 2B42/c_371 2B42/c_768 2B42/c_799 2B42/c_952
Cluster 69 -> 2B42/c_279 2B42/c_630 2B42/c_743 2B42/c_923
