Cluster 1 -> 2HLE/c_34 2HLE/c_451 2HLE/c_45 2HLE/c_4 2HLE/c_590 2HLE/c_5 2HLE/c_60 2HLE/c_610 2HLE/c_652 2HLE/c_657 2HLE/c_662 2HLE/c_664 2HLE/c_685 2HLE/c_68 2HLE/c_751 2HLE/c_772 2HLE/c_78 2HLE/c_799 2HLE/c_844 2HLE/c_850 2HLE/c_872 2HLE/c_886 2HLE/c_908 2HLE/c_912 2HLE/c_965 2HLE/c_994 2HLE/c_9 2HLE/c_110 2HLE/c_116 2HLE/c_123 2HLE/c_136 2HLE/c_139 2HLE/c_13 2HLE/c_146 2HLE/c_158 2HLE/c_17 2HLE/c_191 2HLE/c_225 2HLE/c_233 2HLE/c_267 2HLE/c_271 2HLE/c_301 2HLE/c_31 2HLE/c_32 2HLE/c_33 2HLE/c_361 2HLE/c_391 2HLE/c_396 2HLE/c_3 2HLE/c_425 2HLE/c_42 2HLE/c_436
Cluster 2 -> 2HLE/c_476 2HLE/c_487 2HLE/c_502 2HLE/c_51 2HLE/c_525 2HLE/c_532 2HLE/c_552 2HLE/c_570 2HLE/c_573 2HLE/c_628 2HLE/c_636 2HLE/c_692 2HLE/c_699 2HLE/c_722 2HLE/c_727 2HLE/c_728 2HLE/c_75 2HLE/c_769 2HLE/c_77 2HLE/c_781 2HLE/c_801 2HLE/c_81 2HLE/c_869 2HLE/c_882 2HLE/c_89 2HLE/c_906 2HLE/c_91 2HLE/c_984 2HLE/c_107 2HLE/c_10 2HLE/c_126 2HLE/c_130 2HLE/c_156 2HLE/c_163 2HLE/c_167 2HLE/c_177 2HLE/c_19 2HLE/c_201 2HLE/c_20 2HLE/c_269 2HLE/c_26 2HLE/c_297 2HLE/c_300 2HLE/c_332 2HLE/c_36 2HLE/c_376 2HLE/c_404 2HLE/c_407 2HLE/c_41 2HLE/c_435
Cluster 3 -> 2HLE/c_109 2HLE/c_475 2HLE/c_50 2HLE/c_527 2HLE/c_52 2HLE/c_547 2HLE/c_577 2HLE/c_591 2HLE/c_647 2HLE/c_65 2HLE/c_69 2HLE/c_70 2HLE/c_744 2HLE/c_809 2HLE/c_80 2HLE/c_824 2HLE/c_87 2HLE/c_896 2HLE/c_90 2HLE/c_94 2HLE/c_106 2HLE/c_112 2HLE/c_115 2HLE/c_120 2HLE/c_121 2HLE/c_125 2HLE/c_134 2HLE/c_140 2HLE/c_141 2HLE/c_14 2HLE/c_150 2HLE/c_160 2HLE/c_172 2HLE/c_182 2HLE/c_194 2HLE/c_211 2HLE/c_22 2HLE/c_263 2HLE/c_280 2HLE/c_296 2HLE/c_299 2HLE/c_312 2HLE/c_313 2HLE/c_326 2HLE/c_374 2HLE/c_393 2HLE/c_429
Cluster 4 -> 2HLE/c_805 2HLE/c_492 2HLE/c_503 2HLE/c_515 2HLE/c_517 2HLE/c_526 2HLE/c_542 2HLE/c_544 2HLE/c_574 2HLE/c_576 2HLE/c_627 2HLE/c_62 2HLE/c_648 2HLE/c_676 2HLE/c_681 2HLE/c_717 2HLE/c_784 2HLE/c_834 2HLE/c_84 2HLE/c_851 2HLE/c_863 2HLE/c_901 2HLE/c_905 2HLE/c_929 2HLE/c_934 2HLE/c_943 2HLE/c_951 2HLE/c_962 2HLE/c_999 2HLE/c_138 2HLE/c_149 2HLE/c_154 2HLE/c_210 2HLE/c_245 2HLE/c_246 2HLE/c_248 2HLE/c_255 2HLE/c_265 2HLE/c_270 2HLE/c_342 2HLE/c_348 2HLE/c_354 2HLE/c_382 2HLE/c_408
Cluster 5 -> 2HLE/c_479 2HLE/c_46 2HLE/c_474 2HLE/c_564 2HLE/c_588 2HLE/c_622 2HLE/c_629 2HLE/c_640 2HLE/c_675 2HLE/c_714 2HLE/c_732 2HLE/c_757 2HLE/c_771 2HLE/c_867 2HLE/c_888 2HLE/c_904 2HLE/c_924 2HLE/c_92 2HLE/c_938 2HLE/c_940 2HLE/c_119 2HLE/c_142 2HLE/c_147 2HLE/c_187 2HLE/c_197 2HLE/c_199 2HLE/c_212 2HLE/c_221 2HLE/c_222 2HLE/c_226 2HLE/c_236 2HLE/c_258 2HLE/c_303 2HLE/c_317 2HLE/c_366 2HLE/c_378 2HLE/c_383 2HLE/c_388 2HLE/c_394 2HLE/c_403 2HLE/c_409
Cluster 6 -> 2HLE/c_343 2HLE/c_454 2HLE/c_495 2HLE/c_513 2HLE/c_536 2HLE/c_546 2HLE/c_550 2HLE/c_556 2HLE/c_571 2HLE/c_614 2HLE/c_630 2HLE/c_643 2HLE/c_765 2HLE/c_820 2HLE/c_853 2HLE/c_873 2HLE/c_101 2HLE/c_111 2HLE/c_133 2HLE/c_155 2HLE/c_159 2HLE/c_176 2HLE/c_178 2HLE/c_205 2HLE/c_209 2HLE/c_220 2HLE/c_228 2HLE/c_232 2HLE/c_244 2HLE/c_283 2HLE/c_307 2HLE/c_321 2HLE/c_328 2HLE/c_335 2HLE/c_338 2HLE/c_347 2HLE/c_350 2HLE/c_353 2HLE/c_411 2HLE/c_432
Cluster 7 -> 2HLE/c_446 2HLE/c_452 2HLE/c_491 2HLE/c_49 2HLE/c_505 2HLE/c_528 2HLE/c_55 2HLE/c_572 2HLE/c_581 2HLE/c_592 2HLE/c_604 2HLE/c_631 2HLE/c_678 2HLE/c_73 2HLE/c_860 2HLE/c_874 2HLE/c_914 2HLE/c_947 2HLE/c_122 2HLE/c_124 2HLE/c_135 2HLE/c_164 2HLE/c_181 2HLE/c_188 2HLE/c_203 2HLE/c_21 2HLE/c_223 2HLE/c_229 2HLE/c_24 2HLE/c_250 2HLE/c_25 2HLE/c_27 2HLE/c_308 2HLE/c_341 2HLE/c_377 2HLE/c_402 2HLE/c_438 2HLE/c_43
Cluster 8 -> 2HLE/c_420 2HLE/c_458 2HLE/c_470 2HLE/c_480 2HLE/c_481 2HLE/c_497 2HLE/c_507 2HLE/c_521 2HLE/c_540 2HLE/c_568 2HLE/c_626 2HLE/c_639 2HLE/c_654 2HLE/c_693 2HLE/c_768 2HLE/c_790 2HLE/c_817 2HLE/c_843 2HLE/c_845 2HLE/c_909 2HLE/c_930 2HLE/c_993 2HLE/c_128 2HLE/c_148 2HLE/c_180 2HLE/c_183 2HLE/c_196 2HLE/c_204 2HLE/c_272 2HLE/c_277 2HLE/c_288 2HLE/c_334 2HLE/c_346 2HLE/c_385 2HLE/c_395
Cluster 9 -> 2HLE/c_489 2HLE/c_44 2HLE/c_471 2HLE/c_584 2HLE/c_601 2HLE/c_602 2HLE/c_674 2HLE/c_696 2HLE/c_71 2HLE/c_72 2HLE/c_740 2HLE/c_763 2HLE/c_797 2HLE/c_842 2HLE/c_865 2HLE/c_880 2HLE/c_892 2HLE/c_964 2HLE/c_105 2HLE/c_117 2HLE/c_165 2HLE/c_200 2HLE/c_206 2HLE/c_251 2HLE/c_274 2HLE/c_305 2HLE/c_315 2HLE/c_345 2HLE/c_363 2HLE/c_386 2HLE/c_392
Cluster 10 -> 2HLE/c_959 2HLE/c_460 2HLE/c_499 2HLE/c_501 2HLE/c_511 2HLE/c_551 2HLE/c_562 2HLE/c_587 2HLE/c_669 2HLE/c_673 2HLE/c_688 2HLE/c_705 2HLE/c_721 2HLE/c_737 2HLE/c_750 2HLE/c_752 2HLE/c_798 2HLE/c_806 2HLE/c_821 2HLE/c_841 2HLE/c_864 2HLE/c_900 2HLE/c_956 2HLE/c_967 2HLE/c_976 2HLE/c_979 2HLE/c_990 2HLE/c_304
Cluster 11 -> 2HLE/c_775 2HLE/c_443 2HLE/c_509 2HLE/c_543 2HLE/c_549 2HLE/c_558 2HLE/c_559 2HLE/c_563 2HLE/c_598 2HLE/c_613 2HLE/c_700 2HLE/c_712 2HLE/c_733 2HLE/c_770 2HLE/c_783 2HLE/c_831 2HLE/c_836 2HLE/c_855 2HLE/c_941 2HLE/c_954 2HLE/c_970 2HLE/c_980 2HLE/c_987 2HLE/c_997 2HLE/c_286 2HLE/c_344 2HLE/c_357 2HLE/c_368
Cluster 12 -> 2HLE/c_743 2HLE/c_461 2HLE/c_485 2HLE/c_560 2HLE/c_63 2HLE/c_642 2HLE/c_649 2HLE/c_689 2HLE/c_701 2HLE/c_822 2HLE/c_827 2HLE/c_897 2HLE/c_916 2HLE/c_936 2HLE/c_939 2HLE/c_93 2HLE/c_988 2HLE/c_129 2HLE/c_161 2HLE/c_175 2HLE/c_214 2HLE/c_262 2HLE/c_298 2HLE/c_322 2HLE/c_336 2HLE/c_373 2HLE/c_426 2HLE/c_440
Cluster 13 -> 2HLE/c_741 2HLE/c_464 2HLE/c_493 2HLE/c_600 2HLE/c_607 2HLE/c_618 2HLE/c_644 2HLE/c_663 2HLE/c_666 2HLE/c_66 2HLE/c_686 2HLE/c_773 2HLE/c_814 2HLE/c_829 2HLE/c_849 2HLE/c_926 2HLE/c_977 2HLE/c_992 2HLE/c_996 2HLE/c_213 2HLE/c_253 2HLE/c_276 2HLE/c_340 2HLE/c_349 2HLE/c_401 2HLE/c_419 2HLE/c_421
Cluster 14 -> 2HLE/c_811 2HLE/c_465 2HLE/c_583 2HLE/c_616 2HLE/c_64 2HLE/c_684 2HLE/c_691 2HLE/c_74 2HLE/c_7 2HLE/c_903 2HLE/c_95 2HLE/c_97 2HLE/c_99 2HLE/c_104 2HLE/c_143 2HLE/c_168 2HLE/c_216 2HLE/c_23 2HLE/c_241 2HLE/c_257 2HLE/c_295 2HLE/c_38 2HLE/c_410 2HLE/c_418
Cluster 15 -> 2HLE/c_61 2HLE/c_478 2HLE/c_482 2HLE/c_535 2HLE/c_589 2HLE/c_6 2HLE/c_734 2HLE/c_767 2HLE/c_100 2HLE/c_103 2HLE/c_108 2HLE/c_11 2HLE/c_132 2HLE/c_15 2HLE/c_16 2HLE/c_170 2HLE/c_18 2HLE/c_1 2HLE/c_266 2HLE/c_28 2HLE/c_2
Cluster 16 -> 2HLE/c_433 2HLE/c_462 2HLE/c_698 2HLE/c_776 2HLE/c_813 2HLE/c_818 2HLE/c_868 2HLE/c_889 2HLE/c_907 2HLE/c_923 2HLE/c_151 2HLE/c_281 2HLE/c_284 2HLE/c_318 2HLE/c_355 2HLE/c_356 2HLE/c_365 2HLE/c_372 2HLE/c_380
Cluster 17 -> 2HLE/c_186 2HLE/c_442 2HLE/c_473 2HLE/c_494 2HLE/c_537 2HLE/c_561 2HLE/c_623 2HLE/c_641 2HLE/c_67 2HLE/c_704 2HLE/c_85 2HLE/c_137 2HLE/c_190 2HLE/c_247 2HLE/c_309 2HLE/c_30 2HLE/c_330 2HLE/c_40
Cluster 18 -> 2HLE/c_179 2HLE/c_459 2HLE/c_533 2HLE/c_534 2HLE/c_54 2HLE/c_621 2HLE/c_82 2HLE/c_881 2HLE/c_885 2HLE/c_893 2HLE/c_899 2HLE/c_8 2HLE/c_968 2HLE/c_113 2HLE/c_230 2HLE/c_264 2HLE/c_287 2HLE/c_417
Cluster 19 -> 2HLE/c_919 2HLE/c_444 2HLE/c_53 2HLE/c_57 2HLE/c_58 2HLE/c_596 2HLE/c_659 2HLE/c_76 2HLE/c_857 2HLE/c_86 2HLE/c_983 2HLE/c_114 2HLE/c_145 2HLE/c_153 2HLE/c_235 2HLE/c_239 2HLE/c_252
Cluster 20 -> 2HLE/c_917 2HLE/c_463 2HLE/c_466 2HLE/c_490 2HLE/c_510 2HLE/c_615 2HLE/c_735 2HLE/c_785 2HLE/c_935 2HLE/c_242 2HLE/c_278 2HLE/c_310 2HLE/c_323 2HLE/c_325 2HLE/c_364 2HLE/c_390 2HLE/c_424
Cluster 21 -> 2HLE/c_289 2HLE/c_48 2HLE/c_578 2HLE/c_609 2HLE/c_638 2HLE/c_670 2HLE/c_755 2HLE/c_779 2HLE/c_793 2HLE/c_913 2HLE/c_184 2HLE/c_231 2HLE/c_237 2HLE/c_260 2HLE/c_285 2HLE/c_29
Cluster 22 -> 2HLE/c_716 2HLE/c_553 2HLE/c_586 2HLE/c_760 2HLE/c_774 2HLE/c_819 2HLE/c_83 2HLE/c_862 2HLE/c_883 2HLE/c_942 2HLE/c_995 2HLE/c_169 2HLE/c_173 2HLE/c_397 2HLE/c_434
Cluster 23 -> 2HLE/c_545 2HLE/c_467 2HLE/c_483 2HLE/c_516 2HLE/c_597 2HLE/c_624 2HLE/c_706 2HLE/c_724 2HLE/c_815 2HLE/c_933 2HLE/c_240 2HLE/c_254 2HLE/c_337 2HLE/c_430
Cluster 24 -> 2HLE/c_646 2HLE/c_448 2HLE/c_496 2HLE/c_709 2HLE/c_756 2HLE/c_808 2HLE/c_932 2HLE/c_982 2HLE/c_998 2HLE/c_144 2HLE/c_208 2HLE/c_416 2HLE/c_427
Cluster 25 -> 2HLE/c_12 2HLE/c_453 2HLE/c_47 2HLE/c_79 2HLE/c_875 2HLE/c_127 2HLE/c_131 2HLE/c_162 2HLE/c_198 2HLE/c_379 2HLE/c_37 2HLE/c_39 2HLE/c_405
Cluster 26 -> 2HLE/c_975 2HLE/c_488 2HLE/c_512 2HLE/c_585 2HLE/c_804 2HLE/c_88 2HLE/c_98 2HLE/c_118 2HLE/c_152 2HLE/c_185 2HLE/c_331 2HLE/c_35
Cluster 27 -> 2HLE/c_782 2HLE/c_548 2HLE/c_580 2HLE/c_582 2HLE/c_612 2HLE/c_713 2HLE/c_748 2HLE/c_879 2HLE/c_193 2HLE/c_268 2HLE/c_293 2HLE/c_371
Cluster 28 -> 2HLE/c_878 2HLE/c_599 2HLE/c_608 2HLE/c_764 2HLE/c_794 2HLE/c_835 2HLE/c_840 2HLE/c_974 2HLE/c_273 2HLE/c_370 2HLE/c_398
Cluster 29 -> 2HLE/c_219 2HLE/c_520 2HLE/c_694 2HLE/c_726 2HLE/c_960 2HLE/c_985 2HLE/c_174 2HLE/c_238 2HLE/c_333 2HLE/c_428 2HLE/c_439
Cluster 30 -> 2HLE/c_651 2HLE/c_469 2HLE/c_59 2HLE/c_606 2HLE/c_731 2HLE/c_207 2HLE/c_217 2HLE/c_249 2HLE/c_314 2HLE/c_423
Cluster 31 -> 2HLE/c_447 2HLE/c_456 2HLE/c_457 2HLE/c_690 2HLE/c_710 2HLE/c_846 2HLE/c_856 2HLE/c_890 2HLE/c_898 2HLE/c_261
Cluster 32 -> 2HLE/c_795 2HLE/c_498 2HLE/c_529 2HLE/c_555 2HLE/c_566 2HLE/c_635 2HLE/c_723 2HLE/c_762
Cluster 33 -> 2HLE/c_944 2HLE/c_504 2HLE/c_650 2HLE/c_969 2HLE/c_243 2HLE/c_282 2HLE/c_290
Cluster 34 -> 2HLE/c_871 2HLE/c_538 2HLE/c_541 2HLE/c_702 2HLE/c_828 2HLE/c_989 2HLE/c_352
Cluster 35 -> 2HLE/c_826 2HLE/c_500 2HLE/c_508 2HLE/c_518 2HLE/c_758 2HLE/c_291 2HLE/c_375
Cluster 36 -> 2HLE/c_803 2HLE/c_645 2HLE/c_679 2HLE/c_789 2HLE/c_802 2HLE/c_877 2HLE/c_991
Cluster 37 -> 2HLE/c_620 2HLE/c_445 2HLE/c_557 2HLE/c_854 2HLE/c_195 2HLE/c_384 2HLE/c_413
Cluster 38 -> 2HLE/c_884 2HLE/c_441 2HLE/c_787 2HLE/c_925 2HLE/c_324 2HLE/c_367
Cluster 39 -> 2HLE/c_876 2HLE/c_754 2HLE/c_861 2HLE/c_895 2HLE/c_966 2HLE/c_192
Cluster 40 -> 2HLE/c_858 2HLE/c_619 2HLE/c_637 2HLE/c_948 2HLE/c_981 2HLE/c_406
Cluster 41 -> 2HLE/c_695 2HLE/c_593 2HLE/c_625 2HLE/c_658 2HLE/c_823 2HLE/c_839
Cluster 42 -> 2HLE/c_634 2HLE/c_514 2HLE/c_523 2HLE/c_157 2HLE/c_256 2HLE/c_358
Cluster 43 -> 2HLE/c_554 2HLE/c_522 2HLE/c_617 2HLE/c_171 2HLE/c_227 2HLE/c_259
Cluster 44 -> 2HLE/c_539 2HLE/c_595 2HLE/c_747 2HLE/c_786 2HLE/c_852 2HLE/c_902
Cluster 45 -> 2HLE/c_972 2HLE/c_655 2HLE/c_812 2HLE/c_911 2HLE/c_963
Cluster 46 -> 2HLE/c_891 2HLE/c_739 2HLE/c_838 2HLE/c_949 2HLE/c_412
Cluster 47 -> 2HLE/c_847 2HLE/c_719 2HLE/c_720 2HLE/c_870 2HLE/c_339
Cluster 48 -> 2HLE/c_796 2HLE/c_725 2HLE/c_894 2HLE/c_302 2HLE/c_329
Cluster 49 -> 2HLE/c_778 2HLE/c_506 2HLE/c_742 2HLE/c_746 2HLE/c_973
Cluster 50 -> 2HLE/c_519 2HLE/c_668 2HLE/c_215 2HLE/c_316 2HLE/c_369
Cluster 51 -> 2HLE/c_986 2HLE/c_468 2HLE/c_667 2HLE/c_687
Cluster 52 -> 2HLE/c_958 2HLE/c_565 2HLE/c_792 2HLE/c_224
Cluster 53 -> 2HLE/c_953 2HLE/c_749 2HLE/c_761 2HLE/c_166
Cluster 54 -> 2HLE/c_952 2HLE/c_530 2HLE/c_605 2HLE/c_389
Cluster 55 -> 2HLE/c_931 2HLE/c_682 2HLE/c_848 2HLE/c_422
Cluster 56 -> 2HLE/c_921 2HLE/c_531 2HLE/c_633 2HLE/c_360
Cluster 57 -> 2HLE/c_759 2HLE/c_484 2HLE/c_672 2HLE/c_414
Cluster 58 -> 2HLE/c_745 2HLE/c_671 2HLE/c_680 2HLE/c_837
Cluster 59 -> 2HLE/c_707 2HLE/c_450 2HLE/c_816 2HLE/c_437
Cluster 60 -> 2HLE/c_697 2HLE/c_275 2HLE/c_327 2HLE/c_399
Cluster 61 -> 2HLE/c_320 2HLE/c_569 2HLE/c_915 2HLE/c_311
