Cluster 1 -> 2HRK/c_271 2HRK/c_442 2HRK/c_44 2HRK/c_466 2HRK/c_46 2HRK/c_51 2HRK/c_528 2HRK/c_52 2HRK/c_53 2HRK/c_544 2HRK/c_559 2HRK/c_563 2HRK/c_566 2HRK/c_57 2HRK/c_588 2HRK/c_594 2HRK/c_595 2HRK/c_61 2HRK/c_62 2HRK/c_63 2HRK/c_645 2HRK/c_648 2HRK/c_673 2HRK/c_70 2HRK/c_72 2HRK/c_74 2HRK/c_777 2HRK/c_797 2HRK/c_79 2HRK/c_7 2HRK/c_822 2HRK/c_848 2HRK/c_86 2HRK/c_88 2HRK/c_89 2HRK/c_913 2HRK/c_91 2HRK/c_93 2HRK/c_946 2HRK/c_95 2HRK/c_97 2HRK/c_100 2HRK/c_103 2HRK/c_107 2HRK/c_108 2HRK/c_109 2HRK/c_110 2HRK/c_111 2HRK/c_114 2HRK/c_115 2HRK/c_118 2HRK/c_124 2HRK/c_128 2HRK/c_132 2HRK/c_135 2HRK/c_136 2HRK/c_139 2HRK/c_140 2HRK/c_145 2HRK/c_147 2HRK/c_149 2HRK/c_151 2HRK/c_154 2HRK/c_157 2HRK/c_164 2HRK/c_168 2HRK/c_173 2HRK/c_177 2HRK/c_179 2HRK/c_184 2HRK/c_186 2HRK/c_18 2HRK/c_19 2HRK/c_201 2HRK/c_206 2HRK/c_209 2HRK/c_20 2HRK/c_214 2HRK/c_229 2HRK/c_231 2HRK/c_244 2HRK/c_248 2HRK/c_249 2HRK/c_264 2HRK/c_267 2HRK/c_269 2HRK/c_278 2HRK/c_292 2HRK/c_299 2HRK/c_304 2HRK/c_314 2HRK/c_31 2HRK/c_32 2HRK/c_330 2HRK/c_331 2HRK/c_351 2HRK/c_353 2HRK/c_375 2HRK/c_384 2HRK/c_388 2HRK/c_393 2HRK/c_39 2HRK/c_401 2HRK/c_420 2HRK/c_42 2HRK/c_439 2HRK/c_43
Cluster 2 -> 2HRK/c_355 2HRK/c_444 2HRK/c_458 2HRK/c_477 2HRK/c_48 2HRK/c_490 2HRK/c_492 2HRK/c_49 2HRK/c_4 2HRK/c_50 2HRK/c_520 2HRK/c_531 2HRK/c_541 2HRK/c_551 2HRK/c_55 2HRK/c_561 2HRK/c_56 2HRK/c_58 2HRK/c_59 2HRK/c_5 2HRK/c_600 2HRK/c_60 2HRK/c_64 2HRK/c_65 2HRK/c_66 2HRK/c_67 2HRK/c_69 2HRK/c_6 2HRK/c_75 2HRK/c_768 2HRK/c_781 2HRK/c_794 2HRK/c_803 2HRK/c_816 2HRK/c_821 2HRK/c_83 2HRK/c_84 2HRK/c_85 2HRK/c_870 2HRK/c_87 2HRK/c_8 2HRK/c_903 2HRK/c_90 2HRK/c_92 2HRK/c_972 2HRK/c_9 2HRK/c_102 2HRK/c_119 2HRK/c_12 2HRK/c_13 2HRK/c_14 2HRK/c_152 2HRK/c_159 2HRK/c_15 2HRK/c_160 2HRK/c_161 2HRK/c_16 2HRK/c_17 2HRK/c_187 2HRK/c_1 2HRK/c_208 2HRK/c_21 2HRK/c_220 2HRK/c_23 2HRK/c_24 2HRK/c_25 2HRK/c_26 2HRK/c_270 2HRK/c_276 2HRK/c_277 2HRK/c_27 2HRK/c_286 2HRK/c_287 2HRK/c_2 2HRK/c_311 2HRK/c_315 2HRK/c_318 2HRK/c_321 2HRK/c_329 2HRK/c_34 2HRK/c_354 2HRK/c_35 2HRK/c_36 2HRK/c_371 2HRK/c_389 2HRK/c_38 2HRK/c_3 2HRK/c_40 2HRK/c_415 2HRK/c_41 2HRK/c_430
Cluster 3 -> 2HRK/c_934 2HRK/c_462 2HRK/c_464 2HRK/c_480 2HRK/c_482 2HRK/c_485 2HRK/c_489 2HRK/c_497 2HRK/c_526 2HRK/c_536 2HRK/c_552 2HRK/c_557 2HRK/c_558 2HRK/c_569 2HRK/c_574 2HRK/c_578 2HRK/c_582 2HRK/c_586 2HRK/c_592 2HRK/c_597 2HRK/c_604 2HRK/c_610 2HRK/c_615 2HRK/c_622 2HRK/c_633 2HRK/c_641 2HRK/c_651 2HRK/c_662 2HRK/c_665 2HRK/c_672 2HRK/c_684 2HRK/c_687 2HRK/c_689 2HRK/c_702 2HRK/c_708 2HRK/c_719 2HRK/c_721 2HRK/c_723 2HRK/c_726 2HRK/c_735 2HRK/c_750 2HRK/c_775 2HRK/c_784 2HRK/c_788 2HRK/c_802 2HRK/c_805 2HRK/c_807 2HRK/c_817 2HRK/c_824 2HRK/c_836 2HRK/c_873 2HRK/c_878 2HRK/c_879 2HRK/c_880 2HRK/c_901 2HRK/c_905 2HRK/c_917 2HRK/c_919 2HRK/c_941 2HRK/c_952 2HRK/c_977 2HRK/c_982 2HRK/c_986 2HRK/c_998 2HRK/c_189 2HRK/c_200 2HRK/c_212 2HRK/c_221 2HRK/c_222 2HRK/c_223 2HRK/c_257 2HRK/c_265 2HRK/c_305 2HRK/c_317 2HRK/c_319 2HRK/c_328 2HRK/c_340 2HRK/c_358 2HRK/c_364 2HRK/c_366 2HRK/c_369 2HRK/c_392 2HRK/c_400 2HRK/c_414 2HRK/c_417 2HRK/c_419 2HRK/c_432 2HRK/c_433 2HRK/c_437
Cluster 4 -> 2HRK/c_650 2HRK/c_448 2HRK/c_451 2HRK/c_455 2HRK/c_459 2HRK/c_45 2HRK/c_47 2HRK/c_494 2HRK/c_495 2HRK/c_506 2HRK/c_537 2HRK/c_539 2HRK/c_54 2HRK/c_572 2HRK/c_614 2HRK/c_619 2HRK/c_628 2HRK/c_655 2HRK/c_660 2HRK/c_683 2HRK/c_68 2HRK/c_730 2HRK/c_746 2HRK/c_787 2HRK/c_78 2HRK/c_842 2HRK/c_849 2HRK/c_855 2HRK/c_890 2HRK/c_897 2HRK/c_953 2HRK/c_965 2HRK/c_973 2HRK/c_979 2HRK/c_98 2HRK/c_99 2HRK/c_104 2HRK/c_105 2HRK/c_113 2HRK/c_116 2HRK/c_11 2HRK/c_121 2HRK/c_137 2HRK/c_150 2HRK/c_158 2HRK/c_167 2HRK/c_199 2HRK/c_22 2HRK/c_240 2HRK/c_243 2HRK/c_260 2HRK/c_28 2HRK/c_291 2HRK/c_296 2HRK/c_29 2HRK/c_30 2HRK/c_313 2HRK/c_320 2HRK/c_324 2HRK/c_33 2HRK/c_347 2HRK/c_362 2HRK/c_367 2HRK/c_376 2HRK/c_37 2HRK/c_383 2HRK/c_386 2HRK/c_390 2HRK/c_394 2HRK/c_396 2HRK/c_407 2HRK/c_413 2HRK/c_434
Cluster 5 -> 2HRK/c_916 2HRK/c_445 2HRK/c_454 2HRK/c_463 2HRK/c_481 2HRK/c_484 2HRK/c_514 2HRK/c_521 2HRK/c_523 2HRK/c_538 2HRK/c_550 2HRK/c_553 2HRK/c_581 2HRK/c_596 2HRK/c_647 2HRK/c_664 2HRK/c_693 2HRK/c_718 2HRK/c_734 2HRK/c_77 2HRK/c_785 2HRK/c_839 2HRK/c_866 2HRK/c_871 2HRK/c_893 2HRK/c_921 2HRK/c_987 2HRK/c_101 2HRK/c_120 2HRK/c_125 2HRK/c_129 2HRK/c_138 2HRK/c_156 2HRK/c_169 2HRK/c_181 2HRK/c_190 2HRK/c_195 2HRK/c_197 2HRK/c_204 2HRK/c_217 2HRK/c_232 2HRK/c_242 2HRK/c_255 2HRK/c_259 2HRK/c_263 2HRK/c_281 2HRK/c_289 2HRK/c_293 2HRK/c_297 2HRK/c_307 2HRK/c_342 2HRK/c_352 2HRK/c_360 2HRK/c_361 2HRK/c_363 2HRK/c_438 2HRK/c_440
Cluster 6 -> 2HRK/c_182 2HRK/c_450 2HRK/c_502 2HRK/c_525 2HRK/c_533 2HRK/c_540 2HRK/c_547 2HRK/c_560 2HRK/c_590 2HRK/c_616 2HRK/c_627 2HRK/c_629 2HRK/c_631 2HRK/c_658 2HRK/c_685 2HRK/c_690 2HRK/c_700 2HRK/c_755 2HRK/c_757 2HRK/c_773 2HRK/c_796 2HRK/c_801 2HRK/c_883 2HRK/c_888 2HRK/c_915 2HRK/c_974 2HRK/c_975 2HRK/c_106 2HRK/c_130 2HRK/c_148 2HRK/c_219 2HRK/c_233 2HRK/c_253 2HRK/c_254 2HRK/c_266 2HRK/c_316 2HRK/c_323 2HRK/c_332 2HRK/c_336 2HRK/c_356 2HRK/c_357
Cluster 7 -> 2HRK/c_762 2HRK/c_446 2HRK/c_452 2HRK/c_483 2HRK/c_488 2HRK/c_517 2HRK/c_534 2HRK/c_632 2HRK/c_636 2HRK/c_668 2HRK/c_678 2HRK/c_711 2HRK/c_722 2HRK/c_728 2HRK/c_786 2HRK/c_862 2HRK/c_909 2HRK/c_942 2HRK/c_155 2HRK/c_216 2HRK/c_251 2HRK/c_258 2HRK/c_273 2HRK/c_280 2HRK/c_334 2HRK/c_335 2HRK/c_339 2HRK/c_348 2HRK/c_374 2HRK/c_380 2HRK/c_416 2HRK/c_422
Cluster 8 -> 2HRK/c_598 2HRK/c_471 2HRK/c_498 2HRK/c_518 2HRK/c_530 2HRK/c_579 2HRK/c_657 2HRK/c_663 2HRK/c_671 2HRK/c_709 2HRK/c_73 2HRK/c_756 2HRK/c_772 2HRK/c_779 2HRK/c_815 2HRK/c_112 2HRK/c_123 2HRK/c_163 2HRK/c_171 2HRK/c_205 2HRK/c_207 2HRK/c_211 2HRK/c_218 2HRK/c_237 2HRK/c_239 2HRK/c_294 2HRK/c_295 2HRK/c_300 2HRK/c_333 2HRK/c_344 2HRK/c_370 2HRK/c_379
Cluster 9 -> 2HRK/c_180 2HRK/c_475 2HRK/c_493 2HRK/c_519 2HRK/c_573 2HRK/c_608 2HRK/c_705 2HRK/c_727 2HRK/c_800 2HRK/c_811 2HRK/c_823 2HRK/c_837 2HRK/c_859 2HRK/c_956 2HRK/c_122 2HRK/c_126 2HRK/c_127 2HRK/c_131 2HRK/c_172 2HRK/c_174 2HRK/c_268 2HRK/c_290 2HRK/c_302 2HRK/c_310 2HRK/c_359 2HRK/c_385 2HRK/c_387 2HRK/c_411 2HRK/c_424 2HRK/c_429
Cluster 10 -> 2HRK/c_510 2HRK/c_447 2HRK/c_491 2HRK/c_583 2HRK/c_589 2HRK/c_603 2HRK/c_624 2HRK/c_652 2HRK/c_704 2HRK/c_710 2HRK/c_717 2HRK/c_742 2HRK/c_783 2HRK/c_790 2HRK/c_791 2HRK/c_812 2HRK/c_813 2HRK/c_846 2HRK/c_889 2HRK/c_117 2HRK/c_176 2HRK/c_256 2HRK/c_279 2HRK/c_346 2HRK/c_350 2HRK/c_409
Cluster 11 -> 2HRK/c_834 2HRK/c_457 2HRK/c_473 2HRK/c_555 2HRK/c_570 2HRK/c_601 2HRK/c_637 2HRK/c_674 2HRK/c_725 2HRK/c_770 2HRK/c_774 2HRK/c_918 2HRK/c_175 2HRK/c_191 2HRK/c_226 2HRK/c_230 2HRK/c_246 2HRK/c_261 2HRK/c_262 2HRK/c_349 2HRK/c_382 2HRK/c_399 2HRK/c_403 2HRK/c_410 2HRK/c_425
Cluster 12 -> 2HRK/c_894 2HRK/c_441 2HRK/c_453 2HRK/c_474 2HRK/c_513 2HRK/c_515 2HRK/c_516 2HRK/c_522 2HRK/c_546 2HRK/c_692 2HRK/c_741 2HRK/c_745 2HRK/c_766 2HRK/c_789 2HRK/c_860 2HRK/c_884 2HRK/c_886 2HRK/c_170 2HRK/c_285 2HRK/c_306 2HRK/c_326 2HRK/c_377 2HRK/c_412 2HRK/c_431
Cluster 13 -> 2HRK/c_761 2HRK/c_460 2HRK/c_535 2HRK/c_621 2HRK/c_640 2HRK/c_644 2HRK/c_656 2HRK/c_680 2HRK/c_696 2HRK/c_703 2HRK/c_713 2HRK/c_714 2HRK/c_724 2HRK/c_739 2HRK/c_743 2HRK/c_818 2HRK/c_891 2HRK/c_914 2HRK/c_929 2HRK/c_945 2HRK/c_980 2HRK/c_298 2HRK/c_325 2HRK/c_408
Cluster 14 -> 2HRK/c_479 2HRK/c_443 2HRK/c_469 2HRK/c_564 2HRK/c_575 2HRK/c_623 2HRK/c_643 2HRK/c_681 2HRK/c_731 2HRK/c_830 2HRK/c_845 2HRK/c_875 2HRK/c_902 2HRK/c_920 2HRK/c_943 2HRK/c_954 2HRK/c_963 2HRK/c_343 2HRK/c_436
Cluster 15 -> 2HRK/c_192 2HRK/c_456 2HRK/c_500 2HRK/c_505 2HRK/c_511 2HRK/c_585 2HRK/c_606 2HRK/c_630 2HRK/c_634 2HRK/c_661 2HRK/c_697 2HRK/c_729 2HRK/c_826 2HRK/c_856 2HRK/c_990 2HRK/c_309 2HRK/c_372
Cluster 16 -> 2HRK/c_763 2HRK/c_461 2HRK/c_609 2HRK/c_669 2HRK/c_686 2HRK/c_753 2HRK/c_799 2HRK/c_833 2HRK/c_857 2HRK/c_912 2HRK/c_926 2HRK/c_936 2HRK/c_955 2HRK/c_961 2HRK/c_423
Cluster 17 -> 2HRK/c_625 2HRK/c_504 2HRK/c_577 2HRK/c_587 2HRK/c_642 2HRK/c_754 2HRK/c_764 2HRK/c_828 2HRK/c_841 2HRK/c_882 2HRK/c_899 2HRK/c_985 2HRK/c_994 2HRK/c_1000 2HRK/c_337
Cluster 18 -> 2HRK/c_193 2HRK/c_468 2HRK/c_548 2HRK/c_556 2HRK/c_580 2HRK/c_688 2HRK/c_737 2HRK/c_863 2HRK/c_907 2HRK/c_185 2HRK/c_203 2HRK/c_213 2HRK/c_368 2HRK/c_378 2HRK/c_421
Cluster 19 -> 2HRK/c_141 2HRK/c_512 2HRK/c_638 2HRK/c_653 2HRK/c_666 2HRK/c_778 2HRK/c_80 2HRK/c_82 2HRK/c_94 2HRK/c_96 2HRK/c_10 2HRK/c_143 2HRK/c_215 2HRK/c_224 2HRK/c_274
Cluster 20 -> 2HRK/c_607 2HRK/c_527 2HRK/c_591 2HRK/c_71 2HRK/c_81 2HRK/c_133 2HRK/c_134 2HRK/c_146 2HRK/c_228 2HRK/c_288 2HRK/c_338 2HRK/c_381 2HRK/c_405
Cluster 21 -> 2HRK/c_951 2HRK/c_507 2HRK/c_562 2HRK/c_635 2HRK/c_667 2HRK/c_691 2HRK/c_835 2HRK/c_858 2HRK/c_874 2HRK/c_183 2HRK/c_282 2HRK/c_301
Cluster 22 -> 2HRK/c_887 2HRK/c_449 2HRK/c_486 2HRK/c_654 2HRK/c_751 2HRK/c_898 2HRK/c_142 2HRK/c_166 2HRK/c_210 2HRK/c_227 2HRK/c_250 2HRK/c_275
Cluster 23 -> 2HRK/c_707 2HRK/c_467 2HRK/c_476 2HRK/c_501 2HRK/c_532 2HRK/c_568 2HRK/c_605 2HRK/c_679 2HRK/c_938 2HRK/c_341 2HRK/c_427 2HRK/c_428
Cluster 24 -> 2HRK/c_639 2HRK/c_487 2HRK/c_565 2HRK/c_646 2HRK/c_911 2HRK/c_144 2HRK/c_162 2HRK/c_165 2HRK/c_188 2HRK/c_241 2HRK/c_272 2HRK/c_303
Cluster 25 -> 2HRK/c_611 2HRK/c_465 2HRK/c_496 2HRK/c_670 2HRK/c_749 2HRK/c_76 2HRK/c_178 2HRK/c_194 2HRK/c_196 2HRK/c_345 2HRK/c_398 2HRK/c_404
Cluster 26 -> 2HRK/c_602 2HRK/c_599 2HRK/c_618 2HRK/c_738 2HRK/c_793 2HRK/c_806 2HRK/c_861 2HRK/c_923 2HRK/c_925 2HRK/c_981 2HRK/c_247 2HRK/c_397
Cluster 27 -> 2HRK/c_922 2HRK/c_524 2HRK/c_617 2HRK/c_715 2HRK/c_769 2HRK/c_825 2HRK/c_832 2HRK/c_865 2HRK/c_992 2HRK/c_327 2HRK/c_391
Cluster 28 -> 2HRK/c_245 2HRK/c_545 2HRK/c_576 2HRK/c_675 2HRK/c_962 2HRK/c_153 2HRK/c_202 2HRK/c_235 2HRK/c_322 2HRK/c_395
Cluster 29 -> 2HRK/c_997 2HRK/c_499 2HRK/c_712 2HRK/c_752 2HRK/c_840 2HRK/c_900 2HRK/c_966 2HRK/c_983 2HRK/c_996
Cluster 30 -> 2HRK/c_810 2HRK/c_472 2HRK/c_529 2HRK/c_593 2HRK/c_620 2HRK/c_733 2HRK/c_759 2HRK/c_930 2HRK/c_252
Cluster 31 -> 2HRK/c_928 2HRK/c_567 2HRK/c_831 2HRK/c_853 2HRK/c_927 2HRK/c_967 2HRK/c_373
Cluster 32 -> 2HRK/c_716 2HRK/c_695 2HRK/c_854 2HRK/c_876 2HRK/c_910 2HRK/c_950 2HRK/c_435
Cluster 33 -> 2HRK/c_999 2HRK/c_549 2HRK/c_864 2HRK/c_869 2HRK/c_948 2HRK/c_284
Cluster 34 -> 2HRK/c_971 2HRK/c_677 2HRK/c_682 2HRK/c_767 2HRK/c_809 2HRK/c_892
Cluster 35 -> 2HRK/c_960 2HRK/c_503 2HRK/c_720 2HRK/c_814 2HRK/c_933 2HRK/c_964
Cluster 36 -> 2HRK/c_935 2HRK/c_626 2HRK/c_744 2HRK/c_758 2HRK/c_771 2HRK/c_406
Cluster 37 -> 2HRK/c_699 2HRK/c_571 2HRK/c_612 2HRK/c_804 2HRK/c_236 2HRK/c_402
Cluster 38 -> 2HRK/c_989 2HRK/c_736 2HRK/c_795 2HRK/c_847 2HRK/c_198
Cluster 39 -> 2HRK/c_969 2HRK/c_867 2HRK/c_937 2HRK/c_939 2HRK/c_365
Cluster 40 -> 2HRK/c_984 2HRK/c_659 2HRK/c_843 2HRK/c_940
Cluster 41 -> 2HRK/c_976 2HRK/c_820 2HRK/c_844 2HRK/c_968
Cluster 42 -> 2HRK/c_959 2HRK/c_613 2HRK/c_819 2HRK/c_852
Cluster 43 -> 2HRK/c_949 2HRK/c_543 2HRK/c_554 2HRK/c_808
Cluster 44 -> 2HRK/c_924 2HRK/c_698 2HRK/c_701 2HRK/c_906
Cluster 45 -> 2HRK/c_908 2HRK/c_851 2HRK/c_931 2HRK/c_995
Cluster 46 -> 2HRK/c_895 2HRK/c_740 2HRK/c_872 2HRK/c_225
Cluster 47 -> 2HRK/c_283 2HRK/c_478 2HRK/c_760 2HRK/c_978
