Cluster 1 -> 2I25/c_105 2I25/c_44 2I25/c_451 2I25/c_461 2I25/c_462 2I25/c_465 2I25/c_468 2I25/c_469 2I25/c_470 2I25/c_473 2I25/c_476 2I25/c_47 2I25/c_484 2I25/c_491 2I25/c_501 2I25/c_503 2I25/c_505 2I25/c_509 2I25/c_50 2I25/c_513 2I25/c_515 2I25/c_518 2I25/c_529 2I25/c_52 2I25/c_535 2I25/c_551 2I25/c_554 2I25/c_556 2I25/c_55 2I25/c_562 2I25/c_571 2I25/c_579 2I25/c_58 2I25/c_595 2I25/c_600 2I25/c_607 2I25/c_60 2I25/c_622 2I25/c_626 2I25/c_627 2I25/c_639 2I25/c_645 2I25/c_647 2I25/c_650 2I25/c_663 2I25/c_664 2I25/c_667 2I25/c_671 2I25/c_677 2I25/c_682 2I25/c_695 2I25/c_69 2I25/c_708 2I25/c_709 2I25/c_714 2I25/c_716 2I25/c_71 2I25/c_720 2I25/c_726 2I25/c_734 2I25/c_73 2I25/c_742 2I25/c_751 2I25/c_767 2I25/c_771 2I25/c_773 2I25/c_77 2I25/c_795 2I25/c_79 2I25/c_80 2I25/c_811 2I25/c_813 2I25/c_81 2I25/c_830 2I25/c_837 2I25/c_83 2I25/c_861 2I25/c_864 2I25/c_865 2I25/c_86 2I25/c_870 2I25/c_877 2I25/c_87 2I25/c_880 2I25/c_887 2I25/c_895 2I25/c_909 2I25/c_917 2I25/c_91 2I25/c_92 2I25/c_952 2I25/c_953 2I25/c_95 2I25/c_963 2I25/c_968 2I25/c_975 2I25/c_994 2I25/c_1000 2I25/c_104 2I25/c_109 2I25/c_121 2I25/c_122 2I25/c_130 2I25/c_131 2I25/c_132 2I25/c_134 2I25/c_138 2I25/c_142 2I25/c_146 2I25/c_149 2I25/c_154 2I25/c_157 2I25/c_158 2I25/c_160 2I25/c_161 2I25/c_164 2I25/c_167 2I25/c_168 2I25/c_169 2I25/c_172 2I25/c_179 2I25/c_184 2I25/c_185 2I25/c_186 2I25/c_193 2I25/c_198 2I25/c_199 2I25/c_207 2I25/c_20 2I25/c_211 2I25/c_219 2I25/c_225 2I25/c_227 2I25/c_233 2I25/c_235 2I25/c_237 2I25/c_239 2I25/c_23 2I25/c_241 2I25/c_242 2I25/c_244 2I25/c_257 2I25/c_262 2I25/c_263 2I25/c_265 2I25/c_275 2I25/c_279 2I25/c_282 2I25/c_287 2I25/c_28 2I25/c_294 2I25/c_300 2I25/c_302 2I25/c_30 2I25/c_318 2I25/c_319 2I25/c_31 2I25/c_321 2I25/c_323 2I25/c_328 2I25/c_335 2I25/c_339 2I25/c_341 2I25/c_343 2I25/c_345 2I25/c_359 2I25/c_361 2I25/c_363 2I25/c_365 2I25/c_377 2I25/c_382 2I25/c_383 2I25/c_389 2I25/c_395 2I25/c_396 2I25/c_401 2I25/c_403 2I25/c_407 2I25/c_418 2I25/c_419 2I25/c_432 2I25/c_433 2I25/c_437 2I25/c_43 2I25/c_440
Cluster 2 -> 2I25/c_4 2I25/c_45 2I25/c_467 2I25/c_49 2I25/c_51 2I25/c_528 2I25/c_54 2I25/c_56 2I25/c_57 2I25/c_597 2I25/c_5 2I25/c_64 2I25/c_67 2I25/c_686 2I25/c_68 2I25/c_72 2I25/c_748 2I25/c_74 2I25/c_760 2I25/c_7 2I25/c_82 2I25/c_834 2I25/c_84 2I25/c_88 2I25/c_89 2I25/c_90 2I25/c_996 2I25/c_9 2I25/c_101 2I25/c_112 2I25/c_113 2I25/c_11 2I25/c_125 2I25/c_126 2I25/c_127 2I25/c_128 2I25/c_129 2I25/c_13 2I25/c_147 2I25/c_14 2I25/c_15 2I25/c_178 2I25/c_17 2I25/c_188 2I25/c_189 2I25/c_18 2I25/c_195 2I25/c_19 2I25/c_205 2I25/c_212 2I25/c_216 2I25/c_218 2I25/c_223 2I25/c_229 2I25/c_253 2I25/c_254 2I25/c_25 2I25/c_270 2I25/c_27 2I25/c_284 2I25/c_29 2I25/c_2 2I25/c_311 2I25/c_314 2I25/c_317 2I25/c_32 2I25/c_33 2I25/c_34 2I25/c_356 2I25/c_36 2I25/c_371 2I25/c_37 2I25/c_38 2I25/c_3 2I25/c_40 2I25/c_42
Cluster 3 -> 2I25/c_217 2I25/c_450 2I25/c_452 2I25/c_453 2I25/c_454 2I25/c_566 2I25/c_59 2I25/c_621 2I25/c_633 2I25/c_668 2I25/c_681 2I25/c_690 2I25/c_725 2I25/c_753 2I25/c_755 2I25/c_76 2I25/c_780 2I25/c_78 2I25/c_800 2I25/c_802 2I25/c_820 2I25/c_831 2I25/c_850 2I25/c_873 2I25/c_879 2I25/c_97 2I25/c_989 2I25/c_98 2I25/c_990 2I25/c_114 2I25/c_117 2I25/c_120 2I25/c_124 2I25/c_136 2I25/c_145 2I25/c_148 2I25/c_152 2I25/c_153 2I25/c_166 2I25/c_173 2I25/c_203 2I25/c_222 2I25/c_231 2I25/c_247 2I25/c_248 2I25/c_24 2I25/c_260 2I25/c_261 2I25/c_280 2I25/c_281 2I25/c_290 2I25/c_292 2I25/c_305 2I25/c_324 2I25/c_357 2I25/c_394 2I25/c_39 2I25/c_408 2I25/c_409 2I25/c_415 2I25/c_421
Cluster 4 -> 2I25/c_750 2I25/c_442 2I25/c_488 2I25/c_508 2I25/c_558 2I25/c_631 2I25/c_641 2I25/c_656 2I25/c_683 2I25/c_702 2I25/c_706 2I25/c_713 2I25/c_757 2I25/c_764 2I25/c_772 2I25/c_779 2I25/c_783 2I25/c_784 2I25/c_785 2I25/c_789 2I25/c_790 2I25/c_797 2I25/c_827 2I25/c_839 2I25/c_863 2I25/c_884 2I25/c_885 2I25/c_955 2I25/c_965 2I25/c_967 2I25/c_993 2I25/c_139 2I25/c_182 2I25/c_194 2I25/c_204 2I25/c_243 2I25/c_249 2I25/c_264 2I25/c_268 2I25/c_283 2I25/c_289 2I25/c_306 2I25/c_373 2I25/c_388 2I25/c_397 2I25/c_423 2I25/c_424 2I25/c_431
Cluster 5 -> 2I25/c_926 2I25/c_463 2I25/c_485 2I25/c_48 2I25/c_492 2I25/c_499 2I25/c_526 2I25/c_53 2I25/c_545 2I25/c_567 2I25/c_602 2I25/c_616 2I25/c_62 2I25/c_636 2I25/c_823 2I25/c_838 2I25/c_915 2I25/c_916 2I25/c_933 2I25/c_93 2I25/c_99 2I25/c_106 2I25/c_108 2I25/c_110 2I25/c_133 2I25/c_140 2I25/c_143 2I25/c_150 2I25/c_156 2I25/c_159 2I25/c_16 2I25/c_226 2I25/c_228 2I25/c_26 2I25/c_286 2I25/c_293 2I25/c_309 2I25/c_325 2I25/c_348 2I25/c_352 2I25/c_35 2I25/c_369 2I25/c_411 2I25/c_41 2I25/c_426 2I25/c_427
Cluster 6 -> 2I25/c_481 2I25/c_445 2I25/c_448 2I25/c_459 2I25/c_521 2I25/c_565 2I25/c_583 2I25/c_608 2I25/c_614 2I25/c_623 2I25/c_653 2I25/c_670 2I25/c_705 2I25/c_715 2I25/c_727 2I25/c_758 2I25/c_774 2I25/c_793 2I25/c_844 2I25/c_929 2I25/c_942 2I25/c_155 2I25/c_163 2I25/c_170 2I25/c_183 2I25/c_200 2I25/c_201 2I25/c_209 2I25/c_213 2I25/c_221 2I25/c_259 2I25/c_266 2I25/c_269 2I25/c_312 2I25/c_315 2I25/c_330 2I25/c_331 2I25/c_334 2I25/c_344 2I25/c_358 2I25/c_375 2I25/c_378 2I25/c_387 2I25/c_393 2I25/c_410
Cluster 7 -> 2I25/c_769 2I25/c_46 2I25/c_487 2I25/c_63 2I25/c_651 2I25/c_65 2I25/c_6 2I25/c_70 2I25/c_744 2I25/c_75 2I25/c_819 2I25/c_826 2I25/c_851 2I25/c_85 2I25/c_882 2I25/c_8 2I25/c_947 2I25/c_959 2I25/c_100 2I25/c_103 2I25/c_10 2I25/c_116 2I25/c_118 2I25/c_12 2I25/c_162 2I25/c_171 2I25/c_175 2I25/c_180 2I25/c_197 2I25/c_1 2I25/c_206 2I25/c_21 2I25/c_22 2I25/c_230 2I25/c_255 2I25/c_256 2I25/c_273 2I25/c_278 2I25/c_285 2I25/c_299
Cluster 8 -> 2I25/c_472 2I25/c_447 2I25/c_471 2I25/c_482 2I25/c_514 2I25/c_531 2I25/c_532 2I25/c_534 2I25/c_541 2I25/c_553 2I25/c_574 2I25/c_613 2I25/c_763 2I25/c_777 2I25/c_810 2I25/c_846 2I25/c_854 2I25/c_857 2I25/c_878 2I25/c_892 2I25/c_896 2I25/c_927 2I25/c_946 2I25/c_957 2I25/c_964 2I25/c_984 2I25/c_998 2I25/c_144 2I25/c_288 2I25/c_307 2I25/c_349 2I25/c_391 2I25/c_428
Cluster 9 -> 2I25/c_246 2I25/c_474 2I25/c_504 2I25/c_533 2I25/c_542 2I25/c_548 2I25/c_581 2I25/c_610 2I25/c_61 2I25/c_642 2I25/c_661 2I25/c_66 2I25/c_680 2I25/c_735 2I25/c_756 2I25/c_883 2I25/c_937 2I25/c_979 2I25/c_102 2I25/c_107 2I25/c_141 2I25/c_165 2I25/c_174 2I25/c_192 2I25/c_232 2I25/c_251 2I25/c_276 2I25/c_333 2I25/c_338 2I25/c_350 2I25/c_412 2I25/c_420 2I25/c_430
Cluster 10 -> 2I25/c_337 2I25/c_446 2I25/c_455 2I25/c_496 2I25/c_510 2I25/c_540 2I25/c_561 2I25/c_568 2I25/c_701 2I25/c_710 2I25/c_752 2I25/c_791 2I25/c_809 2I25/c_847 2I25/c_860 2I25/c_869 2I25/c_881 2I25/c_890 2I25/c_935 2I25/c_995 2I25/c_999 2I25/c_119 2I25/c_214 2I25/c_220 2I25/c_238 2I25/c_267 2I25/c_291 2I25/c_301 2I25/c_326 2I25/c_346
Cluster 11 -> 2I25/c_907 2I25/c_479 2I25/c_538 2I25/c_546 2I25/c_559 2I25/c_572 2I25/c_605 2I25/c_652 2I25/c_678 2I25/c_685 2I25/c_849 2I25/c_859 2I25/c_872 2I25/c_928 2I25/c_932 2I25/c_940 2I25/c_176 2I25/c_177 2I25/c_181 2I25/c_190 2I25/c_196 2I25/c_208 2I25/c_240 2I25/c_271 2I25/c_295 2I25/c_320 2I25/c_353 2I25/c_413 2I25/c_425
Cluster 12 -> 2I25/c_833 2I25/c_458 2I25/c_494 2I25/c_530 2I25/c_544 2I25/c_560 2I25/c_659 2I25/c_665 2I25/c_691 2I25/c_699 2I25/c_719 2I25/c_746 2I25/c_787 2I25/c_794 2I25/c_815 2I25/c_841 2I25/c_842 2I25/c_866 2I25/c_886 2I25/c_944 2I25/c_977 2I25/c_252 2I25/c_327 2I25/c_405 2I25/c_417 2I25/c_434 2I25/c_435
Cluster 13 -> 2I25/c_563 2I25/c_466 2I25/c_493 2I25/c_498 2I25/c_511 2I25/c_519 2I25/c_625 2I25/c_660 2I25/c_674 2I25/c_676 2I25/c_684 2I25/c_730 2I25/c_737 2I25/c_781 2I25/c_816 2I25/c_840 2I25/c_874 2I25/c_893 2I25/c_905 2I25/c_930 2I25/c_938 2I25/c_951 2I25/c_976 2I25/c_347 2I25/c_376 2I25/c_379 2I25/c_384
Cluster 14 -> 2I25/c_672 2I25/c_449 2I25/c_483 2I25/c_576 2I25/c_578 2I25/c_624 2I25/c_657 2I25/c_754 2I25/c_762 2I25/c_824 2I25/c_920 2I25/c_921 2I25/c_924 2I25/c_96 2I25/c_991 2I25/c_111 2I25/c_115 2I25/c_224 2I25/c_274 2I25/c_308 2I25/c_362 2I25/c_385 2I25/c_414
Cluster 15 -> 2I25/c_972 2I25/c_489 2I25/c_506 2I25/c_577 2I25/c_591 2I25/c_629 2I25/c_634 2I25/c_658 2I25/c_697 2I25/c_700 2I25/c_712 2I25/c_731 2I25/c_732 2I25/c_788 2I25/c_803 2I25/c_853 2I25/c_867 2I25/c_912 2I25/c_923
Cluster 16 -> 2I25/c_822 2I25/c_507 2I25/c_549 2I25/c_604 2I25/c_643 2I25/c_646 2I25/c_662 2I25/c_692 2I25/c_707 2I25/c_740 2I25/c_796 2I25/c_814 2I25/c_948 2I25/c_956 2I25/c_258 2I25/c_370 2I25/c_402 2I25/c_406
Cluster 17 -> 2I25/c_835 2I25/c_475 2I25/c_523 2I25/c_525 2I25/c_569 2I25/c_584 2I25/c_688 2I25/c_736 2I25/c_749 2I25/c_801 2I25/c_852 2I25/c_919 2I25/c_980 2I25/c_123 2I25/c_367
Cluster 18 -> 2I25/c_902 2I25/c_464 2I25/c_582 2I25/c_601 2I25/c_718 2I25/c_805 2I25/c_871 2I25/c_889 2I25/c_894 2I25/c_941 2I25/c_961 2I25/c_250 2I25/c_303 2I25/c_374
Cluster 19 -> 2I25/c_137 2I25/c_478 2I25/c_490 2I25/c_497 2I25/c_500 2I25/c_516 2I25/c_776 2I25/c_978 2I25/c_135 2I25/c_297 2I25/c_364 2I25/c_380
Cluster 20 -> 2I25/c_620 2I25/c_654 2I25/c_738 2I25/c_745 2I25/c_949 2I25/c_94 2I25/c_958 2I25/c_966 2I25/c_191 2I25/c_351 2I25/c_400
Cluster 21 -> 2I25/c_594 2I25/c_443 2I25/c_589 2I25/c_666 2I25/c_733 2I25/c_786 2I25/c_836 2I25/c_922 2I25/c_313 2I25/c_322 2I25/c_340
Cluster 22 -> 2I25/c_986 2I25/c_477 2I25/c_480 2I25/c_512 2I25/c_655 2I25/c_804 2I25/c_899 2I25/c_906 2I25/c_997 2I25/c_429
Cluster 23 -> 2I25/c_564 2I25/c_598 2I25/c_609 2I25/c_693 2I25/c_741 2I25/c_848 2I25/c_855 2I25/c_943 2I25/c_329 2I25/c_392
Cluster 24 -> 2I25/c_898 2I25/c_586 2I25/c_630 2I25/c_638 2I25/c_649 2I25/c_277 2I25/c_381 2I25/c_399 2I25/c_436
Cluster 25 -> 2I25/c_868 2I25/c_486 2I25/c_615 2I25/c_619 2I25/c_635 2I25/c_768 2I25/c_298 2I25/c_368 2I25/c_439
Cluster 26 -> 2I25/c_913 2I25/c_575 2I25/c_592 2I25/c_640 2I25/c_939 2I25/c_342 2I25/c_355 2I25/c_422
Cluster 27 -> 2I25/c_970 2I25/c_593 2I25/c_637 2I25/c_687 2I25/c_770 2I25/c_969 2I25/c_973
Cluster 28 -> 2I25/c_910 2I25/c_570 2I25/c_724 2I25/c_775 2I25/c_316 2I25/c_366
Cluster 29 -> 2I25/c_812 2I25/c_557 2I25/c_632 2I25/c_739 2I25/c_808 2I25/c_404
Cluster 30 -> 2I25/c_743 2I25/c_628 2I25/c_903 2I25/c_925 2I25/c_210 2I25/c_332
Cluster 31 -> 2I25/c_590 2I25/c_537 2I25/c_550 2I25/c_580 2I25/c_644 2I25/c_832
Cluster 32 -> 2I25/c_457 2I25/c_587 2I25/c_606 2I25/c_689 2I25/c_215 2I25/c_336
Cluster 33 -> 2I25/c_983 2I25/c_502 2I25/c_729 2I25/c_798 2I25/c_817
Cluster 34 -> 2I25/c_829 2I25/c_495 2I25/c_679 2I25/c_759 2I25/c_888
Cluster 35 -> 2I25/c_711 2I25/c_696 2I25/c_704 2I25/c_721 2I25/c_398
Cluster 36 -> 2I25/c_456 2I25/c_821 2I25/c_904 2I25/c_908 2I25/c_931
Cluster 37 -> 2I25/c_981 2I25/c_524 2I25/c_573 2I25/c_236
Cluster 38 -> 2I25/c_960 2I25/c_536 2I25/c_618 2I25/c_934
Cluster 39 -> 2I25/c_914 2I25/c_648 2I25/c_988 2I25/c_390
Cluster 40 -> 2I25/c_543 2I25/c_444 2I25/c_527 2I25/c_296
Cluster 41 -> 2I25/c_441 2I25/c_539 2I25/c_202 2I25/c_234
Cluster 42 -> 2I25/c_187 2I25/c_722 2I25/c_761 2I25/c_792
