Cluster 1 -> 7CEI/c_726 7CEI/c_447 7CEI/c_44 7CEI/c_451 7CEI/c_453 7CEI/c_454 7CEI/c_465 7CEI/c_477 7CEI/c_478 7CEI/c_479 7CEI/c_486 7CEI/c_496 7CEI/c_505 7CEI/c_507 7CEI/c_509 7CEI/c_527 7CEI/c_53 7CEI/c_547 7CEI/c_549 7CEI/c_554 7CEI/c_568 7CEI/c_56 7CEI/c_594 7CEI/c_610 7CEI/c_629 7CEI/c_641 7CEI/c_64 7CEI/c_65 7CEI/c_660 7CEI/c_66 7CEI/c_675 7CEI/c_67 7CEI/c_698 7CEI/c_703 7CEI/c_714 7CEI/c_724 7CEI/c_730 7CEI/c_75 7CEI/c_762 7CEI/c_776 7CEI/c_79 7CEI/c_809 7CEI/c_824 7CEI/c_839 7CEI/c_847 7CEI/c_849 7CEI/c_869 7CEI/c_888 7CEI/c_90 7CEI/c_913 7CEI/c_91 7CEI/c_938 7CEI/c_955 7CEI/c_966 7CEI/c_976 7CEI/c_1000 7CEI/c_106 7CEI/c_135 7CEI/c_13 7CEI/c_144 7CEI/c_156 7CEI/c_158 7CEI/c_159 7CEI/c_165 7CEI/c_183 7CEI/c_191 7CEI/c_198 7CEI/c_199 7CEI/c_19 7CEI/c_203 7CEI/c_206 7CEI/c_220 7CEI/c_238 7CEI/c_242 7CEI/c_253 7CEI/c_260 7CEI/c_262 7CEI/c_276 7CEI/c_27 7CEI/c_287 7CEI/c_291 7CEI/c_30 7CEI/c_320 7CEI/c_328 7CEI/c_333 7CEI/c_336 7CEI/c_33 7CEI/c_364 7CEI/c_370 7CEI/c_371 7CEI/c_387 7CEI/c_38 7CEI/c_393 7CEI/c_399 7CEI/c_3 7CEI/c_425 7CEI/c_426 7CEI/c_428 7CEI/c_436
Cluster 2 -> 7CEI/c_239 7CEI/c_443 7CEI/c_449 7CEI/c_480 7CEI/c_484 7CEI/c_504 7CEI/c_520 7CEI/c_523 7CEI/c_590 7CEI/c_595 7CEI/c_617 7CEI/c_626 7CEI/c_677 7CEI/c_678 7CEI/c_697 7CEI/c_701 7CEI/c_705 7CEI/c_722 7CEI/c_735 7CEI/c_751 7CEI/c_753 7CEI/c_769 7CEI/c_772 7CEI/c_773 7CEI/c_786 7CEI/c_790 7CEI/c_800 7CEI/c_802 7CEI/c_816 7CEI/c_85 7CEI/c_878 7CEI/c_899 7CEI/c_915 7CEI/c_933 7CEI/c_112 7CEI/c_113 7CEI/c_133 7CEI/c_141 7CEI/c_168 7CEI/c_172 7CEI/c_179 7CEI/c_182 7CEI/c_184 7CEI/c_192 7CEI/c_205 7CEI/c_215 7CEI/c_231 7CEI/c_232 7CEI/c_235 7CEI/c_23 7CEI/c_245 7CEI/c_247 7CEI/c_248 7CEI/c_263 7CEI/c_269 7CEI/c_270 7CEI/c_273 7CEI/c_296 7CEI/c_297 7CEI/c_302 7CEI/c_307 7CEI/c_315 7CEI/c_319 7CEI/c_321 7CEI/c_329 7CEI/c_334 7CEI/c_382 7CEI/c_396 7CEI/c_421
Cluster 3 -> 7CEI/c_316 7CEI/c_442 7CEI/c_470 7CEI/c_491 7CEI/c_515 7CEI/c_51 7CEI/c_533 7CEI/c_54 7CEI/c_557 7CEI/c_55 7CEI/c_564 7CEI/c_571 7CEI/c_578 7CEI/c_585 7CEI/c_58 7CEI/c_591 7CEI/c_615 7CEI/c_620 7CEI/c_631 7CEI/c_63 7CEI/c_643 7CEI/c_661 7CEI/c_689 7CEI/c_707 7CEI/c_725 7CEI/c_72 7CEI/c_785 7CEI/c_796 7CEI/c_80 7CEI/c_830 7CEI/c_846 7CEI/c_856 7CEI/c_867 7CEI/c_92 7CEI/c_932 7CEI/c_96 7CEI/c_975 7CEI/c_98 7CEI/c_992 7CEI/c_100 7CEI/c_134 7CEI/c_137 7CEI/c_170 7CEI/c_180 7CEI/c_195 7CEI/c_225 7CEI/c_22 7CEI/c_230 7CEI/c_236 7CEI/c_300 7CEI/c_311 7CEI/c_348 7CEI/c_357 7CEI/c_362 7CEI/c_377 7CEI/c_389 7CEI/c_395 7CEI/c_404 7CEI/c_42
Cluster 4 -> 7CEI/c_29 7CEI/c_45 7CEI/c_466 7CEI/c_572 7CEI/c_57 7CEI/c_59 7CEI/c_606 7CEI/c_61 7CEI/c_640 7CEI/c_654 7CEI/c_668 7CEI/c_688 7CEI/c_696 7CEI/c_710 7CEI/c_754 7CEI/c_78 7CEI/c_820 7CEI/c_822 7CEI/c_84 7CEI/c_864 7CEI/c_881 7CEI/c_912 7CEI/c_925 7CEI/c_985 7CEI/c_104 7CEI/c_117 7CEI/c_11 7CEI/c_12 7CEI/c_132 7CEI/c_142 7CEI/c_143 7CEI/c_154 7CEI/c_157 7CEI/c_162 7CEI/c_163 7CEI/c_196 7CEI/c_1 7CEI/c_201 7CEI/c_279 7CEI/c_306 7CEI/c_309 7CEI/c_322 7CEI/c_335 7CEI/c_338 7CEI/c_350 7CEI/c_35 7CEI/c_398 7CEI/c_405 7CEI/c_410 7CEI/c_433
Cluster 5 -> 7CEI/c_411 7CEI/c_446 7CEI/c_469 7CEI/c_502 7CEI/c_511 7CEI/c_513 7CEI/c_516 7CEI/c_517 7CEI/c_524 7CEI/c_552 7CEI/c_592 7CEI/c_608 7CEI/c_618 7CEI/c_649 7CEI/c_658 7CEI/c_673 7CEI/c_694 7CEI/c_718 7CEI/c_733 7CEI/c_740 7CEI/c_74 7CEI/c_750 7CEI/c_774 7CEI/c_77 7CEI/c_818 7CEI/c_840 7CEI/c_865 7CEI/c_873 7CEI/c_876 7CEI/c_930 7CEI/c_978 7CEI/c_979 7CEI/c_187 7CEI/c_193 7CEI/c_194 7CEI/c_212 7CEI/c_254 7CEI/c_255 7CEI/c_259 7CEI/c_281 7CEI/c_327 7CEI/c_332 7CEI/c_351 7CEI/c_359 7CEI/c_368 7CEI/c_369 7CEI/c_384 7CEI/c_390 7CEI/c_413
Cluster 6 -> 7CEI/c_637 7CEI/c_47 7CEI/c_49 7CEI/c_562 7CEI/c_580 7CEI/c_586 7CEI/c_616 7CEI/c_624 7CEI/c_655 7CEI/c_666 7CEI/c_679 7CEI/c_686 7CEI/c_749 7CEI/c_763 7CEI/c_783 7CEI/c_794 7CEI/c_886 7CEI/c_901 7CEI/c_917 7CEI/c_94 7CEI/c_9 7CEI/c_102 7CEI/c_108 7CEI/c_116 7CEI/c_124 7CEI/c_131 7CEI/c_140 7CEI/c_149 7CEI/c_15 7CEI/c_161 7CEI/c_171 7CEI/c_17 7CEI/c_185 7CEI/c_21 7CEI/c_224 7CEI/c_251 7CEI/c_318 7CEI/c_31 7CEI/c_330 7CEI/c_347 7CEI/c_354 7CEI/c_358 7CEI/c_372 7CEI/c_37 7CEI/c_381 7CEI/c_407 7CEI/c_40
Cluster 7 -> 7CEI/c_391 7CEI/c_452 7CEI/c_455 7CEI/c_474 7CEI/c_488 7CEI/c_48 7CEI/c_512 7CEI/c_52 7CEI/c_553 7CEI/c_577 7CEI/c_607 7CEI/c_648 7CEI/c_680 7CEI/c_70 7CEI/c_721 7CEI/c_743 7CEI/c_76 7CEI/c_777 7CEI/c_86 7CEI/c_874 7CEI/c_875 7CEI/c_894 7CEI/c_8 7CEI/c_97 7CEI/c_986 7CEI/c_107 7CEI/c_10 7CEI/c_111 7CEI/c_115 7CEI/c_119 7CEI/c_151 7CEI/c_155 7CEI/c_166 7CEI/c_176 7CEI/c_177 7CEI/c_190 7CEI/c_229 7CEI/c_24 7CEI/c_26 7CEI/c_280 7CEI/c_28 7CEI/c_295 7CEI/c_337 7CEI/c_36 7CEI/c_406 7CEI/c_41
Cluster 8 -> 7CEI/c_99 7CEI/c_468 7CEI/c_46 7CEI/c_498 7CEI/c_4 7CEI/c_506 7CEI/c_50 7CEI/c_521 7CEI/c_535 7CEI/c_556 7CEI/c_5 7CEI/c_60 7CEI/c_650 7CEI/c_681 7CEI/c_690 7CEI/c_71 7CEI/c_732 7CEI/c_775 7CEI/c_782 7CEI/c_797 7CEI/c_7 7CEI/c_836 7CEI/c_87 7CEI/c_973 7CEI/c_109 7CEI/c_114 7CEI/c_125 7CEI/c_127 7CEI/c_139 7CEI/c_146 7CEI/c_164 7CEI/c_16 7CEI/c_25 7CEI/c_264 7CEI/c_288 7CEI/c_2 7CEI/c_32 7CEI/c_341 7CEI/c_34 7CEI/c_356 7CEI/c_39 7CEI/c_412 7CEI/c_43 7CEI/c_440
Cluster 9 -> 7CEI/c_419 7CEI/c_464 7CEI/c_483 7CEI/c_514 7CEI/c_538 7CEI/c_545 7CEI/c_561 7CEI/c_587 7CEI/c_601 7CEI/c_619 7CEI/c_625 7CEI/c_632 7CEI/c_699 7CEI/c_756 7CEI/c_792 7CEI/c_793 7CEI/c_801 7CEI/c_838 7CEI/c_857 7CEI/c_866 7CEI/c_943 7CEI/c_950 7CEI/c_122 7CEI/c_145 7CEI/c_167 7CEI/c_178 7CEI/c_181 7CEI/c_189 7CEI/c_202 7CEI/c_213 7CEI/c_217 7CEI/c_268 7CEI/c_286 7CEI/c_305 7CEI/c_342 7CEI/c_345 7CEI/c_363 7CEI/c_367 7CEI/c_376 7CEI/c_383 7CEI/c_408 7CEI/c_416
Cluster 10 -> 7CEI/c_567 7CEI/c_448 7CEI/c_489 7CEI/c_551 7CEI/c_581 7CEI/c_647 7CEI/c_651 7CEI/c_672 7CEI/c_693 7CEI/c_713 7CEI/c_717 7CEI/c_742 7CEI/c_765 7CEI/c_780 7CEI/c_789 7CEI/c_799 7CEI/c_814 7CEI/c_823 7CEI/c_829 7CEI/c_844 7CEI/c_854 7CEI/c_862 7CEI/c_891 7CEI/c_916 7CEI/c_977 7CEI/c_160 7CEI/c_174 7CEI/c_197 7CEI/c_244 7CEI/c_283 7CEI/c_284 7CEI/c_298 7CEI/c_299 7CEI/c_331 7CEI/c_339 7CEI/c_346 7CEI/c_353 7CEI/c_360 7CEI/c_378 7CEI/c_424 7CEI/c_434
Cluster 11 -> 7CEI/c_877 7CEI/c_445 7CEI/c_458 7CEI/c_485 7CEI/c_604 7CEI/c_628 7CEI/c_636 7CEI/c_68 7CEI/c_69 7CEI/c_6 7CEI/c_712 7CEI/c_728 7CEI/c_770 7CEI/c_771 7CEI/c_82 7CEI/c_887 7CEI/c_121 7CEI/c_123 7CEI/c_126 7CEI/c_138 7CEI/c_20 7CEI/c_214 7CEI/c_216 7CEI/c_221 7CEI/c_228 7CEI/c_243 7CEI/c_250 7CEI/c_252 7CEI/c_261 7CEI/c_282 7CEI/c_292 7CEI/c_294 7CEI/c_385 7CEI/c_397 7CEI/c_435
Cluster 12 -> 7CEI/c_536 7CEI/c_501 7CEI/c_503 7CEI/c_525 7CEI/c_546 7CEI/c_566 7CEI/c_569 7CEI/c_646 7CEI/c_663 7CEI/c_695 7CEI/c_738 7CEI/c_73 7CEI/c_758 7CEI/c_767 7CEI/c_808 7CEI/c_81 7CEI/c_892 7CEI/c_89 7CEI/c_93 7CEI/c_110 7CEI/c_136 7CEI/c_152 7CEI/c_204 7CEI/c_219 7CEI/c_222 7CEI/c_246 7CEI/c_267 7CEI/c_289 7CEI/c_313 7CEI/c_323 7CEI/c_374 7CEI/c_375
Cluster 13 -> 7CEI/c_659 7CEI/c_473 7CEI/c_482 7CEI/c_510 7CEI/c_543 7CEI/c_558 7CEI/c_559 7CEI/c_593 7CEI/c_657 7CEI/c_692 7CEI/c_744 7CEI/c_768 7CEI/c_832 7CEI/c_118 7CEI/c_129 7CEI/c_130 7CEI/c_169 7CEI/c_207 7CEI/c_210 7CEI/c_240 7CEI/c_265 7CEI/c_278 7CEI/c_301 7CEI/c_349 7CEI/c_423 7CEI/c_430 7CEI/c_432
Cluster 14 -> 7CEI/c_642 7CEI/c_461 7CEI/c_526 7CEI/c_528 7CEI/c_574 7CEI/c_62 7CEI/c_787 7CEI/c_883 7CEI/c_895 7CEI/c_960 7CEI/c_103 7CEI/c_105 7CEI/c_128 7CEI/c_18 7CEI/c_211 7CEI/c_266 7CEI/c_277 7CEI/c_310 7CEI/c_379 7CEI/c_415 7CEI/c_422
Cluster 15 -> 7CEI/c_745 7CEI/c_457 7CEI/c_481 7CEI/c_573 7CEI/c_583 7CEI/c_609 7CEI/c_622 7CEI/c_682 7CEI/c_687 7CEI/c_760 7CEI/c_810 7CEI/c_813 7CEI/c_842 7CEI/c_848 7CEI/c_910 7CEI/c_937 7CEI/c_963 7CEI/c_965 7CEI/c_227 7CEI/c_325
Cluster 16 -> 7CEI/c_940 7CEI/c_490 7CEI/c_544 7CEI/c_555 7CEI/c_576 7CEI/c_582 7CEI/c_638 7CEI/c_670 7CEI/c_683 7CEI/c_731 7CEI/c_803 7CEI/c_863 7CEI/c_953 7CEI/c_968 7CEI/c_974 7CEI/c_249 7CEI/c_386 7CEI/c_431
Cluster 17 -> 7CEI/c_400 7CEI/c_467 7CEI/c_487 7CEI/c_529 7CEI/c_565 7CEI/c_575 7CEI/c_715 7CEI/c_807 7CEI/c_815 7CEI/c_825 7CEI/c_841 7CEI/c_853 7CEI/c_890 7CEI/c_911 7CEI/c_914 7CEI/c_927 7CEI/c_324 7CEI/c_409
Cluster 18 -> 7CEI/c_706 7CEI/c_539 7CEI/c_584 7CEI/c_599 7CEI/c_605 7CEI/c_704 7CEI/c_88 7CEI/c_964 7CEI/c_987 7CEI/c_226 7CEI/c_237 7CEI/c_272 7CEI/c_285 7CEI/c_304 7CEI/c_317 7CEI/c_373 7CEI/c_417
Cluster 19 -> 7CEI/c_969 7CEI/c_456 7CEI/c_519 7CEI/c_531 7CEI/c_596 7CEI/c_674 7CEI/c_746 7CEI/c_778 7CEI/c_791 7CEI/c_806 7CEI/c_858 7CEI/c_868 7CEI/c_95 7CEI/c_962 7CEI/c_209 7CEI/c_218
Cluster 20 -> 7CEI/c_685 7CEI/c_463 7CEI/c_476 7CEI/c_492 7CEI/c_518 7CEI/c_598 7CEI/c_653 7CEI/c_817 7CEI/c_934 7CEI/c_949 7CEI/c_994 7CEI/c_208 7CEI/c_241 7CEI/c_388 7CEI/c_402
Cluster 21 -> 7CEI/c_462 7CEI/c_494 7CEI/c_548 7CEI/c_570 7CEI/c_623 7CEI/c_951 7CEI/c_967 7CEI/c_971 7CEI/c_982 7CEI/c_256 7CEI/c_258 7CEI/c_275 7CEI/c_312 7CEI/c_420
Cluster 22 -> 7CEI/c_475 7CEI/c_441 7CEI/c_450 7CEI/c_495 7CEI/c_537 7CEI/c_639 7CEI/c_835 7CEI/c_870 7CEI/c_947 7CEI/c_952 7CEI/c_990 7CEI/c_418
Cluster 23 -> 7CEI/c_314 7CEI/c_508 7CEI/c_563 7CEI/c_579 7CEI/c_614 7CEI/c_850 7CEI/c_885 7CEI/c_889 7CEI/c_957 7CEI/c_961 7CEI/c_233 7CEI/c_257
Cluster 24 -> 7CEI/c_497 7CEI/c_530 7CEI/c_542 7CEI/c_656 7CEI/c_691 7CEI/c_723 7CEI/c_734 7CEI/c_755 7CEI/c_764 7CEI/c_995 7CEI/c_361
Cluster 25 -> 7CEI/c_936 7CEI/c_602 7CEI/c_893 7CEI/c_908 7CEI/c_920 7CEI/c_959 7CEI/c_996 7CEI/c_998 7CEI/c_392 7CEI/c_437
Cluster 26 -> 7CEI/c_871 7CEI/c_472 7CEI/c_708 7CEI/c_709 7CEI/c_761 7CEI/c_828 7CEI/c_855 7CEI/c_223 7CEI/c_271 7CEI/c_290
Cluster 27 -> 7CEI/c_860 7CEI/c_588 7CEI/c_612 7CEI/c_669 7CEI/c_711 7CEI/c_851 7CEI/c_148 7CEI/c_150 7CEI/c_414
Cluster 28 -> 7CEI/c_147 7CEI/c_613 7CEI/c_621 7CEI/c_702 7CEI/c_748 7CEI/c_931 7CEI/c_972 7CEI/c_14 7CEI/c_326
Cluster 29 -> 7CEI/c_983 7CEI/c_493 7CEI/c_534 7CEI/c_662 7CEI/c_766 7CEI/c_833 7CEI/c_355 7CEI/c_427
Cluster 30 -> 7CEI/c_900 7CEI/c_634 7CEI/c_834 7CEI/c_837 7CEI/c_919 7CEI/c_991 7CEI/c_153 7CEI/c_188
Cluster 31 -> 7CEI/c_83 7CEI/c_644 7CEI/c_819 7CEI/c_859 7CEI/c_101 7CEI/c_200 7CEI/c_365
Cluster 32 -> 7CEI/c_541 7CEI/c_747 7CEI/c_826 7CEI/c_897 7CEI/c_175 7CEI/c_274 7CEI/c_308
Cluster 33 -> 7CEI/c_946 7CEI/c_716 7CEI/c_757 7CEI/c_831 7CEI/c_880 7CEI/c_366
Cluster 34 -> 7CEI/c_821 7CEI/c_444 7CEI/c_664 7CEI/c_736 7CEI/c_795 7CEI/c_811
Cluster 35 -> 7CEI/c_898 7CEI/c_737 7CEI/c_788 7CEI/c_882 7CEI/c_439
Cluster 36 -> 7CEI/c_798 7CEI/c_471 7CEI/c_942 7CEI/c_173 7CEI/c_234
Cluster 37 -> 7CEI/c_532 7CEI/c_727 7CEI/c_812 7CEI/c_984 7CEI/c_401
Cluster 38 -> 7CEI/c_340 7CEI/c_550 7CEI/c_948 7CEI/c_293 7CEI/c_403
Cluster 39 -> 7CEI/c_981 7CEI/c_560 7CEI/c_929 7CEI/c_941
Cluster 40 -> 7CEI/c_958 7CEI/c_684 7CEI/c_741 7CEI/c_343
Cluster 41 -> 7CEI/c_939 7CEI/c_459 7CEI/c_630 7CEI/c_438
Cluster 42 -> 7CEI/c_903 7CEI/c_759 7CEI/c_779 7CEI/c_344
Cluster 43 -> 7CEI/c_600 7CEI/c_500 7CEI/c_540 7CEI/c_884
Cluster 44 -> 7CEI/c_352 7CEI/c_935 7CEI/c_999 7CEI/c_186
