Cluster 1 -> 1779 1251 1289 1295 1297 1303 1319 1337 1379 1391 1420 1439 1479 1500 1507 1539 1558 1565 1587 1593 1623 1636 1651 1654 1658 1680 1715 1718 1742 1753 1756 1757 1766 409 425 427 429 435 437 583 618 624 636 668 679 697 752 781 843 851 864 931 932 975 991 1036 1041 1053 1064 1115 1120 1190 1202 1204 9 10 21 29 36 41 58 62 107 108 111 171 175 201 207 230 234 250 276 278 291 294 299 306 312 316 
Cluster 2 -> 1562 1249 1267 1275 1278 1293 1300 1323 1352 1355 1419 1444 1456 1469 1482 1483 1512 1514 1527 1529 1533 1554 1571 1584 1621 1635 1650 1656 1712 1755 1778 1781 411 413 424 463 473 479 484 505 531 553 646 652 682 704 719 763 777 814 824 868 892 896 959 960 976 997 1006 1011 1019 1069 1074 1081 1092 1104 1114 1138 1153 1156 1172 1216 12 119 129 134 157 214 220 236 268 274 277 290 302 314 326 329 375 381 
Cluster 3 -> 1347 1283 1299 1358 1365 1367 1387 1412 1433 1436 1454 1489 1490 1520 1556 1585 1763 391 461 577 599 610 660 663 674 729 767 770 800 804 823 831 939 958 996 1005 1015 1095 1119 1208 63 73 115 122 189 247 281 300 310 343 373 
Cluster 4 -> 776 1243 1266 1313 1315 1395 1397 1477 1561 1603 1609 1626 1628 1634 1708 1768 408 591 613 619 634 653 667 677 769 783 886 913 918 968 972 1013 1029 1059 1065 1077 1106 1209 27 33 148 179 200 245 370 
Cluster 5 -> 1414 1256 1271 1294 1316 1364 1394 1426 1484 1510 1513 1620 407 438 566 579 691 791 836 844 845 857 1049 1061 1073 1122 1128 1152 1181 14 65 128 135 346 
Cluster 6 -> 1744 1325 1348 1359 1372 1457 1503 1506 1625 1697 421 472 536 567 699 702 717 746 799 828 834 838 894 1003 1050 1100 1126 1142 197 235 324 327 363 
Cluster 7 -> 1729 1227 1264 1288 1360 1504 1523 1728 383 528 751 881 915 921 929 986 1088 1162 1211 7 37 39 43 44 52 60 103 123 158 284 321 368 
Cluster 8 -> 1186 1343 1404 1462 1519 1570 1619 1743 1780 453 500 518 521 565 722 870 949 955 1054 1057 1071 91 174 253 359 
Cluster 9 -> 574 1225 1317 1455 1551 1566 1717 1721 1745 403 410 441 459 489 596 815 914 925 935 1017 1067 1188 1219 141 198 
Cluster 10 -> 1701 1305 1515 1775 382 384 640 643 755 803 863 1028 1040 1173 54 67 173 269 367 
Cluster 11 -> 911 1265 1335 1480 1731 397 572 856 994 1093 1175 8 53 77 160 164 177 342 
Cluster 12 -> 113 1345 1371 1450 1468 1531 1664 485 539 620 1010 117 259 275 334 
Cluster 13 -> 981 1429 1598 1665 428 738 829 942 947 980 987 1087 357 
Cluster 14 -> 1310 1580 1773 412 504 550 594 726 764 1022 1149 95 
Cluster 15 -> 494 1616 1653 1704 532 700 822 1046 1182 40 151 293 
Cluster 16 -> 1307 1237 1263 1532 1702 1725 426 477 672 1146 287 
Cluster 17 -> 651 1639 1678 1765 414 554 1048 32 98 341 
Cluster 18 -> 1131 585 662 718 721 730 1102 232 340 
Cluster 19 -> 244 1642 1009 1212 1 78 203 240 296 
Cluster 20 -> 1689 1530 530 621 748 1004 82 224 
Cluster 21 -> 1610 1545 486 614 641 1155 163 215 
Cluster 22 -> 1550 1279 520 612 749 225 308 379 
Cluster 23 -> 1396 1368 1641 872 999 1047 94 372 
Cluster 24 -> 1269 1273 1645 462 649 136 313 364 
Cluster 25 -> 971 487 732 792 1203 3 114 266 
Cluster 26 -> 622 1617 766 1072 6 307 336 355 
Cluster 27 -> 1392 1549 1595 1612 1630 1740 146 
Cluster 28 -> 900 1705 805 867 1052 97 193 
Cluster 29 -> 648 1713 399 661 904 1118 1133 
Cluster 30 -> 1648 1622 1627 754 883 150 
Cluster 31 -> 1644 1298 1555 756 940 1160 
Cluster 32 -> 1441 1774 121 152 205 292 
Cluster 33 -> 984 1761 560 765 833 261 
Cluster 34 -> 965 1287 826 832 79 155 
Cluster 35 -> 1353 1676 1769 877 127 
Cluster 36 -> 125 1437 740 956 34 
Cluster 37 -> 1771 998 1096 319 
Cluster 38 -> 1710 1332 1056 187 
Cluster 39 -> 1672 392 1167 45 
Cluster 40 -> 1591 1262 1398 387 
Cluster 41 -> 1582 1351 1076 1097 
Cluster 42 -> 1488 1176 213 356 
Cluster 43 -> 1448 1340 1123 66 
Cluster 44 -> 1445 1478 685 1086 
Cluster 45 -> 1402 1260 1282 347 
Cluster 46 -> 1255 995 1147 169 
Cluster 47 -> 1236 516 1148 202 
Cluster 48 -> 1127 632 676 55 
Cluster 49 -> 1062 1291 806 895 
Cluster 50 -> 954 797 880 945 
Cluster 51 -> 878 455 593 709 
Cluster 52 -> 850 468 686 31 
Cluster 53 -> 592 483 534 13 
Cluster 54 -> 349 1601 659 190 
Cluster 55 -> 251 1517 1640 794 
