Cluster 1 -> 558 2007 2009 2021 2028 2040 2058 2060 2065 2068 2069 2073 2078 2079 2082 1167 1186 1202 1224 1225 1229 1231 1239 1246 1247 1255 1260 1272 1275 1292 1303 1305 1308 1321 1334 1343 1352 1371 1387 1411 1417 1419 1420 1425 1435 1436 1453 1458 1465 1467 1479 1497 1509 1510 1518 1530 1532 1551 1556 1561 1562 1577 1578 1609 1622 1632 1644 1652 1654 1684 1691 1698 1710 1717 1727 1730 1746 1755 1771 1780 1781 1801 1803 1805 1809 1816 1825 1830 1837 1838 1839 1841 1853 1856 1864 1880 1894 1897 1898 1912 1913 1917 1934 1936 1957 1958 1969 1974 1983 1990 325 328 338 350 353 374 378 392 416 422 436 442 456 461 463 466 486 523 563 565 576 577 579 584 594 597 601 604 619 620 631 632 634 640 650 677 687 699 701 702 712 714 718 720 734 740 743 750 760 761 771 772 791 796 806 812 828 832 843 848 849 850 855 861 866 888 895 898 899 922 935 944 954 960 962 984 989 997 998 1012 1022 1026 1034 1041 1079 1082 1094 1102 1114 1125 1143 1149 2 14 31 35 46 53 75 77 100 102 103 107 117 127 129 140 151 159 167 172 184 193 211 215 221 223 226 228 234 235 240 254 257 273 274 289 299 300 312 317 
Cluster 2 -> 1613 2018 2033 1165 1212 1217 1219 1248 1261 1281 1314 1397 1512 1641 1651 1678 1725 1762 1881 1976 344 369 418 432 546 607 629 719 747 860 919 938 993 1028 1052 1104 1130 10 12 21 28 80 87 92 134 146 169 298 
Cluster 3 -> 841 2026 1242 1370 1394 1412 1531 1544 1569 1624 1668 1733 1750 1791 1846 1895 1896 1924 1971 2001 367 429 665 766 896 913 1080 16 130 138 186 202 219 287 301 
Cluster 4 -> 78 2008 2023 1383 1439 1464 1486 1572 1618 1621 1664 1807 1840 1858 1879 1885 1922 380 550 621 664 690 738 779 883 889 909 1146 48 108 111 155 183 308 
Cluster 5 -> 1396 2039 2070 2077 1500 1517 1526 1592 1659 1683 1815 333 425 475 496 649 733 803 921 991 1044 1069 1134 25 58 98 104 143 190 204 245 256 297 
Cluster 6 -> 753 2010 2012 2063 2076 1192 1208 1216 1240 1291 1297 1496 1567 1607 1778 1811 1843 352 489 501 600 618 627 673 731 754 955 1013 1138 13 101 105 192 
Cluster 7 -> 1422 2053 1338 1615 1673 1675 1729 1819 1999 386 403 444 459 573 684 807 814 835 869 881 886 920 1015 1066 1067 1144 258 284 288 290 309 311 
Cluster 8 -> 1407 1283 1311 1336 1434 1437 1563 1669 1680 1711 1721 1832 1889 1975 376 470 567 703 773 816 819 823 854 981 992 1019 1050 1051 1088 65 109 212 
Cluster 9 -> 1964 2081 1306 1513 1514 1515 1542 1601 1608 1662 1665 1789 1852 1923 342 348 379 507 530 540 553 593 609 617 769 930 932 1063 1137 178 291 
Cluster 10 -> 1505 1169 1244 1320 1344 1358 1522 1657 1731 1779 1814 1948 1973 331 332 397 434 451 455 537 696 729 776 784 976 1005 1071 11 70 171 272 
Cluster 11 -> 1174 2022 2057 1184 1235 1300 1473 1491 1565 1574 1626 1636 1642 1766 1829 1884 1956 1984 355 570 775 1073 1097 1109 38 45 56 84 165 188 
Cluster 12 -> 1723 2011 2024 1223 1325 1571 1580 1836 1847 1848 1849 1886 430 462 625 633 853 865 900 971 42 44 52 120 244 265 
Cluster 13 -> 911 1278 1369 1472 1476 1488 1960 329 440 465 502 508 705 863 874 945 1030 1089 1108 1116 113 123 189 313 
Cluster 14 -> 1547 2029 1226 1351 1395 1444 1475 1482 1541 1945 533 704 732 875 878 927 978 982 1010 1037 85 158 182 
Cluster 15 -> 1951 2036 1384 1424 1545 1681 1694 1817 1950 544 707 725 842 904 958 970 1003 1112 5 323 
Cluster 16 -> 1834 2046 2047 1190 1295 1301 1354 1379 1385 1400 1590 361 497 657 905 1045 1100 142 252 
Cluster 17 -> 1312 2045 2055 2061 1183 1409 1631 1695 1713 1774 1806 454 513 928 1024 1115 24 62 316 
Cluster 18 -> 1775 2034 1204 1245 1288 1534 1962 420 480 481 538 622 647 973 1129 68 157 216 
Cluster 19 -> 1197 1413 1433 1506 1581 1616 1620 1751 608 749 821 923 983 1098 1163 94 177 276 
Cluster 20 -> 1712 1238 1341 1450 1549 1715 1716 1863 375 588 758 777 1020 1055 1101 29 149 
Cluster 21 -> 1552 2016 1263 1284 1293 1331 1597 637 810 1002 1065 1136 17 236 249 271 281 
Cluster 22 -> 401 1428 1459 1498 1558 1761 1773 1851 1927 1947 1987 449 739 925 1147 1151 197 
Cluster 23 -> 339 1324 1614 1833 1931 371 389 457 526 674 756 794 1128 1 55 83 170 
Cluster 24 -> 951 1220 1264 1525 1635 1660 1919 419 713 745 873 71 224 260 269 
Cluster 25 -> 435 2066 1408 1423 1511 1904 1921 1933 345 405 453 510 659 967 303 
Cluster 26 -> 51 1171 1213 1448 1523 1591 1594 1599 1605 1932 1937 495 737 979 306 
Cluster 27 -> 1928 1228 1317 1377 1416 1427 1648 1908 511 824 988 1092 7 
Cluster 28 -> 1604 1172 1381 1930 2003 359 407 414 746 929 977 1049 79 
Cluster 29 -> 1596 1315 1362 1606 1735 387 396 484 571 1035 1142 124 163 
Cluster 30 -> 1557 1265 1454 1456 1785 1940 411 547 628 845 43 266 282 
Cluster 31 -> 1364 1214 1356 1470 1627 1737 437 751 783 1000 1054 1127 60 
Cluster 32 -> 1177 2071 1714 1745 1891 448 503 560 839 897 1064 1090 268 
Cluster 33 -> 382 2006 2054 1170 1178 1378 1457 1802 1977 40 133 150 222 
Cluster 34 -> 1595 1349 1502 1628 1666 1792 363 487 695 1032 1145 32 
Cluster 35 -> 191 1199 1236 1254 1520 1688 1875 1910 1965 795 822 846 
Cluster 36 -> 1907 1176 1309 1460 1528 347 716 1106 1119 89 196 
Cluster 37 -> 1438 2038 1191 1536 1706 1882 473 527 1155 1162 93 
Cluster 38 -> 1029 2064 1189 1195 1355 1485 1764 778 974 1072 1159 
Cluster 39 -> 676 2027 2052 1440 327 391 612 813 829 837 950 
Cluster 40 -> 336 2051 1241 1939 450 586 689 708 902 1025 285 
Cluster 41 -> 283 1205 1230 1287 1492 1798 1952 485 488 685 209 
Cluster 42 -> 1507 1903 1979 417 504 651 675 788 799 148 
Cluster 43 -> 894 1200 1521 1568 1686 1752 458 599 636 642 
Cluster 44 -> 278 1401 438 529 645 678 1059 67 76 203 
Cluster 45 -> 119 2013 1330 1736 370 498 545 161 225 241 
Cluster 46 -> 4 1207 1307 1949 1954 477 611 688 903 95 
Cluster 47 -> 1985 1639 1877 1916 1989 349 365 373 589 
Cluster 48 -> 1495 1252 1346 1842 1909 693 764 63 307 
Cluster 49 -> 1150 1519 1892 528 652 670 681 1033 1118 
Cluster 50 -> 661 1211 1827 340 393 408 520 557 680 
Cluster 51 -> 187 2080 1553 1760 1902 1014 1154 116 122 
Cluster 52 -> 2050 1262 1661 1905 490 818 220 314 
Cluster 53 -> 1857 1258 1821 478 691 1007 1062 121 
Cluster 54 -> 1738 1166 1610 1703 426 615 727 1133 
Cluster 55 -> 1720 1366 1527 1587 1677 1970 1009 1070 
Cluster 56 -> 1535 1280 1282 643 656 706 722 64 
Cluster 57 -> 1374 1426 1763 1765 1883 536 39 118 
Cluster 58 -> 1122 1441 1449 1524 406 887 250 321 
Cluster 59 -> 568 1318 1679 1754 1991 630 724 139 
Cluster 60 -> 164 1327 1345 1824 666 972 1093 320 
Cluster 61 -> 2020 1499 1543 1759 1867 1011 1132 
Cluster 62 -> 1888 1480 1555 1994 427 592 1123 
Cluster 63 -> 1878 1793 388 867 916 136 156 
Cluster 64 -> 1845 1249 1508 1586 358 446 572 
Cluster 65 -> 1702 1193 1353 1359 1699 831 160 
Cluster 66 -> 1697 1357 1653 1670 1728 1872 535 
Cluster 67 -> 1392 1966 431 518 522 1038 179 
Cluster 68 -> 1373 1168 1361 1734 1854 556 809 
Cluster 69 -> 1209 1537 1861 491 692 963 1131 
Cluster 70 -> 1113 1744 1810 585 86 255 305 
Cluster 71 -> 1008 1164 1911 1941 800 36 125 
Cluster 72 -> 914 1273 1704 368 395 964 18 
Cluster 73 -> 2031 1862 858 882 229 231 
Cluster 74 -> 2015 1237 1365 493 539 856 
Cluster 75 -> 1901 1302 1693 1700 564 54 
Cluster 76 -> 1831 1705 1993 986 6 322 
Cluster 77 -> 1826 2004 1570 1918 324 263 
Cluster 78 -> 1822 2025 1726 700 817 47 
Cluster 79 -> 1795 1277 499 532 943 137 
Cluster 80 -> 1769 1187 1740 748 27 168 
Cluster 81 -> 1682 1391 1421 1638 394 723 
Cluster 82 -> 1182 1179 1290 428 624 72 
Cluster 83 -> 1139 1266 1756 521 996 251 
Cluster 84 -> 1099 1625 1633 1672 357 141 
Cluster 85 -> 1068 1316 1619 1869 697 931 
Cluster 86 -> 715 2014 1348 934 966 201 
Cluster 87 -> 334 1222 1742 1770 1998 917 
Cluster 88 -> 237 1299 1708 948 961 965 
Cluster 89 -> 195 1319 1786 433 534 69 
Cluster 90 -> 1992 1790 412 15 180 
Cluster 91 -> 1963 1637 1835 1959 509 
Cluster 92 -> 1926 1753 476 1103 218 
Cluster 93 -> 1876 516 683 804 232 
Cluster 94 -> 1630 562 815 980 34 
Cluster 95 -> 1533 1687 1942 41 267 
Cluster 96 -> 1296 1850 1938 415 994 
Cluster 97 -> 1148 1812 492 857 942 
Cluster 98 -> 1046 1198 460 912 926 
Cluster 99 -> 987 1899 605 802 74 
Cluster 100 -> 918 1481 354 872 49 
Cluster 101 -> 671 1602 1741 1808 479 
Cluster 102 -> 602 1598 1935 468 937 
Cluster 103 -> 542 1271 1040 135 293 
Cluster 104 -> 253 1612 653 908 233 
Cluster 105 -> 1946 1253 1772 90 
Cluster 106 -> 1915 1175 566 277 
Cluster 107 -> 1871 968 173 238 
Cluster 108 -> 1855 1588 1623 1655 
Cluster 109 -> 1818 1988 936 1153 
Cluster 110 -> 1813 1328 830 185 
Cluster 111 -> 1758 2067 1333 941 
Cluster 112 -> 1749 985 106 214 
Cluster 113 -> 1649 838 891 59 
Cluster 114 -> 1640 1267 1329 1707 
Cluster 115 -> 1575 2037 1360 679 
Cluster 116 -> 1478 1406 736 825 
Cluster 117 -> 1048 1173 1689 227 
Cluster 118 -> 811 1363 404 790 
Cluster 119 -> 787 409 949 175 
Cluster 120 -> 614 1074 166 304 
Cluster 121 -> 400 836 884 144 
Cluster 122 -> 319 1388 1955 2002 
Cluster 123 -> 294 1463 413 603 
