Cluster 1 -> 1780 2021 2060 2065 2079 1224 1246 1260 1292 1303 1305 1308 1321 1334 1387 1417 1425 1436 1453 1467 1479 1509 1530 1556 1561 1577 1622 1644 1691 1698 1717 1727 1730 1755 1801 1803 1809 1825 1853 1856 1894 1898 1912 1917 1934 1936 1990 325 338 378 392 442 456 463 466 558 563 576 579 584 604 620 631 634 640 677 714 718 734 796 806 832 843 848 850 861 866 895 899 922 944 960 989 1041 1143 2 14 35 53 75 77 102 103 107 167 172 184 211 215 221 228 234 240 274 299 300 
Cluster 2 -> 1969 2007 2009 2078 1202 1411 1420 1465 1609 1746 1771 1837 1841 1864 1897 1974 1983 486 523 687 720 849 888 935 954 962 998 1012 1026 1149 151 223 312 
Cluster 3 -> 2053 1422 1819 1999 386 444 459 573 684 807 814 869 881 886 1015 1144 288 290 309 311 
Cluster 4 -> 1815 1433 1517 1526 1581 1616 1659 1751 733 821 983 1044 1134 143 177 245 276 
Cluster 5 -> 2068 2028 1239 1275 1562 1652 374 416 577 712 760 855 984 1034 46 
Cluster 6 -> 1973 1169 1244 1505 1522 1657 1731 1814 1948 455 976 1005 1071 171 272 
Cluster 7 -> 1300 2022 1174 1473 1491 1884 1984 355 570 1073 45 84 188 
Cluster 8 -> 2073 2069 1167 1497 1632 597 601 619 117 127 257 289 
Cluster 9 -> 1165 2018 1217 1261 1678 719 1028 12 21 92 169 298 
Cluster 10 -> 2055 1183 1631 1774 1878 513 928 1115 24 136 316 
Cluster 11 -> 1913 1186 1231 1272 1805 1957 350 436 1079 1114 235 
Cluster 12 -> 1248 2033 1212 1281 1314 1613 1762 432 10 80 
Cluster 13 -> 155 2008 1885 1922 550 621 889 1146 108 183 
Cluster 14 -> 1836 1223 1325 1723 1849 1886 430 853 865 
Cluster 15 -> 2011 1580 1672 1848 44 120 141 244 
Cluster 16 -> 1940 1265 1454 1785 411 628 845 266 
Cluster 17 -> 1412 1544 1733 2001 665 841 913 138 
Cluster 18 -> 992 1832 1975 703 1002 1088 109 166 
Cluster 19 -> 2070 1683 1861 803 991 104 204 
Cluster 20 -> 1843 2076 1240 1291 1607 731 13 
Cluster 21 -> 1811 1567 618 627 101 105 192 
Cluster 22 -> 1574 1523 1766 1956 1097 56 306 
Cluster 23 -> 1364 1214 1514 1601 1627 437 769 
Cluster 24 -> 2082 1343 1880 632 828 196 
Cluster 25 -> 2066 1408 1921 453 510 659 
Cluster 26 -> 2003 1172 1604 746 929 1049 
Cluster 27 -> 1950 2036 565 650 740 771 
Cluster 28 -> 1301 1295 1354 1400 1834 142 
Cluster 29 -> 1133 1448 1610 1738 615 727 
Cluster 30 -> 1013 1784 450 501 792 902 
Cluster 31 -> 526 1324 339 794 1 83 
Cluster 32 -> 2058 1518 461 31 226 
Cluster 33 -> 2016 1597 1136 236 281 
Cluster 34 -> 1959 1476 1835 509 863 
Cluster 35 -> 1881 1397 1871 860 919 
Cluster 36 -> 1830 1229 1352 743 812 
Cluster 37 -> 1721 1563 1711 470 823 
Cluster 38 -> 1714 1177 448 1064 1090 
Cluster 39 -> 1651 1725 607 747 134 
Cluster 40 -> 1621 1879 690 738 48 
Cluster 41 -> 1521 2014 458 934 966 
Cluster 42 -> 1488 1472 329 874 1030 
Cluster 43 -> 1306 1662 348 617 932 
Cluster 44 -> 1235 1184 1829 1109 165 
Cluster 45 -> 951 1635 419 873 260 
Cluster 46 -> 894 1200 1568 1686 642 
Cluster 47 -> 2051 1939 689 708 
Cluster 48 -> 2039 1069 58 190 
Cluster 49 -> 2031 858 882 231 
Cluster 50 -> 2029 1541 533 982 
Cluster 51 -> 2004 1220 1525 324 
Cluster 52 -> 1951 842 970 323 
Cluster 53 -> 1947 1459 1558 401 
Cluster 54 -> 1933 1423 1859 303 
Cluster 55 -> 1877 1639 349 373 
Cluster 56 -> 1779 1358 434 11 
Cluster 57 -> 1764 1189 1485 1159 
Cluster 58 -> 1710 1435 1578 791 
Cluster 59 -> 1620 1413 1506 1163 
Cluster 60 -> 1618 1326 1439 1566 
Cluster 61 -> 1592 1571 649 265 
Cluster 62 -> 1428 739 925 1151 
Cluster 63 -> 1392 522 657 905 
Cluster 64 -> 1373 1168 1798 809 
Cluster 65 -> 1369 2061 440 705 
Cluster 66 -> 1345 1327 666 972 
Cluster 67 -> 1293 1284 637 17 
Cluster 68 -> 1130 993 1104 238 
Cluster 69 -> 702 1225 1839 898 
Cluster 70 -> 422 2040 1424 904 
Cluster 71 -> 308 1840 1858 664 
