Cluster 1 -> Target53/c719 Target53/c816 Target53/c837 Target53/c904 Target53/c991 Target53/c137 Target53/c1387 Target53/c20 Target53/c439 Target53/c440 Target53/c478 Target53/c492 Target53/c1002 Target53/c1032 Target53/c1174 Target53/c1199 Target53/c121 Target53/c1232 Target53/c1278 Target53/c1330
Cluster 2 -> Target53/c616 Target53/c818 Target53/c823 Target53/c943 Target53/c970 Target53/c1390 Target53/c157 Target53/c163 Target53/c388 Target53/c3 Target53/c744 Target53/c778 Target53/c1123 Target53/c1146 Target53/c1160 Target53/c1191 Target53/c1237 Target53/c1333
Cluster 3 -> Target53/c120 Target53/c790 Target53/c902 Target53/c912 Target53/c209 Target53/c22 Target53/c247 Target53/c436 Target53/c469 Target53/c582 Target53/c1097 Target53/c1099 Target53/c1142 Target53/c118 Target53/c1251 Target53/c129 Target53/c1329
Cluster 4 -> Target53/c901 Target53/c838 Target53/c992 Target53/c13 Target53/c151 Target53/c497 Target53/c5 Target53/c641 Target53/c757 Target53/c774 Target53/c1005 Target53/c1031 Target53/c1046 Target53/c1048 Target53/c1073 Target53/c1287
Cluster 5 -> Target53/c455 Target53/c826 Target53/c952 Target53/c985 Target53/c1395 Target53/c213 Target53/c315 Target53/c328 Target53/c424 Target53/c638 Target53/c705 Target53/c780 Target53/c108 Target53/c112
Cluster 6 -> Target53/c994 Target53/c910 Target53/c171 Target53/c204 Target53/c257 Target53/c421 Target53/c425 Target53/c683 Target53/c1056 Target53/c1079 Target53/c1203 Target53/c1336
Cluster 7 -> Target53/c899 Target53/c860 Target53/c88 Target53/c979 Target53/c150 Target53/c560 Target53/c667 Target53/c1165 Target53/c1171 Target53/c1239 Target53/c1298
Cluster 8 -> Target53/c174 Target53/c79 Target53/c850 Target53/c896 Target53/c921 Target53/c271 Target53/c280 Target53/c375 Target53/c470 Target53/c695 Target53/c1289
Cluster 9 -> Target53/c988 Target53/c188 Target53/c306 Target53/c30 Target53/c339 Target53/c348 Target53/c454 Target53/c46 Target53/c735
Cluster 10 -> Target53/c291 Target53/c156 Target53/c371 Target53/c444 Target53/c58 Target53/c633 Target53/c656 Target53/c1080 Target53/c1245
Cluster 11 -> Target53/c844 Target53/c286 Target53/c52 Target53/c558 Target53/c61 Target53/c113 Target53/c1152 Target53/c1327
Cluster 12 -> Target53/c448 Target53/c792 Target53/c94 Target53/c1382 Target53/c338 Target53/c618 Target53/c642 Target53/c1324
Cluster 13 -> Target53/c38 Target53/c871 Target53/c872 Target53/c960 Target53/c223 Target53/c244 Target53/c405 Target53/c491
Cluster 14 -> Target53/c940 Target53/c793 Target53/c542 Target53/c699 Target53/c737 Target53/c761 Target53/c1145
Cluster 15 -> Target53/c889 Target53/c1358 Target53/c1375 Target53/c14 Target53/c153 Target53/c662 Target53/c1030
Cluster 16 -> Target53/c786 Target53/c887 Target53/c930 Target53/c312 Target53/c344 Target53/c503 Target53/c1263
Cluster 17 -> Target53/c799 Target53/c87 Target53/c450 Target53/c109 Target53/c1227 Target53/c1292
Cluster 18 -> Target53/c218 Target53/c934 Target53/c182 Target53/c1117 Target53/c1234 Target53/c1236
Cluster 19 -> Target53/c859 Target53/c386 Target53/c387 Target53/c55 Target53/c745
Cluster 20 -> Target53/c74 Target53/c742 Target53/c1033 Target53/c1279 Target53/c128
Cluster 21 -> Target53/c661 Target53/c221 Target53/c47 Target53/c564 Target53/c646
Cluster 22 -> Target53/c431 Target53/c292 Target53/c400 Target53/c1054 Target53/c1163
Cluster 23 -> Target53/c336 Target53/c853 Target53/c4 Target53/c1105 Target53/c1162
Cluster 24 -> Target53/c1323 Target53/c906 Target53/c15 Target53/c369 Target53/c569
Cluster 25 -> Target53/c961 Target53/c555 Target53/c1153 Target53/c1297
Cluster 26 -> Target53/c91 Target53/c918 Target53/c138 Target53/c1220
Cluster 27 -> Target53/c881 Target53/c1014 Target53/c1214 Target53/c1281
Cluster 28 -> Target53/c71 Target53/c265 Target53/c372 Target53/c1055
Cluster 29 -> Target53/c666 Target53/c438 Target53/c48 Target53/c1299
Cluster 30 -> Target53/c522 Target53/c323 Target53/c366 Target53/c1173
Cluster 31 -> Target53/c434 Target53/c189 Target53/c307 Target53/c1198
Cluster 32 -> Target53/c321 Target53/c197 Target53/c613 Target53/c111
Cluster 33 -> Target53/c236 Target53/c894 Target53/c143 Target53/c1259
Cluster 34 -> Target53/c1228 Target53/c8 Target53/c381 Target53/c1182
