Cluster 1 -> Target40/c854 Target40/c845 Target40/c860 Target40/c872 Target40/c873 Target40/c876 Target40/c88 Target40/c957 Target40/c969 Target40/c980 Target40/c995 Target40/c2053 Target40/c2075 Target40/c2079 Target40/c2086 Target40/c208 Target40/c20 Target40/c2124 Target40/c2164 Target40/c2179 Target40/c236 Target40/c252 Target40/c283 Target40/c343 Target40/c392 Target40/c399 Target40/c405 Target40/c425 Target40/c426 Target40/c428 Target40/c443 Target40/c461 Target40/c473 Target40/c49 Target40/c529 Target40/c544 Target40/c548 Target40/c57 Target40/c611 Target40/c612 Target40/c62 Target40/c634 Target40/c687 Target40/c706 Target40/c71 Target40/c727 Target40/c760 Target40/c770 Target40/c802 Target40/c827 Target40/c828 Target40/c1360 Target40/c1373 Target40/c1384 Target40/c1403 Target40/c1414 Target40/c1435 Target40/c1466 Target40/c1473 Target40/c1475 Target40/c147 Target40/c1481 Target40/c1491 Target40/c1502 Target40/c1503 Target40/c1512 Target40/c151 Target40/c1543 Target40/c1552 Target40/c1580 Target40/c1583 Target40/c1604 Target40/c1662 Target40/c1692 Target40/c1698 Target40/c1703 Target40/c1707 Target40/c1708 Target40/c1730 Target40/c1759 Target40/c1761 Target40/c1797 Target40/c1807 Target40/c1808 Target40/c1818 Target40/c1824 Target40/c1863 Target40/c186 Target40/c1870 Target40/c1882 Target40/c1896 Target40/c1925 Target40/c1930 Target40/c1937 Target40/c1954 Target40/c1981 Target40/c199 Target40/c2030 Target40/c2034 Target40/c2035 Target40/c2044 Target40/c2046 Target40/c0 Target40/c1006 Target40/c1008 Target40/c1009 Target40/c1027 Target40/c1029 Target40/c102 Target40/c1074 Target40/c1089 Target40/c1093 Target40/c1095 Target40/c1098 Target40/c111 Target40/c1143 Target40/c114 Target40/c116 Target40/c1173 Target40/c1182 Target40/c1185 Target40/c1192 Target40/c1209 Target40/c1223 Target40/c122 Target40/c1234 Target40/c129 Target40/c1306 Target40/c1314 Target40/c1327 Target40/c1333
Cluster 2 -> Target40/c2110 Target40/c841 Target40/c849 Target40/c853 Target40/c885 Target40/c900 Target40/c904 Target40/c918 Target40/c930 Target40/c935 Target40/c942 Target40/c953 Target40/c95 Target40/c987 Target40/c992 Target40/c2073 Target40/c2096 Target40/c209 Target40/c2103 Target40/c2119 Target40/c2144 Target40/c2146 Target40/c2155 Target40/c22 Target40/c267 Target40/c285 Target40/c304 Target40/c309 Target40/c328 Target40/c360 Target40/c386 Target40/c419 Target40/c422 Target40/c445 Target40/c47 Target40/c482 Target40/c490 Target40/c503 Target40/c520 Target40/c521 Target40/c542 Target40/c550 Target40/c551 Target40/c55 Target40/c568 Target40/c582 Target40/c594 Target40/c595 Target40/c59 Target40/c623 Target40/c638 Target40/c641 Target40/c654 Target40/c666 Target40/c681 Target40/c683 Target40/c686 Target40/c693 Target40/c712 Target40/c74 Target40/c774 Target40/c776 Target40/c791 Target40/c793 Target40/c797 Target40/c798 Target40/c803 Target40/c814 Target40/c1390 Target40/c139 Target40/c1405 Target40/c1438 Target40/c1471 Target40/c1472 Target40/c1482 Target40/c1496 Target40/c1497 Target40/c1504 Target40/c1561 Target40/c1562 Target40/c1597 Target40/c1599 Target40/c1615 Target40/c1633 Target40/c1641 Target40/c1643 Target40/c1669 Target40/c1711 Target40/c1764 Target40/c1779 Target40/c178 Target40/c1820 Target40/c1834 Target40/c1837 Target40/c1840 Target40/c1889 Target40/c1894 Target40/c1900 Target40/c1902 Target40/c1904 Target40/c1905 Target40/c1966 Target40/c1976 Target40/c197 Target40/c1984 Target40/c1999 Target40/c2015 Target40/c2018 Target40/c2019 Target40/c1005 Target40/c1011 Target40/c1103 Target40/c1109 Target40/c1154 Target40/c1163 Target40/c1180 Target40/c1196 Target40/c1228 Target40/c1243 Target40/c1292 Target40/c1310
Cluster 3 -> Target40/c1551 Target40/c857 Target40/c887 Target40/c939 Target40/c960 Target40/c961 Target40/c963 Target40/c2057 Target40/c2090 Target40/c2093 Target40/c2108 Target40/c2114 Target40/c264 Target40/c276 Target40/c278 Target40/c289 Target40/c297 Target40/c357 Target40/c373 Target40/c387 Target40/c417 Target40/c493 Target40/c523 Target40/c559 Target40/c614 Target40/c615 Target40/c625 Target40/c754 Target40/c782 Target40/c796 Target40/c1388 Target40/c1431 Target40/c1452 Target40/c1507 Target40/c150 Target40/c1521 Target40/c1537 Target40/c1602 Target40/c1624 Target40/c1626 Target40/c164 Target40/c1751 Target40/c1763 Target40/c1786 Target40/c1789 Target40/c1849 Target40/c185 Target40/c1869 Target40/c1929 Target40/c2017 Target40/c2024 Target40/c2028 Target40/c202 Target40/c1024 Target40/c1040 Target40/c105 Target40/c1145 Target40/c1152 Target40/c1172 Target40/c1208 Target40/c1210 Target40/c1215 Target40/c1240 Target40/c1272 Target40/c1285
Cluster 4 -> Target40/c2120 Target40/c870 Target40/c878 Target40/c884 Target40/c888 Target40/c912 Target40/c91 Target40/c967 Target40/c977 Target40/c99 Target40/c2159 Target40/c2167 Target40/c216 Target40/c230 Target40/c240 Target40/c251 Target40/c294 Target40/c352 Target40/c384 Target40/c44 Target40/c512 Target40/c526 Target40/c52 Target40/c530 Target40/c53 Target40/c547 Target40/c574 Target40/c696 Target40/c717 Target40/c731 Target40/c739 Target40/c750 Target40/c761 Target40/c1350 Target40/c1409 Target40/c1413 Target40/c1433 Target40/c1474 Target40/c1563 Target40/c1574 Target40/c1600 Target40/c1655 Target40/c1658 Target40/c1685 Target40/c1687 Target40/c170 Target40/c1713 Target40/c1732 Target40/c1787 Target40/c1812 Target40/c1826 Target40/c1844 Target40/c1893 Target40/c1901 Target40/c1026 Target40/c1094 Target40/c1122 Target40/c1219 Target40/c1246 Target40/c1318 Target40/c1330
Cluster 5 -> Target40/c1903 Target40/c866 Target40/c86 Target40/c2109 Target40/c242 Target40/c243 Target40/c250 Target40/c316 Target40/c31 Target40/c321 Target40/c322 Target40/c420 Target40/c45 Target40/c562 Target40/c565 Target40/c604 Target40/c658 Target40/c69 Target40/c812 Target40/c834 Target40/c1359 Target40/c1437 Target40/c1570 Target40/c1571 Target40/c1605 Target40/c1636 Target40/c1663 Target40/c1720 Target40/c173 Target40/c1758 Target40/c1819 Target40/c1821 Target40/c1868 Target40/c1051 Target40/c1259 Target40/c1283 Target40/c1329
Cluster 6 -> Target40/c85 Target40/c993 Target40/c2049 Target40/c247 Target40/c272 Target40/c311 Target40/c356 Target40/c40 Target40/c543 Target40/c661 Target40/c733 Target40/c1396 Target40/c1540 Target40/c1646 Target40/c1654 Target40/c1674 Target40/c1757 Target40/c1839 Target40/c1845 Target40/c1859 Target40/c1918 Target40/c1034 Target40/c1052 Target40/c1053 Target40/c1112 Target40/c1116 Target40/c1217 Target40/c1260
Cluster 7 -> Target40/c965 Target40/c2061 Target40/c234 Target40/c300 Target40/c412 Target40/c433 Target40/c606 Target40/c1370 Target40/c1401 Target40/c1423 Target40/c1489 Target40/c1640 Target40/c1652 Target40/c1702 Target40/c1746 Target40/c1788 Target40/c2000 Target40/c1000 Target40/c1102 Target40/c1250
Cluster 8 -> Target40/c816 Target40/c2080 Target40/c213 Target40/c2147 Target40/c227 Target40/c287 Target40/c347 Target40/c444 Target40/c695 Target40/c721 Target40/c748 Target40/c762 Target40/c1348 Target40/c1407 Target40/c1719 Target40/c1805 Target40/c1910 Target40/c1938 Target40/c1939 Target40/c1261
Cluster 9 -> Target40/c1120 Target40/c924 Target40/c93 Target40/c2107 Target40/c367 Target40/c388 Target40/c434 Target40/c552 Target40/c637 Target40/c719 Target40/c1353 Target40/c1382 Target40/c1555 Target40/c1705 Target40/c1982 Target40/c1149
Cluster 10 -> Target40/c1520 Target40/c87 Target40/c988 Target40/c397 Target40/c537 Target40/c597 Target40/c709 Target40/c1426 Target40/c148 Target40/c1753 Target40/c1944 Target40/c2026 Target40/c203 Target40/c1138 Target40/c1205
Cluster 11 -> Target40/c439 Target40/c2161 Target40/c246 Target40/c381 Target40/c408 Target40/c566 Target40/c1528 Target40/c1539 Target40/c158 Target40/c1660 Target40/c1735 Target40/c1923 Target40/c1935 Target40/c1249
Cluster 12 -> Target40/c254 Target40/c302 Target40/c553 Target40/c570 Target40/c64 Target40/c715 Target40/c753 Target40/c1436 Target40/c1828 Target40/c1099 Target40/c1104 Target40/c1137
Cluster 13 -> Target40/c910 Target40/c390 Target40/c585 Target40/c684 Target40/c1352 Target40/c1394 Target40/c1420 Target40/c1857 Target40/c1133 Target40/c1194
Cluster 14 -> Target40/c2021 Target40/c340 Target40/c483 Target40/c546 Target40/c586 Target40/c680 Target40/c837 Target40/c1701 Target40/c1962 Target40/c2003
Cluster 15 -> Target40/c1890 Target40/c923 Target40/c2123 Target40/c27 Target40/c331 Target40/c758 Target40/c1516 Target40/c1544 Target40/c1067 Target40/c1236
Cluster 16 -> Target40/c925 Target40/c263 Target40/c307 Target40/c474 Target40/c743 Target40/c1362 Target40/c1969 Target40/c2042 Target40/c1148
Cluster 17 -> Target40/c764 Target40/c964 Target40/c380 Target40/c1495 Target40/c1527 Target40/c168 Target40/c1785 Target40/c1843 Target40/c2012
Cluster 18 -> Target40/c643 Target40/c92 Target40/c2052 Target40/c350 Target40/c448 Target40/c817 Target40/c1575 Target40/c1022 Target40/c1176
Cluster 19 -> Target40/c1252 Target40/c2168 Target40/c261 Target40/c528 Target40/c749 Target40/c140 Target40/c1743 Target40/c1188 Target40/c1216
Cluster 20 -> Target40/c1832 Target40/c2171 Target40/c32 Target40/c596 Target40/c75 Target40/c1385 Target40/c1444 Target40/c1231
Cluster 21 -> Target40/c1693 Target40/c605 Target40/c1679 Target40/c1683 Target40/c1907 Target40/c1179 Target40/c1235 Target40/c1328
Cluster 22 -> Target40/c741 Target40/c353 Target40/c768 Target40/c1358 Target40/c137 Target40/c1415 Target40/c1190
Cluster 23 -> Target40/c655 Target40/c932 Target40/c958 Target40/c1897 Target40/c1977 Target40/c107 Target40/c1280
Cluster 24 -> Target40/c475 Target40/c225 Target40/c41 Target40/c685 Target40/c1603 Target40/c1883 Target40/c1066
Cluster 25 -> Target40/c1842 Target40/c851 Target40/c324 Target40/c146 Target40/c1650 Target40/c1717 Target40/c1949
Cluster 26 -> Target40/c811 Target40/c1402 Target40/c141 Target40/c1538 Target40/c1115 Target40/c1226
Cluster 27 -> Target40/c759 Target40/c646 Target40/c1617 Target40/c167 Target40/c1851 Target40/c1207
Cluster 28 -> Target40/c631 Target40/c2115 Target40/c134 Target40/c1456 Target40/c181 Target40/c1263
Cluster 29 -> Target40/c249 Target40/c954 Target40/c1557 Target40/c1721 Target40/c1806 Target40/c1852
Cluster 30 -> Target40/c2070 Target40/c58 Target40/c1351 Target40/c1816 Target40/c1860 Target40/c1160
Cluster 31 -> Target40/c946 Target40/c789 Target40/c1690 Target40/c1033 Target40/c1048
Cluster 32 -> Target40/c856 Target40/c2143 Target40/c37 Target40/c1079 Target40/c1316
Cluster 33 -> Target40/c855 Target40/c355 Target40/c1579 Target40/c1778 Target40/c1023
Cluster 34 -> Target40/c83 Target40/c557 Target40/c781 Target40/c1803 Target40/c1323
Cluster 35 -> Target40/c785 Target40/c494 Target40/c51 Target40/c1741 Target40/c130
Cluster 36 -> Target40/c778 Target40/c883 Target40/c403 Target40/c487 Target40/c575
Cluster 37 -> Target40/c777 Target40/c404 Target40/c608 Target40/c1441 Target40/c1293
Cluster 38 -> Target40/c635 Target40/c1356 Target40/c1772 Target40/c1854 Target40/c1155
Cluster 39 -> Target40/c268 Target40/c432 Target40/c1695 Target40/c1117 Target40/c1271
Cluster 40 -> Target40/c2152 Target40/c17 Target40/c1874 Target40/c1927 Target40/c2013
Cluster 41 -> Target40/c1862 Target40/c222 Target40/c364 Target40/c531 Target40/c1101
Cluster 42 -> Target40/c1762 Target40/c2095 Target40/c650 Target40/c674 Target40/c1393
Cluster 43 -> Target40/c1582 Target40/c1429 Target40/c1648 Target40/c1030 Target40/c1161
Cluster 44 -> Target40/c1545 Target40/c991 Target40/c1534 Target40/c1614 Target40/c1769
Cluster 45 -> Target40/c1468 Target40/c880 Target40/c916 Target40/c525 Target40/c1694
Cluster 46 -> Target40/c11 Target40/c2065 Target40/c728 Target40/c160 Target40/c1638
Cluster 47 -> Target40/c970 Target40/c336 Target40/c701 Target40/c1296
Cluster 48 -> Target40/c941 Target40/c929 Target40/c94 Target40/c2051
Cluster 49 -> Target40/c882 Target40/c911 Target40/c702 Target40/c1506
Cluster 50 -> Target40/c838 Target40/c1387 Target40/c1592 Target40/c1340
Cluster 51 -> Target40/c704 Target40/c211 Target40/c1406 Target40/c101
Cluster 52 -> Target40/c689 Target40/c581 Target40/c722 Target40/c2023
Cluster 53 -> Target40/c617 Target40/c2156 Target40/c609 Target40/c133
Cluster 54 -> Target40/c563 Target40/c1357 Target40/c1019 Target40/c1168
Cluster 55 -> Target40/c549 Target40/c917 Target40/c135 Target40/c118
Cluster 56 -> Target40/c48 Target40/c484 Target40/c1364 Target40/c1515
Cluster 57 -> Target40/c23 Target40/c1419 Target40/c1450 Target40/c1908
Cluster 58 -> Target40/c1963 Target40/c1748 Target40/c1871 Target40/c1218
Cluster 59 -> Target40/c1780 Target40/c359 Target40/c1560 Target40/c1118
Cluster 60 -> Target40/c1651 Target40/c430 Target40/c1461 Target40/c126
Cluster 61 -> Target40/c1146 Target40/c2117 Target40/c2128 Target40/c2001
