Cluster 1 -> Target29/c1559 Target29/c97 Target29/c984 Target29/c226 Target29/c246 Target29/c259 Target29/c288 Target29/c29 Target29/c313 Target29/c373 Target29/c407 Target29/c432 Target29/c445 Target29/c501 Target29/c525 Target29/c52 Target29/c544 Target29/c653 Target29/c682 Target29/c746 Target29/c748 Target29/c82 Target29/c866 Target29/c868 Target29/c916 Target29/c1340 Target29/c1353 Target29/c1507 Target29/c1519 Target29/c1526 Target29/c1544 Target29/c1577 Target29/c175 Target29/c1764 Target29/c1780 Target29/c180 Target29/c1938 Target29/c2029 Target29/c1001 Target29/c1031 Target29/c1068 Target29/c1092 Target29/c1093 Target29/c1097 Target29/c1150 Target29/c1155 Target29/c1190 Target29/c1194 Target29/c1210 Target29/c1216 Target29/c1247 Target29/c126 Target29/c1293
Cluster 2 -> Target29/c1410 Target29/c997 Target29/c325 Target29/c417 Target29/c585 Target29/c796 Target29/c850 Target29/c1399 Target29/c1417 Target29/c141 Target29/c1502 Target29/c1571 Target29/c1643 Target29/c1661 Target29/c174 Target29/c1830 Target29/c1850 Target29/c1891 Target29/c1012 Target29/c1048 Target29/c106 Target29/c1166 Target29/c119 Target29/c1205 Target29/c1304
Cluster 3 -> Target29/c115 Target29/c414 Target29/c490 Target29/c499 Target29/c548 Target29/c57 Target29/c618 Target29/c700 Target29/c759 Target29/c1660 Target29/c173 Target29/c1886 Target29/c1940 Target29/c2020 Target29/c1129 Target29/c1220 Target29/c1249
Cluster 4 -> Target29/c189 Target29/c933 Target29/c996 Target29/c2082 Target29/c443 Target29/c573 Target29/c779 Target29/c898 Target29/c90 Target29/c1471 Target29/c1649 Target29/c1842 Target29/c1924 Target29/c1136 Target29/c1200 Target29/c1281
Cluster 5 -> Target29/c404 Target29/c924 Target29/c13 Target29/c1413 Target29/c1516 Target29/c1616 Target29/c1727 Target29/c1783 Target29/c1799 Target29/c1914 Target29/c125 Target29/c1279 Target29/c1280
Cluster 6 -> Target29/c472 Target29/c988 Target29/c991 Target29/c2050 Target29/c1538 Target29/c1541 Target29/c1558 Target29/c1105 Target29/c1114 Target29/c1231 Target29/c1260
Cluster 7 -> Target29/c2034 Target29/c931 Target29/c232 Target29/c697 Target29/c74 Target29/c802 Target29/c887 Target29/c901 Target29/c1393 Target29/c1211
Cluster 8 -> Target29/c1717 Target29/c3 Target29/c67 Target29/c768 Target29/c793 Target29/c1521 Target29/c1619 Target29/c1765 Target29/c17 Target29/c185
Cluster 9 -> Target29/c151 Target29/c950 Target29/c987 Target29/c23 Target29/c272 Target29/c611 Target29/c1375 Target29/c1770 Target29/c1887 Target29/c1041
Cluster 10 -> Target29/c975 Target29/c2065 Target29/c721 Target29/c1462 Target29/c1836 Target29/c2003 Target29/c1021 Target29/c1122 Target29/c1285
Cluster 11 -> Target29/c450 Target29/c945 Target29/c295 Target29/c467 Target29/c820 Target29/c910 Target29/c1967 Target29/c1040 Target29/c131
Cluster 12 -> Target29/c871 Target29/c263 Target29/c433 Target29/c731 Target29/c1370 Target29/c1566 Target29/c1761 Target29/c123
Cluster 13 -> Target29/c78 Target29/c225 Target29/c676 Target29/c778 Target29/c822 Target29/c1388 Target29/c1769
Cluster 14 -> Target29/c63 Target29/c989 Target29/c1723 Target29/c1893 Target29/c1094 Target29/c1184
Cluster 15 -> Target29/c1633 Target29/c774 Target29/c902 Target29/c1894 Target29/c1980 Target29/c1099
Cluster 16 -> Target29/c1315 Target29/c2068 Target29/c26 Target29/c395 Target29/c782 Target29/c2002
Cluster 17 -> Target29/c978 Target29/c491 Target29/c1415 Target29/c1028 Target29/c1203
Cluster 18 -> Target29/c784 Target29/c240 Target29/c287 Target29/c1659 Target29/c1011
Cluster 19 -> Target29/c755 Target29/c535 Target29/c1557 Target29/c1565 Target29/c1173
Cluster 20 -> Target29/c402 Target29/c401 Target29/c1569 Target29/c162 Target29/c1867
Cluster 21 -> Target29/c2017 Target29/c1547 Target29/c1895 Target29/c1995 Target29/c1214
Cluster 22 -> Target29/c1865 Target29/c944 Target29/c670 Target29/c1726 Target29/c1766
Cluster 23 -> Target29/c1667 Target29/c254 Target29/c1509 Target29/c1586 Target29/c1695
Cluster 24 -> Target29/c953 Target29/c1795 Target29/c0 Target29/c1208
Cluster 25 -> Target29/c674 Target29/c531 Target29/c1423 Target29/c1741
Cluster 26 -> Target29/c664 Target29/c416 Target29/c545 Target29/c1712
Cluster 27 -> Target29/c642 Target29/c2080 Target29/c536 Target29/c1805
Cluster 28 -> Target29/c58 Target29/c217 Target29/c352 Target29/c1394
Cluster 29 -> Target29/c483 Target29/c301 Target29/c160 Target29/c1647
Cluster 30 -> Target29/c248 Target29/c215 Target29/c710 Target29/c138
Cluster 31 -> Target29/c1759 Target29/c881 Target29/c1874 Target29/c1291
Cluster 32 -> Target29/c1746 Target29/c99 Target29/c333 Target29/c1177
Cluster 33 -> Target29/c1676 Target29/c359 Target29/c1438 Target29/c1911
Cluster 34 -> Target29/c1574 Target29/c280 Target29/c289 Target29/c1015
Cluster 35 -> Target29/c1120 Target29/c610 Target29/c678 Target29/c1673
Cluster 36 -> Target29/c1108 Target29/c935 Target29/c789 Target29/c121
