Cluster 1 -> Target162/c949 Target162/c635 Target162/c671 Target162/c679 Target162/c696 Target162/c717 Target162/c725 Target162/c756 Target162/c760 Target162/c797 Target162/c814 Target162/c815 Target162/c816 Target162/c819 Target162/c839 Target162/c851 Target162/c859 Target162/c866 Target162/c871 Target162/c908 Target162/c927 Target162/c931 Target162/c937 Target162/c1377 Target162/c1386 Target162/c1393 Target162/c1409 Target162/c1443 Target162/c1444 Target162/c1492 Target162/c1504 Target162/c1511 Target162/c153 Target162/c1541 Target162/c1543 Target162/c1561 Target162/c1564 Target162/c1580 Target162/c1586 Target162/c1589 Target162/c1602 Target162/c1614 Target162/c163 Target162/c187 Target162/c188 Target162/c199 Target162/c227 Target162/c247 Target162/c282 Target162/c321 Target162/c32 Target162/c346 Target162/c347 Target162/c378 Target162/c381 Target162/c391 Target162/c396 Target162/c418 Target162/c420 Target162/c437 Target162/c438 Target162/c448 Target162/c460 Target162/c475 Target162/c482 Target162/c494 Target162/c496 Target162/c499 Target162/c506 Target162/c516 Target162/c519 Target162/c525 Target162/c568 Target162/c578 Target162/c1008 Target162/c1015 Target162/c1026 Target162/c1051 Target162/c1070 Target162/c1092 Target162/c1102 Target162/c1118 Target162/c1120 Target162/c1132 Target162/c1133 Target162/c1194 Target162/c1202 Target162/c1292 Target162/c1313 Target162/c1340
Cluster 2 -> Target162/c993 Target162/c595 Target162/c5 Target162/c61 Target162/c622 Target162/c641 Target162/c650 Target162/c667 Target162/c687 Target162/c699 Target162/c707 Target162/c722 Target162/c743 Target162/c791 Target162/c810 Target162/c821 Target162/c823 Target162/c841 Target162/c852 Target162/c879 Target162/c882 Target162/c889 Target162/c916 Target162/c919 Target162/c921 Target162/c974 Target162/c995 Target162/c1342 Target162/c1414 Target162/c1432 Target162/c1435 Target162/c1447 Target162/c144 Target162/c1456 Target162/c1468 Target162/c1494 Target162/c1508 Target162/c1523 Target162/c1537 Target162/c154 Target162/c1591 Target162/c1594 Target162/c179 Target162/c185 Target162/c192 Target162/c21 Target162/c24 Target162/c28 Target162/c312 Target162/c313 Target162/c316 Target162/c339 Target162/c350 Target162/c361 Target162/c365 Target162/c369 Target162/c388 Target162/c394 Target162/c469 Target162/c492 Target162/c504 Target162/c541 Target162/c56 Target162/c581 Target162/c1020 Target162/c1040 Target162/c1068 Target162/c106 Target162/c1071 Target162/c107 Target162/c1084 Target162/c1085 Target162/c1114 Target162/c1119 Target162/c111 Target162/c1127 Target162/c1131 Target162/c1140 Target162/c1146 Target162/c116 Target162/c1188 Target162/c1192 Target162/c1228 Target162/c1250 Target162/c1258 Target162/c1273 Target162/c12 Target162/c1311 Target162/c1328
Cluster 3 -> Target162/c563 Target162/c80 Target162/c820 Target162/c833 Target162/c898 Target162/c970 Target162/c1359 Target162/c1411 Target162/c1451 Target162/c147 Target162/c1488 Target162/c173 Target162/c237 Target162/c255 Target162/c310 Target162/c432 Target162/c464 Target162/c549 Target162/c554 Target162/c0 Target162/c1027 Target162/c1053 Target162/c1075 Target162/c1144 Target162/c1185 Target162/c1255 Target162/c1276 Target162/c1294 Target162/c1317
Cluster 4 -> Target162/c1480 Target162/c79 Target162/c1493 Target162/c14 Target162/c245 Target162/c274 Target162/c384 Target162/c412 Target162/c536 Target162/c1046 Target162/c1063 Target162/c1193 Target162/c1203
Cluster 5 -> Target162/c960 Target162/c75 Target162/c1418 Target162/c211 Target162/c242 Target162/c333 Target162/c400 Target162/c402 Target162/c42 Target162/c1264 Target162/c1314
Cluster 6 -> Target162/c713 Target162/c732 Target162/c828 Target162/c148 Target162/c1498 Target162/c152 Target162/c266 Target162/c1032 Target162/c1096 Target162/c1135 Target162/c1316
Cluster 7 -> Target162/c1453 Target162/c708 Target162/c750 Target162/c959 Target162/c1352 Target162/c1441 Target162/c1584 Target162/c281 Target162/c570 Target162/c575 Target162/c1149
Cluster 8 -> Target162/c1358 Target162/c62 Target162/c672 Target162/c94 Target162/c981 Target162/c1349 Target162/c1585 Target162/c31 Target162/c454 Target162/c101 Target162/c1245
Cluster 9 -> Target162/c881 Target162/c598 Target162/c628 Target162/c802 Target162/c901 Target162/c1553 Target162/c257 Target162/c403 Target162/c456 Target162/c1337
Cluster 10 -> Target162/c1607 Target162/c1399 Target162/c1463 Target162/c1465 Target162/c196 Target162/c484 Target162/c505 Target162/c515 Target162/c1319 Target162/c1320
Cluster 11 -> Target162/c1339 Target162/c591 Target162/c686 Target162/c933 Target162/c1482 Target162/c306 Target162/c307 Target162/c548 Target162/c1198 Target162/c1298
Cluster 12 -> Target162/c925 Target162/c716 Target162/c786 Target162/c170 Target162/c224 Target162/c251 Target162/c277 Target162/c303 Target162/c356
Cluster 13 -> Target162/c77 Target162/c602 Target162/c986 Target162/c1397 Target162/c1461 Target162/c160 Target162/c284 Target162/c1227 Target162/c1307
Cluster 14 -> Target162/c710 Target162/c615 Target162/c850 Target162/c1355 Target162/c145 Target162/c26 Target162/c411 Target162/c1099 Target162/c1275
Cluster 15 -> Target162/c945 Target162/c1407 Target162/c1557 Target162/c228 Target162/c238 Target162/c528 Target162/c1211 Target162/c1215
Cluster 16 -> Target162/c849 Target162/c673 Target162/c706 Target162/c1458 Target162/c27 Target162/c474 Target162/c1160 Target162/c1261
Cluster 17 -> Target162/c838 Target162/c609 Target162/c620 Target162/c676 Target162/c1470 Target162/c244 Target162/c272 Target162/c1065
Cluster 18 -> Target162/c768 Target162/c610 Target162/c663 Target162/c1484 Target162/c1506 Target162/c1238 Target162/c1263 Target162/c1323
Cluster 19 -> Target162/c688 Target162/c1375 Target162/c1471 Target162/c1521 Target162/c1582 Target162/c212 Target162/c285 Target162/c1100
Cluster 20 -> Target162/c480 Target162/c811 Target162/c1341 Target162/c1532 Target162/c258 Target162/c323 Target162/c434 Target162/c119
Cluster 21 -> Target162/c20 Target162/c703 Target162/c886 Target162/c500 Target162/c510 Target162/c520 Target162/c1107 Target162/c1306
Cluster 22 -> Target162/c92 Target162/c647 Target162/c864 Target162/c897 Target162/c161 Target162/c287 Target162/c533
Cluster 23 -> Target162/c1442 Target162/c748 Target162/c770 Target162/c1000 Target162/c1003 Target162/c1030 Target162/c1186
Cluster 24 -> Target162/c863 Target162/c1576 Target162/c219 Target162/c235 Target162/c240 Target162/c497
Cluster 25 -> Target162/c723 Target162/c720 Target162/c1384 Target162/c1497 Target162/c1608 Target162/c341
Cluster 26 -> Target162/c701 Target162/c1495 Target162/c374 Target162/c557 Target162/c1095 Target162/c125
Cluster 27 -> Target162/c565 Target162/c728 Target162/c818 Target162/c207 Target162/c338 Target162/c409
Cluster 28 -> Target162/c837 Target162/c733 Target162/c877 Target162/c329 Target162/c1285
Cluster 29 -> Target162/c824 Target162/c405 Target162/c427 Target162/c477 Target162/c1045
Cluster 30 -> Target162/c803 Target162/c613 Target162/c644 Target162/c730 Target162/c518
Cluster 31 -> Target162/c745 Target162/c535 Target162/c537 Target162/c1080 Target162/c1322
Cluster 32 -> Target162/c25 Target162/c885 Target162/c902 Target162/c1430 Target162/c52
Cluster 33 -> Target162/c200 Target162/c1371 Target162/c1478 Target162/c1157 Target162/c115
Cluster 34 -> Target162/c1266 Target162/c737 Target162/c1499 Target162/c493 Target162/c1012
Cluster 35 -> Target162/c1093 Target162/c651 Target162/c241 Target162/c39 Target162/c1257
Cluster 36 -> Target162/c972 Target162/c7 Target162/c95 Target162/c1291
Cluster 37 -> Target162/c963 Target162/c35 Target162/c416 Target162/c1073
Cluster 38 -> Target162/c719 Target162/c920 Target162/c193 Target162/c1164
Cluster 39 -> Target162/c65 Target162/c662 Target162/c763 Target162/c1271
Cluster 40 -> Target162/c36 Target162/c1347 Target162/c1404 Target162/c1200
