Cluster 1 -> Target161/c916 Target161/c47 Target161/c481 Target161/c486 Target161/c495 Target161/c506 Target161/c519 Target161/c528 Target161/c582 Target161/c591 Target161/c604 Target161/c612 Target161/c623 Target161/c62 Target161/c639 Target161/c63 Target161/c658 Target161/c65 Target161/c683 Target161/c6 Target161/c704 Target161/c709 Target161/c712 Target161/c714 Target161/c721 Target161/c742 Target161/c745 Target161/c747 Target161/c802 Target161/c803 Target161/c810 Target161/c815 Target161/c820 Target161/c825 Target161/c830 Target161/c850 Target161/c863 Target161/c866 Target161/c872 Target161/c886 Target161/c897 Target161/c905 Target161/c909 Target161/c92 Target161/c930 Target161/c964 Target161/c978 Target161/c983 Target161/c1364 Target161/c1369 Target161/c1392 Target161/c1393 Target161/c1406 Target161/c1407 Target161/c1454 Target161/c1477 Target161/c1481 Target161/c1483 Target161/c1486 Target161/c1491 Target161/c1492 Target161/c1496 Target161/c1508 Target161/c1512 Target161/c153 Target161/c1542 Target161/c1555 Target161/c1568 Target161/c1588 Target161/c1614 Target161/c1643 Target161/c1690 Target161/c1720 Target161/c174 Target161/c188 Target161/c230 Target161/c242 Target161/c250 Target161/c253 Target161/c286 Target161/c308 Target161/c320 Target161/c34 Target161/c373 Target161/c425 Target161/c430 Target161/c458 Target161/c1029 Target161/c1041 Target161/c1049 Target161/c1073 Target161/c1083 Target161/c1091 Target161/c1095 Target161/c1144 Target161/c1191 Target161/c1193 Target161/c121 Target161/c1236 Target161/c1240 Target161/c1247 Target161/c1308
Cluster 2 -> Target161/c420 Target161/c512 Target161/c530 Target161/c567 Target161/c605 Target161/c620 Target161/c689 Target161/c757 Target161/c761 Target161/c771 Target161/c82 Target161/c913 Target161/c1342 Target161/c1362 Target161/c1395 Target161/c1527 Target161/c157 Target161/c1582 Target161/c158 Target161/c1621 Target161/c1674 Target161/c1737 Target161/c219 Target161/c271 Target161/c312 Target161/c321 Target161/c1003 Target161/c1025 Target161/c1096 Target161/c1145 Target161/c1222 Target161/c122 Target161/c1291 Target161/c131
Cluster 3 -> Target161/c1552 Target161/c524 Target161/c673 Target161/c678 Target161/c696 Target161/c700 Target161/c834 Target161/c846 Target161/c948 Target161/c1500 Target161/c1566 Target161/c1647 Target161/c1658 Target161/c267 Target161/c33 Target161/c38 Target161/c428 Target161/c1231
Cluster 4 -> Target161/c751 Target161/c698 Target161/c1655 Target161/c1727 Target161/c1751 Target161/c43 Target161/c440 Target161/c455 Target161/c1038 Target161/c1097 Target161/c1153 Target161/c1157 Target161/c1211 Target161/c1268 Target161/c1329
Cluster 5 -> Target161/c243 Target161/c498 Target161/c1411 Target161/c1557 Target161/c214 Target161/c322 Target161/c1012 Target161/c1070 Target161/c1126 Target161/c1141
Cluster 6 -> Target161/c647 Target161/c611 Target161/c756 Target161/c1397 Target161/c1413 Target161/c1610 Target161/c1619 Target161/c168 Target161/c276
Cluster 7 -> Target161/c347 Target161/c812 Target161/c827 Target161/c953 Target161/c1385 Target161/c1439 Target161/c1571 Target161/c1626 Target161/c225
Cluster 8 -> Target161/c933 Target161/c484 Target161/c625 Target161/c847 Target161/c937 Target161/c1649 Target161/c258 Target161/c1204
Cluster 9 -> Target161/c824 Target161/c838 Target161/c935 Target161/c1663 Target161/c1678 Target161/c182 Target161/c28 Target161/c360
Cluster 10 -> Target161/c739 Target161/c738 Target161/c1515 Target161/c1599 Target161/c1718 Target161/c319 Target161/c406 Target161/c1128
Cluster 11 -> Target161/c189 Target161/c596 Target161/c862 Target161/c1554 Target161/c1673 Target161/c205 Target161/c364 Target161/c1203
Cluster 12 -> Target161/c537 Target161/c1351 Target161/c1506 Target161/c1667 Target161/c1707 Target161/c1051 Target161/c1077
Cluster 13 -> Target161/c180 Target161/c523 Target161/c705 Target161/c882 Target161/c1669 Target161/c1719 Target161/c259
Cluster 14 -> Target161/c986 Target161/c735 Target161/c272 Target161/c1127 Target161/c1316 Target161/c1338
Cluster 15 -> Target161/c970 Target161/c1432 Target161/c1575 Target161/c1712 Target161/c460 Target161/c1178
Cluster 16 -> Target161/c959 Target161/c767 Target161/c821 Target161/c1447 Target161/c1027 Target161/c1216
Cluster 17 -> Target161/c773 Target161/c559 Target161/c1695 Target161/c353 Target161/c1162 Target161/c1328
Cluster 18 -> Target161/c734 Target161/c800 Target161/c8 Target161/c1636 Target161/c175 Target161/c209
Cluster 19 -> Target161/c723 Target161/c629 Target161/c722 Target161/c1416 Target161/c1752 Target161/c384
Cluster 20 -> Target161/c59 Target161/c54 Target161/c927 Target161/c1428 Target161/c151 Target161/c1282
Cluster 21 -> Target161/c396 Target161/c581 Target161/c1580 Target161/c15 Target161/c104 Target161/c1174
Cluster 22 -> Target161/c1629 Target161/c977 Target161/c1623 Target161/c1711 Target161/c409 Target161/c1299
Cluster 23 -> Target161/c1565 Target161/c60 Target161/c1504 Target161/c1560 Target161/c1563 Target161/c1106
Cluster 24 -> Target161/c130 Target161/c98 Target161/c1617 Target161/c346 Target161/c1281 Target161/c1340
Cluster 25 -> Target161/c900 Target161/c503 Target161/c684 Target161/c797 Target161/c1304
Cluster 26 -> Target161/c656 Target161/c329 Target161/c456 Target161/c107 Target161/c1123
Cluster 27 -> Target161/c234 Target161/c669 Target161/c72 Target161/c1664 Target161/c343
Cluster 28 -> Target161/c178 Target161/c1520 Target161/c183 Target161/c235 Target161/c1028
Cluster 29 -> Target161/c995 Target161/c939 Target161/c1372 Target161/c203
Cluster 30 -> Target161/c993 Target161/c841 Target161/c181 Target161/c280
Cluster 31 -> Target161/c96 Target161/c1418 Target161/c1561 Target161/c1081
Cluster 32 -> Target161/c936 Target161/c1735 Target161/c198 Target161/c1151
Cluster 33 -> Target161/c91 Target161/c895 Target161/c1355 Target161/c1161
Cluster 34 -> Target161/c835 Target161/c500 Target161/c429 Target161/c1071
Cluster 35 -> Target161/c832 Target161/c725 Target161/c818 Target161/c358
Cluster 36 -> Target161/c816 Target161/c718 Target161/c1569 Target161/c449
Cluster 37 -> Target161/c664 Target161/c1401 Target161/c1573 Target161/c1234
Cluster 38 -> Target161/c662 Target161/c1666 Target161/c265 Target161/c410
Cluster 39 -> Target161/c661 Target161/c525 Target161/c694 Target161/c1728
Cluster 40 -> Target161/c622 Target161/c1579 Target161/c1717 Target161/c229
Cluster 41 -> Target161/c58 Target161/c1352 Target161/c36 Target161/c1326
Cluster 42 -> Target161/c49 Target161/c577 Target161/c1574 Target161/c431
Cluster 43 -> Target161/c41 Target161/c520 Target161/c1749 Target161/c1030
Cluster 44 -> Target161/c403 Target161/c1701 Target161/c1296 Target161/c1297
Cluster 45 -> Target161/c388 Target161/c1344 Target161/c1388 Target161/c1246
Cluster 46 -> Target161/c365 Target161/c878 Target161/c1429 Target161/c1155
Cluster 47 -> Target161/c1696 Target161/c1359 Target161/c138 Target161/c13
Cluster 48 -> Target161/c165 Target161/c595 Target161/c1430 Target161/c1445
Cluster 49 -> Target161/c1592 Target161/c1101 Target161/c1172 Target161/c1188
Cluster 50 -> Target161/c1437 Target161/c730 Target161/c357 Target161/c1269
Cluster 51 -> Target161/c1420 Target161/c474 Target161/c444 Target161/c1118
Cluster 52 -> Target161/c1114 Target161/c877 Target161/c1177 Target161/c1265
