Cluster 1 -> Target54/c1228 Target54/c847 Target54/c853 Target54/c87 Target54/c1344 Target54/c1396 Target54/c15 Target54/c283 Target54/c356 Target54/c366 Target54/c369 Target54/c38 Target54/c396 Target54/c483 Target54/c512 Target54/c553 Target54/c62 Target54/c703 Target54/c1042 Target54/c1131 Target54/c1278 Target54/c1292 Target54/c1326 Target54/c1335
Cluster 2 -> Target54/c908 Target54/c899 Target54/c8 Target54/c963 Target54/c1348 Target54/c265 Target54/c405 Target54/c439 Target54/c468 Target54/c528 Target54/c688 Target54/c1051 Target54/c1055 Target54/c10 Target54/c1129 Target54/c1171 Target54/c1222 Target54/c1229 Target54/c1232 Target54/c1235
Cluster 3 -> Target54/c902 Target54/c790 Target54/c814 Target54/c1395 Target54/c13 Target54/c282 Target54/c316 Target54/c582 Target54/c5 Target54/c641 Target54/c1031 Target54/c1046 Target54/c1054 Target54/c1073 Target54/c1251 Target54/c1275 Target54/c1287 Target54/c129 Target54/c1329
Cluster 4 -> Target54/c344 Target54/c257 Target54/c386 Target54/c425 Target54/c464 Target54/c500 Target54/c627 Target54/c737 Target54/c747 Target54/c74 Target54/c1037 Target54/c1159 Target54/c1249 Target54/c128 Target54/c132 Target54/c1336
Cluster 5 -> Target54/c31 Target54/c838 Target54/c151 Target54/c291 Target54/c29 Target54/c638 Target54/c757 Target54/c1026 Target54/c108 Target54/c1099 Target54/c112 Target54/c1299
Cluster 6 -> Target54/c160 Target54/c827 Target54/c895 Target54/c991 Target54/c136 Target54/c146 Target54/c474 Target54/c585 Target54/c667 Target54/c762 Target54/c1003 Target54/c1273
Cluster 7 -> Target54/c1090 Target54/c912 Target54/c400 Target54/c469 Target54/c48 Target54/c65 Target54/c710 Target54/c1048 Target54/c1080 Target54/c1097 Target54/c1135 Target54/c1142
Cluster 8 -> Target54/c971 Target54/c807 Target54/c823 Target54/c845 Target54/c660 Target54/c663 Target54/c664 Target54/c754 Target54/c1078 Target54/c1276
Cluster 9 -> Target54/c826 Target54/c247 Target54/c315 Target54/c328 Target54/c337 Target54/c444 Target54/c58 Target54/c649 Target54/c705
Cluster 10 -> Target54/c371 Target54/c292 Target54/c656 Target54/c102 Target54/c1091 Target54/c1101 Target54/c1133 Target54/c118 Target54/c1311
Cluster 11 -> Target54/c906 Target54/c1387 Target54/c235 Target54/c450 Target54/c1182 Target54/c1227 Target54/c1239 Target54/c12
Cluster 12 -> Target54/c901 Target54/c22 Target54/c250 Target54/c438 Target54/c537 Target54/c666 Target54/c780 Target54/c1005
Cluster 13 -> Target54/c872 Target54/c810 Target54/c947 Target54/c1364 Target54/c358 Target54/c522 Target54/c588 Target54/c706
Cluster 14 -> Target54/c555 Target54/c879 Target54/c905 Target54/c271 Target54/c280 Target54/c477 Target54/c526 Target54/c1279
Cluster 15 -> Target54/c927 Target54/c887 Target54/c896 Target54/c918 Target54/c930 Target54/c480 Target54/c1259
Cluster 16 -> Target54/c378 Target54/c79 Target54/c40 Target54/c503 Target54/c527 Target54/c646 Target54/c1283
Cluster 17 -> Target54/c156 Target54/c821 Target54/c24 Target54/c310 Target54/c431 Target54/c774 Target54/c1189
Cluster 18 -> Target54/c921 Target54/c909 Target54/c229 Target54/c387 Target54/c529 Target54/c614
Cluster 19 -> Target54/c620 Target54/c135 Target54/c20 Target54/c281 Target54/c323 Target54/c1018
Cluster 20 -> Target54/c182 Target54/c360 Target54/c428 Target54/c1039 Target54/c1188 Target54/c1316
Cluster 21 -> Target54/c1151 Target54/c276 Target54/c690 Target54/c1096 Target54/c1105 Target54/c1111
Cluster 22 -> Target54/c848 Target54/c392 Target54/c449 Target54/c1207 Target54/c1296
Cluster 23 -> Target54/c837 Target54/c1368 Target54/c23 Target54/c401 Target54/c1199
Cluster 24 -> Target54/c813 Target54/c197 Target54/c530 Target54/c632 Target54/c1044
Cluster 25 -> Target54/c661 Target54/c487 Target54/c103 Target54/c1117 Target54/c1168
Cluster 26 -> Target54/c1173 Target54/c816 Target54/c578 Target54/c643 Target54/c111
Cluster 27 -> Target54/c934 Target54/c489 Target54/c685 Target54/c761
Cluster 28 -> Target54/c874 Target54/c348 Target54/c768 Target54/c1155
Cluster 29 -> Target54/c760 Target54/c223 Target54/c45 Target54/c708
Cluster 30 -> Target54/c569 Target54/c150 Target54/c203 Target54/c514
Cluster 31 -> Target54/c550 Target54/c436 Target54/c479 Target54/c1177
Cluster 32 -> Target54/c1390 Target54/c809 Target54/c163 Target54/c1123
Cluster 33 -> Target54/c1358 Target54/c894 Target54/c910 Target54/c368
Cluster 34 -> Target54/c1170 Target54/c859 Target54/c877 Target54/c1315
