Cluster 1 -> Target39/c512 Target39/c787 Target39/c816 Target39/c834 Target39/c840 Target39/c857 Target39/c88 Target39/c906 Target39/c908 Target39/c991 Target39/c1344 Target39/c1359 Target39/c1379 Target39/c1387 Target39/c1391 Target39/c1399 Target39/c16 Target39/c197 Target39/c205 Target39/c223 Target39/c241 Target39/c350 Target39/c358 Target39/c366 Target39/c381 Target39/c474 Target39/c491 Target39/c492 Target39/c553 Target39/c569 Target39/c577 Target39/c578 Target39/c584 Target39/c585 Target39/c640 Target39/c702 Target39/c709 Target39/c1003 Target39/c1055 Target39/c1105 Target39/c1111 Target39/c1173 Target39/c1174 Target39/c1207 Target39/c1228 Target39/c1229 Target39/c1241 Target39/c1242 Target39/c1309 Target39/c1323
Cluster 2 -> Target39/c1009 Target39/c867 Target39/c920 Target39/c929 Target39/c982 Target39/c260 Target39/c373 Target39/c400 Target39/c499 Target39/c601 Target39/c622 Target39/c772 Target39/c107 Target39/c1088 Target39/c1104 Target39/c1141 Target39/c1184 Target39/c1185 Target39/c1205 Target39/c1215
Cluster 3 -> Target39/c517 Target39/c916 Target39/c998 Target39/c1373 Target39/c216 Target39/c219 Target39/c231 Target39/c264 Target39/c410 Target39/c531 Target39/c549 Target39/c570 Target39/c753 Target39/c1070 Target39/c1192 Target39/c1337
Cluster 4 -> Target39/c615 Target39/c345 Target39/c37 Target39/c390 Target39/c392 Target39/c613 Target39/c111 Target39/c1278 Target39/c1296 Target39/c1336
Cluster 5 -> Target39/c1156 Target39/c1341 Target39/c145 Target39/c202 Target39/c251 Target39/c342 Target39/c472 Target39/c523 Target39/c534 Target39/c544
Cluster 6 -> Target39/c639 Target39/c318 Target39/c462 Target39/c60 Target39/c100 Target39/c1043 Target39/c1107 Target39/c1270
Cluster 7 -> Target39/c819 Target39/c806 Target39/c237 Target39/c50 Target39/c727 Target39/c1325
Cluster 8 -> Target39/c801 Target39/c961 Target39/c421 Target39/c425 Target39/c1037 Target39/c1203
Cluster 9 -> Target39/c611 Target39/c1393 Target39/c391 Target39/c653 Target39/c699 Target39/c1315
Cluster 10 -> Target39/c201 Target39/c890 Target39/c150 Target39/c470 Target39/c1167 Target39/c1249
Cluster 11 -> Target39/c164 Target39/c1354 Target39/c476 Target39/c595 Target39/c662 Target39/c1067
Cluster 12 -> Target39/c993 Target39/c829 Target39/c990 Target39/c170 Target39/c722
Cluster 13 -> Target39/c978 Target39/c541 Target39/c1114 Target39/c1130 Target39/c1193
Cluster 14 -> Target39/c922 Target39/c511 Target39/c626 Target39/c697 Target39/c1015
Cluster 15 -> Target39/c847 Target39/c1364 Target39/c522 Target39/c1027 Target39/c1226
Cluster 16 -> Target39/c76 Target39/c228 Target39/c545 Target39/c547 Target39/c623
Cluster 17 -> Target39/c681 Target39/c317 Target39/c466 Target39/c645 Target39/c1108
Cluster 18 -> Target39/c602 Target39/c242 Target39/c1073 Target39/c1120 Target39/c1276
Cluster 19 -> Target39/c321 Target39/c872 Target39/c8 Target39/c162 Target39/c583
Cluster 20 -> Target39/c14 Target39/c904 Target39/c947 Target39/c66 Target39/c1042
Cluster 21 -> Target39/c974 Target39/c1383 Target39/c521 Target39/c1240
Cluster 22 -> Target39/c952 Target39/c811 Target39/c1075 Target39/c1222
Cluster 23 -> Target39/c777 Target39/c975 Target39/c1139 Target39/c1280
Cluster 24 -> Target39/c696 Target39/c846 Target39/c406 Target39/c568
Cluster 25 -> Target39/c114 Target39/c676 Target39/c129 Target39/c1310
