Cluster 1 -> Target41/c718 Target41/c970 Target41/c989 Target41/c993 Target41/c999 Target41/c263 Target41/c273 Target41/c284 Target41/c292 Target41/c2 Target41/c305 Target41/c316 Target41/c318 Target41/c31 Target41/c325 Target41/c337 Target41/c35 Target41/c375 Target41/c386 Target41/c407 Target41/c409 Target41/c410 Target41/c411 Target41/c429 Target41/c42 Target41/c437 Target41/c446 Target41/c449 Target41/c44 Target41/c453 Target41/c457 Target41/c462 Target41/c469 Target41/c471 Target41/c481 Target41/c500 Target41/c517 Target41/c526 Target41/c528 Target41/c535 Target41/c543 Target41/c553 Target41/c554 Target41/c565 Target41/c575 Target41/c586 Target41/c590 Target41/c595 Target41/c598 Target41/c618 Target41/c622 Target41/c62 Target41/c633 Target41/c640 Target41/c648 Target41/c649 Target41/c654 Target41/c662 Target41/c673 Target41/c677 Target41/c691 Target41/c693 Target41/c698 Target41/c699 Target41/c708 Target41/c70 Target41/c710 Target41/c716 Target41/c725 Target41/c739 Target41/c746 Target41/c757 Target41/c760 Target41/c770 Target41/c774 Target41/c775 Target41/c781 Target41/c782 Target41/c78 Target41/c794 Target41/c80 Target41/c812 Target41/c822 Target41/c831 Target41/c855 Target41/c85 Target41/c864 Target41/c867 Target41/c898 Target41/c909 Target41/c915 Target41/c921 Target41/c937 Target41/c948 Target41/c952 Target41/c95 Target41/c1004 Target41/c100 Target41/c1032 Target41/c1047 Target41/c1049 Target41/c104 Target41/c1057 Target41/c1058 Target41/c1060 Target41/c1077 Target41/c1081 Target41/c1091 Target41/c1093 Target41/c1101 Target41/c1103 Target41/c1108 Target41/c1115 Target41/c1120 Target41/c1131 Target41/c1141 Target41/c1144 Target41/c1148 Target41/c1157 Target41/c1158 Target41/c1164 Target41/c1169 Target41/c117 Target41/c1187 Target41/c1192 Target41/c1198 Target41/c123 Target41/c127 Target41/c146 Target41/c147 Target41/c152 Target41/c161 Target41/c166 Target41/c172 Target41/c173 Target41/c182 Target41/c184 Target41/c186 Target41/c188 Target41/c19 Target41/c209 Target41/c210 Target41/c211 Target41/c215 Target41/c219 Target41/c229 Target41/c230 Target41/c232 Target41/c235 Target41/c236 Target41/c239 Target41/c245 Target41/c251 Target41/c256 Target41/c258
Cluster 2 -> Target41/c1186 Target41/c968 Target41/c973 Target41/c976 Target41/c29 Target41/c300 Target41/c30 Target41/c317 Target41/c338 Target41/c339 Target41/c33 Target41/c342 Target41/c345 Target41/c363 Target41/c374 Target41/c388 Target41/c412 Target41/c438 Target41/c447 Target41/c459 Target41/c461 Target41/c494 Target41/c497 Target41/c4 Target41/c538 Target41/c541 Target41/c552 Target41/c557 Target41/c559 Target41/c572 Target41/c625 Target41/c637 Target41/c646 Target41/c65 Target41/c668 Target41/c683 Target41/c736 Target41/c737 Target41/c751 Target41/c758 Target41/c765 Target41/c778 Target41/c801 Target41/c818 Target41/c846 Target41/c857 Target41/c858 Target41/c899 Target41/c89 Target41/c912 Target41/c933 Target41/c957 Target41/c958 Target41/c960 Target41/c1001 Target41/c1052 Target41/c1063 Target41/c1078 Target41/c1085 Target41/c1098 Target41/c109 Target41/c1102 Target41/c1110 Target41/c1126 Target41/c1140 Target41/c1155 Target41/c1161 Target41/c1167 Target41/c1179 Target41/c1189 Target41/c121 Target41/c143 Target41/c148 Target41/c177 Target41/c187 Target41/c207 Target41/c21 Target41/c231 Target41/c242 Target41/c253
Cluster 3 -> Target41/c547 Target41/c974 Target41/c978 Target41/c261 Target41/c281 Target41/c285 Target41/c296 Target41/c297 Target41/c322 Target41/c361 Target41/c365 Target41/c383 Target41/c39 Target41/c419 Target41/c423 Target41/c439 Target41/c465 Target41/c472 Target41/c473 Target41/c499 Target41/c502 Target41/c512 Target41/c514 Target41/c523 Target41/c558 Target41/c635 Target41/c64 Target41/c669 Target41/c705 Target41/c707 Target41/c714 Target41/c723 Target41/c72 Target41/c734 Target41/c761 Target41/c785 Target41/c789 Target41/c798 Target41/c803 Target41/c807 Target41/c830 Target41/c852 Target41/c860 Target41/c865 Target41/c86 Target41/c873 Target41/c879 Target41/c934 Target41/c939 Target41/c93 Target41/c1007 Target41/c1008 Target41/c1031 Target41/c1050 Target41/c1067 Target41/c1076 Target41/c1089 Target41/c1094 Target41/c1116 Target41/c1121 Target41/c1127 Target41/c1133 Target41/c1147 Target41/c1166 Target41/c125 Target41/c128 Target41/c12 Target41/c15 Target41/c17 Target41/c181 Target41/c190 Target41/c1 Target41/c233 Target41/c237 Target41/c249 Target41/c254 Target41/c25
Cluster 4 -> Target41/c825 Target41/c266 Target41/c286 Target41/c359 Target41/c391 Target41/c394 Target41/c396 Target41/c3 Target41/c413 Target41/c468 Target41/c479 Target41/c717 Target41/c763 Target41/c76 Target41/c820 Target41/c829 Target41/c88 Target41/c892 Target41/c945 Target41/c949 Target41/c1010 Target41/c1034 Target41/c1051 Target41/c107 Target41/c1095 Target41/c118 Target41/c149 Target41/c185 Target41/c196 Target41/c240
Cluster 5 -> Target41/c811 Target41/c977 Target41/c991 Target41/c353 Target41/c389 Target41/c470 Target41/c474 Target41/c492 Target41/c493 Target41/c548 Target41/c56 Target41/c583 Target41/c604 Target41/c67 Target41/c759 Target41/c786 Target41/c809 Target41/c824 Target41/c870 Target41/c884 Target41/c930 Target41/c1009 Target41/c1083 Target41/c1088 Target41/c1105 Target41/c1135 Target41/c176 Target41/c238
Cluster 6 -> Target41/c83 Target41/c294 Target41/c324 Target41/c40 Target41/c421 Target41/c434 Target41/c443 Target41/c445 Target41/c506 Target41/c63 Target41/c676 Target41/c719 Target41/c787 Target41/c854 Target41/c861 Target41/c917 Target41/c924 Target41/c927 Target41/c1029 Target41/c1037 Target41/c1156 Target41/c116 Target41/c165 Target41/c192 Target41/c212
Cluster 7 -> Target41/c844 Target41/c260 Target41/c314 Target41/c323 Target41/c48 Target41/c521 Target41/c566 Target41/c571 Target41/c576 Target41/c584 Target41/c745 Target41/c872 Target41/c880 Target41/c90 Target41/c918 Target41/c926 Target41/c964 Target41/c1018 Target41/c1023 Target41/c1090 Target41/c1106 Target41/c164
Cluster 8 -> Target41/c490 Target41/c302 Target41/c346 Target41/c395 Target41/c406 Target41/c456 Target41/c475 Target41/c47 Target41/c498 Target41/c50 Target41/c602 Target41/c61 Target41/c66 Target41/c800 Target41/c874 Target41/c877 Target41/c893 Target41/c1000 Target41/c1074 Target41/c199
Cluster 9 -> Target41/c650 Target41/c267 Target41/c295 Target41/c311 Target41/c329 Target41/c360 Target41/c397 Target41/c430 Target41/c485 Target41/c54 Target41/c562 Target41/c620 Target41/c692 Target41/c738 Target41/c753 Target41/c966 Target41/c1025 Target41/c1055 Target41/c1178
Cluster 10 -> Target41/c340 Target41/c972 Target41/c982 Target41/c278 Target41/c399 Target41/c450 Target41/c712 Target41/c816 Target41/c827 Target41/c82 Target41/c847 Target41/c888 Target41/c914 Target41/c1012 Target41/c1079 Target41/c1142 Target41/c1160 Target41/c247
Cluster 11 -> Target41/c869 Target41/c971 Target41/c351 Target41/c551 Target41/c579 Target41/c629 Target41/c671 Target41/c726 Target41/c928 Target41/c961 Target41/c1064 Target41/c1119 Target41/c1199 Target41/c140 Target41/c153 Target41/c204
Cluster 12 -> Target41/c270 Target41/c264 Target41/c331 Target41/c417 Target41/c444 Target41/c495 Target41/c614 Target41/c764 Target41/c835 Target41/c922 Target41/c1013 Target41/c1069 Target41/c1174 Target41/c134 Target41/c145
Cluster 13 -> Target41/c631 Target41/c990 Target41/c289 Target41/c390 Target41/c436 Target41/c482 Target41/c596 Target41/c60 Target41/c663 Target41/c1162 Target41/c129 Target41/c189 Target41/c218 Target41/c222
Cluster 14 -> Target41/c674 Target41/c988 Target41/c288 Target41/c336 Target41/c373 Target41/c483 Target41/c518 Target41/c607 Target41/c777 Target41/c878 Target41/c112 Target41/c162
Cluster 15 -> Target41/c276 Target41/c268 Target41/c355 Target41/c435 Target41/c49 Target41/c623 Target41/c788 Target41/c8 Target41/c0 Target41/c1150 Target41/c136 Target41/c171
Cluster 16 -> Target41/c1096 Target41/c981 Target41/c401 Target41/c537 Target41/c636 Target41/c675 Target41/c916 Target41/c1087 Target41/c1143 Target41/c1171 Target41/c167 Target41/c22
Cluster 17 -> Target41/c542 Target41/c352 Target41/c657 Target41/c741 Target41/c843 Target41/c951 Target41/c1022 Target41/c1036 Target41/c1114 Target41/c220 Target41/c257
Cluster 18 -> Target41/c52 Target41/c987 Target41/c293 Target41/c304 Target41/c608 Target41/c742 Target41/c769 Target41/c773 Target41/c87 Target41/c956 Target41/c1016
Cluster 19 -> Target41/c1191 Target41/c358 Target41/c448 Target41/c487 Target41/c627 Target41/c630 Target41/c887 Target41/c931 Target41/c101 Target41/c1125 Target41/c179
Cluster 20 -> Target41/c729 Target41/c99 Target41/c26 Target41/c27 Target41/c298 Target41/c466 Target41/c804 Target41/c826 Target41/c1053 Target41/c1122
Cluster 21 -> Target41/c573 Target41/c43 Target41/c678 Target41/c756 Target41/c908 Target41/c1028 Target41/c1136 Target41/c193 Target41/c201 Target41/c20
Cluster 22 -> Target41/c817 Target41/c290 Target41/c370 Target41/c431 Target41/c503 Target41/c1193 Target41/c144 Target41/c157 Target41/c169
Cluster 23 -> Target41/c727 Target41/c994 Target41/c262 Target41/c32 Target41/c333 Target41/c652 Target41/c845 Target41/c126 Target41/c159
Cluster 24 -> Target41/c853 Target41/c578 Target41/c632 Target41/c1065 Target41/c1100 Target41/c114 Target41/c142 Target41/c23
Cluster 25 -> Target41/c532 Target41/c283 Target41/c299 Target41/c400 Target41/c441 Target41/c871 Target41/c1170 Target41/c1182
Cluster 26 -> Target41/c929 Target41/c382 Target41/c567 Target41/c77 Target41/c850 Target41/c1033 Target41/c1038
Cluster 27 -> Target41/c414 Target41/c279 Target41/c369 Target41/c377 Target41/c685 Target41/c935 Target41/c158
Cluster 28 -> Target41/c995 Target41/c37 Target41/c380 Target41/c568 Target41/c593 Target41/c1030
Cluster 29 -> Target41/c1039 Target41/c983 Target41/c779 Target41/c806 Target41/c1112 Target41/c170
Cluster 30 -> Target41/c980 Target41/c326 Target41/c73 Target41/c963 Target41/c1139
Cluster 31 -> Target41/c896 Target41/c426 Target41/c730 Target41/c792 Target41/c805
Cluster 32 -> Target41/c611 Target41/c513 Target41/c697 Target41/c1097 Target41/c1130
Cluster 33 -> Target41/c588 Target41/c501 Target41/c1024 Target41/c1073 Target41/c1185
Cluster 34 -> Target41/c890 Target41/c433 Target41/c569 Target41/c1183
Cluster 35 -> Target41/c866 Target41/c619 Target41/c744 Target41/c895
Cluster 36 -> Target41/c833 Target41/c684 Target41/c135 Target41/c24
Cluster 37 -> Target41/c601 Target41/c402 Target41/c1152 Target41/c168
Cluster 38 -> Target41/c585 Target41/c997 Target41/c536 Target41/c1134
Cluster 39 -> Target41/c544 Target41/c581 Target41/c191 Target41/c226
Cluster 40 -> Target41/c508 Target41/c120 Target41/c132 Target41/c155
Cluster 41 -> Target41/c203 Target41/c519 Target41/c10 Target41/c234
Cluster 42 -> Target41/c1113 Target41/c749 Target41/c1117 Target41/c13
Cluster 43 -> Target41/c1109 Target41/c597 Target41/c599 Target41/c1006
