Cluster 1 -> Target163/c998 Target163/c521 Target163/c556 Target163/c561 Target163/c563 Target163/c569 Target163/c583 Target163/c59 Target163/c637 Target163/c648 Target163/c674 Target163/c691 Target163/c727 Target163/c746 Target163/c752 Target163/c781 Target163/c799 Target163/c804 Target163/c824 Target163/c82 Target163/c857 Target163/c869 Target163/c882 Target163/c885 Target163/c889 Target163/c908 Target163/c93 Target163/c942 Target163/c964 Target163/c974 Target163/c977 Target163/c978 Target163/c986 Target163/c1368 Target163/c1382 Target163/c1384 Target163/c1386 Target163/c1391 Target163/c1393 Target163/c1524 Target163/c1556 Target163/c1561 Target163/c1572 Target163/c1600 Target163/c1610 Target163/c1627 Target163/c1677 Target163/c1702 Target163/c1759 Target163/c1766 Target163/c1778 Target163/c233 Target163/c234 Target163/c273 Target163/c288 Target163/c328 Target163/c332 Target163/c343 Target163/c353 Target163/c39 Target163/c403 Target163/c467 Target163/c478 Target163/c47 Target163/c1007 Target163/c1008 Target163/c1018 Target163/c1025 Target163/c1031 Target163/c1036 Target163/c1051 Target163/c1055 Target163/c1096 Target163/c1097 Target163/c109 Target163/c1153 Target163/c1157 Target163/c1180 Target163/c1186 Target163/c1206 Target163/c120 Target163/c1224 Target163/c1248 Target163/c124 Target163/c1261 Target163/c1264 Target163/c1269 Target163/c1275 Target163/c1280 Target163/c1284
Cluster 2 -> Target163/c801 Target163/c51 Target163/c536 Target163/c543 Target163/c546 Target163/c55 Target163/c566 Target163/c587 Target163/c612 Target163/c615 Target163/c673 Target163/c696 Target163/c706 Target163/c718 Target163/c72 Target163/c730 Target163/c757 Target163/c759 Target163/c770 Target163/c772 Target163/c776 Target163/c795 Target163/c80 Target163/c821 Target163/c855 Target163/c868 Target163/c881 Target163/c887 Target163/c937 Target163/c976 Target163/c997 Target163/c99 Target163/c136 Target163/c1371 Target163/c1381 Target163/c1416 Target163/c1425 Target163/c1430 Target163/c1435 Target163/c1454 Target163/c1478 Target163/c1498 Target163/c1581 Target163/c1587 Target163/c1613 Target163/c1633 Target163/c1647 Target163/c1687 Target163/c169 Target163/c1732 Target163/c1741 Target163/c1781 Target163/c199 Target163/c201 Target163/c259 Target163/c25 Target163/c274 Target163/c293 Target163/c300 Target163/c305 Target163/c312 Target163/c358 Target163/c362 Target163/c369 Target163/c379 Target163/c38 Target163/c399 Target163/c41 Target163/c433 Target163/c436 Target163/c450 Target163/c490 Target163/c100 Target163/c1106 Target163/c1115 Target163/c111 Target163/c1140 Target163/c1192 Target163/c1198 Target163/c1211 Target163/c1240 Target163/c1246 Target163/c1249 Target163/c1260 Target163/c1271 Target163/c1282 Target163/c1293 Target163/c1296 Target163/c1337 Target163/c1342
Cluster 3 -> Target163/c608 Target163/c550 Target163/c565 Target163/c618 Target163/c624 Target163/c626 Target163/c644 Target163/c667 Target163/c686 Target163/c689 Target163/c704 Target163/c736 Target163/c737 Target163/c764 Target163/c797 Target163/c822 Target163/c983 Target163/c1351 Target163/c1414 Target163/c1519 Target163/c1539 Target163/c1549 Target163/c1594 Target163/c1597 Target163/c1606 Target163/c1656 Target163/c1690 Target163/c1693 Target163/c171 Target163/c1723 Target163/c1740 Target163/c1748 Target163/c240 Target163/c258 Target163/c292 Target163/c2 Target163/c309 Target163/c381 Target163/c402 Target163/c483 Target163/c1056 Target163/c1065 Target163/c1102 Target163/c1109 Target163/c116 Target163/c1221 Target163/c1252 Target163/c126 Target163/c1279 Target163/c1308 Target163/c1335
Cluster 4 -> Target163/c1699 Target163/c514 Target163/c535 Target163/c578 Target163/c57 Target163/c651 Target163/c653 Target163/c725 Target163/c800 Target163/c839 Target163/c844 Target163/c85 Target163/c861 Target163/c867 Target163/c933 Target163/c988 Target163/c1367 Target163/c1531 Target163/c1551 Target163/c1557 Target163/c1570 Target163/c1588 Target163/c15 Target163/c1609 Target163/c1692 Target163/c1704 Target163/c193 Target163/c217 Target163/c221 Target163/c267 Target163/c270 Target163/c307 Target163/c321 Target163/c349 Target163/c354 Target163/c365 Target163/c391 Target163/c484 Target163/c1023 Target163/c1029 Target163/c1132 Target163/c1160 Target163/c117 Target163/c121 Target163/c1332
Cluster 5 -> Target163/c669 Target163/c526 Target163/c53 Target163/c560 Target163/c580 Target163/c623 Target163/c650 Target163/c67 Target163/c731 Target163/c755 Target163/c758 Target163/c854 Target163/c1366 Target163/c1394 Target163/c1509 Target163/c1520 Target163/c1621 Target163/c1711 Target163/c1752 Target163/c175 Target163/c1760 Target163/c1771 Target163/c33 Target163/c350 Target163/c361 Target163/c405 Target163/c410 Target163/c432 Target163/c459 Target163/c1011 Target163/c1058 Target163/c1114 Target163/c1120 Target163/c1310
Cluster 6 -> Target163/c966 Target163/c589 Target163/c609 Target163/c619 Target163/c630 Target163/c707 Target163/c749 Target163/c751 Target163/c859 Target163/c923 Target163/c1379 Target163/c1424 Target163/c1482 Target163/c150 Target163/c1629 Target163/c1631 Target163/c1645 Target163/c1671 Target163/c1719 Target163/c1745 Target163/c1750 Target163/c1754 Target163/c1 Target163/c299 Target163/c340 Target163/c386 Target163/c409 Target163/c423 Target163/c1177 Target163/c1210 Target163/c1291 Target163/c1294 Target163/c1326
Cluster 7 -> Target163/c952 Target163/c4 Target163/c533 Target163/c555 Target163/c61 Target163/c74 Target163/c767 Target163/c951 Target163/c1344 Target163/c1475 Target163/c1676 Target163/c189 Target163/c219 Target163/c224 Target163/c231 Target163/c283 Target163/c375 Target163/c441 Target163/c486 Target163/c1005 Target163/c1032 Target163/c1034 Target163/c1038 Target163/c1039 Target163/c1046 Target163/c1053 Target163/c1092 Target163/c110 Target163/c1141 Target163/c1255 Target163/c1289 Target163/c1330
Cluster 8 -> Target163/c463 Target163/c604 Target163/c65 Target163/c711 Target163/c763 Target163/c809 Target163/c853 Target163/c965 Target163/c999 Target163/c1407 Target163/c144 Target163/c1466 Target163/c1469 Target163/c1508 Target163/c164 Target163/c179 Target163/c24 Target163/c255 Target163/c344 Target163/c347 Target163/c35 Target163/c1081 Target163/c1156 Target163/c1227 Target163/c1322
Cluster 9 -> Target163/c1516 Target163/c499 Target163/c581 Target163/c705 Target163/c792 Target163/c805 Target163/c941 Target163/c945 Target163/c967 Target163/c1362 Target163/c1369 Target163/c1397 Target163/c1412 Target163/c143 Target163/c1536 Target163/c1733 Target163/c218 Target163/c228 Target163/c237 Target163/c310 Target163/c356 Target163/c465 Target163/c493 Target163/c1126 Target163/c1178
Cluster 10 -> Target163/c927 Target163/c570 Target163/c75 Target163/c994 Target163/c1343 Target163/c1345 Target163/c1576 Target163/c1579 Target163/c167 Target163/c1722 Target163/c1777 Target163/c320 Target163/c331 Target163/c451 Target163/c1048 Target163/c105 Target163/c1155 Target163/c1241 Target163/c132
Cluster 11 -> Target163/c215 Target163/c534 Target163/c598 Target163/c728 Target163/c954 Target163/c1357 Target163/c1514 Target163/c1770 Target163/c290 Target163/c37 Target163/c453 Target163/c1006 Target163/c1047 Target163/c1069 Target163/c1143 Target163/c1147 Target163/c1159 Target163/c1307
Cluster 12 -> Target163/c1100 Target163/c606 Target163/c62 Target163/c700 Target163/c717 Target163/c774 Target163/c894 Target163/c1436 Target163/c1485 Target163/c1558 Target163/c304 Target163/c1104 Target163/c1232 Target163/c1247 Target163/c12
Cluster 13 -> Target163/c279 Target163/c682 Target163/c834 Target163/c895 Target163/c1385 Target163/c1664 Target163/c1746 Target163/c243 Target163/c248 Target163/c278 Target163/c284 Target163/c374 Target163/c1320
Cluster 14 -> Target163/c575 Target163/c818 Target163/c992 Target163/c1370 Target163/c1453 Target163/c1495 Target163/c1534 Target163/c1653 Target163/c1688 Target163/c315 Target163/c42 Target163/c1085
Cluster 15 -> Target163/c1444 Target163/c850 Target163/c884 Target163/c92 Target163/c1479 Target163/c162 Target163/c173 Target163/c337 Target163/c45 Target163/c1035 Target163/c1135 Target163/c1263
Cluster 16 -> Target163/c572 Target163/c509 Target163/c532 Target163/c775 Target163/c928 Target163/c949 Target163/c1383 Target163/c1429 Target163/c1604 Target163/c427 Target163/c1258
Cluster 17 -> Target163/c1586 Target163/c871 Target163/c906 Target163/c985 Target163/c1372 Target163/c1499 Target163/c339 Target163/c1028 Target163/c1088 Target163/c1306
Cluster 18 -> Target163/c413 Target163/c1526 Target163/c1596 Target163/c1646 Target163/c1649 Target163/c1657 Target163/c388 Target163/c1208 Target163/c1305
Cluster 19 -> Target163/c1219 Target163/c874 Target163/c303 Target163/c487 Target163/c0 Target163/c106 Target163/c1182 Target163/c1215 Target163/c1266
Cluster 20 -> Target163/c916 Target163/c773 Target163/c1477 Target163/c1559 Target163/c1673 Target163/c29 Target163/c1073 Target163/c1200
Cluster 21 -> Target163/c845 Target163/c787 Target163/c1437 Target163/c1552 Target163/c1577 Target163/c435 Target163/c1146 Target163/c1193
Cluster 22 -> Target163/c791 Target163/c547 Target163/c1468 Target163/c1550 Target163/c1674 Target163/c1201 Target163/c1277 Target163/c1340
Cluster 23 -> Target163/c652 Target163/c627 Target163/c873 Target163/c180 Target163/c295 Target163/c338 Target163/c1084 Target163/c1334
Cluster 24 -> Target163/c538 Target163/c541 Target163/c877 Target163/c1415 Target163/c1584 Target163/c1121 Target163/c1281 Target163/c1327
Cluster 25 -> Target163/c26 Target163/c1438 Target163/c1659 Target163/c1712 Target163/c479 Target163/c1001 Target163/c1101 Target163/c1239
Cluster 26 -> Target163/c155 Target163/c851 Target163/c168 Target163/c360 Target163/c1004 Target163/c1276 Target163/c1301 Target163/c1319
Cluster 27 -> Target163/c649 Target163/c790 Target163/c831 Target163/c847 Target163/c863 Target163/c962 Target163/c1130
Cluster 28 -> Target163/c205 Target163/c930 Target163/c1724 Target163/c1780 Target163/c342 Target163/c1087 Target163/c1173
Cluster 29 -> Target163/c1583 Target163/c938 Target163/c1359 Target163/c1595 Target163/c209 Target163/c401 Target163/c415
Cluster 30 -> Target163/c87 Target163/c856 Target163/c860 Target163/c1679 Target163/c190 Target163/c1134
Cluster 31 -> Target163/c876 Target163/c564 Target163/c796 Target163/c1680 Target163/c241 Target163/c43
Cluster 32 -> Target163/c693 Target163/c993 Target163/c1108 Target163/c1136 Target163/c1184 Target163/c1262
Cluster 33 -> Target163/c281 Target163/c981 Target163/c1503 Target163/c1689 Target163/c174 Target163/c1234
Cluster 34 -> Target163/c264 Target163/c554 Target163/c1743 Target163/c1749 Target163/c1070 Target163/c1139
Cluster 35 -> Target163/c613 Target163/c904 Target163/c989 Target163/c185 Target163/c1113
Cluster 36 -> Target163/c1111 Target163/c68 Target163/c1666 Target163/c256 Target163/c102
Cluster 37 -> Target163/c990 Target163/c294 Target163/c382 Target163/c1287
Cluster 38 -> Target163/c935 Target163/c595 Target163/c346 Target163/c1168
Cluster 39 -> Target163/c900 Target163/c1352 Target163/c446 Target163/c103
Cluster 40 -> Target163/c828 Target163/c531 Target163/c654 Target163/c1348
Cluster 41 -> Target163/c81 Target163/c611 Target163/c364 Target163/c383
Cluster 42 -> Target163/c735 Target163/c454 Target163/c1191 Target163/c131
Cluster 43 -> Target163/c69 Target163/c601 Target163/c406 Target163/c1059
Cluster 44 -> Target163/c697 Target163/c726 Target163/c1616 Target163/c373
Cluster 45 -> Target163/c658 Target163/c52 Target163/c54 Target163/c1311
Cluster 46 -> Target163/c525 Target163/c291 Target163/c428 Target163/c1151
Cluster 47 -> Target163/c508 Target163/c1464 Target163/c429 Target163/c1181
Cluster 48 -> Target163/c40 Target163/c1569 Target163/c1608 Target163/c1049
Cluster 49 -> Target163/c351 Target163/c558 Target163/c1725 Target163/c200
Cluster 50 -> Target163/c254 Target163/c1717 Target163/c188 Target163/c246
Cluster 51 -> Target163/c186 Target163/c1409 Target163/c1533 Target163/c1638
Cluster 52 -> Target163/c1765 Target163/c1420 Target163/c1617 Target163/c1027
Cluster 53 -> Target163/c1532 Target163/c1434 Target163/c1480 Target163/c1010
Cluster 54 -> Target163/c1313 Target163/c837 Target163/c1593 Target163/c1170
Cluster 55 -> Target163/c1225 Target163/c761 Target163/c872 Target163/c1714
