Cluster 1 -> Target46/c914 Target46/c526 Target46/c589 Target46/c609 Target46/c633 Target46/c697 Target46/c787 Target46/c816 Target46/c882 Target46/c917 Target46/c921 Target46/c954 Target46/c972 Target46/c989 Target46/c1352 Target46/c1384 Target46/c1399 Target46/c139 Target46/c1416 Target46/c1436 Target46/c1444 Target46/c1475 Target46/c1479 Target46/c1501 Target46/c1562 Target46/c1596 Target46/c1625 Target46/c1653 Target46/c1654 Target46/c1667 Target46/c1670 Target46/c200 Target46/c280 Target46/c284 Target46/c289 Target46/c312 Target46/c325 Target46/c347 Target46/c417 Target46/c423 Target46/c45 Target46/c467 Target46/c495 Target46/c506 Target46/c512 Target46/c1008 Target46/c1036 Target46/c1050 Target46/c1123 Target46/c1138 Target46/c1161 Target46/c116 Target46/c1178 Target46/c1206 Target46/c1252 Target46/c1259 Target46/c1311 Target46/c1314
Cluster 2 -> Target46/c742 Target46/c591 Target46/c599 Target46/c662 Target46/c674 Target46/c804 Target46/c860 Target46/c867 Target46/c876 Target46/c939 Target46/c1395 Target46/c1406 Target46/c140 Target46/c1421 Target46/c1441 Target46/c1481 Target46/c1496 Target46/c1509 Target46/c1510 Target46/c151 Target46/c1534 Target46/c204 Target46/c217 Target46/c262 Target46/c313 Target46/c324 Target46/c329 Target46/c338 Target46/c349 Target46/c362 Target46/c365 Target46/c497 Target46/c1022 Target46/c1053 Target46/c1066 Target46/c1234 Target46/c1264 Target46/c1274 Target46/c1283 Target46/c1320 Target46/c1331
Cluster 3 -> Target46/c955 Target46/c550 Target46/c600 Target46/c628 Target46/c759 Target46/c78 Target46/c832 Target46/c868 Target46/c959 Target46/c1443 Target46/c1473 Target46/c1524 Target46/c1564 Target46/c1613 Target46/c1640 Target46/c1680 Target46/c1683 Target46/c210 Target46/c394 Target46/c444 Target46/c101 Target46/c105 Target46/c1133 Target46/c1164 Target46/c1197 Target46/c1233 Target46/c1249 Target46/c1289 Target46/c1313
Cluster 4 -> Target46/c404 Target46/c51 Target46/c523 Target46/c577 Target46/c729 Target46/c897 Target46/c924 Target46/c969 Target46/c998 Target46/c1345 Target46/c1380 Target46/c1492 Target46/c1518 Target46/c1581 Target46/c192 Target46/c306 Target46/c513 Target46/c1191
Cluster 5 -> Target46/c646 Target46/c61 Target46/c802 Target46/c1354 Target46/c1657 Target46/c202 Target46/c231 Target46/c271 Target46/c286 Target46/c307 Target46/c395 Target46/c422 Target46/c1068 Target46/c1091 Target46/c1157 Target46/c1239 Target46/c1332
Cluster 6 -> Target46/c664 Target46/c665 Target46/c1451 Target46/c16 Target46/c398 Target46/c106 Target46/c1220 Target46/c1262 Target46/c1269
Cluster 7 -> Target46/c960 Target46/c1452 Target46/c1624 Target46/c258 Target46/c1051 Target46/c1079 Target46/c1176 Target46/c1285
Cluster 8 -> Target46/c930 Target46/c82 Target46/c890 Target46/c1470 Target46/c1676 Target46/c333 Target46/c406 Target46/c1021
Cluster 9 -> Target46/c748 Target46/c634 Target46/c1608 Target46/c226 Target46/c375 Target46/c390 Target46/c412 Target46/c1216
Cluster 10 -> Target46/c578 Target46/c1344 Target46/c1539 Target46/c1665 Target46/c1689 Target46/c1142 Target46/c1172 Target46/c1282
Cluster 11 -> Target46/c49 Target46/c1403 Target46/c168 Target46/c424 Target46/c464 Target46/c1057 Target46/c1219 Target46/c1310
Cluster 12 -> Target46/c345 Target46/c811 Target46/c966 Target46/c196 Target46/c269 Target46/c392 Target46/c425 Target46/c1023
Cluster 13 -> Target46/c316 Target46/c565 Target46/c1402 Target46/c453 Target46/c1052 Target46/c1156 Target46/c1183 Target46/c1237
Cluster 14 -> Target46/c962 Target46/c661 Target46/c83 Target46/c492 Target46/c1148 Target46/c1177 Target46/c1184
Cluster 15 -> Target46/c273 Target46/c695 Target46/c728 Target46/c899 Target46/c95 Target46/c182 Target46/c1315
Cluster 16 -> Target46/c988 Target46/c740 Target46/c781 Target46/c1586 Target46/c293 Target46/c1077
Cluster 17 -> Target46/c963 Target46/c152 Target46/c343 Target46/c443 Target46/c1302 Target46/c1303
Cluster 18 -> Target46/c920 Target46/c704 Target46/c723 Target46/c1642 Target46/c302 Target46/c1221
Cluster 19 -> Target46/c843 Target46/c1349 Target46/c1540 Target46/c211 Target46/c47 Target46/c107
Cluster 20 -> Target46/c718 Target46/c169 Target46/c218 Target46/c401 Target46/c1124 Target46/c1266
Cluster 21 -> Target46/c542 Target46/c537 Target46/c538 Target46/c481 Target46/c122 Target46/c1257
Cluster 22 -> Target46/c520 Target46/c167 Target46/c311 Target46/c486 Target46/c1147 Target46/c1152
Cluster 23 -> Target46/c455 Target46/c1527 Target46/c1588 Target46/c1673 Target46/c213 Target46/c436
Cluster 24 -> Target46/c377 Target46/c1404 Target46/c1449 Target46/c358 Target46/c1096 Target46/c1267
Cluster 25 -> Target46/c36 Target46/c1414 Target46/c1422 Target46/c1609 Target46/c1173 Target46/c1296
Cluster 26 -> Target46/c1604 Target46/c1398 Target46/c1427 Target46/c236 Target46/c1126
Cluster 27 -> Target46/c933 Target46/c651 Target46/c668 Target46/c373
Cluster 28 -> Target46/c916 Target46/c1621 Target46/c515 Target46/c1048
Cluster 29 -> Target46/c915 Target46/c611 Target46/c840 Target46/c853
Cluster 30 -> Target46/c885 Target46/c21 Target46/c1167 Target46/c1290
Cluster 31 -> Target46/c863 Target46/c1466 Target46/c463 Target46/c1080
Cluster 32 -> Target46/c81 Target46/c1385 Target46/c411 Target46/c419
Cluster 33 -> Target46/c6 Target46/c1371 Target46/c1574 Target46/c1584
Cluster 34 -> Target46/c669 Target46/c1597 Target46/c371 Target46/c1225
Cluster 35 -> Target46/c656 Target46/c595 Target46/c1043 Target46/c1292
Cluster 36 -> Target46/c645 Target46/c1409 Target46/c1646 Target46/c235
Cluster 37 -> Target46/c636 Target46/c1410 Target46/c1483 Target46/c1137
Cluster 38 -> Target46/c615 Target46/c1616 Target46/c320 Target46/c1141
Cluster 39 -> Target46/c543 Target46/c571 Target46/c1484 Target46/c1247
Cluster 40 -> Target46/c499 Target46/c1570 Target46/c1307 Target46/c1309
Cluster 41 -> Target46/c418 Target46/c1493 Target46/c314 Target46/c111
Cluster 42 -> Target46/c331 Target46/c1522 Target46/c1603 Target46/c1101
Cluster 43 -> Target46/c315 Target46/c891 Target46/c503 Target46/c1131
Cluster 44 -> Target46/c1580 Target46/c1367 Target46/c1094 Target46/c1279
Cluster 45 -> Target46/c1538 Target46/c880 Target46/c272 Target46/c1102
Cluster 46 -> Target46/c1485 Target46/c72 Target46/c1085 Target46/c1229
Cluster 47 -> Target46/c1335 Target46/c727 Target46/c1566 Target46/c1626
